melos run analyze
  └> melos exec -- dart analyze
     └> RUNNING

$ melos exec
  └> dart analyze
     └> RUNNING (in 35 packages)

--------------------------------------------------------------------------------
[web3_universal_aa]: Analyzing aa...
[web3_universal_abi]: Analyzing abi...
[web3_universal_history]: Analyzing history...
[web3_universal_debug]: Analyzing debug...
[web3_universal_cosmos]: Analyzing cosmos...
[web3_universal_nft]: Analyzing nft...
[web3_universal_ens]: Analyzing ens...
[web3_universal_abi]: 
[web3_universal_abi]:    info - lib\src\decoder.dart:18:48 - Missing a required trailing comma. Try adding a trailing comma. - require_trailing_commas
[web3_universal_abi]:    info - lib\src\encoder.dart:188:11 - Statements in an if should be enclosed in a block. Try wrapping the statement in a block. - curly_braces_in_flow_control_structures
[web3_universal_abi]:    info - lib\src\pretty_printer.dart:17:22 - Missing a required trailing comma. Try adding a trailing comma. - require_trailing_commas
[web3_universal_abi]:    info - lib\src\pretty_printer.dart:28:7 - Unnecessary duplication of receiver. Try using a cascade to avoid the duplication. - cascade_invocations
[web3_universal_abi]:    info - lib\src\pretty_printer.dart:56:5 - Unnecessary duplication of receiver. Try using a cascade to avoid the duplication. - cascade_invocations
[web3_universal_abi]:    info - lib\src\pretty_printer.dart:57:5 - Unnecessary duplication of receiver. Try using a cascade to avoid the duplication. - cascade_invocations
[web3_universal_abi]:    info - lib\src\pretty_printer.dart:61:7 - Unnecessary duplication of receiver. Try using a cascade to avoid the duplication. - cascade_invocations
[web3_universal_abi]:    info - lib\src\pretty_printer.dart:75:5 - Unnecessary duplication of receiver. Try using a cascade to avoid the duplication. - cascade_invocations
[web3_universal_abi]:    info - lib\src\pretty_printer.dart:76:5 - Unnecessary duplication of receiver. Try using a cascade to avoid the duplication. - cascade_invocations
[web3_universal_abi]:    info - lib\src\pretty_printer.dart:82:76 - Missing a required trailing comma. Try adding a trailing comma. - require_trailing_commas
[web3_universal_abi]:    info - lib\src\pretty_printer.dart:158:5 - Unnecessary duplication of receiver. Try using a cascade to avoid the duplication. - cascade_invocations
[web3_universal_abi]:    info - lib\src\pretty_printer.dart:163:84 - Missing a required trailing comma. Try adding a trailing comma. - require_trailing_commas
[web3_universal_abi]:    info - lib\src\pretty_printer.dart:189:5 - Unnecessary duplication of receiver. Try using a cascade to avoid the duplication. - cascade_invocations
[web3_universal_abi]:    info - lib\src\pretty_printer.dart:197:88 - Missing a required trailing comma. Try adding a trailing comma. - require_trailing_commas
[web3_universal_abi]:    info - lib\src\typed_data.dart:25:21 - Method invocation or property access on a 'dynamic' target. Try giving the target a type. - avoid_dynamic_calls
[web3_universal_abi]:    info - lib\src\typed_data.dart:26:21 - Method invocation or property access on a 'dynamic' target. Try giving the target a type. - avoid_dynamic_calls
[web3_universal_abi]:    info - lib\src\typed_data.dart:166:7 - Unnecessary duplication of receiver. Try using a cascade to avoid the duplication. - cascade_invocations
[web3_universal_abi]:    info - lib\src\types.dart:221:69 - Missing a required trailing comma. Try adding a trailing comma. - require_trailing_commas
[web3_universal_abi]:    info - lib\src\types.dart:236:5 - Unnecessary duplication of receiver. Try using a cascade to avoid the duplication. - cascade_invocations
[web3_universal_abi]:    info - lib\src\types.dart:267:5 - Unnecessary duplication of receiver. Try using a cascade to avoid the duplication. - cascade_invocations
[web3_universal_abi]:    info - lib\src\types.dart:455:71 - Missing a required trailing comma. Try adding a trailing comma. - require_trailing_commas
[web3_universal_abi]:    info - test\abi_fixes_test.dart:239:14 - Method invocation or property access on a 'dynamic' target. Try giving the target a type. - avoid_dynamic_calls
[web3_universal_abi]:    info - test\abi_fixes_test.dart:240:14 - Method invocation or property access on a 'dynamic' target. Try giving the target a type. - avoid_dynamic_calls
[web3_universal_abi]:    info - test\abi_fixes_test.dart:241:15 - Method invocation or property access on a 'dynamic' target. Try giving the target a type. - avoid_dynamic_calls
[web3_universal_abi]:    info - test\abi_official_vector_test.dart:80:5 - Unnecessary duplication of receiver. Try using a cascade to avoid the duplication. - cascade_invocations
[web3_universal_abi]:    info - test\abi_official_vector_test.dart:82:44 - Method invocation or property access on a 'dynamic' target. Try giving the target a type. - avoid_dynamic_calls
[web3_universal_abi]:    info - test\abi_official_vector_test.dart:83:25 - Method invocation or property access on a 'dynamic' target. Try giving the target a type. - avoid_dynamic_calls
[web3_universal_abi]:    info - test\abi_official_vector_test.dart:84:29 - Method invocation or property access on a 'dynamic' target. Try giving the target a type. - avoid_dynamic_calls
[web3_universal_abi]:    info - test\abi_property_test.dart:101:66 - Missing a required trailing comma. Try adding a trailing comma. - require_trailing_commas
[web3_universal_abi]:    info - test\abi_property_test.dart:337:22 - Missing a required trailing comma. Try adding a trailing comma. - require_trailing_commas
[web3_universal_history]: No issues found!
[web3_universal_abi]:    info - test\abi_property_test.dart:382:70 - Missing a required trailing comma. Try adding a trailing comma. - require_trailing_commas
[web3_universal_abi]:    info - test\abi_property_test.dart:409:70 - Missing a required trailing comma. Try adding a trailing comma. - require_trailing_commas
[web3_universal_abi]:    info - test\abi_property_test.dart:414:20 - Missing a required trailing comma. Try adding a trailing comma. - require_trailing_commas
[web3_universal_abi]:    info - test\abi_property_test.dart:418:23 - Missing a required trailing comma. Try adding a trailing comma. - require_trailing_commas
[web3_universal_abi]:    info - test\abi_property_test.dart:422:23 - Missing a required trailing comma. Try adding a trailing comma. - require_trailing_commas
[web3_universal_abi]:    info - test\abi_property_test.dart:429:25 - Missing a required trailing comma. Try adding a trailing comma. - require_trailing_commas
[web3_universal_abi]:    info - test\abi_property_test.dart:437:25 - Missing a required trailing comma. Try adding a trailing comma. - require_trailing_commas
[web3_universal_abi]:    info - test\encoder_test.dart:42:83 - Missing a required trailing comma. Try adding a trailing comma. - require_trailing_commas
[web3_universal_abi]:    info - test\encoder_test.dart:42:84 - Missing a required trailing comma. Try adding a trailing comma. - require_trailing_commas
[web3_universal_abi]:    info - test\parser_test.dart:125:77 - Missing a required trailing comma. Try adding a trailing comma. - require_trailing_commas
[web3_universal_abi]:    info - test\parser_test.dart:150:59 - Missing a required trailing comma. Try adding a trailing comma. - require_trailing_commas
[web3_universal_abi]:    info - test\typed_data_test.dart:158:14 - Method invocation or property access on a 'dynamic' target. Try giving the target a type. - avoid_dynamic_calls
[web3_universal_abi]:    info - test\types_test.dart:22:22 - Missing a required trailing comma. Try adding a trailing comma. - require_trailing_commas
[web3_universal_abi]:    info - test\types_test.dart:210:9 - Missing a required trailing comma. Try adding a trailing comma. - require_trailing_commas
[web3_universal_abi]: 
[web3_universal_abi]: 44 issues found.
[web3_universal_signer]: Analyzing signer...
[web3_universal_dapp]: Analyzing dapp...
[web3_universal_debug]: 
[web3_universal_aa]: 
[web3_universal_debug]:    info - test\debug_service_test.dart:2:1 - Sort directive sections alphabetically. Try sorting the directives. - directives_ordering
[web3_universal_debug]: 
[web3_universal_debug]: 1 issue found.
[web3_universal_aa]:    info - example\main.dart:3:1 - Sort directive sections alphabetically. Try sorting the directives. - directives_ordering
[web3_universal_aa]:    info - example\main.dart:4:1 - Sort directive sections alphabetically. Try sorting the directives. - directives_ordering
[web3_universal_aa]:    info - lib\src\accounts\simple_account.dart:45:12 - Use interpolation to compose strings and values. Try using string interpolation to build the composite string. - prefer_interpolation_to_compose_strings
[web3_universal_aa]:    info - lib\src\accounts\simple_account.dart:106:73 - Missing a required trailing comma. Try adding a trailing comma. - require_trailing_commas
[web3_universal_aa]:    info - lib\src\bundler_client.dart:61:24 - Missing a required trailing comma. Try adding a trailing comma. - require_trailing_commas
[web3_universal_aa]:    info - lib\src\bundler_client.dart:80:24 - Missing a required trailing comma. Try adding a trailing comma. - require_trailing_commas
[web3_universal_aa]:    info - lib\src\bundler_client.dart:160:34 - Missing a required trailing comma. Try adding a trailing comma. - require_trailing_commas
[web3_universal_aa]:    info - lib\src\entry_point.dart:482:56 - Missing a required trailing comma. Try adding a trailing comma. - require_trailing_commas
[web3_universal_aa]:    info - lib\src\entry_point.dart:699:16 - Missing a required trailing comma. Try adding a trailing comma. - require_trailing_commas
[web3_universal_aa]:    info - lib\src\entry_point.dart:917:1 - Classes should define instance members. Try adding instance behavior or moving the members out of the class. - avoid_classes_with_only_static_members
[web3_universal_aa]:    info - lib\src\paymaster.dart:312:47 - Missing a required trailing comma. Try adding a trailing comma. - require_trailing_commas
[web3_universal_aa]:    info - lib\src\smart_account.dart:267:69 - Missing a required trailing comma. Try adding a trailing comma. - require_trailing_commas
[web3_universal_aa]:    info - lib\src\smart_account.dart:289:51 - Missing a required trailing comma. Try adding a trailing comma. - require_trailing_commas
[web3_universal_aa]:    info - lib\src\smart_account.dart:311:5 - Unnecessary duplication of receiver. Try using a cascade to avoid the duplication. - cascade_invocations
[web3_universal_aa]:    info - lib\src\smart_account.dart:312:5 - Unnecessary duplication of receiver. Try using a cascade to avoid the duplication. - cascade_invocations
[web3_universal_aa]:    info - lib\src\user_operation.dart:88:60 - Missing a required trailing comma. Try adding a trailing comma. - require_trailing_commas
[web3_universal_aa]:    info - lib\src\user_operation.dart:158:57 - Missing a required trailing comma. Try adding a trailing comma. - require_trailing_commas
[web3_universal_aa]:    info - lib\src\user_operation.dart:197:75 - Missing a required trailing comma. Try adding a trailing comma. - require_trailing_commas
[web3_universal_aa]:    info - lib\src\user_operation.dart:208:7 - Statements in an if should be enclosed in a block. Try wrapping the statement in a block. - curly_braces_in_flow_control_structures
[web3_universal_aa]:    info - lib\src\user_operation.dart:252:25 - Missing a required trailing comma. Try adding a trailing comma. - require_trailing_commas
[web3_universal_aa]:    info - lib\src\user_operation.dart:284:25 - Missing a required trailing comma. Try adding a trailing comma. - require_trailing_commas
[web3_universal_aa]:    info - lib\src\user_operation.dart:425:73 - Missing a required trailing comma. Try adding a trailing comma. - require_trailing_commas
[web3_universal_aa]:    info - lib\src\user_operation.dart:456:73 - Missing a required trailing comma. Try adding a trailing comma. - require_trailing_commas
[web3_universal_aa]:    info - lib\src\user_operation.dart:459:11 - Unnecessary 'this.' qualifier. Try removing 'this.'. - unnecessary_this
[web3_universal_aa]:    info - lib\src\user_operation.dart:460:29 - Unnecessary 'this.' qualifier. Try removing 'this.'. - unnecessary_this
[web3_universal_aa]:    info - lib\src\user_operation.dart:481:12 - Use interpolation to compose strings and values. Try using string interpolation to build the composite string. - prefer_interpolation_to_compose_strings
[web3_universal_aa]:    info - lib\src\user_operation.dart:595:66 - Missing a required trailing comma. Try adding a trailing comma. - require_trailing_commas
[web3_universal_aa]:    info - lib\src\user_operation.dart:664:3 - The method '==' should not be overridden in classes not annotated with '@immutable'. Try removing the override or annotating the class with '@immutable'. - avoid_equals_and_hash_code_on_mutable_classes
[web3_universal_aa]:    info - lib\src\user_operation.dart:679:3 - The method 'hashCode' should not be overridden in classes not annotated with '@immutable'. Try removing the override or annotating the class with '@immutable'. - avoid_equals_and_hash_code_on_mutable_classes
[web3_universal_aa]:    info - lib\web3_universal_aa.dart:1:1 - Dangling library doc comment. Add a 'library' directive after the library comment. - dangling_library_doc_comments
[web3_universal_aa]:    info - test\bundler_client_test.dart:2:1 - Sort directive sections alphabetically. Try sorting the directives. - directives_ordering
[web3_universal_aa]:    info - test\bundler_client_test.dart:20:68 - Missing a required trailing comma. Try adding a trailing comma. - require_trailing_commas
[web3_universal_aa]:    info - test\bundler_client_test.dart:26:63 - Missing a required trailing comma. Try adding a trailing comma. - require_trailing_commas
[web3_universal_aa]:    info - test\bundler_client_test.dart:60:85 - Missing a required trailing comma. Try adding a trailing comma. - require_trailing_commas
[web3_universal_aa]:    info - test\bundler_client_test.dart:60:86 - Missing a required trailing comma. Try adding a trailing comma. - require_trailing_commas
[web3_universal_aa]:    info - test\bundler_client_test.dart:63:65 - Missing a required trailing comma. Try adding a trailing comma. - require_trailing_commas
[web3_universal_aa]:    info - test\bundler_client_test.dart:67:85 - Missing a required trailing comma. Try adding a trailing comma. - require_trailing_commas
[web3_universal_aa]:    info - test\bundler_client_test.dart:67:86 - Missing a required trailing comma. Try adding a trailing comma. - require_trailing_commas
[web3_universal_aa]:    info - test\bundler_client_test.dart:70:65 - Missing a required trailing comma. Try adding a trailing comma. - require_trailing_commas
[web3_universal_aa]:    info - test\bundler_client_test.dart:101:85 - Missing a required trailing comma. Try adding a trailing comma. - require_trailing_commas
[web3_universal_aa]:    info - test\bundler_client_test.dart:101:86 - Missing a required trailing comma. Try adding a trailing comma. - require_trailing_commas
[web3_universal_aa]:    info - test\bundler_client_test.dart:104:65 - Missing a required trailing comma. Try adding a trailing comma. - require_trailing_commas
[web3_universal_aa]:    info - test\bundler_client_test.dart:108:85 - Missing a required trailing comma. Try adding a trailing comma. - require_trailing_commas
[web3_universal_aa]:    info - test\bundler_client_test.dart:108:86 - Missing a required trailing comma. Try adding a trailing comma. - require_trailing_commas
[web3_universal_aa]:    info - test\bundler_client_test.dart:190:27 - Missing a required trailing comma. Try adding a trailing comma. - require_trailing_commas
[web3_universal_aa]:    info - test\bundler_client_test.dart:192:77 - Missing a required trailing comma. Try adding a trailing comma. - require_trailing_commas
[web3_universal_aa]:    info - test\bundler_client_test.dart:197:79 - Missing a required trailing comma. Try adding a trailing comma. - require_trailing_commas
[web3_universal_aa]:    info - test\bundler_client_test.dart:199:79 - Missing a required trailing comma. Try adding a trailing comma. - require_trailing_commas
[web3_universal_aa]:    info - test\bundler_client_test.dart:201:40 - Missing a required trailing comma. Try adding a trailing comma. - require_trailing_commas
[web3_universal_aa]:    info - test\user_operation_test.dart:2:1 - Sort directive sections alphabetically. Try sorting the directives. - directives_ordering
[web3_universal_aa]:    info - test\user_operation_test.dart:20:78 - Missing a required trailing comma. Try adding a trailing comma. - require_trailing_commas
[web3_universal_aa]:    info - test\user_operation_test.dart:47:79 - Missing a required trailing comma. Try adding a trailing comma. - require_trailing_commas
[web3_universal_aa]:    info - test\user_operation_test.dart:71:34 - The value of the argument is redundant because it matches the default value. Try removing the argument. - avoid_redundant_argument_values
[web3_universal_aa]:    info - test\user_operation_test.dart:74:79 - Missing a required trailing comma. Try adding a trailing comma. - require_trailing_commas
[web3_universal_aa]:    info - test\user_operation_test.dart:104:78 - Missing a required trailing comma. Try adding a trailing comma. - require_trailing_commas
[web3_universal_aa]:    info - test\user_operation_test.dart:156:79 - Missing a required trailing comma. Try adding a trailing comma. - require_trailing_commas
[web3_universal_aa]:    info - test\user_operation_test.dart:159:63 - Missing a required trailing comma. Try adding a trailing comma. - require_trailing_commas
[web3_universal_aa]:    info - test\user_operation_test.dart:322:77 - Missing a required trailing comma. Try adding a trailing comma. - require_trailing_commas
[web3_universal_aa]:    info - test\user_operation_test.dart:367:83 - Missing a required trailing comma. Try adding a trailing comma. - require_trailing_commas
[web3_universal_aa]:    info - test\user_operation_test.dart:367:84 - Missing a required trailing comma. Try adding a trailing comma. - require_trailing_commas
[web3_universal_aa]:    info - test\user_operation_test.dart:369:79 - Missing a required trailing comma. Try adding a trailing comma. - require_trailing_commas
[web3_universal_aa]:    info - test\user_operation_test.dart:372:63 - Missing a required trailing comma. Try adding a trailing comma. - require_trailing_commas
[web3_universal_aa]:    info - test\user_operation_test.dart:377:63 - Missing a required trailing comma. Try adding a trailing comma. - require_trailing_commas
[web3_universal_aa]: 
[web3_universal_aa]: 63 issues found.
[web3_universal_staking]: Analyzing staking...
[web3_universal_cosmos]: 
[web3_universal_cosmos]:    info - example\main.dart:24:83 - Missing a required trailing comma. Try adding a trailing comma. - require_trailing_commas
[web3_universal_cosmos]:    info - lib\src\models\ibc.dart:28:5 - Unnecessary duplication of receiver. Try using a cascade to avoid the duplication. - cascade_invocations
[web3_universal_cosmos]:    info - lib\src\models\ibc.dart:29:5 - Unnecessary duplication of receiver. Try using a cascade to avoid the duplication. - cascade_invocations
[web3_universal_cosmos]:    info - lib\src\models\ibc.dart:30:5 - Unnecessary duplication of receiver. Try using a cascade to avoid the duplication. - cascade_invocations
[web3_universal_cosmos]:    info - lib\src\models\ibc.dart:31:5 - Unnecessary duplication of receiver. Try using a cascade to avoid the duplication. - cascade_invocations
[web3_universal_cosmos]:    info - lib\src\models\ibc.dart:32:5 - Unnecessary duplication of receiver. Try using a cascade to avoid the duplication. - cascade_invocations
[web3_universal_cosmos]:    info - lib\src\models\ibc.dart:33:5 - Unnecessary duplication of receiver. Try using a cascade to avoid the duplication. - cascade_invocations
[web3_universal_cosmos]:    info - lib\src\models\ibc.dart:34:5 - Unnecessary duplication of receiver. Try using a cascade to avoid the duplication. - cascade_invocations
[web3_universal_cosmos]:    info - lib\src\models\ibc.dart:47:5 - Unnecessary duplication of receiver. Try using a cascade to avoid the duplication. - cascade_invocations
[web3_universal_cosmos]:    info - lib\src\models\ibc.dart:48:5 - Unnecessary duplication of receiver. Try using a cascade to avoid the duplication. - cascade_invocations
[web3_universal_cosmos]:    info - lib\src\models\staking.dart:20:5 - Unnecessary duplication of receiver. Try using a cascade to avoid the duplication. - cascade_invocations
[web3_universal_cosmos]:    info - lib\src\models\staking.dart:21:5 - Unnecessary duplication of receiver. Try using a cascade to avoid the duplication. - cascade_invocations
[web3_universal_cosmos]:    info - lib\src\models\staking.dart:22:5 - Unnecessary duplication of receiver. Try using a cascade to avoid the duplication. - cascade_invocations
[web3_universal_cosmos]:    info - lib\src\models\staking.dart:43:5 - Unnecessary duplication of receiver. Try using a cascade to avoid the duplication. - cascade_invocations
[web3_universal_cosmos]:    info - lib\src\models\staking.dart:44:5 - Unnecessary duplication of receiver. Try using a cascade to avoid the duplication. - cascade_invocations
[web3_universal_cosmos]:    info - lib\src\models\staking.dart:45:5 - Unnecessary duplication of receiver. Try using a cascade to avoid the duplication. - cascade_invocations
[web3_universal_cosmos]:    info - lib\src\models\transaction.dart:20:5 - Unnecessary duplication of receiver. Try using a cascade to avoid the duplication. - cascade_invocations
[web3_universal_cosmos]:    info - lib\src\models\transaction.dart:21:5 - Unnecessary duplication of receiver. Try using a cascade to avoid the duplication. - cascade_invocations
[web3_universal_cosmos]:    info - lib\src\models\transaction.dart:46:5 - Unnecessary duplication of receiver. Try using a cascade to avoid the duplication. - cascade_invocations
[web3_universal_cosmos]:    info - lib\src\models\transaction.dart:61:5 - Unnecessary duplication of receiver. Try using a cascade to avoid the duplication. - cascade_invocations
[web3_universal_cosmos]:    info - lib\src\models\transaction.dart:62:5 - Unnecessary duplication of receiver. Try using a cascade to avoid the duplication. - cascade_invocations
[web3_universal_cosmos]:    info - lib\src\models\transaction.dart:102:5 - Unnecessary duplication of receiver. Try using a cascade to avoid the duplication. - cascade_invocations
[web3_universal_cosmos]:    info - lib\src\models\transaction.dart:103:5 - Unnecessary duplication of receiver. Try using a cascade to avoid the duplication. - cascade_invocations
[web3_universal_cosmos]:    info - lib\src\models\transaction.dart:104:5 - Unnecessary duplication of receiver. Try using a cascade to avoid the duplication. - cascade_invocations
[web3_universal_cosmos]:    info - lib\src\models\transaction.dart:118:5 - Unnecessary duplication of receiver. Try using a cascade to avoid the duplication. - cascade_invocations
[web3_universal_cosmos]:    info - lib\src\models\transaction.dart:148:5 - Unnecessary duplication of receiver. Try using a cascade to avoid the duplication. - cascade_invocations
[web3_universal_cosmos]:    info - lib\src\models\transaction.dart:149:5 - Unnecessary duplication of receiver. Try using a cascade to avoid the duplication. - cascade_invocations
[web3_universal_cosmos]:    info - lib\src\models\transaction.dart:170:5 - Unnecessary duplication of receiver. Try using a cascade to avoid the duplication. - cascade_invocations
[web3_universal_cosmos]:    info - lib\src\models\transaction.dart:171:5 - Unnecessary duplication of receiver. Try using a cascade to avoid the duplication. - cascade_invocations
[web3_universal_cosmos]:    info - lib\src\models\transaction.dart:195:5 - Unnecessary duplication of receiver. Try using a cascade to avoid the duplication. - cascade_invocations
[web3_universal_cosmos]:    info - lib\src\models\transaction.dart:196:5 - Unnecessary duplication of receiver. Try using a cascade to avoid the duplication. - cascade_invocations
[web3_universal_cosmos]:    info - lib\src\models\transaction.dart:197:5 - Unnecessary duplication of receiver. Try using a cascade to avoid the duplication. - cascade_invocations
[web3_universal_cosmos]:    info - lib\src\models\transaction.dart:198:5 - Unnecessary duplication of receiver. Try using a cascade to avoid the duplication. - cascade_invocations
[web3_universal_cosmos]:    info - lib\src\rpc\client.dart:23:22 - Method invocation or property access on a 'dynamic' target. Try giving the target a type. - avoid_dynamic_calls
[web3_universal_cosmos]:    info - lib\src\rpc\client.dart:27:20 - Method invocation or property access on a 'dynamic' target. Try giving the target a type. - avoid_dynamic_calls
[web3_universal_cosmos]:    info - lib\src\rpc\client.dart:28:21 - Method invocation or property access on a 'dynamic' target. Try giving the target a type. - avoid_dynamic_calls
[web3_universal_cosmos]:    info - lib\src\rpc\client.dart:45:21 - Method invocation or property access on a 'dynamic' target. Try giving the target a type. - avoid_dynamic_calls
[web3_universal_cosmos]:    info - lib\src\rpc\client.dart:48:9 - Method invocation or property access on a 'dynamic' target. Try giving the target a type. - avoid_dynamic_calls
[web3_universal_cosmos]:    info - lib\src\rpc\client.dart:53:16 - Method invocation or property access on a 'dynamic' target. Try giving the target a type. - avoid_dynamic_calls
[web3_universal_cosmos]:    info - lib\src\rpc\client.dart:54:32 - Method invocation or property access on a 'dynamic' target. Try giving the target a type. - avoid_dynamic_calls
[web3_universal_cosmos]:    info - lib\src\rpc\client.dart:55:27 - Method invocation or property access on a 'dynamic' target. Try giving the target a type. - avoid_dynamic_calls
[web3_universal_cosmos]:    info - lib\src\rpc\client.dart:79:12 - Method invocation or property access on a 'dynamic' target. Try giving the target a type. - avoid_dynamic_calls
[web3_universal_cosmos]:    info - lib\src\rpc\client.dart:79:12 - Method invocation or property access on a 'dynamic' target. Try giving the target a type. - avoid_dynamic_calls
[web3_universal_cosmos]:    info - test\advanced_test.dart:2:1 - Sort directive sections alphabetically. Try sorting the directives. - directives_ordering
[web3_universal_cosmos]:    info - test\advanced_test.dart:5:1 - Sort directive sections alphabetically. Try sorting the directives. - directives_ordering
[web3_universal_cosmos]:    info - test\advanced_test.dart:17:74 - Missing a required trailing comma. Try adding a trailing comma. - require_trailing_commas
[web3_universal_cosmos]:    info - test\cosmos_test.dart:4:1 - Sort directive sections alphabetically. Try sorting the directives. - directives_ordering
[web3_universal_cosmos]:    info - test\integration_test.dart:3:1 - Sort directive sections alphabetically. Try sorting the directives. - directives_ordering
[web3_universal_cosmos]:    info - test\integration_test.dart:12:69 - Missing a required trailing comma. Try adding a trailing comma. - require_trailing_commas
[web3_universal_cosmos]:    info - test\integration_test.dart:41:16 - Method invocation or property access on a 'dynamic' target. Try giving the target a type. - avoid_dynamic_calls
[web3_universal_cosmos]:    info - test\integration_test.dart:42:16 - Method invocation or property access on a 'dynamic' target. Try giving the target a type. - avoid_dynamic_calls
[web3_universal_cosmos]:    info - test\transaction_test.dart:4:1 - Sort directive sections alphabetically. Try sorting the directives. - directives_ordering
[web3_universal_cosmos]:    info - test\vector_test.dart:6:1 - Sort directive sections alphabetically. Try sorting the directives. - directives_ordering
[web3_universal_cosmos]:    info - test\vector_test.dart:40:59 - Missing a required trailing comma. Try adding a trailing comma. - require_trailing_commas
[web3_universal_cosmos]: 
[web3_universal_cosmos]: 54 issues found.
[web3_universal_provider]: Analyzing provider...
[web3_universal_mpc]: Analyzing mpc...
[web3_universal_bitcoin]: Analyzing bitcoin...
[web3_universal_signer]: 
[web3_universal_signer]:    info - example\main.dart:2:1 - Place 'dart:' imports before other imports. Try sorting the directives. - directives_ordering
[web3_universal_signer]:    info - example\main.dart:19:74 - The value of the argument is redundant because it matches the default value. Try removing the argument. - avoid_redundant_argument_values
[web3_universal_signer]:    info - lib\src\authorization_batch.dart:163:5 - Unnecessary duplication of receiver. Try using a cascade to avoid the duplication. - cascade_invocations
[web3_universal_signer]:    info - lib\src\authorization_revocation.dart:7:1 - Classes should define instance members. Try adding instance behavior or moving the members out of the class. - avoid_classes_with_only_static_members
[web3_universal_signer]:    info - lib\src\authorization_revocation.dart:139:9 - Statements in an if should be enclosed in a block. Try wrapping the statement in a block. - curly_braces_in_flow_control_structures
[web3_universal_signer]:    info - lib\src\authorization_revocation.dart:141:9 - Statements in an if should be enclosed in a block. Try wrapping the statement in a block. - curly_braces_in_flow_control_structures
[web3_universal_signer]:    info - lib\src\authorization_verifier.dart:6:1 - Classes should define instance members. Try adding instance behavior or moving the members out of the class. - avoid_classes_with_only_static_members
[web3_universal_signer]:    info - lib\src\authorization_verifier.dart:12:57 - Missing a required trailing comma. Try adding a trailing comma. - require_trailing_commas
[web3_universal_signer]:    info - lib\src\authorization_verifier.dart:26:73 - Missing a required trailing comma. Try adding a trailing comma. - require_trailing_commas
[web3_universal_signer]:    info - lib\src\authorization_verifier.dart:69:11 - Statements in an if should be enclosed in a block. Try wrapping the statement in a block. - curly_braces_in_flow_control_structures
[web3_universal_signer]:    info - lib\src\authorization_verifier.dart:73:11 - Statements in an if should be enclosed in a block. Try wrapping the statement in a block. - curly_braces_in_flow_control_structures
[web3_universal_signer]:    info - lib\src\authorization_verifier.dart:81:48 - Statements in an if should be enclosed in a block. Try wrapping the statement in a block. - curly_braces_in_flow_control_structures
[web3_universal_signer]:    info - lib\src\authorization_verifier.dart:95:41 - Missing a required trailing comma. Try adding a trailing comma. - require_trailing_commas
[web3_universal_signer]:    info - lib\src\authorization_verifier.dart:105:41 - Missing a required trailing comma. Try adding a trailing comma. - require_trailing_commas
[web3_universal_signer]:    info - lib\src\private_key_signer.dart:127:19 - Missing a required trailing comma. Try adding a trailing comma. - require_trailing_commas
[web3_universal_signer]:    info - lib\src\private_key_signer.dart:199:5 - Missing a required trailing comma. Try adding a trailing comma. - require_trailing_commas
[web3_universal_signer]:    info - lib\src\private_key_signer.dart:224:5 - Missing a required trailing comma. Try adding a trailing comma. - require_trailing_commas
[web3_universal_signer]:    info - lib\src\private_key_signer.dart:246:5 - Missing a required trailing comma. Try adding a trailing comma. - require_trailing_commas
[web3_universal_signer]:    info - lib\src\private_key_signer.dart:272:5 - Missing a required trailing comma. Try adding a trailing comma. - require_trailing_commas
[web3_universal_signer]:    info - lib\src\private_key_signer.dart:298:5 - Missing a required trailing comma. Try adding a trailing comma. - require_trailing_commas
[web3_universal_signer]:    info - lib\src\private_key_signer.dart:326:5 - Missing a required trailing comma. Try adding a trailing comma. - require_trailing_commas
[web3_universal_signer]:    info - lib\src\private_key_signer.dart:350:5 - Missing a required trailing comma. Try adding a trailing comma. - require_trailing_commas
[web3_universal_signer]:    info - lib\src\private_key_signer.dart:377:5 - Missing a required trailing comma. Try adding a trailing comma. - require_trailing_commas
[web3_universal_signer]:    info - lib\src\transaction.dart:23:9 - Constructor declarations should be before non-constructor declarations. Try moving the constructor declaration before all other members. - sort_constructors_first
[web3_universal_signer]:    info - test\eip7702_test.dart:5:1 - Sort directive sections alphabetically. Try sorting the directives. - directives_ordering
[web3_universal_signer]:    info - test\eip7702_test.dart:173:43 - Missing a required trailing comma. Try adding a trailing comma. - require_trailing_commas
[web3_universal_signer]:    info - test\eip7702_test.dart:181:74 - Missing a required trailing comma. Try adding a trailing comma. - require_trailing_commas
[web3_universal_signer]:    info - test\eip7702_test.dart:183:74 - Missing a required trailing comma. Try adding a trailing comma. - require_trailing_commas
[web3_universal_signer]:    info - test\eip7702_test.dart:210:19 - Missing a required trailing comma. Try adding a trailing comma. - require_trailing_commas
[web3_universal_signer]:    info - test\eip7702_test.dart:212:20 - Missing a required trailing comma. Try adding a trailing comma. - require_trailing_commas
[web3_universal_signer]:    info - test\eip7702_test.dart:227:53 - Missing a required trailing comma. Try adding a trailing comma. - require_trailing_commas
[web3_universal_signer]:    info - test\eip7702_test.dart:236:9 - Missing a required trailing comma. Try adding a trailing comma. - require_trailing_commas
[web3_universal_signer]:    info - test\eip7702_test.dart:281:11 - Missing a required trailing comma. Try adding a trailing comma. - require_trailing_commas
[web3_universal_signer]:    info - test\eip7702_test.dart:288:42 - Missing a required trailing comma. Try adding a trailing comma. - require_trailing_commas
[web3_universal_signer]:    info - test\eip7702_test.dart:293:9 - Unnecessary duplication of receiver. Try using a cascade to avoid the duplication. - cascade_invocations
[web3_universal_signer]:    info - test\eip7702_test.dart:294:72 - Missing a required trailing comma. Try adding a trailing comma. - require_trailing_commas
[web3_universal_signer]:    info - test\eip7702_test.dart:294:73 - Missing a required trailing comma. Try adding a trailing comma. - require_trailing_commas
[web3_universal_signer]:    info - test\eip7702_test.dart:295:9 - Unnecessary duplication of receiver. Try using a cascade to avoid the duplication. - cascade_invocations
[web3_universal_signer]:    info - test\eip7702_test.dart:296:72 - Missing a required trailing comma. Try adding a trailing comma. - require_trailing_commas
[web3_universal_signer]:    info - test\eip7702_test.dart:296:73 - Missing a required trailing comma. Try adding a trailing comma. - require_trailing_commas
[web3_universal_signer]:    info - test\eip7702_test.dart:297:9 - Unnecessary duplication of receiver. Try using a cascade to avoid the duplication. - cascade_invocations
[web3_universal_signer]:    info - test\eip7702_test.dart:298:72 - Missing a required trailing comma. Try adding a trailing comma. - require_trailing_commas
[web3_universal_signer]:    info - test\eip7702_test.dart:298:73 - Missing a required trailing comma. Try adding a trailing comma. - require_trailing_commas
[web3_universal_signer]:    info - test\eip7702_test.dart:304:79 - Missing a required trailing comma. Try adding a trailing comma. - require_trailing_commas
[web3_universal_signer]:    info - test\eip7702_test.dart:344:79 - Missing a required trailing comma. Try adding a trailing comma. - require_trailing_commas
[web3_universal_signer]:    info - test\eip7702_test.dart:346:20 - Missing a required trailing comma. Try adding a trailing comma. - require_trailing_commas
[web3_universal_signer]:    info - test\eip7702_test.dart:414:16 - Missing a required trailing comma. Try adding a trailing comma. - require_trailing_commas
[web3_universal_signer]:    info - test\signer_property_test.dart:3:1 - Sort directive sections alphabetically. Try sorting the directives. - directives_ordering
[web3_universal_signer]: 
[web3_universal_signer]: 48 issues found.
[web3_universal_core]: Analyzing core...
[web3_universal_nft]: 
[web3_universal_nft]:    info - lib\src\ipfs_gateway.dart:122:7 - Invalid assignment to the parameter 'gateway'. Try using a local variable in place of the parameter. - parameter_assignments
[web3_universal_nft]:    info - lib\src\ipfs_gateway.dart:132:7 - Invalid assignment to the parameter 'gateway'. Try using a local variable in place of the parameter. - parameter_assignments
[web3_universal_nft]:    info - lib\src\nft_collection.dart:149:38 - Missing a required trailing comma. Try adding a trailing comma. - require_trailing_commas
[web3_universal_nft]:    info - lib\src\nft_service.dart:167:40 - Missing a required trailing comma. Try adding a trailing comma. - require_trailing_commas
[web3_universal_nft]:    info - lib\src\nft_transfer.dart:98:40 - Missing a required trailing comma. Try adding a trailing comma. - require_trailing_commas
[web3_universal_nft]:    info - lib\src\nft_types.dart:63:3 - The method '==' should not be overridden in classes not annotated with '@immutable'. Try removing the override or annotating the class with '@immutable'. - avoid_equals_and_hash_code_on_mutable_classes
[web3_universal_nft]:    info - lib\src\nft_types.dart:72:3 - The method 'hashCode' should not be overridden in classes not annotated with '@immutable'. Try removing the override or annotating the class with '@immutable'. - avoid_equals_and_hash_code_on_mutable_classes
[web3_universal_nft]:    info - test\nft_service_test.dart:3:1 - Sort directive sections alphabetically. Try sorting the directives. - directives_ordering
[web3_universal_nft]:    info - test\nft_service_test.dart:135:59 - Missing a required trailing comma. Try adding a trailing comma. - require_trailing_commas
[web3_universal_nft]:    info - test\nft_service_test.dart:171:17 - Missing a required trailing comma. Try adding a trailing comma. - require_trailing_commas
[web3_universal_nft]:    info - test\nft_service_test.dart:176:18 - Missing a required trailing comma. Try adding a trailing comma. - require_trailing_commas
[web3_universal_nft]: 
[web3_universal_nft]: 11 issues found.
[web3_universal_ens]: 
[web3_universal_ens]:    info - lib\src\ens_client.dart:58:37 - Missing a required trailing comma. Try adding a trailing comma. - require_trailing_commas
[web3_universal_ens]:    info - lib\src\ens_records.dart:92:37 - Missing a required trailing comma. Try adding a trailing comma. - require_trailing_commas
[web3_universal_ens]:    info - lib\src\ens_records.dart:153:54 - Missing a required trailing comma. Try adding a trailing comma. - require_trailing_commas
[web3_universal_ens]:    info - lib\src\ens_records.dart:272:23 - Method invocation or property access on a 'dynamic' target. Try giving the target a type. - avoid_dynamic_calls
[web3_universal_ens]:    info - lib\src\ens_records.dart:278:12 - Method invocation or property access on a 'dynamic' target. Try giving the target a type. - avoid_dynamic_calls
[web3_universal_ens]:    info - lib\src\ens_resolver.dart:146:49 - Missing a required trailing comma. Try adding a trailing comma. - require_trailing_commas
[web3_universal_ens]:    info - lib\src\ens_resolver.dart:186:23 - Method invocation or property access on a 'dynamic' target. Try giving the target a type. - avoid_dynamic_calls
[web3_universal_ens]:    info - lib\src\ens_resolver.dart:192:12 - Method invocation or property access on a 'dynamic' target. Try giving the target a type. - avoid_dynamic_calls
[web3_universal_ens]:    info - lib\src\multichain_resolver.dart:133:56 - Missing a required trailing comma. Try adding a trailing comma. - require_trailing_commas
[web3_universal_ens]:    info - lib\src\multichain_resolver.dart:256:23 - Method invocation or property access on a 'dynamic' target. Try giving the target a type. - avoid_dynamic_calls
[web3_universal_ens]:    info - lib\src\multichain_resolver.dart:262:12 - Method invocation or property access on a 'dynamic' target. Try giving the target a type. - avoid_dynamic_calls
[web3_universal_ens]:    info - lib\src\multichain_resolver.dart:334:20 - The constant name 'bitcoin_cash' isn't a lowerCamelCase identifier. Try changing the name to follow the lowerCamelCase style. - constant_identifier_names
[web3_universal_ens]:    info - test\ens_client_test.dart:4:1 - Place 'dart:' imports before other imports. Try sorting the directives. - directives_ordering
[web3_universal_ens]:    info - test\ens_client_test.dart:51:9 - Unnecessary duplication of receiver. Try using a cascade to avoid the duplication. - cascade_invocations
[web3_universal_ens]:    info - test\ens_client_test.dart:53:9 - Unnecessary duplication of receiver. Try using a cascade to avoid the duplication. - cascade_invocations
[web3_universal_ens]:    info - test\ens_client_test.dart:111:9 - Unnecessary duplication of receiver. Try using a cascade to avoid the duplication. - cascade_invocations
[web3_universal_ens]:    info - test\ens_client_test.dart:112:9 - Unnecessary duplication of receiver. Try using a cascade to avoid the duplication. - cascade_invocations
[web3_universal_ens]:    info - test\ens_client_test.dart:144:30 - Missing a required trailing comma. Try adding a trailing comma. - require_trailing_commas
[web3_universal_ens]:    info - test\ens_client_test.dart:158:69 - Missing a required trailing comma. Try adding a trailing comma. - require_trailing_commas
[web3_universal_ens]:    info - test\ens_client_test.dart:201:9 - Missing a required trailing comma. Try adding a trailing comma. - require_trailing_commas
[web3_universal_ens]:    info - test\ens_client_test.dart:221:69 - Missing a required trailing comma. Try adding a trailing comma. - require_trailing_commas
[web3_universal_ens]:    info - test\mock_client.dart:63:31 - Missing a required trailing comma. Try adding a trailing comma. - require_trailing_commas
[web3_universal_ens]: 
[web3_universal_ens]: 22 issues found.
[web3_universal_ton]: Analyzing ton...
[web3_universal_dapp]: 
[web3_universal_dapp]:    info - lib\src\dapp_provider.dart:34:65 - Missing a required trailing comma. Try adding a trailing comma. - require_trailing_commas
[web3_universal_dapp]: 
[web3_universal_dapp]: 1 issue found.
[web3_universal_price]: Analyzing price...
[web3_universal_provider]: 
[web3_universal_provider]:    info - lib\src\http_transport.dart:30:42 - Missing a required trailing comma. Try adding a trailing comma. - require_trailing_commas
[web3_universal_provider]:    info - lib\src\http_transport.dart:65:32 - Missing a required trailing comma. Try adding a trailing comma. - require_trailing_commas
[web3_universal_provider]:    info - lib\src\middleware.dart:5:46 - Missing a required trailing comma. Try adding a trailing comma. - require_trailing_commas
[web3_universal_provider]:    info - lib\src\middleware.dart:10:40 - Missing a required trailing comma. Try adding a trailing comma. - require_trailing_commas
[web3_universal_provider]:    info - lib\src\middleware.dart:25:5 - Missing a required trailing comma. Try adding a trailing comma. - require_trailing_commas
[web3_universal_provider]:    info - lib\src\middleware.dart:81:42 - Missing a required trailing comma. Try adding a trailing comma. - require_trailing_commas
[web3_universal_provider]:    info - lib\src\middleware.dart:90:36 - Missing a required trailing comma. Try adding a trailing comma. - require_trailing_commas
[web3_universal_provider]:    info - lib\src\middleware.dart:130:42 - Missing a required trailing comma. Try adding a trailing comma. - require_trailing_commas
[web3_universal_provider]:    info - lib\src\middleware.dart:145:36 - Missing a required trailing comma. Try adding a trailing comma. - require_trailing_commas
[web3_universal_provider]:    info - lib\src\middleware.dart:152:73 - Missing a required trailing comma. Try adding a trailing comma. - require_trailing_commas
[web3_universal_provider]:    info - lib\src\provider.dart:77:8 - 'bool' parameters should be named parameters. Try converting the parameter to a named parameter. - avoid_positional_boolean_parameters
[web3_universal_provider]:    info - lib\src\provider.dart:77:27 - Missing a required trailing comma. Try adding a trailing comma. - require_trailing_commas
[web3_universal_provider]:    info - lib\src\provider.dart:83:8 - 'bool' parameters should be named parameters. Try converting the parameter to a named parameter. - avoid_positional_boolean_parameters
[web3_universal_provider]:    info - lib\src\provider.dart:83:27 - Missing a required trailing comma. Try adding a trailing comma. - require_trailing_commas
[web3_universal_provider]:    info - lib\src\provider.dart:99:31 - Missing a required trailing comma. Try adding a trailing comma. - require_trailing_commas
[web3_universal_provider]:    info - lib\src\provider.dart:119:31 - Missing a required trailing comma. Try adding a trailing comma. - require_trailing_commas
[web3_universal_provider]:    info - lib\src\provider.dart:130:34 - Missing a required trailing comma. Try adding a trailing comma. - require_trailing_commas
[web3_universal_provider]:    info - lib\src\provider.dart:142:31 - Missing a required trailing comma. Try adding a trailing comma. - require_trailing_commas
[web3_universal_provider]:    info - lib\src\websocket_transport.dart:53:13 - Unclosed instance of 'Sink'. Try invoking 'close' in the function in which the 'Sink' was created. - close_sinks
[web3_universal_provider]:    info - lib\src\websocket_transport.dart:68:71 - Missing a required trailing comma. Try adding a trailing comma. - require_trailing_commas
[web3_universal_provider]:    info - lib\src\websocket_transport.dart:96:42 - Missing a required trailing comma. Try adding a trailing comma. - require_trailing_commas
[web3_universal_provider]:    info - lib\src\websocket_transport.dart:119:32 - Missing a required trailing comma. Try adding a trailing comma. - require_trailing_commas
[web3_universal_provider]:    info - lib\src\websocket_transport.dart:131:42 - Missing a required trailing comma. Try adding a trailing comma. - require_trailing_commas
[web3_universal_provider]:    info - test\provider_property_test.dart:113:65 - Missing a required trailing comma. Try adding a trailing comma. - require_trailing_commas
[web3_universal_provider]:    info - test\provider_property_test.dart:182:42 - Missing a required trailing comma. Try adding a trailing comma. - require_trailing_commas
[web3_universal_provider]:    info - test\provider_property_test.dart:188:32 - Missing a required trailing comma. Try adding a trailing comma. - require_trailing_commas
[web3_universal_provider]:    info - test\provider_property_test.dart:205:42 - Missing a required trailing comma. Try adding a trailing comma. - require_trailing_commas
[web3_universal_provider]:    info - test\provider_property_test.dart:212:36 - Missing a required trailing comma. Try adding a trailing comma. - require_trailing_commas
[web3_universal_provider]: 
[web3_universal_provider]: 28 issues found.
[web3_universal_crypto]: Analyzing crypto...
[web3_universal_staking]: 
[web3_universal_staking]:    info - lib\src\staking_service.dart:27:57 - Missing a required trailing comma. Try adding a trailing comma. - require_trailing_commas
[web3_universal_staking]:    info - lib\src\staking_service.dart:36:57 - Missing a required trailing comma. Try adding a trailing comma. - require_trailing_commas
[web3_universal_staking]:    info - lib\src\staking_service.dart:77:66 - Missing a required trailing comma. Try adding a trailing comma. - require_trailing_commas
[web3_universal_staking]:    info - lib\src\staking_service.dart:88:64 - Missing a required trailing comma. Try adding a trailing comma. - require_trailing_commas
[web3_universal_staking]:    info - lib\src\staking_service.dart:92:52 - Missing a required trailing comma. Try adding a trailing comma. - require_trailing_commas
[web3_universal_staking]:    info - lib\src\staking_service.dart:121:73 - Missing a required trailing comma. Try adding a trailing comma. - require_trailing_commas
[web3_universal_staking]: 
[web3_universal_staking]: 6 issues found.
[web3_universal_mpc]: 
[web3_universal_mpc]:    info - lib\src\key_generation.dart:180:54 - Missing a required trailing comma. Try adding a trailing comma. - require_trailing_commas
[web3_universal_mpc]:    info - lib\src\key_generation.dart:218:54 - Missing a required trailing comma. Try adding a trailing comma. - require_trailing_commas
[web3_universal_mpc]:    info - lib\src\key_generation.dart:403:59 - Missing a required trailing comma. Try adding a trailing comma. - require_trailing_commas
[web3_universal_mpc]:    info - lib\src\key_generation.dart:510:1 - Classes should define instance members. Try adding instance behavior or moving the members out of the class. - avoid_classes_with_only_static_members
[web3_universal_mpc]:    info - lib\src\key_refresh.dart:200:53 - Missing a required trailing comma. Try adding a trailing comma. - require_trailing_commas
[web3_universal_mpc]:    info - lib\src\key_refresh.dart:474:1 - Classes should define instance members. Try adding instance behavior or moving the members out of the class. - avoid_classes_with_only_static_members
[web3_universal_mpc]:    info - lib\src\mpc_signer.dart:303:58 - Missing a required trailing comma. Try adding a trailing comma. - require_trailing_commas
[web3_universal_mpc]:    info - lib\src\mpc_signer.dart:367:1 - Classes should define instance members. Try adding instance behavior or moving the members out of the class. - avoid_classes_with_only_static_members
[web3_universal_mpc]:    info - lib\src\signing_coordinator.dart:188:53 - Missing a required trailing comma. Try adding a trailing comma. - require_trailing_commas
[web3_universal_mpc]:    info - lib\src\threshold_signature.dart:246:7 - Catch clause should use 'on' to specify the type of exception being caught. Try adding an 'on' clause before the 'catch'. - avoid_catches_without_on_clauses
[web3_universal_mpc]:    info - lib\src\threshold_signature.dart:315:55 - Missing a required trailing comma. Try adding a trailing comma. - require_trailing_commas
[web3_universal_mpc]:    info - lib\src\threshold_signature.dart:387:57 - Missing a required trailing comma. Try adding a trailing comma. - require_trailing_commas
[web3_universal_mpc]:    info - lib\src\threshold_signature.dart:569:7 - Catch clause should use 'on' to specify the type of exception being caught. Try adding an 'on' clause before the 'catch'. - avoid_catches_without_on_clauses
[web3_universal_mpc]:    info - lib\src\threshold_signature.dart:621:55 - Missing a required trailing comma. Try adding a trailing comma. - require_trailing_commas
[web3_universal_mpc]:    info - lib\src\threshold_signature.dart:679:57 - Missing a required trailing comma. Try adding a trailing comma. - require_trailing_commas
[web3_universal_mpc]:    info - lib\src\threshold_signature.dart:709:1 - Classes should define instance members. Try adding instance behavior or moving the members out of the class. - avoid_classes_with_only_static_members
[web3_universal_mpc]:    info - test\mpc_test.dart:211:50 - Missing a required trailing comma. Try adding a trailing comma. - require_trailing_commas
[web3_universal_mpc]:    info - test\mpc_test.dart:217:57 - Missing a required trailing comma. Try adding a trailing comma. - require_trailing_commas
[web3_universal_mpc]:    info - test\mpc_test.dart:466:50 - Missing a required trailing comma. Try adding a trailing comma. - require_trailing_commas
[web3_universal_mpc]: 
[web3_universal_mpc]: 19 issues found.
[web3_universal_client]: Analyzing client...
[web3_universal_bitcoin]: 
[web3_universal_bitcoin]:    info - test\bitcoin_test.dart:2:1 - Sort directive sections alphabetically. Try sorting the directives. - directives_ordering
[web3_universal_bitcoin]: 
[web3_universal_bitcoin]: 1 issue found.
[web3_universal_bridge]: Analyzing bridge...
[web3_universal_core]: 
[web3_universal_core]:    info - lib\src\address.dart:118:62 - Missing a required trailing comma. Try adding a trailing comma. - require_trailing_commas
[web3_universal_core]:    info - lib\src\address.dart:135:30 - Static method should be a constructor. Try converting the method into a constructor. - prefer_constructors_over_static_methods
[web3_universal_core]:    info - lib\src\address.dart:141:3 - The method '==' should not be overridden in classes not annotated with '@immutable'. Try removing the override or annotating the class with '@immutable'. - avoid_equals_and_hash_code_on_mutable_classes
[web3_universal_core]:    info - lib\src\address.dart:148:3 - The method 'hashCode' should not be overridden in classes not annotated with '@immutable'. Try removing the override or annotating the class with '@immutable'. - avoid_equals_and_hash_code_on_mutable_classes
[web3_universal_core]:    info - lib\src\hex.dart:26:7 - Unnecessary duplication of receiver. Try using a cascade to avoid the duplication. - cascade_invocations
[web3_universal_core]:    info - lib\src\rlp.dart:60:65 - Missing a required trailing comma. Try adding a trailing comma. - require_trailing_commas
[web3_universal_core]:    info - lib\src\rlp.dart:104:5 - Unnecessary duplication of receiver. Try using a cascade to avoid the duplication. - cascade_invocations
[web3_universal_core]:    info - lib\src\rlp.dart:202:51 - Missing a required trailing comma. Try adding a trailing comma. - require_trailing_commas
[web3_universal_core]:    info - lib\src\rlp.dart:243:45 - Missing a required trailing comma. Try adding a trailing comma. - require_trailing_commas
[web3_universal_core]:    info - test\address_test.dart:142:78 - Missing a required trailing comma. Try adding a trailing comma. - require_trailing_commas
[web3_universal_core]:    info - test\bytes_test.dart:23:56 - Missing a required trailing comma. Try adding a trailing comma. - require_trailing_commas
[web3_universal_core]:    info - test\bytes_test.dart:31:79 - Missing a required trailing comma. Try adding a trailing comma. - require_trailing_commas
[web3_universal_core]:    info - test\bytes_test.dart:70:77 - Missing a required trailing comma. Try adding a trailing comma. - require_trailing_commas
[web3_universal_core]:    info - test\bytes_test.dart:76:53 - Missing a required trailing comma. Try adding a trailing comma. - require_trailing_commas
[web3_universal_core]:    info - test\bytes_test.dart:89:47 - Missing a required trailing comma. Try adding a trailing comma. - require_trailing_commas
[web3_universal_core]:    info - test\bytes_test.dart:160:59 - Missing a required trailing comma. Try adding a trailing comma. - require_trailing_commas
[web3_universal_core]:    info - test\core_property_test.dart:20:35 - Missing a required trailing comma. Try adding a trailing comma. - require_trailing_commas
[web3_universal_core]:    info - test\core_property_test.dart:307:23 - Missing a required trailing comma. Try adding a trailing comma. - require_trailing_commas
[web3_universal_core]:    info - test\core_property_test.dart:353:52 - Missing a required trailing comma. Try adding a trailing comma. - require_trailing_commas
[web3_universal_core]:    info - test\core_property_test.dart:405:52 - Missing a required trailing comma. Try adding a trailing comma. - require_trailing_commas
[web3_universal_core]:    info - test\hex_test.dart:29:29 - Missing a required trailing comma. Try adding a trailing comma. - require_trailing_commas
[web3_universal_core]:    info - test\rlp_official_vector_test.dart:27:107 - Missing a required trailing comma. Try adding a trailing comma. - require_trailing_commas
[web3_universal_core]:    info - test\rlp_official_vector_test.dart:33:5 - Unnecessary duplication of receiver. Try using a cascade to avoid the duplication. - cascade_invocations
[web3_universal_core]:    info - test\rlp_official_vector_test.dart:77:165 - Missing a required trailing comma. Try adding a trailing comma. - require_trailing_commas
[web3_universal_core]:    info - test\rlp_official_vector_test.dart:79:157 - Missing a required trailing comma. Try adding a trailing comma. - require_trailing_commas
[web3_universal_core]:    info - test\rlp_official_vector_test.dart:85:90 - Missing a required trailing comma. Try adding a trailing comma. - require_trailing_commas
[web3_universal_core]:    info - test\rlp_test.dart:11:47 - Missing a required trailing comma. Try adding a trailing comma. - require_trailing_commas
[web3_universal_core]:    info - test\rlp_test.dart:13:47 - Missing a required trailing comma. Try adding a trailing comma. - require_trailing_commas
[web3_universal_core]:    info - test\rlp_test.dart:24:65 - Missing a required trailing comma. Try adding a trailing comma. - require_trailing_commas
[web3_universal_core]:    info - test\rlp_test.dart:47:69 - Missing a required trailing comma. Try adding a trailing comma. - require_trailing_commas
[web3_universal_core]:    info - test\rlp_test.dart:47:70 - Missing a required trailing comma. Try adding a trailing comma. - require_trailing_commas
[web3_universal_core]:    info - test\rlp_test.dart:64:63 - Missing a required trailing comma. Try adding a trailing comma. - require_trailing_commas
[web3_universal_core]:    info - test\rlp_test.dart:64:64 - Missing a required trailing comma. Try adding a trailing comma. - require_trailing_commas
[web3_universal_core]:    info - test\rlp_test.dart:78:77 - Missing a required trailing comma. Try adding a trailing comma. - require_trailing_commas
[web3_universal_core]:    info - test\rlp_test.dart:80:59 - Missing a required trailing comma. Try adding a trailing comma. - require_trailing_commas
[web3_universal_core]:    info - test\rlp_test.dart:91:47 - Missing a required trailing comma. Try adding a trailing comma. - require_trailing_commas
[web3_universal_core]:    info - test\rlp_test.dart:93:47 - Missing a required trailing comma. Try adding a trailing comma. - require_trailing_commas
[web3_universal_core]:    info - test\rlp_test.dart:103:59 - Missing a required trailing comma. Try adding a trailing comma. - require_trailing_commas
[web3_universal_core]:    info - test\rlp_test.dart:112:67 - Missing a required trailing comma. Try adding a trailing comma. - require_trailing_commas
[web3_universal_core]:    info - test\rlp_test.dart:147:11 - Missing a required trailing comma. Try adding a trailing comma. - require_trailing_commas
[web3_universal_core]:    info - test\rlp_test.dart:156:13 - Missing a required trailing comma. Try adding a trailing comma. - require_trailing_commas
[web3_universal_core]:    info - test\rlp_test.dart:164:42 - Missing a required trailing comma. Try adding a trailing comma. - require_trailing_commas
[web3_universal_core]:    info - test\units_test.dart:9:56 - Missing a required trailing comma. Try adding a trailing comma. - require_trailing_commas
[web3_universal_core]:    info - test\units_test.dart:26:77 - Missing a required trailing comma. Try adding a trailing comma. - require_trailing_commas
[web3_universal_core]:    info - test\units_test.dart:28:78 - Missing a required trailing comma. Try adding a trailing comma. - require_trailing_commas
[web3_universal_core]:    info - test\units_test.dart:37:62 - Missing a required trailing comma. Try adding a trailing comma. - require_trailing_commas
[web3_universal_core]:    info - test\units_test.dart:64:24 - Missing a required trailing comma. Try adding a trailing comma. - require_trailing_commas
[web3_universal_core]:    info - test\units_test.dart:69:26 - Missing a required trailing comma. Try adding a trailing comma. - require_trailing_commas
[web3_universal_core]:    info - test\units_test.dart:95:45 - Missing a required trailing comma. Try adding a trailing comma. - require_trailing_commas
[web3_universal_core]:    info - test\units_test.dart:110:9 - Missing a required trailing comma. Try adding a trailing comma. - require_trailing_commas
[web3_universal_core]:    info - test\units_test.dart:135:77 - Missing a required trailing comma. Try adding a trailing comma. - require_trailing_commas
[web3_universal_core]:    info - test\units_test.dart:137:79 - Missing a required trailing comma. Try adding a trailing comma. - require_trailing_commas
[web3_universal_core]:    info - test\units_test.dart:142:52 - Missing a required trailing comma. Try adding a trailing comma. - require_trailing_commas
[web3_universal_core]:    info - test\units_test.dart:144:52 - Missing a required trailing comma. Try adding a trailing comma. - require_trailing_commas
[web3_universal_core]: 
[web3_universal_core]: 54 issues found.
[web3_universal_ton]: No issues found!
[web3_universal_trezor]: Analyzing trezor...
[web3_universal_polkadot]: Analyzing polkadot...
[web3_universal_price]: 
[web3_universal_price]:    info - lib\src\price_service.dart:20:14 - Method invocation or property access on a 'dynamic' target. Try giving the target a type. - avoid_dynamic_calls
[web3_universal_price]:    info - lib\src\price_service.dart:31:26 - Method invocation or property access on a 'dynamic' target. Try giving the target a type. - avoid_dynamic_calls
[web3_universal_price]:    info - lib\src\price_service.dart:39:16 - Method invocation or property access on a 'dynamic' target. Try giving the target a type. - avoid_dynamic_calls
[web3_universal_price]:    info - lib\src\price_service.dart:48:33 - Missing a required trailing comma. Try adding a trailing comma. - require_trailing_commas
[web3_universal_price]:    info - lib\src\price_service.dart:55:23 - Method invocation or property access on a 'dynamic' target. Try giving the target a type. - avoid_dynamic_calls
[web3_universal_price]:    info - lib\src\price_service.dart:73:28 - Method invocation or property access on a 'dynamic' target. Try giving the target a type. - avoid_dynamic_calls
[web3_universal_price]:    info - lib\src\price_service.dart:88:23 - Method invocation or property access on a 'dynamic' target. Try giving the target a type. - avoid_dynamic_calls
[web3_universal_price]:    info - test\price_service_test.dart:8:7 - Unnecessary duplication of receiver. Try using a cascade to avoid the duplication. - cascade_invocations
[web3_universal_price]: 
[web3_universal_price]: 8 issues found.
[web3_universal_bc_ur]: Analyzing bc_ur...
[web3_universal_chains]: Analyzing chains...
[web3_universal_crypto]: 
[web3_universal_crypto]:    info - lib\src\aes.dart:265:3 - Missing a required trailing comma. Try adding a trailing comma. - require_trailing_commas
[web3_universal_crypto]:    info - lib\src\aes.dart:279:3 - Missing a required trailing comma. Try adding a trailing comma. - require_trailing_commas
[web3_universal_crypto]:    info - lib\src\aes.dart:283:3 - Constructor declarations should be before non-constructor declarations. Try moving the constructor declaration before all other members. - sort_constructors_first
[web3_universal_crypto]:    info - lib\src\aes.dart:286:68 - Missing a required trailing comma. Try adding a trailing comma. - require_trailing_commas
[web3_universal_crypto]:    info - lib\src\aes.dart:316:5 - Local variables should be final. Try making the variable final. - prefer_final_locals
[web3_universal_crypto]:    info - lib\src\aes.dart:404:16 - Unnecessary use of parentheses. Try removing the parentheses. - unnecessary_parenthesis
[web3_universal_crypto]:    info - lib\src\base58.dart:157:63 - Missing a required trailing comma. Try adding a trailing comma. - require_trailing_commas
[web3_universal_crypto]:    info - lib\src\base58.dart:164:5 - Unnecessary duplication of receiver. Try using a cascade to avoid the duplication. - cascade_invocations
[web3_universal_crypto]:    info - lib\src\base58.dart:177:27 - Missing a required trailing comma. Try adding a trailing comma. - require_trailing_commas
[web3_universal_crypto]:    info - lib\src\base58.dart:181:5 - Unnecessary duplication of receiver. Try using a cascade to avoid the duplication. - cascade_invocations
[web3_universal_crypto]:    info - lib\src\base58.dart:192:21 - Missing a required trailing comma. Try adding a trailing comma. - require_trailing_commas
[web3_universal_crypto]:    info - lib\src\base58.dart:304:57 - Missing a required trailing comma. Try adding a trailing comma. - require_trailing_commas
[web3_universal_crypto]:    info - lib\src\base58.dart:340:5 - Missing a required trailing comma. Try adding a trailing comma. - require_trailing_commas
[web3_universal_crypto]:    info - lib\src\bip39.dart:7:1 - Classes should define instance members. Try adding instance behavior or moving the members out of the class. - avoid_classes_with_only_static_members
[web3_universal_crypto]:    info - lib\src\bip39.dart:127:66 - Missing a required trailing comma. Try adding a trailing comma. - require_trailing_commas
[web3_universal_crypto]:    info - lib\src\bip39.dart:195:5 - Unnecessary duplication of receiver. Try using a cascade to avoid the duplication. - cascade_invocations
[web3_universal_crypto]:    info - lib\src\bip39.dart:196:5 - Unnecessary duplication of receiver. Try using a cascade to avoid the duplication. - cascade_invocations
[web3_universal_crypto]:    info - lib\src\curves.dart:141:1 - Classes should define instance members. Try adding instance behavior or moving the members out of the class. - avoid_classes_with_only_static_members
[web3_universal_crypto]:    info - lib\src\ed25519.dart:33:23 - The variable name '_L' isn't a lowerCamelCase identifier. Try changing the name to follow the lowerCamelCase style. - non_constant_identifier_names
[web3_universal_crypto]:    info - lib\src\ed25519.dart:42:23 - The variable name '_By' isn't a lowerCamelCase identifier. Try changing the name to follow the lowerCamelCase style. - non_constant_identifier_names
[web3_universal_crypto]:    info - lib\src\ed25519.dart:46:23 - The variable name '_Bx' isn't a lowerCamelCase identifier. Try changing the name to follow the lowerCamelCase style. - non_constant_identifier_names
[web3_universal_crypto]:    info - lib\src\ed25519.dart:90:11 - The variable name 'RBytes' isn't a lowerCamelCase identifier. Try changing the name to follow the lowerCamelCase style. - non_constant_identifier_names
[web3_universal_crypto]:    info - lib\src\ed25519.dart:94:11 - The variable name 'ABytes' isn't a lowerCamelCase identifier. Try changing the name to follow the lowerCamelCase style. - non_constant_identifier_names
[web3_universal_crypto]:    info - lib\src\ed25519.dart:103:11 - The variable name 'SBytes' isn't a lowerCamelCase identifier. Try changing the name to follow the lowerCamelCase style. - non_constant_identifier_names
[web3_universal_crypto]:    info - lib\src\ed25519.dart:118:66 - Missing a required trailing comma. Try adding a trailing comma. - require_trailing_commas
[web3_universal_crypto]:    info - lib\src\ed25519.dart:124:13 - The variable name 'RBytes' isn't a lowerCamelCase identifier. Try changing the name to follow the lowerCamelCase style. - non_constant_identifier_names
[web3_universal_crypto]:    info - lib\src\ed25519.dart:125:13 - The variable name 'SBytes' isn't a lowerCamelCase identifier. Try changing the name to follow the lowerCamelCase style. - non_constant_identifier_names
[web3_universal_crypto]:    info - lib\src\ed25519.dart:147:13 - The variable name 'RkA' isn't a lowerCamelCase identifier. Try changing the name to follow the lowerCamelCase style. - non_constant_identifier_names
[web3_universal_crypto]:    info - lib\src\ed25519.dart:289:7 - Invalid assignment to the parameter 'k'. Try using a local variable in place of the parameter. - parameter_assignments
[web3_universal_crypto]:    info - lib\src\ed25519_hd_wallet.dart:137:5 - Unnecessary duplication of receiver. Try using a cascade to avoid the duplication. - cascade_invocations
[web3_universal_crypto]:    info - lib\src\ed25519_hd_wallet.dart:138:5 - Unnecessary duplication of receiver. Try using a cascade to avoid the duplication. - cascade_invocations
[web3_universal_crypto]:    info - lib\src\ed25519_hd_wallet.dart:139:5 - Unnecessary duplication of receiver. Try using a cascade to avoid the duplication. - cascade_invocations
[web3_universal_crypto]:    info - lib\src\hd_wallet.dart:61:30 - Missing a required trailing comma. Try adding a trailing comma. - require_trailing_commas
[web3_universal_crypto]:    info - lib\src\hd_wallet.dart:118:7 - Unnecessary duplication of receiver. Try using a cascade to avoid the duplication. - cascade_invocations
[web3_universal_crypto]:    info - lib\src\hd_wallet.dart:222:5 - Unnecessary duplication of receiver. Try using a cascade to avoid the duplication. - cascade_invocations
[web3_universal_crypto]:    info - lib\src\hd_wallet.dart:225:5 - Unnecessary duplication of receiver. Try using a cascade to avoid the duplication. - cascade_invocations
[web3_universal_crypto]:    info - lib\src\hd_wallet.dart:228:5 - Unnecessary duplication of receiver. Try using a cascade to avoid the duplication. - cascade_invocations
[web3_universal_crypto]:    info - lib\src\hd_wallet.dart:233:7 - Unnecessary duplication of receiver. Try using a cascade to avoid the duplication. - cascade_invocations
[web3_universal_crypto]:    info - lib\src\hd_wallet.dart:248:16 - Missing a required trailing comma. Try adding a trailing comma. - require_trailing_commas
[web3_universal_crypto]:    info - lib\src\hd_wallet.dart:262:7 - Invalid assignment to the parameter 'value'. Try using a local variable in place of the parameter. - parameter_assignments
[web3_universal_crypto]:    info - lib\src\keccak.dart:4:1 - Classes should define instance members. Try adding instance behavior or moving the members out of the class. - avoid_classes_with_only_static_members
[web3_universal_crypto]:    info - lib\src\keccak.dart:78:12 - Don't return 'this' from a method. Try changing the return type to 'void' and removing the return. - avoid_returning_this
[web3_universal_crypto]:    info - lib\src\keccak.dart:96:12 - Don't return 'this' from a method. Try changing the return type to 'void' and removing the return. - avoid_returning_this
[web3_universal_crypto]:    info - lib\src\keystore_v3.dart:10:1 - Classes should define instance members. Try adding instance behavior or moving the members out of the class. - avoid_classes_with_only_static_members
[web3_universal_crypto]:    info - lib\src\keystore_v3.dart:65:24 - Missing a required trailing comma. Try adding a trailing comma. - require_trailing_commas
[web3_universal_crypto]:    info - lib\src\keystore_v3.dart:125:24 - Missing a required trailing comma. Try adding a trailing comma. - require_trailing_commas
[web3_universal_crypto]:    info - lib\src\keystore_v3.dart:143:71 - The value of the argument is redundant because it matches the default value. Try removing the argument. - avoid_redundant_argument_values
[web3_universal_crypto]:    info - lib\src\mnemonic.dart:105:72 - Missing a required trailing comma. Try adding a trailing comma. - require_trailing_commas
[web3_universal_crypto]:    info - lib\src\mnemonic.dart:115:67 - Missing a required trailing comma. Try adding a trailing comma. - require_trailing_commas
[web3_universal_crypto]:    info - lib\src\pbkdf2.dart:31:12 - Closure should be a tearoff. Try using a tearoff rather than a closure. - unnecessary_lambdas
[web3_universal_crypto]:    info - lib\src\pbkdf2.dart:47:12 - Closure should be a tearoff. Try using a tearoff rather than a closure. - unnecessary_lambdas
[web3_universal_crypto]:    info - lib\src\pbkdf2.dart:85:5 - Unnecessary duplication of receiver. Try using a cascade to avoid the duplication. - cascade_invocations
[web3_universal_crypto]:    info - lib\src\ripemd160.dart:19:5 - Unnecessary duplication of receiver. Try using a cascade to avoid the duplication. - cascade_invocations
[web3_universal_crypto]:    info - lib\src\ripemd160.dart:109:9 - Multiple variables declared on a single line. Try splitting the variable declarations into multiple lines. - avoid_multiple_declarations_per_line
[web3_universal_crypto]:    info - lib\src\schnorr.dart:27:23 - The variable name '_Gx' isn't a lowerCamelCase identifier. Try changing the name to follow the lowerCamelCase style. - non_constant_identifier_names
[web3_universal_crypto]:    info - lib\src\schnorr.dart:31:23 - The variable name '_Gy' isn't a lowerCamelCase identifier. Try changing the name to follow the lowerCamelCase style. - non_constant_identifier_names
[web3_universal_crypto]:    info - lib\src\schnorr.dart:109:70 - Missing a required trailing comma. Try adding a trailing comma. - require_trailing_commas
[web3_universal_crypto]:    info - lib\src\schnorr.dart:129:72 - Missing a required trailing comma. Try adding a trailing comma. - require_trailing_commas
[web3_universal_crypto]:    info - lib\src\schnorr.dart:178:43 - Missing a required trailing comma. Try adding a trailing comma. - require_trailing_commas
[web3_universal_crypto]:    info - lib\src\schnorr.dart:196:7 - Statements in an if should be enclosed in a block. Try wrapping the statement in a block. - curly_braces_in_flow_control_structures
[web3_universal_crypto]:    info - lib\src\schnorr.dart:211:62 - Missing a required trailing comma. Try adding a trailing comma. - require_trailing_commas
[web3_universal_crypto]:    info - lib\src\schnorr.dart:290:5 - Missing a required trailing comma. Try adding a trailing comma. - require_trailing_commas
[web3_universal_crypto]:    info - lib\src\schnorr.dart:302:7 - Invalid assignment to the parameter 'k'. Try using a local variable in place of the parameter. - parameter_assignments
[web3_universal_crypto]:    info - lib\src\scrypt.dart:4:1 - Classes should define instance members. Try adding instance behavior or moving the members out of the class. - avoid_classes_with_only_static_members
[web3_universal_crypto]:    info - lib\src\scrypt.dart:6:73 - Missing a required trailing comma. Try adding a trailing comma. - require_trailing_commas
[web3_universal_crypto]:    info - lib\src\scrypt.dart:55:5 - Unnecessary duplication of receiver. Try using a cascade to avoid the duplication. - cascade_invocations
[web3_universal_crypto]:    info - lib\src\secp256k1.dart:4:1 - Classes should define instance members. Try adding instance behavior or moving the members out of the class. - avoid_classes_with_only_static_members
[web3_universal_crypto]:    info - lib\src\secp256k1.dart:11:16 - Missing a required trailing comma. Try adding a trailing comma. - require_trailing_commas
[web3_universal_crypto]:    info - lib\src\secp256k1.dart:14:16 - Missing a required trailing comma. Try adding a trailing comma. - require_trailing_commas
[web3_universal_crypto]:    info - lib\src\secp256k1.dart:17:16 - Missing a required trailing comma. Try adding a trailing comma. - require_trailing_commas
[web3_universal_crypto]:    info - lib\src\secp256k1.dart:20:16 - Missing a required trailing comma. Try adding a trailing comma. - require_trailing_commas
[web3_universal_crypto]:    info - lib\src\secp256k1.dart:151:16 - Use 'isEven' rather than '% 2'. Try using 'isEven'. - use_is_even_rather_than_modulo
[web3_universal_crypto]:    info - lib\src\secp256k1.dart:172:31 - Missing a required trailing comma. Try adding a trailing comma. - require_trailing_commas
[web3_universal_crypto]:    info - lib\src\secp256k1.dart:190:70 - Missing a required trailing comma. Try adding a trailing comma. - require_trailing_commas
[web3_universal_crypto]:    info - lib\src\secp256k1.dart:235:7 - Invalid assignment to the parameter 'value'. Try using a local variable in place of the parameter. - parameter_assignments
[web3_universal_crypto]:    info - lib\src\secp256k1.dart:294:7 - Invalid assignment to the parameter 'k'. Try using a local variable in place of the parameter. - parameter_assignments
[web3_universal_crypto]:    info - lib\src\secp256k1.dart:390:3 - The method '==' should not be overridden in classes not annotated with '@immutable'. Try removing the override or annotating the class with '@immutable'. - avoid_equals_and_hash_code_on_mutable_classes
[web3_universal_crypto]:    info - lib\src\secp256k1.dart:398:3 - The method 'hashCode' should not be overridden in classes not annotated with '@immutable'. Try removing the override or annotating the class with '@immutable'. - avoid_equals_and_hash_code_on_mutable_classes
[web3_universal_crypto]:    info - lib\web3_universal_crypto.dart:41:1 - Sort directive sections alphabetically. Try sorting the directives. - directives_ordering
[web3_universal_crypto]:    info - lib\web3_universal_crypto.dart:43:1 - Sort directive sections alphabetically. Try sorting the directives. - directives_ordering
[web3_universal_crypto]:    info - test\crypto_official_vector_test.dart:18:26 - Method invocation or property access on a 'dynamic' target. Try giving the target a type. - avoid_dynamic_calls
[web3_universal_crypto]:    info - test\crypto_official_vector_test.dart:19:28 - Method invocation or property access on a 'dynamic' target. Try giving the target a type. - avoid_dynamic_calls
[web3_universal_crypto]:    info - test\crypto_official_vector_test.dart:20:33 - Method invocation or property access on a 'dynamic' target. Try giving the target a type. - avoid_dynamic_calls
[web3_universal_crypto]:    info - test\crypto_primitives_test.dart:23:79 - Missing a required trailing comma. Try adding a trailing comma. - require_trailing_commas
[web3_universal_crypto]:    info - test\crypto_primitives_test.dart:32:79 - Missing a required trailing comma. Try adding a trailing comma. - require_trailing_commas
[web3_universal_crypto]:    info - test\crypto_primitives_test.dart:39:71 - Missing a required trailing comma. Try adding a trailing comma. - require_trailing_commas
[web3_universal_crypto]:    info - test\crypto_primitives_test.dart:39:72 - Missing a required trailing comma. Try adding a trailing comma. - require_trailing_commas
[web3_universal_crypto]:    info - test\crypto_primitives_test.dart:44:79 - Missing a required trailing comma. Try adding a trailing comma. - require_trailing_commas
[web3_universal_crypto]:    info - test\crypto_primitives_test.dart:62:79 - Missing a required trailing comma. Try adding a trailing comma. - require_trailing_commas
[web3_universal_crypto]:    info - test\crypto_primitives_test.dart:71:79 - Missing a required trailing comma. Try adding a trailing comma. - require_trailing_commas
[web3_universal_crypto]:    info - test\crypto_primitives_test.dart:149:79 - Missing a required trailing comma. Try adding a trailing comma. - require_trailing_commas
[web3_universal_crypto]:    info - test\crypto_primitives_test.dart:178:143 - Missing a required trailing comma. Try adding a trailing comma. - require_trailing_commas
[web3_universal_crypto]:    info - test\crypto_primitives_test.dart:255:72 - Missing a required trailing comma. Try adding a trailing comma. - require_trailing_commas
[web3_universal_crypto]:    info - test\crypto_primitives_test.dart:288:79 - Missing a required trailing comma. Try adding a trailing comma. - require_trailing_commas
[web3_universal_crypto]:    info - test\crypto_primitives_test.dart:323:77 - Missing a required trailing comma. Try adding a trailing comma. - require_trailing_commas
[web3_universal_crypto]:    info - test\crypto_property_test.dart:26:22 - Missing a required trailing comma. Try adding a trailing comma. - require_trailing_commas
[web3_universal_crypto]:    info - test\crypto_property_test.dart:227:67 - Missing a required trailing comma. Try adding a trailing comma. - require_trailing_commas
[web3_universal_crypto]:    info - test\crypto_property_test.dart:255:67 - Missing a required trailing comma. Try adding a trailing comma. - require_trailing_commas
[web3_universal_crypto]:    info - test\curves_test.dart:87:42 - Missing a required trailing comma. Try adding a trailing comma. - require_trailing_commas
[web3_universal_crypto]:    info - test\ed25519_test.dart:11:77 - Missing a required trailing comma. Try adding a trailing comma. - require_trailing_commas
[web3_universal_crypto]:    info - test\ed25519_test.dart:13:77 - Missing a required trailing comma. Try adding a trailing comma. - require_trailing_commas
[web3_universal_crypto]:    info - test\ed25519_test.dart:16:141 - Missing a required trailing comma. Try adding a trailing comma. - require_trailing_commas
[web3_universal_crypto]:    info - test\hd_wallet_test.dart:35:42 - Missing a required trailing comma. Try adding a trailing comma. - require_trailing_commas
[web3_universal_crypto]:    info - test\hd_wallet_test.dart:40:42 - Missing a required trailing comma. Try adding a trailing comma. - require_trailing_commas
[web3_universal_crypto]:    info - test\keccak_test.dart:109:54 - Missing a required trailing comma. Try adding a trailing comma. - require_trailing_commas
[web3_universal_crypto]:    info - test\keystore_test.dart:3:1 - Place 'dart:' imports before other imports. Try sorting the directives. - directives_ordering
[web3_universal_crypto]:    info - test\keystore_test.dart:16:14 - Method invocation or property access on a 'dynamic' target. Try giving the target a type. - avoid_dynamic_calls
[web3_universal_crypto]:    info - test\keystore_test.dart:27:14 - Method invocation or property access on a 'dynamic' target. Try giving the target a type. - avoid_dynamic_calls
[web3_universal_crypto]:    info - test\keystore_test.dart:38:37 - Missing a required trailing comma. Try adding a trailing comma. - require_trailing_commas
[web3_universal_crypto]:    info - test\keystore_test.dart:44:11 - Unnecessary use of double quotes. Try using single quotes unless the string contains single quotes. - prefer_single_quotes
[web3_universal_crypto]:    info - test\keystore_test.dart:45:13 - Unnecessary use of double quotes. Try using single quotes unless the string contains single quotes. - prefer_single_quotes
[web3_universal_crypto]:    info - test\keystore_test.dart:45:23 - Unnecessary use of double quotes. Try using single quotes unless the string contains single quotes. - prefer_single_quotes
[web3_universal_crypto]:    info - test\keystore_test.dart:46:13 - Unnecessary use of double quotes. Try using single quotes unless the string contains single quotes. - prefer_single_quotes
[web3_universal_crypto]:    info - test\keystore_test.dart:46:30 - Unnecessary use of double quotes. Try using single quotes unless the string contains single quotes. - prefer_single_quotes
[web3_universal_crypto]:    info - test\keystore_test.dart:46:36 - Unnecessary use of double quotes. Try using single quotes unless the string contains single quotes. - prefer_single_quotes
[web3_universal_crypto]:    info - test\keystore_test.dart:47:13 - Unnecessary use of double quotes. Try using single quotes unless the string contains single quotes. - prefer_single_quotes
[web3_universal_crypto]:    info - test\keystore_test.dart:48:17 - Unnecessary use of double quotes. Try using single quotes unless the string contains single quotes. - prefer_single_quotes
[web3_universal_crypto]:    info - test\keystore_test.dart:49:13 - Unnecessary use of double quotes. Try using single quotes unless the string contains single quotes. - prefer_single_quotes
[web3_universal_crypto]:    info - test\keystore_test.dart:49:20 - Unnecessary use of double quotes. Try using single quotes unless the string contains single quotes. - prefer_single_quotes
[web3_universal_crypto]:    info - test\keystore_test.dart:50:13 - Unnecessary use of double quotes. Try using single quotes unless the string contains single quotes. - prefer_single_quotes
[web3_universal_crypto]:    info - test\keystore_test.dart:51:15 - Unnecessary use of double quotes. Try using single quotes unless the string contains single quotes. - prefer_single_quotes
[web3_universal_crypto]:    info - test\keystore_test.dart:52:15 - Unnecessary use of double quotes. Try using single quotes unless the string contains single quotes. - prefer_single_quotes
[web3_universal_crypto]:    info - test\keystore_test.dart:53:15 - Unnecessary use of double quotes. Try using single quotes unless the string contains single quotes. - prefer_single_quotes
[web3_universal_crypto]:    info - test\keystore_test.dart:53:22 - Unnecessary use of double quotes. Try using single quotes unless the string contains single quotes. - prefer_single_quotes
[web3_universal_crypto]:    info - test\keystore_test.dart:54:15 - Unnecessary use of double quotes. Try using single quotes unless the string contains single quotes. - prefer_single_quotes
[web3_universal_crypto]:    info - test\keystore_test.dart:55:19 - Unnecessary use of double quotes. Try using single quotes unless the string contains single quotes. - prefer_single_quotes
[web3_universal_crypto]:    info - test\keystore_test.dart:56:13 - Missing a required trailing comma. Try adding a trailing comma. - require_trailing_commas
[web3_universal_crypto]:    info - test\keystore_test.dart:57:13 - Unnecessary use of double quotes. Try using single quotes unless the string contains single quotes. - prefer_single_quotes
[web3_universal_crypto]:    info - test\keystore_test.dart:58:17 - Unnecessary use of double quotes. Try using single quotes unless the string contains single quotes. - prefer_single_quotes
[web3_universal_crypto]:    info - test\keystore_test.dart:59:11 - Missing a required trailing comma. Try adding a trailing comma. - require_trailing_commas
[web3_universal_crypto]:    info - test\keystore_test.dart:60:11 - Unnecessary use of double quotes. Try using single quotes unless the string contains single quotes. - prefer_single_quotes
[web3_universal_crypto]:    info - test\keystore_test.dart:60:17 - Unnecessary use of double quotes. Try using single quotes unless the string contains single quotes. - prefer_single_quotes
[web3_universal_crypto]:    info - test\keystore_test.dart:61:11 - Unnecessary use of double quotes. Try using single quotes unless the string contains single quotes. - prefer_single_quotes
[web3_universal_crypto]:    info - test\keystore_test.dart:62:9 - Missing a required trailing comma. Try adding a trailing comma. - require_trailing_commas
[web3_universal_crypto]:    info - test\keystore_test.dart:64:13 - Unnecessary use of double quotes. Try using single quotes unless the string contains single quotes. - prefer_single_quotes
[web3_universal_crypto]:    info - test\keystore_test.dart:72:11 - Unnecessary use of double quotes. Try using single quotes unless the string contains single quotes. - prefer_single_quotes
[web3_universal_crypto]:    info - test\keystore_test.dart:73:13 - Unnecessary use of double quotes. Try using single quotes unless the string contains single quotes. - prefer_single_quotes
[web3_universal_crypto]:    info - test\keystore_test.dart:73:23 - Unnecessary use of double quotes. Try using single quotes unless the string contains single quotes. - prefer_single_quotes
[web3_universal_crypto]:    info - test\keystore_test.dart:74:13 - Unnecessary use of double quotes. Try using single quotes unless the string contains single quotes. - prefer_single_quotes
[web3_universal_crypto]:    info - test\keystore_test.dart:74:30 - Unnecessary use of double quotes. Try using single quotes unless the string contains single quotes. - prefer_single_quotes
[web3_universal_crypto]:    info - test\keystore_test.dart:74:36 - Unnecessary use of double quotes. Try using single quotes unless the string contains single quotes. - prefer_single_quotes
[web3_universal_crypto]:    info - test\keystore_test.dart:75:13 - Unnecessary use of double quotes. Try using single quotes unless the string contains single quotes. - prefer_single_quotes
[web3_universal_crypto]:    info - test\keystore_test.dart:76:17 - Unnecessary use of double quotes. Try using single quotes unless the string contains single quotes. - prefer_single_quotes
[web3_universal_crypto]:    info - test\keystore_test.dart:77:13 - Unnecessary use of double quotes. Try using single quotes unless the string contains single quotes. - prefer_single_quotes
[web3_universal_crypto]:    info - test\keystore_test.dart:77:20 - Unnecessary use of double quotes. Try using single quotes unless the string contains single quotes. - prefer_single_quotes
[web3_universal_crypto]:    info - test\keystore_test.dart:78:13 - Unnecessary use of double quotes. Try using single quotes unless the string contains single quotes. - prefer_single_quotes
[web3_universal_crypto]:    info - test\keystore_test.dart:79:15 - Unnecessary use of double quotes. Try using single quotes unless the string contains single quotes. - prefer_single_quotes
[web3_universal_crypto]:    info - test\keystore_test.dart:80:15 - Unnecessary use of double quotes. Try using single quotes unless the string contains single quotes. - prefer_single_quotes
[web3_universal_crypto]:    info - test\keystore_test.dart:81:15 - Unnecessary use of double quotes. Try using single quotes unless the string contains single quotes. - prefer_single_quotes
[web3_universal_crypto]:    info - test\keystore_test.dart:82:15 - Unnecessary use of double quotes. Try using single quotes unless the string contains single quotes. - prefer_single_quotes
[web3_universal_crypto]:    info - test\keystore_test.dart:83:15 - Unnecessary use of double quotes. Try using single quotes unless the string contains single quotes. - prefer_single_quotes
[web3_universal_crypto]:    info - test\keystore_test.dart:84:19 - Unnecessary use of double quotes. Try using single quotes unless the string contains single quotes. - prefer_single_quotes
[web3_universal_crypto]:    info - test\keystore_test.dart:85:13 - Missing a required trailing comma. Try adding a trailing comma. - require_trailing_commas
[web3_universal_crypto]:    info - test\keystore_test.dart:86:13 - Unnecessary use of double quotes. Try using single quotes unless the string contains single quotes. - prefer_single_quotes
[web3_universal_crypto]:    info - test\keystore_test.dart:87:17 - Unnecessary use of double quotes. Try using single quotes unless the string contains single quotes. - prefer_single_quotes
[web3_universal_crypto]:    info - test\keystore_test.dart:88:11 - Missing a required trailing comma. Try adding a trailing comma. - require_trailing_commas
[web3_universal_crypto]:    info - test\keystore_test.dart:89:11 - Unnecessary use of double quotes. Try using single quotes unless the string contains single quotes. - prefer_single_quotes
[web3_universal_crypto]:    info - test\keystore_test.dart:89:17 - Unnecessary use of double quotes. Try using single quotes unless the string contains single quotes. - prefer_single_quotes
[web3_universal_crypto]:    info - test\keystore_test.dart:90:11 - Unnecessary use of double quotes. Try using single quotes unless the string contains single quotes. - prefer_single_quotes
[web3_universal_crypto]:    info - test\keystore_test.dart:91:9 - Missing a required trailing comma. Try adding a trailing comma. - require_trailing_commas
[web3_universal_crypto]:    info - test\keystore_test.dart:93:13 - Unnecessary use of double quotes. Try using single quotes unless the string contains single quotes. - prefer_single_quotes
[web3_universal_crypto]:    info - test\keystore_test.dart:103:69 - The value of the argument is redundant because it matches the default value. Try removing the argument. - avoid_redundant_argument_values
[web3_universal_crypto]:    info - test\mnemonic_test.dart:12:79 - Missing a required trailing comma. Try adding a trailing comma. - require_trailing_commas
[web3_universal_crypto]:    info - test\mnemonic_test.dart:14:78 - Missing a required trailing comma. Try adding a trailing comma. - require_trailing_commas
[web3_universal_crypto]:    info - test\mnemonic_test.dart:16:79 - Missing a required trailing comma. Try adding a trailing comma. - require_trailing_commas
[web3_universal_crypto]: 
[web3_universal_crypto]: 165 issues found.
[web3_universal_multicall]: Analyzing multicall...
[web3_universal_events]: Analyzing events...
[web3_universal_reown]: Analyzing reown...
[web3_universal_trezor]: 
[web3_universal_trezor]:    info - lib\src\multi_chain_support.dart:310:5 - Statements in an if should be enclosed in a block. Try wrapping the statement in a block. - curly_braces_in_flow_control_structures
[web3_universal_trezor]:    info - lib\src\trezor_client.dart:73:32 - Missing a required trailing comma. Try adding a trailing comma. - require_trailing_commas
[web3_universal_trezor]:    info - lib\src\trezor_signer.dart:60:37 - Missing a required trailing comma. Try adding a trailing comma. - require_trailing_commas
[web3_universal_trezor]:    info - test\trezor_test.dart:87:36 - Missing a required trailing comma. Try adding a trailing comma. - require_trailing_commas
[web3_universal_trezor]: 
[web3_universal_trezor]: 4 issues found.
[web3_universal_polkadot]: 
[web3_universal_polkadot]:    info - lib\src\scale_codec.dart:3:1 - Classes should define instance members. Try adding instance behavior or moving the members out of the class. - avoid_classes_with_only_static_members
[web3_universal_polkadot]: 
[web3_universal_polkadot]: 1 issue found.
[web3_universal_tron]: Analyzing tron...
[web3_universal_client]: 
[web3_universal_client]: warning - lib\src\universal_hub.dart:2:8 - Unused import: 'package:web3_universal_core/web3_universal_core.dart'. Try removing the import directive. - unused_import
[web3_universal_client]:    info - example\main.dart:3:1 - Sort directive sections alphabetically. Try sorting the directives. - directives_ordering
[web3_universal_client]:    info - lib\src\ccip_read.dart:6:1 - Sort directive sections alphabetically. Try sorting the directives. - directives_ordering
[web3_universal_client]:    info - lib\src\ccip_read.dart:28:31 - Missing a required trailing comma. Try adding a trailing comma. - require_trailing_commas
[web3_universal_client]:    info - lib\src\ccip_read.dart:64:90 - Missing a required trailing comma. Try adding a trailing comma. - require_trailing_commas
[web3_universal_client]:    info - lib\src\ccip_read.dart:80:9 - Missing a required trailing comma. Try adding a trailing comma. - require_trailing_commas
[web3_universal_client]:    info - lib\src\ccip_read.dart:87:18 - Missing a required trailing comma. Try adding a trailing comma. - require_trailing_commas
[web3_universal_client]:    info - lib\src\ccip_read.dart:100:48 - Missing a required trailing comma. Try adding a trailing comma. - require_trailing_commas
[web3_universal_client]:    info - lib\src\models.dart:33:24 - Missing a required trailing comma. Try adding a trailing comma. - require_trailing_commas
[web3_universal_client]:    info - lib\src\models.dart:37:16 - Method invocation or property access on a 'dynamic' target. Try giving the target a type. - avoid_dynamic_calls
[web3_universal_client]:    info - lib\src\models.dart:77:24 - Missing a required trailing comma. Try adding a trailing comma. - require_trailing_commas
[web3_universal_client]:    info - lib\src\models.dart:81:24 - Missing a required trailing comma. Try adding a trailing comma. - require_trailing_commas
[web3_universal_client]:    info - lib\src\models.dart:92:24 - Missing a required trailing comma. Try adding a trailing comma. - require_trailing_commas
[web3_universal_client]:    info - lib\src\models.dart:96:24 - Missing a required trailing comma. Try adding a trailing comma. - require_trailing_commas
[web3_universal_client]:    info - lib\src\models.dart:143:20 - Missing a required trailing comma. Try adding a trailing comma. - require_trailing_commas
[web3_universal_client]:    info - lib\src\models.dart:151:20 - Missing a required trailing comma. Try adding a trailing comma. - require_trailing_commas
[web3_universal_client]:    info - lib\src\models.dart:161:24 - Missing a required trailing comma. Try adding a trailing comma. - require_trailing_commas
[web3_universal_client]:    info - lib\src\models.dart:225:20 - Missing a required trailing comma. Try adding a trailing comma. - require_trailing_commas
[web3_universal_client]:    info - lib\src\public_client.dart:69:31 - Missing a required trailing comma. Try adding a trailing comma. - require_trailing_commas
[web3_universal_client]:    info - lib\src\public_client.dart:85:55 - Missing a required trailing comma. Try adding a trailing comma. - require_trailing_commas
[web3_universal_client]:    info - lib\src\public_client.dart:86:18 - Unnecessary 'await'. Try removing the 'await'. - unnecessary_await_in_return
[web3_universal_client]:    info - lib\src\universal_hub.dart:1:8 - The import of 'package:web3_universal_chains/web3_universal_chains.dart' is unnecessary because all of the used elements are also provided by the import of 'package:web3_universal_solana/web3_universal_solana.dart'. Try removing the import directive. - unnecessary_import
[web3_universal_client]:    info - lib\src\universal_hub.dart:9:1 - Classes should define instance members. Try adding instance behavior or moving the members out of the class. - avoid_classes_with_only_static_members
[web3_universal_client]:    info - lib\src\universal_hub.dart:19:10 - Missing a required trailing comma. Try adding a trailing comma. - require_trailing_commas
[web3_universal_client]:    info - lib\src\universal_hub.dart:28:73 - Missing a required trailing comma. Try adding a trailing comma. - require_trailing_commas
[web3_universal_client]:    info - lib\src\wallet_client.dart:269:33 - Missing a required trailing comma. Try adding a trailing comma. - require_trailing_commas
[web3_universal_client]:    info - lib\src\wallet_client.dart:288:68 - Missing a required trailing comma. Try adding a trailing comma. - require_trailing_commas
[web3_universal_client]:    info - lib\src\wallet_client.dart:311:8 - The method is used to change a property. Try converting the method to a setter. - use_setters_to_change_properties
[web3_universal_client]:    info - lib\web3_universal_client.dart:9:1 - Sort directive sections alphabetically. Try sorting the directives. - directives_ordering
[web3_universal_client]:    info - test\ccip_read_test.dart:7:1 - Sort directive sections alphabetically. Try sorting the directives. - directives_ordering
[web3_universal_client]:    info - test\ccip_read_test.dart:16:42 - Missing a required trailing comma. Try adding a trailing comma. - require_trailing_commas
[web3_universal_client]:    info - test\ccip_read_test.dart:38:73 - Missing a required trailing comma. Try adding a trailing comma. - require_trailing_commas
[web3_universal_client]:    info - test\ccip_read_test.dart:60:32 - Missing a required trailing comma. Try adding a trailing comma. - require_trailing_commas
[web3_universal_client]:    info - test\ccip_read_test.dart:99:8 - Missing a required trailing comma. Try adding a trailing comma. - require_trailing_commas
[web3_universal_client]:    info - test\client_property_test.dart:2:1 - Sort directive sections alphabetically. Try sorting the directives. - directives_ordering
[web3_universal_client]: 
[web3_universal_client]: 35 issues found.
[web3_universal_bc_ur]: 
[web3_universal_bc_ur]:    info - lib\src\animated_qr.dart:8:61 - Missing a required trailing comma. Try adding a trailing comma. - require_trailing_commas
[web3_universal_bc_ur]:    info - lib\src\animated_qr.dart:89:21 - Static method should be a constructor. Try converting the method into a constructor. - prefer_constructors_over_static_methods
[web3_universal_bc_ur]:    info - lib\src\animated_qr.dart:91:64 - Missing a required trailing comma. Try adding a trailing comma. - require_trailing_commas
[web3_universal_bc_ur]:    info - lib\src\animated_qr.dart:95:21 - Static method should be a constructor. Try converting the method into a constructor. - prefer_constructors_over_static_methods
[web3_universal_bc_ur]:    info - lib\src\animated_qr.dart:104:64 - Missing a required trailing comma. Try adding a trailing comma. - require_trailing_commas
[web3_universal_bc_ur]:    info - lib\src\bc_ur_decoder.dart:85:69 - Missing a required trailing comma. Try adding a trailing comma. - require_trailing_commas
[web3_universal_bc_ur]:    info - lib\src\bc_ur_encoder.dart:7:1 - Classes should define instance members. Try adding instance behavior or moving the members out of the class. - avoid_classes_with_only_static_members
[web3_universal_bc_ur]:    info - lib\src\bc_ur_encoder.dart:20:27 - Missing a required trailing comma. Try adding a trailing comma. - require_trailing_commas
[web3_universal_bc_ur]:    info - lib\src\bc_ur_registry.dart:3:1 - Classes should define instance members. Try adding instance behavior or moving the members out of the class. - avoid_classes_with_only_static_members
[web3_universal_bc_ur]:    info - lib\src\bc_ur_registry.dart:90:25 - Static method should be a constructor. Try converting the method into a constructor. - prefer_constructors_over_static_methods
[web3_universal_bc_ur]:    info - lib\src\bc_ur_registry.dart:118:23 - Static method should be a constructor. Try converting the method into a constructor. - prefer_constructors_over_static_methods
[web3_universal_bc_ur]:    info - lib\src\cbor_decoder.dart:13:5 - Unnecessary duplication of receiver. Try using a cascade to avoid the duplication. - cascade_invocations
[web3_universal_bc_ur]:    info - lib\src\cbor_decoder.dart:14:5 - Unnecessary duplication of receiver. Try using a cascade to avoid the duplication. - cascade_invocations
[web3_universal_bc_ur]:    info - lib\src\cbor_decoder.dart:60:74 - Missing a required trailing comma. Try adding a trailing comma. - require_trailing_commas
[web3_universal_bc_ur]:    info - lib\src\cbor_encoder.dart:12:5 - Unnecessary duplication of receiver. Try using a cascade to avoid the duplication. - cascade_invocations
[web3_universal_bc_ur]:    info - lib\src\cbor_encoder.dart:59:7 - Unnecessary duplication of receiver. Try using a cascade to avoid the duplication. - cascade_invocations
[web3_universal_bc_ur]:    info - lib\src\cbor_encoder.dart:62:7 - Unnecessary duplication of receiver. Try using a cascade to avoid the duplication. - cascade_invocations
[web3_universal_bc_ur]:    info - lib\src\cbor_encoder.dart:65:7 - Unnecessary duplication of receiver. Try using a cascade to avoid the duplication. - cascade_invocations
[web3_universal_bc_ur]:    info - lib\src\cbor_encoder.dart:68:7 - Unnecessary duplication of receiver. Try using a cascade to avoid the duplication. - cascade_invocations
[web3_universal_bc_ur]:    info - lib\src\cbor_encoder.dart:78:7 - Unnecessary duplication of receiver. Try using a cascade to avoid the duplication. - cascade_invocations
[web3_universal_bc_ur]:    info - lib\src\cbor_encoder.dart:81:7 - Unnecessary duplication of receiver. Try using a cascade to avoid the duplication. - cascade_invocations
[web3_universal_bc_ur]:    info - lib\src\cbor_encoder.dart:84:7 - Unnecessary duplication of receiver. Try using a cascade to avoid the duplication. - cascade_invocations
[web3_universal_bc_ur]:    info - lib\src\cbor_encoder.dart:87:7 - Unnecessary duplication of receiver. Try using a cascade to avoid the duplication. - cascade_invocations
[web3_universal_bc_ur]:    info - lib\src\cbor_encoder.dart:99:7 - Unnecessary duplication of receiver. Try using a cascade to avoid the duplication. - cascade_invocations
[web3_universal_bc_ur]:    info - lib\src\cbor_encoder.dart:102:7 - Unnecessary duplication of receiver. Try using a cascade to avoid the duplication. - cascade_invocations
[web3_universal_bc_ur]:    info - lib\src\cbor_encoder.dart:105:7 - Unnecessary duplication of receiver. Try using a cascade to avoid the duplication. - cascade_invocations
[web3_universal_bc_ur]:    info - lib\src\cbor_encoder.dart:118:7 - Unnecessary duplication of receiver. Try using a cascade to avoid the duplication. - cascade_invocations
[web3_universal_bc_ur]:    info - lib\src\cbor_encoder.dart:121:7 - Unnecessary duplication of receiver. Try using a cascade to avoid the duplication. - cascade_invocations
[web3_universal_bc_ur]:    info - lib\src\cbor_encoder.dart:124:7 - Unnecessary duplication of receiver. Try using a cascade to avoid the duplication. - cascade_invocations
[web3_universal_bc_ur]:    info - lib\src\cbor_encoder.dart:137:7 - Unnecessary duplication of receiver. Try using a cascade to avoid the duplication. - cascade_invocations
[web3_universal_bc_ur]:    info - lib\src\cbor_encoder.dart:140:7 - Unnecessary duplication of receiver. Try using a cascade to avoid the duplication. - cascade_invocations
[web3_universal_bc_ur]:    info - lib\src\cbor_encoder.dart:143:7 - Unnecessary duplication of receiver. Try using a cascade to avoid the duplication. - cascade_invocations
[web3_universal_bc_ur]:    info - lib\src\cbor_encoder.dart:158:7 - Unnecessary duplication of receiver. Try using a cascade to avoid the duplication. - cascade_invocations
[web3_universal_bc_ur]:    info - lib\src\cbor_encoder.dart:161:7 - Unnecessary duplication of receiver. Try using a cascade to avoid the duplication. - cascade_invocations
[web3_universal_mev]: Analyzing mev...
[web3_universal_bc_ur]:    info - lib\src\cbor_encoder.dart:164:7 - Unnecessary duplication of receiver. Try using a cascade to avoid the duplication. - cascade_invocations
[web3_universal_bc_ur]:    info - lib\src\fountain_decoder.dart:40:101 - Missing a required trailing comma. Try adding a trailing comma. - require_trailing_commas
[web3_universal_bc_ur]:    info - test\bc_ur_test.dart:27:30 - Missing a required trailing comma. Try adding a trailing comma. - require_trailing_commas
[web3_universal_bc_ur]:    info - test\bc_ur_test.dart:116:7 - Missing a required trailing comma. Try adding a trailing comma. - require_trailing_commas
[web3_universal_bc_ur]: 
[web3_universal_bc_ur]: 38 issues found.
[web3_universal_bridge]: 
[web3_universal_bridge]:    info - lib\src\bridge_quote.dart:37:55 - Missing a required trailing comma. Try adding a trailing comma. - require_trailing_commas
[web3_universal_bridge]:    info - lib\src\bridge_quote.dart:188:32 - Static method should be a constructor. Try converting the method into a constructor. - prefer_constructors_over_static_methods
[web3_universal_bridge]:    info - lib\src\bridge_quote.dart:226:79 - Missing a required trailing comma. Try adding a trailing comma. - require_trailing_commas
[web3_universal_bridge]:    info - lib\src\bridge_quote.dart:255:9 - Statements in an if should be enclosed in a block. Try wrapping the statement in a block. - curly_braces_in_flow_control_structures
[web3_universal_bridge]:    info - lib\src\bridge_service.dart:46:60 - Missing a required trailing comma. Try adding a trailing comma. - require_trailing_commas
[web3_universal_bridge]:    info - lib\src\bridge_service.dart:46:61 - Missing a required trailing comma. Try adding a trailing comma. - require_trailing_commas
[web3_universal_bridge]:    info - lib\src\bridge_service.dart:55:26 - Missing a required trailing comma. Try adding a trailing comma. - require_trailing_commas
[web3_universal_bridge]:    info - lib\src\bridge_service.dart:122:48 - Missing a required trailing comma. Try adding a trailing comma. - require_trailing_commas
[web3_universal_bridge]:    info - lib\src\bridge_service.dart:129:48 - Missing a required trailing comma. Try adding a trailing comma. - require_trailing_commas
[web3_universal_bridge]:    info - lib\src\bridge_service.dart:182:71 - Missing a required trailing comma. Try adding a trailing comma. - require_trailing_commas
[web3_universal_bridge]:    info - lib\src\bridge_service.dart:234:56 - Missing a required trailing comma. Try adding a trailing comma. - require_trailing_commas
[web3_universal_bridge]:    info - lib\src\bridge_service.dart:263:55 - Missing a required trailing comma. Try adding a trailing comma. - require_trailing_commas
[web3_universal_bridge]:    info - lib\src\bridge_tracker.dart:97:82 - Missing a required trailing comma. Try adding a trailing comma. - require_trailing_commas
[web3_universal_bridge]:    info - lib\src\bridge_tracker.dart:158:21 - Missing a required trailing comma. Try adding a trailing comma. - require_trailing_commas
[web3_universal_bridge]:    info - lib\src\bridge_tracker.dart:158:22 - Missing a required trailing comma. Try adding a trailing comma. - require_trailing_commas
[web3_universal_bridge]:    info - lib\src\bridge_tracker.dart:165:35 - Missing a required trailing comma. Try adding a trailing comma. - require_trailing_commas
[web3_universal_bridge]:    info - lib\src\bridge_tracker.dart:201:35 - Missing a required trailing comma. Try adding a trailing comma. - require_trailing_commas
[web3_universal_bridge]:    info - lib\src\bridge_types.dart:57:3 - The method '==' should not be overridden in classes not annotated with '@immutable'. Try removing the override or annotating the class with '@immutable'. - avoid_equals_and_hash_code_on_mutable_classes
[web3_universal_bridge]:    info - lib\src\bridge_types.dart:65:3 - The method 'hashCode' should not be overridden in classes not annotated with '@immutable'. Try removing the override or annotating the class with '@immutable'. - avoid_equals_and_hash_code_on_mutable_classes
[web3_universal_bridge]:    info - lib\src\bridge_types.dart:255:58 - Missing a required trailing comma. Try adding a trailing comma. - require_trailing_commas
[web3_universal_bridge]:    info - lib\src\protocols\bridge_protocol.dart:23:48 - Missing a required trailing comma. Try adding a trailing comma. - require_trailing_commas
[web3_universal_bridge]:    info - lib\src\protocols\layerzero_bridge.dart:286:53 - Missing a required trailing comma. Try adding a trailing comma. - require_trailing_commas
[web3_universal_bridge]:    info - lib\src\protocols\layerzero_bridge.dart:333:76 - Missing a required trailing comma. Try adding a trailing comma. - require_trailing_commas
[web3_universal_bridge]:    info - lib\src\protocols\layerzero_bridge.dart:335:78 - Missing a required trailing comma. Try adding a trailing comma. - require_trailing_commas
[web3_universal_bridge]:    info - lib\src\protocols\layerzero_bridge.dart:338:43 - Missing a required trailing comma. Try adding a trailing comma. - require_trailing_commas
[web3_universal_bridge]:    info - lib\src\protocols\native_bridge.dart:45:5 - Missing a required trailing comma. Try adding a trailing comma. - require_trailing_commas
[web3_universal_bridge]:    info - lib\src\protocols\native_bridge.dart:156:5 - Unnecessary duplication of receiver. Try using a cascade to avoid the duplication. - cascade_invocations
[web3_universal_bridge]:    info - lib\src\protocols\stargate_bridge.dart:175:7 - Missing a required trailing comma. Try adding a trailing comma. - require_trailing_commas
[web3_universal_bridge]:    info - lib\src\protocols\stargate_bridge.dart:311:53 - Missing a required trailing comma. Try adding a trailing comma. - require_trailing_commas
[web3_universal_bridge]:    info - lib\src\protocols\stargate_bridge.dart:369:75 - Missing a required trailing comma. Try adding a trailing comma. - require_trailing_commas
[web3_universal_bridge]:    info - lib\src\protocols\wormhole_bridge.dart:281:53 - Missing a required trailing comma. Try adding a trailing comma. - require_trailing_commas
[web3_universal_bridge]:    info - lib\src\protocols\wormhole_bridge.dart:328:75 - Missing a required trailing comma. Try adding a trailing comma. - require_trailing_commas
[web3_universal_bridge]:    info - lib\src\protocols\wormhole_bridge.dart:330:77 - Missing a required trailing comma. Try adding a trailing comma. - require_trailing_commas
[web3_universal_bridge]:    info - lib\src\protocols\wormhole_bridge.dart:333:42 - Missing a required trailing comma. Try adding a trailing comma. - require_trailing_commas
[web3_universal_bridge]: 
[web3_universal_bridge]: 34 issues found.
[web3_universal_swap]: Analyzing swap...
[web3_universal_chains]: 
[web3_universal_chains]:    info - lib\src\chains.dart:48:5 - Missing a required trailing comma. Try adding a trailing comma. - require_trailing_commas
[web3_universal_chains]:    info - lib\src\chains.dart:130:5 - Missing a required trailing comma. Try adding a trailing comma. - require_trailing_commas
[web3_universal_chains]:    info - test\chain_config_test.dart:2:1 - Sort directive sections alphabetically. Try sorting the directives. - directives_ordering
[web3_universal_chains]:    info - test\chain_config_test.dart:49:63 - Missing a required trailing comma. Try adding a trailing comma. - require_trailing_commas
[web3_universal_chains]:    info - test\chain_config_test.dart:51:63 - Missing a required trailing comma. Try adding a trailing comma. - require_trailing_commas
[web3_universal_chains]:    info - test\chains_test.dart:2:1 - Sort directive sections alphabetically. Try sorting the directives. - directives_ordering
[web3_universal_chains]:    info - test\chains_test.dart:10:39 - Missing a required trailing comma. Try adding a trailing comma. - require_trailing_commas
[web3_universal_chains]:    info - test\chains_test.dart:30:65 - Missing a required trailing comma. Try adding a trailing comma. - require_trailing_commas
[web3_universal_chains]:    info - test\chains_test.dart:32:65 - Missing a required trailing comma. Try adding a trailing comma. - require_trailing_commas
[web3_universal_chains]:    info - test\chains_test.dart:47:65 - Missing a required trailing comma. Try adding a trailing comma. - require_trailing_commas
[web3_universal_chains]:    info - test\chains_test.dart:50:78 - Missing a required trailing comma. Try adding a trailing comma. - require_trailing_commas
[web3_universal_chains]:    info - test\chains_test.dart:63:65 - Missing a required trailing comma. Try adding a trailing comma. - require_trailing_commas
[web3_universal_chains]:    info - test\chains_test.dart:66:53 - Missing a required trailing comma. Try adding a trailing comma. - require_trailing_commas
[web3_universal_chains]:    info - test\chains_test.dart:79:65 - Missing a required trailing comma. Try adding a trailing comma. - require_trailing_commas
[web3_universal_chains]:    info - test\chains_test.dart:94:65 - Missing a required trailing comma. Try adding a trailing comma. - require_trailing_commas
[web3_universal_chains]:    info - test\chains_test.dart:109:65 - Missing a required trailing comma. Try adding a trailing comma. - require_trailing_commas
[web3_universal_chains]:    info - test\chains_test.dart:124:65 - Missing a required trailing comma. Try adding a trailing comma. - require_trailing_commas
[web3_universal_chains]:    info - test\chains_test.dart:127:56 - Missing a required trailing comma. Try adding a trailing comma. - require_trailing_commas
[web3_universal_chains]:    info - test\chains_test.dart:140:65 - Missing a required trailing comma. Try adding a trailing comma. - require_trailing_commas
[web3_universal_chains]:    info - test\chains_test.dart:155:65 - Missing a required trailing comma. Try adding a trailing comma. - require_trailing_commas
[web3_universal_chains]: 
[web3_universal_chains]: 20 issues found.
[web3_universal_utxo]: Analyzing utxo...
[web3_universal_keystone]: Analyzing keystone...
[web3_universal_ledger]: Analyzing ledger...
[web3_universal_solana]: Analyzing solana...
[web3_universal_tron]: No issues found!
[web3_universal_reown]: 
[web3_universal_reown]:    info - lib\src\connection_manager.dart:201:77 - Missing a required trailing comma. Try adding a trailing comma. - require_trailing_commas
[web3_universal_reown]:    info - lib\src\connection_manager.dart:206:69 - Missing a required trailing comma. Try adding a trailing comma. - require_trailing_commas
[web3_universal_reown]:    info - lib\src\connection_manager.dart:216:72 - Missing a required trailing comma. Try adding a trailing comma. - require_trailing_commas
[web3_universal_reown]:    info - lib\src\namespace_config.dart:22:50 - Missing a required trailing comma. Try adding a trailing comma. - require_trailing_commas
[web3_universal_reown]:    info - lib\src\namespace_config.dart:439:23 - Missing a required trailing comma. Try adding a trailing comma. - require_trailing_commas
[web3_universal_reown]:    info - lib\src\namespace_config.dart:454:57 - Missing a required trailing comma. Try adding a trailing comma. - require_trailing_commas
[web3_universal_reown]:    info - lib\src\pairing_uri.dart:78:66 - Missing a required trailing comma. Try adding a trailing comma. - require_trailing_commas
[web3_universal_reown]:    info - lib\src\pairing_uri.dart:109:76 - Missing a required trailing comma. Try adding a trailing comma. - require_trailing_commas
[web3_universal_reown]:    info - lib\src\relay_client.dart:182:35 - Missing a required trailing comma. Try adding a trailing comma. - require_trailing_commas
[web3_universal_reown]:    info - lib\src\relay_client.dart:197:77 - Missing a required trailing comma. Try adding a trailing comma. - require_trailing_commas
[web3_universal_reown]:    info - lib\src\relay_client.dart:217:78 - Missing a required trailing comma. Try adding a trailing comma. - require_trailing_commas
[web3_universal_reown]:    info - lib\src\relay_client.dart:324:72 - Missing a required trailing comma. Try adding a trailing comma. - require_trailing_commas
[web3_universal_reown]:    info - lib\src\reown_client.dart:326:44 - Missing a required trailing comma. Try adding a trailing comma. - require_trailing_commas
[web3_universal_reown]:    info - lib\src\reown_client.dart:328:49 - Missing a required trailing comma. Try adding a trailing comma. - require_trailing_commas
[web3_universal_reown]:    info - lib\src\reown_client.dart:341:43 - Missing a required trailing comma. Try adding a trailing comma. - require_trailing_commas
[web3_universal_reown]:    info - lib\src\reown_client.dart:344:56 - Missing a required trailing comma. Try adding a trailing comma. - require_trailing_commas
[web3_universal_reown]:    info - lib\src\reown_client.dart:346:45 - Missing a required trailing comma. Try adding a trailing comma. - require_trailing_commas
[web3_universal_reown]:    info - lib\src\reown_client.dart:350:33 - Missing a required trailing comma. Try adding a trailing comma. - require_trailing_commas
[web3_universal_reown]:    info - lib\src\reown_signer.dart:372:37 - Missing a required trailing comma. Try adding a trailing comma. - require_trailing_commas
[web3_universal_reown]:    info - lib\src\reown_signer.dart:459:53 - Missing a required trailing comma. Try adding a trailing comma. - require_trailing_commas
[web3_universal_reown]:    info - lib\src\reown_signer.dart:476:53 - Missing a required trailing comma. Try adding a trailing comma. - require_trailing_commas
[web3_universal_reown]:    info - lib\src\session_manager.dart:318:79 - Missing a required trailing comma. Try adding a trailing comma. - require_trailing_commas
[web3_universal_reown]:    info - lib\src\session_manager.dart:353:79 - Missing a required trailing comma. Try adding a trailing comma. - require_trailing_commas
[web3_universal_reown]:    info - lib\src\session_manager.dart:453:77 - Missing a required trailing comma. Try adding a trailing comma. - require_trailing_commas
[web3_universal_reown]:    info - lib\src\session_manager.dart:527:34 - Missing a required trailing comma. Try adding a trailing comma. - require_trailing_commas
[web3_universal_reown]:    info - lib\src\session_manager.dart:532:77 - Missing a required trailing comma. Try adding a trailing comma. - require_trailing_commas
[web3_universal_reown]:    info - lib\src\session_manager.dart:539:59 - Missing a required trailing comma. Try adding a trailing comma. - require_trailing_commas
[web3_universal_reown]:    info - lib\src\session_manager.dart:539:60 - Missing a required trailing comma. Try adding a trailing comma. - require_trailing_commas
[web3_universal_reown]:    info - lib\src\session_manager.dart:603:49 - Missing a required trailing comma. Try adding a trailing comma. - require_trailing_commas
[web3_universal_reown]:    info - lib\src\session_manager.dart:616:43 - Missing a required trailing comma. Try adding a trailing comma. - require_trailing_commas
[web3_universal_reown]:    info - lib\src\session_manager.dart:620:45 - Missing a required trailing comma. Try adding a trailing comma. - require_trailing_commas
[web3_universal_reown]:    info - lib\src\siwe_auth.dart:147:61 - Missing a required trailing comma. Try adding a trailing comma. - require_trailing_commas
[web3_universal_reown]:    info - lib\src\siwe_auth.dart:236:66 - Missing a required trailing comma. Try adding a trailing comma. - require_trailing_commas
[web3_universal_reown]:    info - test\connection_manager_test.dart:40:79 - Missing a required trailing comma. Try adding a trailing comma. - require_trailing_commas
[web3_universal_reown]:    info - test\connection_manager_test.dart:51:53 - Missing a required trailing comma. Try adding a trailing comma. - require_trailing_commas
[web3_universal_reown]:    info - test\connection_manager_test.dart:53:77 - Missing a required trailing comma. Try adding a trailing comma. - require_trailing_commas
[web3_universal_reown]:    info - test\connection_manager_test.dart:55:79 - Missing a required trailing comma. Try adding a trailing comma. - require_trailing_commas
[web3_universal_reown]:    info - test\relay_verification_test.dart:28:11 - Statements in an if should be enclosed in a block. Try wrapping the statement in a block. - curly_braces_in_flow_control_structures
[web3_universal_reown]:    info - test\relay_verification_test.dart:49:98 - Missing a required trailing comma. Try adding a trailing comma. - require_trailing_commas
[web3_universal_reown]:    info - test\reown_kits_test.dart:79:14 - Method invocation or property access on a 'dynamic' target. Try giving the target a type. - avoid_dynamic_calls
[web3_universal_reown]:    info - test\reown_kits_test.dart:90:9 - Method invocation or property access on a 'dynamic' target. Try giving the target a type. - avoid_dynamic_calls
[web3_universal_reown]:    info - test\reown_kits_test.dart:105:14 - Method invocation or property access on a 'dynamic' target. Try giving the target a type. - avoid_dynamic_calls
[web3_universal_reown]:    info - test\reown_kits_test.dart:106:28 - Method invocation or property access on a 'dynamic' target. Try giving the target a type. - avoid_dynamic_calls
[web3_universal_reown]:    info - test\reown_kits_test.dart:106:28 - Method invocation or property access on a 'dynamic' target. Try giving the target a type. - avoid_dynamic_calls
[web3_universal_reown]:    info - test\siwe_auth_test.dart:20:63 - Missing a required trailing comma. Try adding a trailing comma. - require_trailing_commas
[web3_universal_reown]:    info - test\siwe_auth_test.dart:41:65 - Missing a required trailing comma. Try adding a trailing comma. - require_trailing_commas
[web3_universal_reown]:    info - test\siwe_auth_test.dart:66:63 - Missing a required trailing comma. Try adding a trailing comma. - require_trailing_commas
[web3_universal_reown]:    info - test\siwe_auth_test.dart:162:30 - Missing a required trailing comma. Try adding a trailing comma. - require_trailing_commas
[web3_universal_reown]: 
[web3_universal_reown]: 48 issues found.
[web3_universal_contract]: Analyzing contract...
[web3_universal_compat]: Analyzing compat...
[web3_universal_mev]: No issues found!
[web3_universal_multicall]: 
[web3_universal_multicall]:    info - lib\src\multicall.dart:72:35 - Missing a required trailing comma. Try adding a trailing comma. - require_trailing_commas
[web3_universal_multicall]:    info - lib\src\multicall.dart:93:65 - Missing a required trailing comma. Try adding a trailing comma. - require_trailing_commas
[web3_universal_multicall]:    info - lib\src\multicall.dart:330:36 - Missing a required trailing comma. Try adding a trailing comma. - require_trailing_commas
[web3_universal_multicall]:    info - lib\src\multicall_builder.dart:29:12 - Don't return 'this' from a method. Try changing the return type to 'void' and removing the return. - avoid_returning_this
[web3_universal_multicall]:    info - lib\src\multicall_builder.dart:46:12 - Don't return 'this' from a method. Try changing the return type to 'void' and removing the return. - avoid_returning_this
[web3_universal_multicall]:    info - lib\src\multicall_builder.dart:52:12 - Don't return 'this' from a method. Try changing the return type to 'void' and removing the return. - avoid_returning_this
[web3_universal_multicall]:    info - lib\src\multicall_builder.dart:58:12 - Don't return 'this' from a method. Try changing the return type to 'void' and removing the return. - avoid_returning_this
[web3_universal_multicall]:    info - lib\src\multicall_builder.dart:144:1 - Classes should define instance members. Try adding instance behavior or moving the members out of the class. - avoid_classes_with_only_static_members
[web3_universal_multicall]:    info - lib\src\multicall_error.dart:95:81 - Missing a required trailing comma. Try adding a trailing comma. - require_trailing_commas
[web3_universal_multicall]:    info - lib\src\multicall_factory.dart:4:1 - Classes should define instance members. Try adding instance behavior or moving the members out of the class. - avoid_classes_with_only_static_members
[web3_universal_multicall]:    info - test\mock_client.dart:42:8 - The method is used to change a property. Try converting the method to a setter. - use_setters_to_change_properties
[web3_universal_multicall]:    info - test\mock_client.dart:82:8 - The method is used to change a property. Try converting the method to a setter. - use_setters_to_change_properties
[web3_universal_multicall]:    info - test\mock_client.dart:119:27 - Missing a required trailing comma. Try adding a trailing comma. - require_trailing_commas
[web3_universal_multicall]:    info - test\mock_client.dart:125:27 - Missing a required trailing comma. Try adding a trailing comma. - require_trailing_commas
[web3_universal_multicall]:    info - test\mock_client.dart:146:31 - Missing a required trailing comma. Try adding a trailing comma. - require_trailing_commas
[web3_universal_multicall]:    info - test\mock_client.dart:152:31 - Missing a required trailing comma. Try adding a trailing comma. - require_trailing_commas
[web3_universal_multicall]:    info - test\mock_client.dart:163:34 - Missing a required trailing comma. Try adding a trailing comma. - require_trailing_commas
[web3_universal_multicall]:    info - test\mock_client.dart:192:42 - Missing a required trailing comma. Try adding a trailing comma. - require_trailing_commas
[web3_universal_multicall]:    info - test\mock_client.dart:198:32 - Missing a required trailing comma. Try adding a trailing comma. - require_trailing_commas
[web3_universal_multicall]:    info - test\mock_contract.dart:93:42 - Missing a required trailing comma. Try adding a trailing comma. - require_trailing_commas
[web3_universal_multicall]:    info - test\mock_contract.dart:99:32 - Missing a required trailing comma. Try adding a trailing comma. - require_trailing_commas
[web3_universal_multicall]:    info - test\mock_contract.dart:120:8 - The method is used to change a property. Try converting the method to a setter. - use_setters_to_change_properties
[web3_universal_multicall]:    info - test\mock_contract.dart:124:8 - The method is used to change a property. Try converting the method to a setter. - use_setters_to_change_properties
[web3_universal_multicall]:    info - test\mock_contract.dart:128:8 - The method is used to change a property. Try converting the method to a setter. - use_setters_to_change_properties
[web3_universal_multicall]:    info - test\mock_contract.dart:132:8 - The method is used to change a property. Try converting the method to a setter. - use_setters_to_change_properties
[web3_universal_multicall]:    info - test\multicall_builder_test.dart:72:65 - Missing a required trailing comma. Try adding a trailing comma. - require_trailing_commas
[web3_universal_multicall]:    info - test\multicall_builder_test.dart:93:9 - Unnecessary duplication of receiver. Try using a cascade to avoid the duplication. - cascade_invocations
[web3_universal_multicall]:    info - test\multicall_builder_test.dart:97:9 - Unnecessary duplication of receiver. Try using a cascade to avoid the duplication. - cascade_invocations
[web3_universal_multicall]:    info - test\multicall_builder_test.dart:106:65 - Missing a required trailing comma. Try adding a trailing comma. - require_trailing_commas
[web3_universal_multicall]:    info - test\multicall_builder_test.dart:108:65 - Missing a required trailing comma. Try adding a trailing comma. - require_trailing_commas
[web3_universal_multicall]:    info - test\multicall_builder_test.dart:137:9 - Unnecessary duplication of receiver. Try using a cascade to avoid the duplication. - cascade_invocations
[web3_universal_multicall]:    info - test\multicall_builder_test.dart:167:9 - Unnecessary duplication of receiver. Try using a cascade to avoid the duplication. - cascade_invocations
[web3_universal_multicall]:    info - test\multicall_builder_test.dart:190:9 - Unnecessary duplication of receiver. Try using a cascade to avoid the duplication. - cascade_invocations
[web3_universal_multicall]:    info - test\multicall_builder_test.dart:216:9 - Unnecessary duplication of receiver. Try using a cascade to avoid the duplication. - cascade_invocations
[web3_universal_multicall]:    info - test\multicall_builder_test.dart:257:9 - Unnecessary duplication of receiver. Try using a cascade to avoid the duplication. - cascade_invocations
[web3_universal_multicall]:    info - test\multicall_error_test.dart:18:65 - Missing a required trailing comma. Try adding a trailing comma. - require_trailing_commas
[web3_universal_multicall]:    info - test\multicall_error_test.dart:20:67 - Missing a required trailing comma. Try adding a trailing comma. - require_trailing_commas
[web3_universal_multicall]:    info - test\multicall_error_test.dart:48:78 - Missing a required trailing comma. Try adding a trailing comma. - require_trailing_commas
[web3_universal_multicall]:    info - test\multicall_error_test.dart:64:65 - Missing a required trailing comma. Try adding a trailing comma. - require_trailing_commas
[web3_universal_multicall]:    info - test\multicall_error_test.dart:66:65 - Missing a required trailing comma. Try adding a trailing comma. - require_trailing_commas
[web3_universal_multicall]:    info - test\multicall_error_test.dart:68:65 - Missing a required trailing comma. Try adding a trailing comma. - require_trailing_commas
[web3_universal_multicall]:    info - test\multicall_error_test.dart:134:65 - Missing a required trailing comma. Try adding a trailing comma. - require_trailing_commas
[web3_universal_multicall]:    info - test\multicall_error_test.dart:137:67 - Missing a required trailing comma. Try adding a trailing comma. - require_trailing_commas
[web3_universal_multicall]:    info - test\multicall_test.dart:44:41 - Missing a required trailing comma. Try adding a trailing comma. - require_trailing_commas
[web3_universal_multicall]:    info - test\multicall_test.dart:49:41 - Missing a required trailing comma. Try adding a trailing comma. - require_trailing_commas
[web3_universal_multicall]:    info - test\multicall_test.dart:59:65 - Missing a required trailing comma. Try adding a trailing comma. - require_trailing_commas
[web3_universal_multicall]:    info - test\multicall_test.dart:216:65 - Missing a required trailing comma. Try adding a trailing comma. - require_trailing_commas
[web3_universal_multicall]: 
[web3_universal_multicall]: 47 issues found.
[web3_universal_events]: 
[web3_universal_events]:    info - lib\src\event_filter.dart:102:3 - The method '==' should not be overridden in classes not annotated with '@immutable'. Try removing the override or annotating the class with '@immutable'. - avoid_equals_and_hash_code_on_mutable_classes
[web3_universal_events]:    info - lib\src\event_filter.dart:113:3 - The method 'hashCode' should not be overridden in classes not annotated with '@immutable'. Try removing the override or annotating the class with '@immutable'. - avoid_equals_and_hash_code_on_mutable_classes
[web3_universal_events]:    info - lib\src\event_listener.dart:61:29 - Uncancelled instance of 'StreamSubscription'. Try invoking 'cancel' in the function in which the 'StreamSubscription' was created. - cancel_subscriptions
[web3_universal_events]:    info - lib\src\event_listener.dart:96:29 - Uncancelled instance of 'StreamSubscription'. Try invoking 'cancel' in the function in which the 'StreamSubscription' was created. - cancel_subscriptions
[web3_universal_events]:    info - lib\src\event_listener.dart:153:11 - Uncancelled instance of 'StreamSubscription'. Try invoking 'cancel' in the function in which the 'StreamSubscription' was created. - cancel_subscriptions
[web3_universal_events]:    info - lib\src\event_listener.dart:181:11 - Uncancelled instance of 'StreamSubscription'. Try invoking 'cancel' in the function in which the 'StreamSubscription' was created. - cancel_subscriptions
[web3_universal_events]:    info - lib\src\event_subscriber.dart:28:51 - Missing a required trailing comma. Try adding a trailing comma. - require_trailing_commas
[web3_universal_events]:    info - lib\src\reorg_handler.dart:76:46 - Missing a required trailing comma. Try adding a trailing comma. - require_trailing_commas
[web3_universal_events]:    info - lib\src\reorg_handler.dart:122:5 - Unnecessary duplication of receiver. Try using a cascade to avoid the duplication. - cascade_invocations
[web3_universal_events]:    info - lib\src\reorg_handler.dart:147:39 - Missing a required trailing comma. Try adding a trailing comma. - require_trailing_commas
[web3_universal_events]:    info - test\event_filter_test.dart:15:79 - Missing a required trailing comma. Try adding a trailing comma. - require_trailing_commas
[web3_universal_events]:    info - test\event_filter_test.dart:29:79 - Missing a required trailing comma. Try adding a trailing comma. - require_trailing_commas
[web3_universal_events]:    info - test\event_filter_test.dart:42:79 - Missing a required trailing comma. Try adding a trailing comma. - require_trailing_commas
[web3_universal_events]:    info - test\event_filter_test.dart:61:79 - Missing a required trailing comma. Try adding a trailing comma. - require_trailing_commas
[web3_universal_events]:    info - test\event_filter_test.dart:77:63 - Missing a required trailing comma. Try adding a trailing comma. - require_trailing_commas
[web3_universal_events]:    info - test\event_filter_test.dart:94:79 - Missing a required trailing comma. Try adding a trailing comma. - require_trailing_commas
[web3_universal_events]:    info - test\event_filter_test.dart:120:63 - Missing a required trailing comma. Try adding a trailing comma. - require_trailing_commas
[web3_universal_events]:    info - test\event_listener_test.dart:44:9 - Missing a required trailing comma. Try adding a trailing comma. - require_trailing_commas
[web3_universal_events]:    info - test\event_listener_test.dart:59:83 - Missing a required trailing comma. Try adding a trailing comma. - require_trailing_commas
[web3_universal_events]:    info - test\event_listener_test.dart:59:84 - Missing a required trailing comma. Try adding a trailing comma. - require_trailing_commas
[web3_universal_events]:    info - test\event_subscriber_test.dart:46:63 - Missing a required trailing comma. Try adding a trailing comma. - require_trailing_commas
[web3_universal_events]:    info - test\event_subscriber_test.dart:89:63 - Missing a required trailing comma. Try adding a trailing comma. - require_trailing_commas
[web3_universal_events]:    info - test\mock_client.dart:51:27 - Missing a required trailing comma. Try adding a trailing comma. - require_trailing_commas
[web3_universal_events]:    info - test\mock_client.dart:57:27 - Missing a required trailing comma. Try adding a trailing comma. - require_trailing_commas
[web3_universal_events]:    info - test\mock_client.dart:78:31 - Missing a required trailing comma. Try adding a trailing comma. - require_trailing_commas
[web3_universal_events]:    info - test\mock_client.dart:84:31 - Missing a required trailing comma. Try adding a trailing comma. - require_trailing_commas
[web3_universal_events]:    info - test\mock_client.dart:95:34 - Missing a required trailing comma. Try adding a trailing comma. - require_trailing_commas
[web3_universal_events]:    info - test\mock_client.dart:121:31 - Missing a required trailing comma. Try adding a trailing comma. - require_trailing_commas
[web3_universal_events]:    info - test\mock_client.dart:135:42 - Missing a required trailing comma. Try adding a trailing comma. - require_trailing_commas
[web3_universal_events]:    info - test\mock_client.dart:141:32 - Missing a required trailing comma. Try adding a trailing comma. - require_trailing_commas
[web3_universal_events]:    info - test\mock_client.dart:174:42 - Missing a required trailing comma. Try adding a trailing comma. - require_trailing_commas
[web3_universal_events]:    info - test\mock_client.dart:192:32 - Missing a required trailing comma. Try adding a trailing comma. - require_trailing_commas
[web3_universal_events]:    info - test\mock_client.dart:202:42 - Missing a required trailing comma. Try adding a trailing comma. - require_trailing_commas
[web3_universal_events]: 
[web3_universal_events]: 33 issues found.
[web3_universal_utxo]: 
[web3_universal_utxo]:    info - lib\src\models\address.dart:20:56 - Missing a required trailing comma. Try adding a trailing comma. - require_trailing_commas
[web3_universal_utxo]:    info - lib\src\models\psbt.dart:33:15 - Static method should be a constructor. Try converting the method into a constructor. - prefer_constructors_over_static_methods
[web3_universal_utxo]:    info - lib\src\models\transaction.dart:82:5 - Unnecessary duplication of receiver. Try using a cascade to avoid the duplication. - cascade_invocations
[web3_universal_utxo]:    info - lib\src\models\transaction.dart:89:7 - Unnecessary duplication of receiver. Try using a cascade to avoid the duplication. - cascade_invocations
[web3_universal_utxo]:    info - lib\src\models\transaction.dart:98:7 - Unnecessary duplication of receiver. Try using a cascade to avoid the duplication. - cascade_invocations
[web3_universal_utxo]:    info - lib\src\models\transaction.dart:99:7 - Unnecessary duplication of receiver. Try using a cascade to avoid the duplication. - cascade_invocations
[web3_universal_utxo]:    info - lib\src\models\transaction.dart:100:7 - Unnecessary duplication of receiver. Try using a cascade to avoid the duplication. - cascade_invocations
[web3_universal_utxo]:    info - lib\src\models\transaction.dart:101:7 - Unnecessary duplication of receiver. Try using a cascade to avoid the duplication. - cascade_invocations
[web3_universal_utxo]:    info - lib\src\models\transaction.dart:110:7 - Unnecessary duplication of receiver. Try using a cascade to avoid the duplication. - cascade_invocations
[web3_universal_utxo]:    info - lib\src\models\transaction.dart:111:7 - Unnecessary duplication of receiver. Try using a cascade to avoid the duplication. - cascade_invocations
[web3_universal_utxo]:    info - lib\src\models\transaction.dart:121:11 - Unnecessary duplication of receiver. Try using a cascade to avoid the duplication. - cascade_invocations
[web3_universal_utxo]:    info - lib\src\models\transaction.dart:146:29 - Static method should be a constructor. Try converting the method into a constructor. - prefer_constructors_over_static_methods
[web3_universal_utxo]:    info - lib\src\models\transaction.dart:286:3 - Unnecessary duplication of receiver. Try using a cascade to avoid the duplication. - cascade_invocations
[web3_universal_utxo]:    info - lib\src\script\script.dart:144:7 - Unnecessary duplication of receiver. Try using a cascade to avoid the duplication. - cascade_invocations
[web3_universal_utxo]:    info - lib\src\script\script.dart:147:7 - Unnecessary duplication of receiver. Try using a cascade to avoid the duplication. - cascade_invocations
[web3_universal_utxo]:    info - lib\src\script\script.dart:148:7 - Unnecessary duplication of receiver. Try using a cascade to avoid the duplication. - cascade_invocations
[web3_universal_utxo]:    info - lib\src\script\script.dart:151:7 - Unnecessary duplication of receiver. Try using a cascade to avoid the duplication. - cascade_invocations
[web3_universal_utxo]:    info - lib\src\script\script.dart:152:71 - Missing a required trailing comma. Try adding a trailing comma. - require_trailing_commas
[web3_universal_utxo]:    info - lib\src\script\script.dart:153:7 - Unnecessary duplication of receiver. Try using a cascade to avoid the duplication. - cascade_invocations
[web3_universal_utxo]:    info - lib\src\script\script.dart:156:7 - Unnecessary duplication of receiver. Try using a cascade to avoid the duplication. - cascade_invocations
[web3_universal_utxo]:    info - lib\src\script\script.dart:157:71 - Missing a required trailing comma. Try adding a trailing comma. - require_trailing_commas
[web3_universal_utxo]:    info - lib\src\script\script.dart:158:7 - Unnecessary duplication of receiver. Try using a cascade to avoid the duplication. - cascade_invocations
[web3_universal_utxo]:    info - lib\src\script\taproot.dart:14:5 - Unnecessary duplication of receiver. Try using a cascade to avoid the duplication. - cascade_invocations
[web3_universal_utxo]:    info - lib\src\script\taproot.dart:26:7 - Unnecessary duplication of receiver. Try using a cascade to avoid the duplication. - cascade_invocations
[web3_universal_utxo]:    info - lib\src\script\taproot.dart:27:7 - Unnecessary duplication of receiver. Try using a cascade to avoid the duplication. - cascade_invocations
[web3_universal_utxo]:    info - lib\src\script\taproot.dart:31:7 - Unnecessary duplication of receiver. Try using a cascade to avoid the duplication. - cascade_invocations
[web3_universal_utxo]:    info - lib\src\script\taproot.dart:32:7 - Unnecessary duplication of receiver. Try using a cascade to avoid the duplication. - cascade_invocations
[web3_universal_utxo]:    info - lib\src\script\taproot.dart:33:7 - Unnecessary duplication of receiver. Try using a cascade to avoid the duplication. - cascade_invocations
[web3_universal_utxo]:    info - lib\src\script\taproot.dart:34:7 - Unnecessary duplication of receiver. Try using a cascade to avoid the duplication. - cascade_invocations
[web3_universal_utxo]:    info - lib\src\script\taproot.dart:48:22 - Multiple variables declared on a single line. Try splitting the variable declarations into multiple lines. - avoid_multiple_declarations_per_line
[web3_universal_utxo]:    info - lib\src\script\taproot.dart:69:1 - Classes should define instance members. Try adding instance behavior or moving the members out of the class. - avoid_classes_with_only_static_members
[web3_universal_utxo]:    info - lib\src\script\taproot.dart:80:29 - Missing a required trailing comma. Try adding a trailing comma. - require_trailing_commas
[web3_universal_utxo]:    info - lib\src\script\taproot.dart:82:7 - Statements in an if should be enclosed in a block. Try wrapping the statement in a block. - curly_braces_in_flow_control_structures
[web3_universal_utxo]:    info - lib\src\script\taproot.dart:86:5 - Unnecessary duplication of receiver. Try using a cascade to avoid the duplication. - cascade_invocations
[web3_universal_utxo]:    info - lib\src\selection\coin_selector.dart:20:16 - Unnecessary use of an abstract class. Try making 'select' a top-level function and removing the class. - one_member_abstracts
[web3_universal_utxo]:    info - test\taproot_test.dart:30:77 - Missing a required trailing comma. Try adding a trailing comma. - require_trailing_commas
[web3_universal_utxo]:    info - test\taproot_test.dart:44:77 - Missing a required trailing comma. Try adding a trailing comma. - require_trailing_commas
[web3_universal_utxo]:    info - test\taproot_test.dart:56:54 - Missing a required trailing comma. Try adding a trailing comma. - require_trailing_commas
[web3_universal_utxo]:    info - test\vector_test.dart:63:45 - Missing a required trailing comma. Try adding a trailing comma. - require_trailing_commas
[web3_universal_utxo]: 
[web3_universal_utxo]: 39 issues found.
[web3_universal_keystone]: 
[web3_universal_keystone]:    info - lib\src\keystone_client.dart:186:52 - Missing a required trailing comma. Try adding a trailing comma. - require_trailing_commas
[web3_universal_keystone]:    info - lib\src\keystone_signer.dart:59:37 - Missing a required trailing comma. Try adding a trailing comma. - require_trailing_commas
[web3_universal_keystone]:    info - lib\src\multi_chain_support.dart:102:55 - Missing a required trailing comma. Try adding a trailing comma. - require_trailing_commas
[web3_universal_keystone]:    info - lib\src\multi_chain_support.dart:141:1 - Classes should define instance members. Try adding instance behavior or moving the members out of the class. - avoid_classes_with_only_static_members
[web3_universal_keystone]:    info - lib\src\qr_communication.dart:56:7 - Missing a required trailing comma. Try adding a trailing comma. - require_trailing_commas
[web3_universal_keystone]:    info - lib\src\qr_communication.dart:61:7 - Unnecessary duplication of receiver. Try using a cascade to avoid the duplication. - cascade_invocations
[web3_universal_keystone]:    info - lib\src\qr_communication.dart:64:70 - Missing a required trailing comma. Try adding a trailing comma. - require_trailing_commas
[web3_universal_keystone]:    info - lib\src\qr_communication.dart:68:7 - Catch clause should use 'on' to specify the type of exception being caught. Try adding an 'on' clause before the 'catch'. - avoid_catches_without_on_clauses
[web3_universal_keystone]:    info - lib\src\qr_communication.dart:70:78 - Missing a required trailing comma. Try adding a trailing comma. - require_trailing_commas
[web3_universal_keystone]:    info - lib\src\qr_communication.dart:118:7 - Catch clause should use 'on' to specify the type of exception being caught. Try adding an 'on' clause before the 'catch'. - avoid_catches_without_on_clauses
[web3_universal_keystone]:    info - lib\src\qr_communication.dart:120:77 - Missing a required trailing comma. Try adding a trailing comma. - require_trailing_commas
[web3_universal_keystone]: 
[web3_universal_keystone]: 11 issues found.
[web3_universal_ledger]: 
[web3_universal_ledger]:    info - lib\src\apdu_commands.dart:4:1 - Classes should define instance members. Try adding instance behavior or moving the members out of the class. - avoid_classes_with_only_static_members
[web3_universal_ledger]:    info - lib\src\apdu_commands.dart:35:28 - Missing a required trailing comma. Try adding a trailing comma. - require_trailing_commas
[web3_universal_ledger]:    info - lib\src\apdu_commands.dart:49:55 - Missing a required trailing comma. Try adding a trailing comma. - require_trailing_commas
[web3_universal_ledger]:    info - lib\src\apdu_commands.dart:75:51 - Missing a required trailing comma. Try adding a trailing comma. - require_trailing_commas
[web3_universal_ledger]:    info - lib\src\apdu_commands.dart:92:73 - Missing a required trailing comma. Try adding a trailing comma. - require_trailing_commas
[web3_universal_ledger]:    info - lib\src\apdu_commands.dart:123:5 - Unnecessary duplication of receiver. Try using a cascade to avoid the duplication. - cascade_invocations
[web3_universal_ledger]:    info - lib\src\apdu_commands.dart:163:1 - Classes should define instance members. Try adding instance behavior or moving the members out of the class. - avoid_classes_with_only_static_members
[web3_universal_ledger]:    info - lib\src\ledger_client.dart:73:28 - Missing a required trailing comma. Try adding a trailing comma. - require_trailing_commas
[web3_universal_ledger]:    info - lib\src\ledger_signer.dart:59:37 - Missing a required trailing comma. Try adding a trailing comma. - require_trailing_commas
[web3_universal_ledger]:    info - lib\src\ledger_transport.dart:201:31 - Missing a required trailing comma. Try adding a trailing comma. - require_trailing_commas
[web3_universal_ledger]:    info - lib\src\ledger_transport.dart:204:71 - Missing a required trailing comma. Try adding a trailing comma. - require_trailing_commas
[web3_universal_ledger]:    info - lib\src\ledger_transport.dart:276:1 - Classes should define instance members. Try adding instance behavior or moving the members out of the class. - avoid_classes_with_only_static_members
[web3_universal_ledger]:    info - lib\src\ledger_types.dart:81:5 - Unnecessary duplication of receiver. Try using a cascade to avoid the duplication. - cascade_invocations
[web3_universal_ledger]:    info - lib\src\ledger_types.dart:86:7 - Unnecessary duplication of receiver. Try using a cascade to avoid the duplication. - cascade_invocations
[web3_universal_ledger]:    info - lib\src\multi_chain_support.dart:175:55 - Missing a required trailing comma. Try adding a trailing comma. - require_trailing_commas
[web3_universal_ledger]:    info - lib\src\multi_chain_support.dart:182:55 - Missing a required trailing comma. Try adding a trailing comma. - require_trailing_commas
[web3_universal_ledger]:    info - lib\src\multi_chain_support.dart:189:55 - Missing a required trailing comma. Try adding a trailing comma. - require_trailing_commas
[web3_universal_ledger]:    info - lib\src\multi_chain_support.dart:246:5 - Unnecessary duplication of receiver. Try using a cascade to avoid the duplication. - cascade_invocations
[web3_universal_ledger]:    info - lib\src\multi_chain_support.dart:283:1 - Classes should define instance members. Try adding instance behavior or moving the members out of the class. - avoid_classes_with_only_static_members
[web3_universal_ledger]:    info - lib\src\multi_chain_support.dart:305:7 - Statements in an if should be enclosed in a block. Try wrapping the statement in a block. - curly_braces_in_flow_control_structures
[web3_universal_ledger]: 
[web3_universal_ledger]: 20 issues found.
[web3_universal_swap]: 
[web3_universal_swap]:    info - example\main.dart:2:1 - Sort directive sections alphabetically. Try sorting the directives. - directives_ordering
[web3_universal_swap]:    info - example\main.dart:3:1 - Sort directive sections alphabetically. Try sorting the directives. - directives_ordering
[web3_universal_swap]:    info - lib\src\aggregators\oneinch_aggregator.dart:114:45 - Missing a required trailing comma. Try adding a trailing comma. - require_trailing_commas
[web3_universal_swap]:    info - lib\src\aggregators\oneinch_aggregator.dart:121:76 - Missing a required trailing comma. Try adding a trailing comma. - require_trailing_commas
[web3_universal_swap]:    info - lib\src\aggregators\oneinch_aggregator.dart:269:7 - Invalid assignment to the parameter 'hex'. Try using a local variable in place of the parameter. - parameter_assignments
[web3_universal_swap]:    info - lib\src\aggregators\paraswap_aggregator.dart:96:45 - Missing a required trailing comma. Try adding a trailing comma. - require_trailing_commas
[web3_universal_swap]:    info - lib\src\aggregators\paraswap_aggregator.dart:103:76 - Missing a required trailing comma. Try adding a trailing comma. - require_trailing_commas
[web3_universal_swap]:    info - lib\src\aggregators\paraswap_aggregator.dart:336:7 - Invalid assignment to the parameter 'hex'. Try using a local variable in place of the parameter. - parameter_assignments
[web3_universal_swap]:    info - lib\src\aggregators\rango_aggregator.dart:96:45 - Missing a required trailing comma. Try adding a trailing comma. - require_trailing_commas
[web3_universal_swap]:    info - lib\src\aggregators\rango_aggregator.dart:105:76 - Missing a required trailing comma. Try adding a trailing comma. - require_trailing_commas
[web3_universal_swap]:    info - lib\src\aggregators\rango_aggregator.dart:111:73 - Missing a required trailing comma. Try adding a trailing comma. - require_trailing_commas
[web3_universal_swap]:    info - lib\src\aggregators\rango_aggregator.dart:116:76 - Missing a required trailing comma. Try adding a trailing comma. - require_trailing_commas
[web3_universal_swap]:    info - lib\src\aggregators\rango_aggregator.dart:155:79 - Missing a required trailing comma. Try adding a trailing comma. - require_trailing_commas
[web3_universal_swap]:    info - lib\src\aggregators\rango_aggregator.dart:357:7 - Invalid assignment to the parameter 'hex'. Try using a local variable in place of the parameter. - parameter_assignments
[web3_universal_swap]:    info - lib\src\aggregators\zerox_aggregator.dart:114:45 - Missing a required trailing comma. Try adding a trailing comma. - require_trailing_commas
[web3_universal_swap]:    info - lib\src\aggregators\zerox_aggregator.dart:318:7 - Invalid assignment to the parameter 'hex'. Try using a local variable in place of the parameter. - parameter_assignments
[web3_universal_swap]:    info - lib\src\mev_protection.dart:129:31 - Method invocation or property access on a 'dynamic' target. Try giving the target a type. - avoid_dynamic_calls
[web3_universal_swap]:    info - lib\src\mev_protection.dart:186:33 - Method invocation or property access on a 'dynamic' target. Try giving the target a type. - avoid_dynamic_calls
[web3_universal_swap]:    info - lib\src\mev_protection.dart:244:34 - Method invocation or property access on a 'dynamic' target. Try giving the target a type. - avoid_dynamic_calls
[web3_universal_swap]:    info - lib\src\slippage_calculator.dart:6:1 - Classes should define instance members. Try adding instance behavior or moving the members out of the class. - avoid_classes_with_only_static_members
[web3_universal_swap]:    info - lib\src\slippage_calculator.dart:183:45 - Missing a required trailing comma. Try adding a trailing comma. - require_trailing_commas
[web3_universal_swap]:    info - lib\src\slippage_calculator.dart:210:45 - Missing a required trailing comma. Try adding a trailing comma. - require_trailing_commas
[web3_universal_swap]:    info - lib\src\swap_quote.dart:44:61 - Missing a required trailing comma. Try adding a trailing comma. - require_trailing_commas
[web3_universal_swap]:    info - lib\src\swap_quote.dart:136:26 - Static method should be a constructor. Try converting the method into a constructor. - prefer_constructors_over_static_methods
[web3_universal_swap]:    info - lib\src\swap_service.dart:27:9 - Use an initializing formal to assign a parameter to a field. Try using an initialing formal ('this.mevProtectionService') to initialize the field. - prefer_initializing_formals
[web3_universal_swap]:    info - lib\src\swap_service.dart:57:24 - Missing a required trailing comma. Try adding a trailing comma. - require_trailing_commas
[web3_universal_swap]:    info - lib\src\swap_service.dart:102:17 - The value of the argument is redundant because it matches the default value. Try removing the argument. - avoid_redundant_argument_values
[web3_universal_swap]:    info - lib\src\swap_service.dart:195:45 - Missing a required trailing comma. Try adding a trailing comma. - require_trailing_commas
[web3_universal_swap]:    info - lib\src\swap_service.dart:217:79 - Missing a required trailing comma. Try adding a trailing comma. - require_trailing_commas
[web3_universal_swap]:    info - lib\src\swap_types.dart:43:3 - The method '==' should not be overridden in classes not annotated with '@immutable'. Try removing the override or annotating the class with '@immutable'. - avoid_equals_and_hash_code_on_mutable_classes
[web3_universal_swap]:    info - lib\src\swap_types.dart:51:3 - The method 'hashCode' should not be overridden in classes not annotated with '@immutable'. Try removing the override or annotating the class with '@immutable'. - avoid_equals_and_hash_code_on_mutable_classes
[web3_universal_swap]:    info - lib\src\token_approval.dart:3:8 - The imported package 'web3_universal_abi' isn't a dependency of the importing package. Try adding a dependency for 'web3_universal_abi' in the 'pubspec.yaml' file. - depend_on_referenced_packages
[web3_universal_swap]:    info - lib\src\token_approval.dart:44:35 - Missing a required trailing comma. Try adding a trailing comma. - require_trailing_commas
[web3_universal_swap]:    info - lib\src\token_approval.dart:143:58 - Missing a required trailing comma. Try adding a trailing comma. - require_trailing_commas
[web3_universal_swap]:    info - lib\src\token_approval.dart:237:89 - Missing a required trailing comma. Try adding a trailing comma. - require_trailing_commas
[web3_universal_swap]: 
[web3_universal_swap]: 35 issues found.
[web3_universal_solana]: 
[web3_universal_solana]:    info - example\main.dart:31:85 - Missing a required trailing comma. Try adding a trailing comma. - require_trailing_commas
[web3_universal_solana]:    info - lib\src\encoding\short_vec.dart:3:1 - Classes should define instance members. Try adding instance behavior or moving the members out of the class. - avoid_classes_with_only_static_members
[web3_universal_solana]:    info - lib\src\models\instruction.dart:9:31 - Missing a required trailing comma. Try adding a trailing comma. - require_trailing_commas
[web3_universal_solana]:    info - lib\src\models\instruction.dart:15:22 - Static method should be a constructor. Try converting the method into a constructor. - prefer_constructors_over_static_methods
[web3_universal_solana]:    info - lib\src\models\instruction.dart:17:67 - Missing a required trailing comma. Try adding a trailing comma. - require_trailing_commas
[web3_universal_solana]:    info - lib\src\models\instruction.dart:20:22 - Static method should be a constructor. Try converting the method into a constructor. - prefer_constructors_over_static_methods
[web3_universal_solana]:    info - lib\src\models\instruction.dart:22:68 - Missing a required trailing comma. Try adding a trailing comma. - require_trailing_commas
[web3_universal_solana]:    info - lib\src\models\message.dart:42:5 - Unnecessary duplication of receiver. Try using a cascade to avoid the duplication. - cascade_invocations
[web3_universal_solana]:    info - lib\src\models\message.dart:43:5 - Unnecessary duplication of receiver. Try using a cascade to avoid the duplication. - cascade_invocations
[web3_universal_solana]:    info - lib\src\models\message.dart:44:5 - Unnecessary duplication of receiver. Try using a cascade to avoid the duplication. - cascade_invocations
[web3_universal_solana]:    info - lib\src\models\message.dart:45:5 - Unnecessary duplication of receiver. Try using a cascade to avoid the duplication. - cascade_invocations
[web3_universal_solana]:    info - lib\src\models\message.dart:46:5 - Unnecessary duplication of receiver. Try using a cascade to avoid the duplication. - cascade_invocations
[web3_universal_solana]:    info - lib\src\models\message.dart:69:5 - Unnecessary duplication of receiver. Try using a cascade to avoid the duplication. - cascade_invocations
[web3_universal_solana]:    info - lib\src\models\message.dart:72:5 - Unnecessary duplication of receiver. Try using a cascade to avoid the duplication. - cascade_invocations
[web3_universal_solana]:    info - lib\src\models\message.dart:81:5 - Unnecessary duplication of receiver. Try using a cascade to avoid the duplication. - cascade_invocations
[web3_universal_solana]:    info - lib\src\models\message.dart:90:18 - Static method should be a constructor. Try converting the method into a constructor. - prefer_constructors_over_static_methods
[web3_universal_solana]:    info - lib\src\models\message.dart:106:72 - Missing a required trailing comma. Try adding a trailing comma. - require_trailing_commas
[web3_universal_solana]:    info - lib\src\models\message.dart:162:5 - Unnecessary duplication of receiver. Try using a cascade to avoid the duplication. - cascade_invocations
[web3_universal_solana]:    info - lib\src\models\message.dart:180:23 - Missing a required trailing comma. Try adding a trailing comma. - require_trailing_commas
[web3_universal_solana]:    info - lib\src\models\message.dart:183:9 - Statements in an if should be enclosed in a block. Try wrapping the statement in a block. - curly_braces_in_flow_control_structures
[web3_universal_solana]:    info - lib\src\models\public_key.dart:36:3 - The method '==' should not be overridden in classes not annotated with '@immutable'. Try removing the override or annotating the class with '@immutable'. - avoid_equals_and_hash_code_on_mutable_classes
[web3_universal_solana]:    info - lib\src\models\public_key.dart:43:3 - The method 'hashCode' should not be overridden in classes not annotated with '@immutable'. Try removing the override or annotating the class with '@immutable'. - avoid_equals_and_hash_code_on_mutable_classes
[web3_universal_solana]:    info - lib\src\models\public_key.dart:49:20 - Static method should be a constructor. Try converting the method into a constructor. - prefer_constructors_over_static_methods
[web3_universal_solana]:    info - lib\src\models\public_key.dart:50:49 - Missing a required trailing comma. Try adding a trailing comma. - require_trailing_commas
[web3_universal_solana]:    info - lib\src\models\public_key.dart:56:5 - Unnecessary duplication of receiver. Try using a cascade to avoid the duplication. - cascade_invocations
[web3_universal_solana]:    info - lib\src\models\public_key.dart:83:7 - Catch clause should use 'on' to specify the type of exception being caught. Try adding an 'on' clause before the 'catch'. - avoid_catches_without_on_clauses
[web3_universal_solana]:    info - lib\src\models\public_key.dart:90:49 - Missing a required trailing comma. Try adding a trailing comma. - require_trailing_commas
[web3_universal_solana]:    info - lib\src\models\public_key.dart:97:9 - Missing a required trailing comma. Try adding a trailing comma. - require_trailing_commas
[web3_universal_solana]:    info - lib\src\models\public_key.dart:100:9 - Catch clause should use 'on' to specify the type of exception being caught. Try adding an 'on' clause before the 'catch'. - avoid_catches_without_on_clauses
[web3_universal_solana]:    info - lib\src\models\transaction.dart:49:76 - Missing a required trailing comma. Try adding a trailing comma. - require_trailing_commas
[web3_universal_solana]:    info - lib\src\models\transaction.dart:116:5 - Unnecessary duplication of receiver. Try using a cascade to avoid the duplication. - cascade_invocations
[web3_universal_solana]:    info - lib\src\programs\address_lookup_table.dart:7:1 - Classes should define instance members. Try adding instance behavior or moving the members out of the class. - avoid_classes_with_only_static_members
[web3_universal_solana]:    info - lib\src\programs\address_lookup_table.dart:20:5 - Unnecessary duplication of receiver. Try using a cascade to avoid the duplication. - cascade_invocations
[web3_universal_solana]:    info - lib\src\programs\address_lookup_table.dart:27:5 - Unnecessary duplication of receiver. Try using a cascade to avoid the duplication. - cascade_invocations
[web3_universal_solana]:    info - lib\src\programs\address_lookup_table.dart:33:77 - Missing a required trailing comma. Try adding a trailing comma. - require_trailing_commas
[web3_universal_solana]:    info - lib\src\programs\address_lookup_table.dart:39:30 - Missing a required trailing comma. Try adding a trailing comma. - require_trailing_commas
[web3_universal_solana]:    info - lib\src\programs\address_lookup_table.dart:79:5 - Unnecessary duplication of receiver. Try using a cascade to avoid the duplication. - cascade_invocations
[web3_universal_solana]:    info - lib\src\programs\address_lookup_table.dart:99:30 - Missing a required trailing comma. Try adding a trailing comma. - require_trailing_commas
[web3_universal_solana]:    info - lib\src\programs\metaplex.dart:38:27 - Static method should be a constructor. Try converting the method into a constructor. - prefer_constructors_over_static_methods
[web3_universal_solana]:    info - lib\src\programs\metaplex.dart:96:65 - Missing a required trailing comma. Try adding a trailing comma. - require_trailing_commas
[web3_universal_solana]:    info - lib\src\programs\metaplex.dart:96:66 - Missing a required trailing comma. Try adding a trailing comma. - require_trailing_commas
[web3_universal_solana]:    info - lib\src\programs\system.dart:18:5 - Unnecessary duplication of receiver. Try using a cascade to avoid the duplication. - cascade_invocations
[web3_universal_solana]:    info - lib\src\programs\system.dart:19:5 - Unnecessary duplication of receiver. Try using a cascade to avoid the duplication. - cascade_invocations
[web3_universal_solana]:    info - lib\src\programs\token.dart:20:5 - Unnecessary duplication of receiver. Try using a cascade to avoid the duplication. - cascade_invocations
[web3_universal_solana]:    info - lib\src\programs\token.dart:21:5 - Unnecessary duplication of receiver. Try using a cascade to avoid the duplication. - cascade_invocations
[web3_universal_solana]:    info - lib\src\programs\token.dart:42:5 - Unnecessary duplication of receiver. Try using a cascade to avoid the duplication. - cascade_invocations
[web3_universal_solana]:    info - lib\src\programs\token.dart:43:5 - Unnecessary duplication of receiver. Try using a cascade to avoid the duplication. - cascade_invocations
[web3_universal_solana]:    info - lib\src\programs\token.dart:80:58 - Missing a required trailing comma. Try adding a trailing comma. - require_trailing_commas
[web3_universal_solana]:    info - lib\src\programs\token.dart:80:59 - Missing a required trailing comma. Try adding a trailing comma. - require_trailing_commas
[web3_universal_solana]:    info - lib\src\rpc\client.dart:7:1 - Sort directive sections alphabetically. Try sorting the directives. - directives_ordering
[web3_universal_solana]:    info - lib\src\rpc\client.dart:20:37 - Missing a required trailing comma. Try adding a trailing comma. - require_trailing_commas
[web3_universal_solana]:    info - lib\web3_universal_solana.dart:11:1 - Place 'package:' exports before relative exports. Try sorting the directives. - directives_ordering
[web3_universal_solana]:    info - test\address_lookup_table_test.dart:4:1 - Sort directive sections alphabetically. Try sorting the directives. - directives_ordering
[web3_universal_solana]:    info - test\address_lookup_table_test.dart:10:56 - Missing a required trailing comma. Try adding a trailing comma. - require_trailing_commas
[web3_universal_solana]:    info - test\address_lookup_table_test.dart:19:32 - Missing a required trailing comma. Try adding a trailing comma. - require_trailing_commas
[web3_universal_solana]:    info - test\basic_test.dart:5:1 - Sort directive sections alphabetically. Try sorting the directives. - directives_ordering
[web3_universal_solana]:    info - test\integration_test.dart:4:1 - Sort directive sections alphabetically. Try sorting the directives. - directives_ordering
[web3_universal_solana]:    info - test\integration_test.dart:13:16 - Method invocation or property access on a 'dynamic' target. Try giving the target a type. - avoid_dynamic_calls
[web3_universal_solana]:    info - test\integration_test.dart:21:13 - Missing a required trailing comma. Try adding a trailing comma. - require_trailing_commas
[web3_universal_solana]:    info - test\integration_test.dart:22:19 - Method invocation or property access on a 'dynamic' target. Try giving the target a type. - avoid_dynamic_calls
[web3_universal_solana]:    info - test\integration_test.dart:42:16 - Method invocation or property access on a 'dynamic' target. Try giving the target a type. - avoid_dynamic_calls
[web3_universal_solana]:    info - test\integration_test.dart:57:19 - Method invocation or property access on a 'dynamic' target. Try giving the target a type. - avoid_dynamic_calls
[web3_universal_solana]:    info - test\integration_test.dart:64:55 - Missing a required trailing comma. Try adding a trailing comma. - require_trailing_commas
[web3_universal_solana]:    info - test\metaplex_test.dart:4:1 - Sort directive sections alphabetically. Try sorting the directives. - directives_ordering
[web3_universal_solana]:    info - test\metaplex_test.dart:5:1 - Sort directive sections alphabetically. Try sorting the directives. - directives_ordering
[web3_universal_solana]:    info - test\metaplex_test.dart:19:7 - Unnecessary duplication of receiver. Try using a cascade to avoid the duplication. - cascade_invocations
[web3_universal_solana]:    info - test\metaplex_test.dart:42:7 - Unnecessary duplication of receiver. Try using a cascade to avoid the duplication. - cascade_invocations
[web3_universal_solana]:    info - test\metaplex_test.dart:49:33 - Missing a required trailing comma. Try adding a trailing comma. - require_trailing_commas
[web3_universal_solana]:    info - test\metaplex_test.dart:64:3 - Unnecessary duplication of receiver. Try using a cascade to avoid the duplication. - cascade_invocations
[web3_universal_solana]:    info - test\metaplex_test.dart:65:3 - Unnecessary duplication of receiver. Try using a cascade to avoid the duplication. - cascade_invocations
[web3_universal_solana]:    info - test\metaplex_test.dart:66:3 - Unnecessary duplication of receiver. Try using a cascade to avoid the duplication. - cascade_invocations
[web3_universal_solana]:    info - test\metaplex_test.dart:67:3 - Unnecessary duplication of receiver. Try using a cascade to avoid the duplication. - cascade_invocations
[web3_universal_solana]:    info - test\rigorous_test.dart:3:1 - Sort directive sections alphabetically. Try sorting the directives. - directives_ordering
[web3_universal_solana]:    info - test\rigorous_test.dart:53:7 - Unnecessary duplication of receiver. Try using a cascade to avoid the duplication. - cascade_invocations
[web3_universal_solana]:    info - test\rigorous_test.dart:54:7 - Unnecessary duplication of receiver. Try using a cascade to avoid the duplication. - cascade_invocations
[web3_universal_solana]:    info - test\rigorous_test.dart:98:20 - Missing a required trailing comma. Try adding a trailing comma. - require_trailing_commas
[web3_universal_solana]:    info - test\vector_test.dart:6:1 - Sort directive sections alphabetically. Try sorting the directives. - directives_ordering
[web3_universal_solana]:    info - test\vector_test.dart:56:38 - Missing a required trailing comma. Try adding a trailing comma. - require_trailing_commas
[web3_universal_solana]:    info - test\vector_test.dart:60:46 - Missing a required trailing comma. Try adding a trailing comma. - require_trailing_commas
[web3_universal_solana]:    info - test\vector_test.dart:68:59 - Missing a required trailing comma. Try adding a trailing comma. - require_trailing_commas
[web3_universal_solana]: 
[web3_universal_solana]: 80 issues found.
[web3_universal_contract]: 
[web3_universal_contract]:    info - example\main.dart:14:7 - Missing a required trailing comma. Try adding a trailing comma. - require_trailing_commas
[web3_universal_contract]:    info - example\main.dart:18:7 - Missing a required trailing comma. Try adding a trailing comma. - require_trailing_commas
[web3_universal_contract]:    info - lib\src\erc1155_contract.dart:146:46 - Missing a required trailing comma. Try adding a trailing comma. - require_trailing_commas
[web3_universal_contract]:    info - lib\src\erc1155_contract.dart:158:53 - 'bool' parameters should be named parameters. Try converting the parameter to a named parameter. - avoid_positional_boolean_parameters
[web3_universal_contract]:    info - lib\src\erc721_contract.dart:201:53 - 'bool' parameters should be named parameters. Try converting the parameter to a named parameter. - avoid_positional_boolean_parameters
[web3_universal_contract]:    info - lib\src\erc721_contract.dart:212:20 - Missing a required trailing comma. Try adding a trailing comma. - require_trailing_commas
[web3_universal_contract]:    info - lib\src\erc721_contract.dart:236:56 - Missing a required trailing comma. Try adding a trailing comma. - require_trailing_commas
[web3_universal_contract]:    info - test\contract_test.dart:94:77 - Missing a required trailing comma. Try adding a trailing comma. - require_trailing_commas
[web3_universal_contract]:    info - test\contract_test.dart:99:36 - Missing a required trailing comma. Try adding a trailing comma. - require_trailing_commas
[web3_universal_contract]:    info - test\contract_test.dart:127:77 - Missing a required trailing comma. Try adding a trailing comma. - require_trailing_commas
[web3_universal_contract]:    info - test\contract_test.dart:140:9 - Unnecessary duplication of receiver. Try using a cascade to avoid the duplication. - cascade_invocations
[web3_universal_contract]:    info - test\contract_test.dart:144:77 - Missing a required trailing comma. Try adding a trailing comma. - require_trailing_commas
[web3_universal_contract]:    info - test\contract_test.dart:161:77 - Missing a required trailing comma. Try adding a trailing comma. - require_trailing_commas
[web3_universal_contract]:    info - test\contract_test.dart:192:74 - Missing a required trailing comma. Try adding a trailing comma. - require_trailing_commas
[web3_universal_contract]:    info - test\contract_test.dart:246:39 - Missing a required trailing comma. Try adding a trailing comma. - require_trailing_commas
[web3_universal_contract]:    info - test\erc20_contract_test.dart:100:57 - Missing a required trailing comma. Try adding a trailing comma. - require_trailing_commas
[web3_universal_contract]:    info - test\erc20_contract_test.dart:115:76 - Missing a required trailing comma. Try adding a trailing comma. - require_trailing_commas
[web3_universal_contract]:    info - test\erc20_contract_test.dart:120:36 - Missing a required trailing comma. Try adding a trailing comma. - require_trailing_commas
[web3_universal_contract]:    info - test\erc20_contract_test.dart:130:76 - Missing a required trailing comma. Try adding a trailing comma. - require_trailing_commas
[web3_universal_contract]:    info - test\erc20_contract_test.dart:145:30 - Missing a required trailing comma. Try adding a trailing comma. - require_trailing_commas
[web3_universal_contract]:    info - test\erc20_contract_test.dart:157:61 - Missing a required trailing comma. Try adding a trailing comma. - require_trailing_commas
[web3_universal_contract]:    info - test\erc20_contract_test.dart:168:66 - Missing a required trailing comma. Try adding a trailing comma. - require_trailing_commas
[web3_universal_contract]:    info - test\mock_client.dart:41:8 - The method is used to change a property. Try converting the method to a setter. - use_setters_to_change_properties
[web3_universal_contract]:    info - test\mock_client.dart:80:8 - The method is used to change a property. Try converting the method to a setter. - use_setters_to_change_properties
[web3_universal_contract]:    info - test\mock_client.dart:117:27 - Missing a required trailing comma. Try adding a trailing comma. - require_trailing_commas
[web3_universal_contract]:    info - test\mock_client.dart:123:27 - Missing a required trailing comma. Try adding a trailing comma. - require_trailing_commas
[web3_universal_contract]:    info - test\mock_client.dart:144:31 - Missing a required trailing comma. Try adding a trailing comma. - require_trailing_commas
[web3_universal_contract]:    info - test\mock_client.dart:150:31 - Missing a required trailing comma. Try adding a trailing comma. - require_trailing_commas
[web3_universal_contract]:    info - test\mock_client.dart:161:34 - Missing a required trailing comma. Try adding a trailing comma. - require_trailing_commas
[web3_universal_contract]:    info - test\mock_client.dart:190:42 - Missing a required trailing comma. Try adding a trailing comma. - require_trailing_commas
[web3_universal_contract]:    info - test\mock_client.dart:196:32 - Missing a required trailing comma. Try adding a trailing comma. - require_trailing_commas
[web3_universal_contract]: 
[web3_universal_contract]: 31 issues found.
[web3_universal_compat]: 
[web3_universal_compat]:    info - lib\dart_web3_compat.dart:18:1 - Sort directive sections alphabetically. Try sorting the directives. - directives_ordering
[web3_universal_compat]:    info - lib\dart_web3_compat.dart:19:5 - Sort combinator names alphabetically. Try sorting the combinator names alphabetically. - combinators_ordering
[web3_universal_compat]:    info - lib\dart_web3_compat.dart:20:1 - Sort directive sections alphabetically. Try sorting the directives. - directives_ordering
[web3_universal_compat]:    info - lib\dart_web3_compat.dart:22:1 - Sort directive sections alphabetically. Try sorting the directives. - directives_ordering
[web3_universal_compat]:    info - lib\dart_web3_compat.dart:23:5 - Sort combinator names alphabetically. Try sorting the combinator names alphabetically. - combinators_ordering
[web3_universal_compat]:    info - lib\dart_web3_compat.dart:32:5 - Sort combinator names alphabetically. Try sorting the combinator names alphabetically. - combinators_ordering
[web3_universal_compat]:    info - lib\dart_web3_compat.dart:33:1 - Sort directive sections alphabetically. Try sorting the directives. - directives_ordering
[web3_universal_compat]:    info - lib\dart_web3_compat.dart:37:1 - Sort directive sections alphabetically. Try sorting the directives. - directives_ordering
[web3_universal_compat]:    info - lib\dart_web3_compat.dart:38:5 - Sort combinator names alphabetically. Try sorting the combinator names alphabetically. - combinators_ordering
[web3_universal_compat]:    info - lib\dart_web3_compat.dart:64:1 - Classes should define instance members. Try adding instance behavior or moving the members out of the class. - avoid_classes_with_only_static_members
[web3_universal_compat]:    info - lib\dart_web3_compat.dart:95:5 - Unnecessary type annotation on a local variable. Try removing the type annotation. - omit_local_variable_types
[web3_universal_compat]:    info - lib\dart_web3_compat.dart:107:5 - Unnecessary type annotation on a local variable. Try removing the type annotation. - omit_local_variable_types
[web3_universal_compat]:    info - lib\dart_web3_compat.dart:119:1 - Classes should define instance members. Try adding instance behavior or moving the members out of the class. - avoid_classes_with_only_static_members
[web3_universal_compat]:    info - lib\dart_web3_compat.dart:137:7 - Catch clause should use 'on' to specify the type of exception being caught. Try adding an 'on' clause before the 'catch'. - avoid_catches_without_on_clauses
[web3_universal_compat]:    info - lib\dart_web3_compat.dart:149:37 - Closure should be a tearoff. Try using a tearoff rather than a closure. - unnecessary_lambdas
[web3_universal_compat]:    info - lib\dart_web3_compat.dart:152:1 - Classes should define instance members. Try adding instance behavior or moving the members out of the class. - avoid_classes_with_only_static_members
[web3_universal_compat]:    info - lib\dart_web3_compat.dart:193:3 - Unnecessary duplication of receiver. Try using a cascade to avoid the duplication. - cascade_invocations
[web3_universal_compat]:    info - lib\dart_web3_compat.dart:230:3 - Constructor declarations should be before non-constructor declarations. Try moving the constructor declaration before all other members. - sort_constructors_first
[web3_universal_compat]:    info - lib\dart_web3_compat.dart:238:3 - Constructor declarations should be before non-constructor declarations. Try moving the constructor declaration before all other members. - sort_constructors_first
[web3_universal_compat]:    info - lib\dart_web3_compat.dart:241:11 - Constructor declarations should be before non-constructor declarations. Try moving the constructor declaration before all other members. - sort_constructors_first
[web3_universal_compat]:    info - lib\dart_web3_compat.dart:287:3 - Constructor declarations should be before non-constructor declarations. Try moving the constructor declaration before all other members. - sort_constructors_first
[web3_universal_compat]:    info - lib\dart_web3_compat.dart:289:11 - Constructor declarations should be before non-constructor declarations. Try moving the constructor declaration before all other members. - sort_constructors_first
[web3_universal_compat]:    info - lib\dart_web3_compat.dart:312:3 - Constructor declarations should be before non-constructor declarations. Try moving the constructor declaration before all other members. - sort_constructors_first
[web3_universal_compat]:    info - lib\dart_web3_compat.dart:313:11 - Constructor declarations should be before non-constructor declarations. Try moving the constructor declaration before all other members. - sort_constructors_first
[web3_universal_compat]:    info - lib\dart_web3_compat.dart:319:11 - Constructor declarations should be before non-constructor declarations. Try moving the constructor declaration before all other members. - sort_constructors_first
[web3_universal_compat]:    info - lib\dart_web3_compat.dart:321:11 - Constructor declarations should be before non-constructor declarations. Try moving the constructor declaration before all other members. - sort_constructors_first
[web3_universal_compat]:    info - lib\dart_web3_compat.dart:332:22 - Static method should be a constructor. Try converting the method into a constructor. - prefer_constructors_over_static_methods
[web3_universal_compat]:    info - lib\dart_web3_compat.dart:370:3 - Constructor declarations should be before non-constructor declarations. Try moving the constructor declaration before all other members. - sort_constructors_first
[web3_universal_compat]:    info - lib\dart_web3_compat.dart:372:5 - The parameter 'httpClient' is not used in the constructor. Try using the parameter or removing it. - avoid_unused_constructor_parameters
[web3_universal_compat]:    info - lib\dart_web3_compat.dart:409:31 - Required named parameters should be before optional named parameters. Try moving the required named parameter to be before any optional named parameters. - always_put_required_named_parameters_first
[web3_universal_compat]:    info - lib\dart_web3_compat.dart:410:31 - Required named parameters should be before optional named parameters. Try moving the required named parameter to be before any optional named parameters. - always_put_required_named_parameters_first
[web3_universal_compat]:    info - lib\dart_web3_compat.dart:411:28 - Required named parameters should be before optional named parameters. Try moving the required named parameter to be before any optional named parameters. - always_put_required_named_parameters_first
[web3_universal_compat]:    info - lib\dart_web3_compat.dart:445:25 - Missing a required trailing comma. Try adding a trailing comma. - require_trailing_commas
[web3_universal_compat]:    info - lib\dart_web3_compat.dart:484:12 - Unnecessary 'await'. Try removing the 'await'. - unnecessary_await_in_return
[web3_universal_compat]:    info - lib\dart_web3_compat.dart:490:7 - Catch clause should use 'on' to specify the type of exception being caught. Try adding an 'on' clause before the 'catch'. - avoid_catches_without_on_clauses
[web3_universal_compat]:    info - lib\dart_web3_compat.dart:497:21 - Closure should be a tearoff. Try using a tearoff rather than a closure. - unnecessary_lambdas
[web3_universal_compat]:    info - lib\dart_web3_compat.dart:514:3 - Constructor declarations should be before non-constructor declarations. Try moving the constructor declaration before all other members. - sort_constructors_first
[web3_universal_compat]:    info - lib\dart_web3_compat.dart:531:3 - Constructor declarations should be before non-constructor declarations. Try moving the constructor declaration before all other members. - sort_constructors_first
[web3_universal_compat]:    info - lib\dart_web3_compat.dart:533:11 - Constructor declarations should be before non-constructor declarations. Try moving the constructor declaration before all other members. - sort_constructors_first
[web3_universal_compat]:    info - lib\dart_web3_compat.dart:538:13 - Closure should be a tearoff. Try using a tearoff rather than a closure. - unnecessary_lambdas
[web3_universal_compat]:    info - lib\dart_web3_compat.dart:539:47 - Closure should be a tearoff. Try using a tearoff rather than a closure. - unnecessary_lambdas
[web3_universal_compat]:    info - lib\dart_web3_compat.dart:547:3 - Constructor declarations should be before non-constructor declarations. Try moving the constructor declaration before all other members. - sort_constructors_first
[web3_universal_compat]:    info - lib\dart_web3_compat.dart:568:9 - Constructor declarations should be before non-constructor declarations. Try moving the constructor declaration before all other members. - sort_constructors_first
[web3_universal_compat]:    info - lib\dart_web3_compat.dart:575:3 - Constructor declarations should be before non-constructor declarations. Try moving the constructor declaration before all other members. - sort_constructors_first
[web3_universal_compat]:    info - lib\dart_web3_compat.dart:595:3 - Constructor declarations should be before non-constructor declarations. Try moving the constructor declaration before all other members. - sort_constructors_first
[web3_universal_compat]:    info - lib\dart_web3_compat.dart:619:9 - Constructor declarations should be before non-constructor declarations. Try moving the constructor declaration before all other members. - sort_constructors_first
[web3_universal_compat]:    info - lib\dart_web3_compat.dart:622:9 - Constructor declarations should be before non-constructor declarations. Try moving the constructor declaration before all other members. - sort_constructors_first
[web3_universal_compat]:    info - lib\dart_web3_compat.dart:623:9 - Constructor declarations should be before non-constructor declarations. Try moving the constructor declaration before all other members. - sort_constructors_first
[web3_universal_compat]:    info - lib\dart_web3_compat.dart:626:9 - Constructor declarations should be before non-constructor declarations. Try moving the constructor declaration before all other members. - sort_constructors_first
[web3_universal_compat]:    info - lib\dart_web3_compat.dart:647:3 - Constructor declarations should be before non-constructor declarations. Try moving the constructor declaration before all other members. - sort_constructors_first
[web3_universal_compat]:    info - lib\dart_web3_compat.dart:685:11 - Constructor declarations should be before non-constructor declarations. Try moving the constructor declaration before all other members. - sort_constructors_first
[web3_universal_compat]:    info - lib\dart_web3_compat.dart:713:3 - Constructor declarations should be before non-constructor declarations. Try moving the constructor declaration before all other members. - sort_constructors_first
[web3_universal_compat]:    info - test\compat_test.dart:3:1 - Place 'dart:' imports before other imports. Try sorting the directives. - directives_ordering
[web3_universal_compat]:    info - test\compat_test.dart:60:79 - Missing a required trailing comma. Try adding a trailing comma. - require_trailing_commas
[web3_universal_compat]:    info - test\compat_test.dart:63:55 - Missing a required trailing comma. Try adding a trailing comma. - require_trailing_commas
[web3_universal_compat]:    info - test\compat_wallet_test.dart:2:1 - Sort directive sections alphabetically. Try sorting the directives. - directives_ordering
[web3_universal_compat]:    info - test\compat_wallet_test.dart:3:1 - Place 'dart:' imports before other imports. Try sorting the directives. - directives_ordering
[web3_universal_compat]:    info - test\compat_wallet_test.dart:4:1 - Place 'dart:' imports before other imports. Try sorting the directives. - directives_ordering
[web3_universal_compat]:    info - test\compat_wallet_test.dart:25:27 - Missing a required trailing comma. Try adding a trailing comma. - require_trailing_commas
[web3_universal_compat]:    info - test\compat_wallet_test.dart:35:19 - Missing a required trailing comma. Try adding a trailing comma. - require_trailing_commas
[web3_universal_compat]:    info - test\compat_wallet_test.dart:41:77 - Missing a required trailing comma. Try adding a trailing comma. - require_trailing_commas
[web3_universal_compat]: 
[web3_universal_compat]: 61 issues found.
--------------------------------------------------------------------------------

$ melos exec
  └> dart analyze
     └> FAILED (in 1 packages)
        └> web3_universal_client (with exit code 2)

melos run analyze
  └> melos exec -- dart analyze
     └> FAILED
ScriptException: The script analyze failed to execute.
