build	UNKNOWN STEP	ï»¿2026-01-03T19:30:31.4072669Z Current runner version: '2.330.0'
build	UNKNOWN STEP	2026-01-03T19:30:31.4097467Z ##[group]Runner Image Provisioner
build	UNKNOWN STEP	2026-01-03T19:30:31.4098335Z Hosted Compute Agent
build	UNKNOWN STEP	2026-01-03T19:30:31.4098906Z Version: 20251211.462
build	UNKNOWN STEP	2026-01-03T19:30:31.4099473Z Commit: 6cbad8c2bb55d58165063d031ccabf57e2d2db61
build	UNKNOWN STEP	2026-01-03T19:30:31.4100220Z Build Date: 2025-12-11T16:28:49Z
build	UNKNOWN STEP	2026-01-03T19:30:31.4100831Z Worker ID: {2975482c-24a8-4ce0-bb39-c3232acc7d7c}
build	UNKNOWN STEP	2026-01-03T19:30:31.4101768Z ##[endgroup]
build	UNKNOWN STEP	2026-01-03T19:30:31.4102852Z ##[group]Operating System
build	UNKNOWN STEP	2026-01-03T19:30:31.4103738Z Ubuntu
build	UNKNOWN STEP	2026-01-03T19:30:31.4104386Z 24.04.3
build	UNKNOWN STEP	2026-01-03T19:30:31.4105112Z LTS
build	UNKNOWN STEP	2026-01-03T19:30:31.4105773Z ##[endgroup]
build	UNKNOWN STEP	2026-01-03T19:30:31.4106318Z ##[group]Runner Image
build	UNKNOWN STEP	2026-01-03T19:30:31.4106917Z Image: ubuntu-24.04
build	UNKNOWN STEP	2026-01-03T19:30:31.4107404Z Version: 20251215.174.1
build	UNKNOWN STEP	2026-01-03T19:30:31.4108410Z Included Software: https://github.com/actions/runner-images/blob/ubuntu24/20251215.174/images/ubuntu/Ubuntu2404-Readme.md
build	UNKNOWN STEP	2026-01-03T19:30:31.4109983Z Image Release: https://github.com/actions/runner-images/releases/tag/ubuntu24%2F20251215.174
build	UNKNOWN STEP	2026-01-03T19:30:31.4110969Z ##[endgroup]
build	UNKNOWN STEP	2026-01-03T19:30:31.4112450Z ##[group]GITHUB_TOKEN Permissions
build	UNKNOWN STEP	2026-01-03T19:30:31.4114578Z Contents: read
build	UNKNOWN STEP	2026-01-03T19:30:31.4115105Z Metadata: read
build	UNKNOWN STEP	2026-01-03T19:30:31.4115679Z Packages: read
build	UNKNOWN STEP	2026-01-03T19:30:31.4116169Z ##[endgroup]
build	UNKNOWN STEP	2026-01-03T19:30:31.4118160Z Secret source: Actions
build	UNKNOWN STEP	2026-01-03T19:30:31.4118972Z Prepare workflow directory
build	UNKNOWN STEP	2026-01-03T19:30:31.4448878Z Prepare all required actions
build	UNKNOWN STEP	2026-01-03T19:30:31.4488199Z Getting action download info
build	UNKNOWN STEP	2026-01-03T19:30:31.8015938Z Download action repository 'actions/checkout@v4' (SHA:34e114876b0b11c390a56381ad16ebd13914f8d5)
build	UNKNOWN STEP	2026-01-03T19:30:31.9013159Z Download action repository 'subosito/flutter-action@v2' (SHA:fd55f4c5af5b953cc57a2be44cb082c8f6635e8e)
build	UNKNOWN STEP	2026-01-03T19:30:32.2989564Z Getting action download info
build	UNKNOWN STEP	2026-01-03T19:30:32.4338171Z Download action repository 'actions/cache@v4' (SHA:0057852bfaa89a56745cba8c7296529d2fc39830)
build	UNKNOWN STEP	2026-01-03T19:30:32.5905017Z Complete job name: build
build	UNKNOWN STEP	2026-01-03T19:30:32.6718034Z ##[group]Run actions/checkout@v4
build	UNKNOWN STEP	2026-01-03T19:30:32.6719284Z with:
build	UNKNOWN STEP	2026-01-03T19:30:32.6719976Z   repository: ImL1s/dart_web3
build	UNKNOWN STEP	2026-01-03T19:30:32.6721114Z   token: ***
build	UNKNOWN STEP	2026-01-03T19:30:32.6721798Z   ssh-strict: true
build	UNKNOWN STEP	2026-01-03T19:30:32.6722692Z   ssh-user: git
build	UNKNOWN STEP	2026-01-03T19:30:32.6723428Z   persist-credentials: true
build	UNKNOWN STEP	2026-01-03T19:30:32.6724234Z   clean: true
build	UNKNOWN STEP	2026-01-03T19:30:32.6724946Z   sparse-checkout-cone-mode: true
build	UNKNOWN STEP	2026-01-03T19:30:32.6725812Z   fetch-depth: 1
build	UNKNOWN STEP	2026-01-03T19:30:32.6726484Z   fetch-tags: false
build	UNKNOWN STEP	2026-01-03T19:30:32.6727199Z   show-progress: true
build	UNKNOWN STEP	2026-01-03T19:30:32.6727894Z   lfs: false
build	UNKNOWN STEP	2026-01-03T19:30:32.6728565Z   submodules: false
build	UNKNOWN STEP	2026-01-03T19:30:32.6729295Z   set-safe-directory: true
build	UNKNOWN STEP	2026-01-03T19:30:32.6730348Z ##[endgroup]
build	UNKNOWN STEP	2026-01-03T19:30:32.7886901Z Syncing repository: ImL1s/dart_web3
build	UNKNOWN STEP	2026-01-03T19:30:32.7889850Z ##[group]Getting Git version info
build	UNKNOWN STEP	2026-01-03T19:30:32.7891248Z Working directory is '/home/runner/work/dart_web3/dart_web3'
build	UNKNOWN STEP	2026-01-03T19:30:32.7893396Z [command]/usr/bin/git version
build	UNKNOWN STEP	2026-01-03T19:30:32.7933104Z git version 2.52.0
build	UNKNOWN STEP	2026-01-03T19:30:32.7961270Z ##[endgroup]
build	UNKNOWN STEP	2026-01-03T19:30:32.7978110Z Temporarily overriding HOME='/home/runner/work/_temp/b41193c9-918b-42e4-991e-497b7a987f33' before making global git config changes
build	UNKNOWN STEP	2026-01-03T19:30:32.7982721Z Adding repository directory to the temporary git global config as a safe directory
build	UNKNOWN STEP	2026-01-03T19:30:32.7992407Z [command]/usr/bin/git config --global --add safe.directory /home/runner/work/dart_web3/dart_web3
build	UNKNOWN STEP	2026-01-03T19:30:32.8032285Z Deleting the contents of '/home/runner/work/dart_web3/dart_web3'
build	UNKNOWN STEP	2026-01-03T19:30:32.8036159Z ##[group]Initializing the repository
build	UNKNOWN STEP	2026-01-03T19:30:32.8041210Z [command]/usr/bin/git init /home/runner/work/dart_web3/dart_web3
build	UNKNOWN STEP	2026-01-03T19:30:32.8162035Z hint: Using 'master' as the name for the initial branch. This default branch name
build	UNKNOWN STEP	2026-01-03T19:30:32.8164497Z hint: will change to "main" in Git 3.0. To configure the initial branch name
build	UNKNOWN STEP	2026-01-03T19:30:32.8167298Z hint: to use in all of your new repositories, which will suppress this warning,
build	UNKNOWN STEP	2026-01-03T19:30:32.8169670Z hint: call:
build	UNKNOWN STEP	2026-01-03T19:30:32.8170827Z hint:
build	UNKNOWN STEP	2026-01-03T19:30:32.8172740Z hint: 	git config --global init.defaultBranch <name>
build	UNKNOWN STEP	2026-01-03T19:30:32.8174541Z hint:
build	UNKNOWN STEP	2026-01-03T19:30:32.8176255Z hint: Names commonly chosen instead of 'master' are 'main', 'trunk' and
build	UNKNOWN STEP	2026-01-03T19:30:32.8179250Z hint: 'development'. The just-created branch can be renamed via this command:
build	UNKNOWN STEP	2026-01-03T19:30:32.8181530Z hint:
build	UNKNOWN STEP	2026-01-03T19:30:32.8182874Z hint: 	git branch -m <name>
build	UNKNOWN STEP	2026-01-03T19:30:32.8184215Z hint:
build	UNKNOWN STEP	2026-01-03T19:30:32.8185873Z hint: Disable this message with "git config set advice.defaultBranchName false"
build	UNKNOWN STEP	2026-01-03T19:30:32.8187753Z Initialized empty Git repository in /home/runner/work/dart_web3/dart_web3/.git/
build	UNKNOWN STEP	2026-01-03T19:30:32.8190742Z [command]/usr/bin/git remote add origin https://github.com/ImL1s/dart_web3
build	UNKNOWN STEP	2026-01-03T19:30:32.8215112Z ##[endgroup]
build	UNKNOWN STEP	2026-01-03T19:30:32.8217375Z ##[group]Disabling automatic garbage collection
build	UNKNOWN STEP	2026-01-03T19:30:32.8219470Z [command]/usr/bin/git config --local gc.auto 0
build	UNKNOWN STEP	2026-01-03T19:30:32.8249987Z ##[endgroup]
build	UNKNOWN STEP	2026-01-03T19:30:32.8252277Z ##[group]Setting up auth
build	UNKNOWN STEP	2026-01-03T19:30:32.8257678Z [command]/usr/bin/git config --local --name-only --get-regexp core\.sshCommand
build	UNKNOWN STEP	2026-01-03T19:30:32.8290411Z [command]/usr/bin/git submodule foreach --recursive sh -c "git config --local --name-only --get-regexp 'core\.sshCommand' && git config --local --unset-all 'core.sshCommand' || :"
build	UNKNOWN STEP	2026-01-03T19:30:32.8627177Z [command]/usr/bin/git config --local --name-only --get-regexp http\.https\:\/\/github\.com\/\.extraheader
build	UNKNOWN STEP	2026-01-03T19:30:32.8656732Z [command]/usr/bin/git submodule foreach --recursive sh -c "git config --local --name-only --get-regexp 'http\.https\:\/\/github\.com\/\.extraheader' && git config --local --unset-all 'http.https://github.com/.extraheader' || :"
build	UNKNOWN STEP	2026-01-03T19:30:32.8881798Z [command]/usr/bin/git config --local --name-only --get-regexp ^includeIf\.gitdir:
build	UNKNOWN STEP	2026-01-03T19:30:32.8912135Z [command]/usr/bin/git submodule foreach --recursive git config --local --show-origin --name-only --get-regexp remote.origin.url
build	UNKNOWN STEP	2026-01-03T19:30:32.9182047Z [command]/usr/bin/git config --local http.https://github.com/.extraheader AUTHORIZATION: basic ***
build	UNKNOWN STEP	2026-01-03T19:30:32.9215103Z ##[endgroup]
build	UNKNOWN STEP	2026-01-03T19:30:32.9217374Z ##[group]Fetching the repository
build	UNKNOWN STEP	2026-01-03T19:30:32.9226796Z [command]/usr/bin/git -c protocol.version=2 fetch --no-tags --prune --no-recurse-submodules --depth=1 origin +f9996eea8d57061d96b5a4f399c3762014ac6976:refs/remotes/origin/master
build	UNKNOWN STEP	2026-01-03T19:30:33.3436780Z From https://github.com/ImL1s/dart_web3
build	UNKNOWN STEP	2026-01-03T19:30:33.3440262Z  * [new ref]         f9996eea8d57061d96b5a4f399c3762014ac6976 -> origin/master
build	UNKNOWN STEP	2026-01-03T19:30:33.3474017Z ##[endgroup]
build	UNKNOWN STEP	2026-01-03T19:30:33.3475046Z ##[group]Determining the checkout info
build	UNKNOWN STEP	2026-01-03T19:30:33.3476049Z ##[endgroup]
build	UNKNOWN STEP	2026-01-03T19:30:33.3482193Z [command]/usr/bin/git sparse-checkout disable
build	UNKNOWN STEP	2026-01-03T19:30:33.3532438Z [command]/usr/bin/git config --local --unset-all extensions.worktreeConfig
build	UNKNOWN STEP	2026-01-03T19:30:33.3558931Z ##[group]Checking out the ref
build	UNKNOWN STEP	2026-01-03T19:30:33.3563081Z [command]/usr/bin/git checkout --progress --force -B master refs/remotes/origin/master
build	UNKNOWN STEP	2026-01-03T19:30:33.4068812Z Reset branch 'master'
build	UNKNOWN STEP	2026-01-03T19:30:33.4070431Z branch 'master' set up to track 'origin/master'.
build	UNKNOWN STEP	2026-01-03T19:30:33.4084104Z ##[endgroup]
build	UNKNOWN STEP	2026-01-03T19:30:33.4131060Z [command]/usr/bin/git log -1 --format=%H
build	UNKNOWN STEP	2026-01-03T19:30:33.4157088Z f9996eea8d57061d96b5a4f399c3762014ac6976
build	UNKNOWN STEP	2026-01-03T19:30:33.4670397Z ##[group]Run subosito/flutter-action@v2
build	UNKNOWN STEP	2026-01-03T19:30:33.4671253Z with:
build	UNKNOWN STEP	2026-01-03T19:30:33.4671755Z   channel: stable
build	UNKNOWN STEP	2026-01-03T19:30:33.4672694Z   architecture: X64
build	UNKNOWN STEP	2026-01-03T19:30:33.4673292Z   cache: false
build	UNKNOWN STEP	2026-01-03T19:30:33.4673827Z   pub-cache-path: default
build	UNKNOWN STEP	2026-01-03T19:30:33.4674403Z   dry-run: false
build	UNKNOWN STEP	2026-01-03T19:30:33.4675102Z   git-source: https://github.com/flutter/flutter.git
build	UNKNOWN STEP	2026-01-03T19:30:33.4676132Z ##[endgroup]
build	UNKNOWN STEP	2026-01-03T19:30:33.4823033Z ##[group]Run chmod +x "$GITHUB_ACTION_PATH/setup.sh"
build	UNKNOWN STEP	2026-01-03T19:30:33.4823652Z [36;1mchmod +x "$GITHUB_ACTION_PATH/setup.sh"[0m
build	UNKNOWN STEP	2026-01-03T19:30:33.4863988Z shell: /usr/bin/bash --noprofile --norc -e -o pipefail {0}
build	UNKNOWN STEP	2026-01-03T19:30:33.4864464Z ##[endgroup]
build	UNKNOWN STEP	2026-01-03T19:30:33.5104992Z ##[group]Run $GITHUB_ACTION_PATH/setup.sh -p \
build	UNKNOWN STEP	2026-01-03T19:30:33.5105509Z [36;1m$GITHUB_ACTION_PATH/setup.sh -p \[0m
build	UNKNOWN STEP	2026-01-03T19:30:33.5105900Z [36;1m  -n '' \[0m
build	UNKNOWN STEP	2026-01-03T19:30:33.5106205Z [36;1m  -f '' \[0m
build	UNKNOWN STEP	2026-01-03T19:30:33.5106551Z [36;1m  -a 'X64' \[0m
build	UNKNOWN STEP	2026-01-03T19:30:33.5106859Z [36;1m  -k '' \[0m
build	UNKNOWN STEP	2026-01-03T19:30:33.5107162Z [36;1m  -c '' \[0m
build	UNKNOWN STEP	2026-01-03T19:30:33.5107454Z [36;1m  -l '' \[0m
build	UNKNOWN STEP	2026-01-03T19:30:33.5107759Z [36;1m  -d 'default' \[0m
build	UNKNOWN STEP	2026-01-03T19:30:33.5108177Z [36;1m  -g 'https://github.com/flutter/flutter.git' \[0m
build	UNKNOWN STEP	2026-01-03T19:30:33.5108598Z [36;1m  stable[0m
build	UNKNOWN STEP	2026-01-03T19:30:33.5149204Z shell: /usr/bin/bash --noprofile --norc -e -o pipefail {0}
build	UNKNOWN STEP	2026-01-03T19:30:33.5149683Z ##[endgroup]
build	UNKNOWN STEP	2026-01-03T19:30:33.8158705Z ##[group]Run $GITHUB_ACTION_PATH/setup.sh \
build	UNKNOWN STEP	2026-01-03T19:30:33.8159153Z [36;1m$GITHUB_ACTION_PATH/setup.sh \[0m
build	UNKNOWN STEP	2026-01-03T19:30:33.8159524Z [36;1m  -n '3.38.5' \[0m
build	UNKNOWN STEP	2026-01-03T19:30:33.8159853Z [36;1m  -a 'x64' \[0m
build	UNKNOWN STEP	2026-01-03T19:30:33.8160260Z [36;1m  -c '/opt/hostedtoolcache/flutter/stable-3.38.5-x64' \[0m
build	UNKNOWN STEP	2026-01-03T19:30:33.8160727Z [36;1m  -d '/home/runner/.pub-cache' \[0m
build	UNKNOWN STEP	2026-01-03T19:30:33.8161091Z [36;1m  stable[0m
build	UNKNOWN STEP	2026-01-03T19:30:33.8196357Z shell: /usr/bin/bash --noprofile --norc -e -o pipefail {0}
build	UNKNOWN STEP	2026-01-03T19:30:33.8196817Z ##[endgroup]
build	UNKNOWN STEP	2026-01-03T19:30:33.9845026Z   % Total    % Received % Xferd  Average Speed   Time    Time     Time  Current
build	UNKNOWN STEP	2026-01-03T19:30:33.9846721Z                                  Dload  Upload   Total   Spent    Left  Speed
build	UNKNOWN STEP	2026-01-03T19:30:33.9848604Z 
build	UNKNOWN STEP	2026-01-03T19:30:34.4898669Z   0     0    0     0    0     0      0      0 --:--:-- --:--:-- --:--:--     0
build	UNKNOWN STEP	2026-01-03T19:30:35.4894546Z   2 1396M    2 39.6M    0     0  78.3M      0  0:00:17 --:--:--  0:00:17 78.2M
build	UNKNOWN STEP	2026-01-03T19:30:36.4899582Z  13 1396M   13  185M    0     0   123M      0  0:00:11  0:00:01  0:00:10  123M
build	UNKNOWN STEP	2026-01-03T19:30:37.4891754Z  23 1396M   23  323M    0     0   128M      0  0:00:10  0:00:02  0:00:08  128M
build	UNKNOWN STEP	2026-01-03T19:30:38.4928495Z  33 1396M   33  463M    0     0   132M      0  0:00:10  0:00:03  0:00:07  132M
build	UNKNOWN STEP	2026-01-03T19:30:39.4966816Z  41 1396M   41  586M    0     0   130M      0  0:00:10  0:00:04  0:00:06  130M
build	UNKNOWN STEP	2026-01-03T19:30:40.4888889Z  50 1396M   50  702M    0     0   127M      0  0:00:10  0:00:05  0:00:05  132M
build	UNKNOWN STEP	2026-01-03T19:30:41.4888887Z  57 1396M   57  804M    0     0   123M      0  0:00:11  0:00:06  0:00:05  123M
build	UNKNOWN STEP	2026-01-03T19:30:42.4889921Z  65 1396M   65  914M    0     0   121M      0  0:00:11  0:00:07  0:00:04  118M
build	UNKNOWN STEP	2026-01-03T19:30:43.4890474Z  75 1396M   75 1048M    0     0   123M      0  0:00:11  0:00:08  0:00:03  116M
build	UNKNOWN STEP	2026-01-03T19:30:44.4890414Z  85 1396M   85 1193M    0     0   125M      0  0:00:11  0:00:09  0:00:02  121M
build	UNKNOWN STEP	2026-01-03T19:30:44.9142174Z  96 1396M   96 1342M    0     0   127M      0  0:00:10  0:00:10 --:--:--  128M
build	UNKNOWN STEP	2026-01-03T19:30:44.9147487Z 100 1396M  100 1396M    0     0   127M      0  0:00:10  0:00:10 --:--:--  133M
build	UNKNOWN STEP	2026-01-03T19:31:34.6380861Z ##[group]Run dart pub global activate melos
build	UNKNOWN STEP	2026-01-03T19:31:34.6381221Z [36;1mdart pub global activate melos[0m
build	UNKNOWN STEP	2026-01-03T19:31:34.6416457Z shell: /usr/bin/bash -e {0}
build	UNKNOWN STEP	2026-01-03T19:31:34.6416706Z env:
build	UNKNOWN STEP	2026-01-03T19:31:34.6416972Z   FLUTTER_ROOT: /opt/hostedtoolcache/flutter/stable-3.38.5-x64
build	UNKNOWN STEP	2026-01-03T19:31:34.6417299Z   PUB_CACHE: /home/runner/.pub-cache
build	UNKNOWN STEP	2026-01-03T19:31:34.6417546Z ##[endgroup]
build	UNKNOWN STEP	2026-01-03T19:31:34.6630957Z Resolving dependencies...
build	UNKNOWN STEP	2026-01-03T19:31:34.9061591Z Downloading packages...
build	UNKNOWN STEP	2026-01-03T19:31:35.5919042Z + ansi_styles 0.3.2+1
build	UNKNOWN STEP	2026-01-03T19:31:35.5919673Z + args 2.7.0
build	UNKNOWN STEP	2026-01-03T19:31:35.5919954Z + async 2.13.0
build	UNKNOWN STEP	2026-01-03T19:31:35.5920234Z + charcode 1.4.0
build	UNKNOWN STEP	2026-01-03T19:31:35.5921034Z + checked_yaml 2.0.4
build	UNKNOWN STEP	2026-01-03T19:31:35.5921368Z + cli_launcher 0.3.2+1
build	UNKNOWN STEP	2026-01-03T19:31:35.5921702Z + cli_util 0.4.2
build	UNKNOWN STEP	2026-01-03T19:31:35.5922304Z + collection 1.19.1
build	UNKNOWN STEP	2026-01-03T19:31:35.5922713Z + conventional_commit 0.6.1+1
build	UNKNOWN STEP	2026-01-03T19:31:35.5923134Z + file 7.0.1
build	UNKNOWN STEP	2026-01-03T19:31:35.5923497Z + glob 2.1.3
build	UNKNOWN STEP	2026-01-03T19:31:35.5923764Z + graphs 2.3.2
build	UNKNOWN STEP	2026-01-03T19:31:35.5924102Z + http 1.6.0
build	UNKNOWN STEP	2026-01-03T19:31:35.5924394Z + http_parser 4.1.2
build	UNKNOWN STEP	2026-01-03T19:31:35.5924728Z + io 1.0.5
build	UNKNOWN STEP	2026-01-03T19:31:35.5925024Z + json_annotation 4.9.0
build	UNKNOWN STEP	2026-01-03T19:31:35.5925374Z + melos 7.3.0
build	UNKNOWN STEP	2026-01-03T19:31:35.5925696Z + meta 1.17.0
build	UNKNOWN STEP	2026-01-03T19:31:35.5926033Z + mustache_template 2.0.2
build	UNKNOWN STEP	2026-01-03T19:31:35.5926406Z + path 1.9.1
build	UNKNOWN STEP	2026-01-03T19:31:35.5926735Z + petitparser 7.0.1
build	UNKNOWN STEP	2026-01-03T19:31:35.5927086Z + platform 3.1.6
build	UNKNOWN STEP	2026-01-03T19:31:35.5927404Z + pool 1.5.2
build	UNKNOWN STEP	2026-01-03T19:31:35.5927696Z + process 5.0.5
build	UNKNOWN STEP	2026-01-03T19:31:35.5928025Z + prompts 2.0.0
build	UNKNOWN STEP	2026-01-03T19:31:35.5928389Z + pub_semver 2.2.0
build	UNKNOWN STEP	2026-01-03T19:31:35.5928684Z + pub_updater 0.5.0
build	UNKNOWN STEP	2026-01-03T19:31:35.5929014Z + pubspec_parse 1.5.0
build	UNKNOWN STEP	2026-01-03T19:31:35.5929318Z + source_span 1.10.1
build	UNKNOWN STEP	2026-01-03T19:31:35.5929655Z + stack_trace 1.12.1
build	UNKNOWN STEP	2026-01-03T19:31:35.5929967Z + string_scanner 1.4.1
build	UNKNOWN STEP	2026-01-03T19:31:35.5930316Z + term_glyph 1.2.2
build	UNKNOWN STEP	2026-01-03T19:31:35.5930624Z + typed_data 1.4.0
build	UNKNOWN STEP	2026-01-03T19:31:35.5930925Z + web 1.1.1
build	UNKNOWN STEP	2026-01-03T19:31:35.5931189Z + xml 6.6.1
build	UNKNOWN STEP	2026-01-03T19:31:35.5931436Z + yaml 3.1.3
build	UNKNOWN STEP	2026-01-03T19:31:35.5931759Z + yaml_edit 2.2.3
build	UNKNOWN STEP	2026-01-03T19:31:35.5948327Z Building package executables...
build	UNKNOWN STEP	2026-01-03T19:31:36.5755581Z Built melos:melos.
build	UNKNOWN STEP	2026-01-03T19:31:36.5807539Z Installed executable melos.
build	UNKNOWN STEP	2026-01-03T19:31:36.5843386Z Activated melos 7.3.0.
build	UNKNOWN STEP	2026-01-03T19:31:36.6001669Z ##[group]Run git config --global --add safe.directory '*'
build	UNKNOWN STEP	2026-01-03T19:31:36.6002491Z [36;1mgit config --global --add safe.directory '*'[0m
build	UNKNOWN STEP	2026-01-03T19:31:36.6002852Z [36;1mcd dart_web3[0m
build	UNKNOWN STEP	2026-01-03T19:31:36.6003038Z [36;1mpwd[0m
build	UNKNOWN STEP	2026-01-03T19:31:36.6003216Z [36;1mls -la[0m
build	UNKNOWN STEP	2026-01-03T19:31:36.6003387Z [36;1mmelos list[0m
build	UNKNOWN STEP	2026-01-03T19:31:36.6003557Z [36;1mmelos clean[0m
build	UNKNOWN STEP	2026-01-03T19:31:36.6003888Z [36;1mgit config --global --add safe.directory '*'[0m
build	UNKNOWN STEP	2026-01-03T19:31:36.6004341Z [36;1mmelos clean[0m
build	UNKNOWN STEP	2026-01-03T19:31:36.6004684Z [36;1mmelos bootstrap --verbose[0m
build	UNKNOWN STEP	2026-01-03T19:31:36.6038944Z shell: /usr/bin/bash -e {0}
build	UNKNOWN STEP	2026-01-03T19:31:36.6039163Z env:
build	UNKNOWN STEP	2026-01-03T19:31:36.6039400Z   FLUTTER_ROOT: /opt/hostedtoolcache/flutter/stable-3.38.5-x64
build	UNKNOWN STEP	2026-01-03T19:31:36.6039732Z   PUB_CACHE: /home/runner/.pub-cache
build	UNKNOWN STEP	2026-01-03T19:31:36.6039968Z ##[endgroup]
build	UNKNOWN STEP	2026-01-03T19:31:36.6107746Z /home/runner/work/dart_web3/dart_web3/dart_web3
build	UNKNOWN STEP	2026-01-03T19:31:36.6123711Z total 3888
build	UNKNOWN STEP	2026-01-03T19:31:36.6124198Z drwxr-xr-x  7 runner runner   4096 Jan  3 19:30 .
build	UNKNOWN STEP	2026-01-03T19:31:36.6124760Z drwxr-xr-x  9 runner runner   4096 Jan  3 19:30 ..
build	UNKNOWN STEP	2026-01-03T19:31:36.6125292Z drwxr-xr-x  3 runner runner   4096 Jan  3 19:30 .github
build	UNKNOWN STEP	2026-01-03T19:31:36.6125830Z -rw-r--r--  1 runner runner    360 Jan  3 19:30 .gitignore
build	UNKNOWN STEP	2026-01-03T19:31:36.6126381Z -rw-r--r--  1 runner runner  41074 Jan  3 19:30 CHANGELOG.md
build	UNKNOWN STEP	2026-01-03T19:31:36.6126729Z -rw-r--r--  1 runner runner   7305 Jan  3 19:30 README.md
build	UNKNOWN STEP	2026-01-03T19:31:36.6127072Z -rw-r--r--  1 runner runner   2996 Jan  3 19:30 USAGE_GUIDE.md
build	UNKNOWN STEP	2026-01-03T19:31:36.6127487Z -rw-r--r--  1 runner runner   6975 Jan  3 19:30 analysis_nft.txt
build	UNKNOWN STEP	2026-01-03T19:31:36.6128111Z -rw-r--r--  1 runner runner   3266 Jan  3 19:30 analysis_options.yaml
build	UNKNOWN STEP	2026-01-03T19:31:36.6128741Z -rw-r--r--  1 runner runner 180889 Jan  3 19:30 analysis_output.txt
build	UNKNOWN STEP	2026-01-03T19:31:36.6129389Z -rw-r--r--  1 runner runner 178737 Jan  3 19:30 analysis_output_v2.txt
build	UNKNOWN STEP	2026-01-03T19:31:36.6130050Z -rw-r--r--  1 runner runner 139536 Jan  3 19:30 analysis_output_v3.txt
build	UNKNOWN STEP	2026-01-03T19:31:36.6130678Z -rw-r--r--  1 runner runner  11249 Jan  3 19:30 analysis_reown.txt
build	UNKNOWN STEP	2026-01-03T19:31:36.6131324Z -rw-r--r--  1 runner runner  73123 Jan  3 19:30 analysis_result_final.txt
build	UNKNOWN STEP	2026-01-03T19:31:36.6132525Z -rw-r--r--  1 runner runner 133021 Jan  3 19:30 analysis_results_v2.txt
build	UNKNOWN STEP	2026-01-03T19:31:36.6133191Z -rw-r--r--  1 runner runner 128408 Jan  3 19:30 analysis_results_v3.txt
build	UNKNOWN STEP	2026-01-03T19:31:36.6133842Z -rw-r--r--  1 runner runner 127171 Jan  3 19:30 analysis_results_v4.txt
build	UNKNOWN STEP	2026-01-03T19:31:36.6134489Z -rw-r--r--  1 runner runner 125591 Jan  3 19:30 analysis_results_v5.txt
build	UNKNOWN STEP	2026-01-03T19:31:36.6135154Z -rw-r--r--  1 runner runner  97934 Jan  3 19:30 analysis_results_v6.txt
build	UNKNOWN STEP	2026-01-03T19:31:36.6135803Z -rw-r--r--  1 runner runner  85215 Jan  3 19:30 analysis_results_v8.txt
build	UNKNOWN STEP	2026-01-03T19:31:36.6136453Z -rw-r--r--  1 runner runner  88748 Jan  3 19:30 analysis_results_v9.txt
build	UNKNOWN STEP	2026-01-03T19:31:36.6137102Z -rw-r--r--  1 runner runner 694296 Jan  3 19:30 analyze_errors.txt
build	UNKNOWN STEP	2026-01-03T19:31:36.6137706Z -rw-r--r--  1 runner runner 167193 Jan  3 19:30 bash_failure_log.txt
build	UNKNOWN STEP	2026-01-03T19:31:36.6138300Z -rw-r--r--  1 runner runner   1282 Jan  3 19:30 check_names.dart
build	UNKNOWN STEP	2026-01-03T19:31:36.6138866Z -rw-r--r--  1 runner runner 302978 Jan  3 19:30 ci_error_log.txt
build	UNKNOWN STEP	2026-01-03T19:31:36.6139476Z -rw-r--r--  1 runner runner  19853 Jan  3 19:30 debug_failure_log.txt
build	UNKNOWN STEP	2026-01-03T19:31:36.6140047Z drwxr-xr-x  2 runner runner   4096 Jan  3 19:30 docs
build	UNKNOWN STEP	2026-01-03T19:31:36.6140603Z -rw-r--r--  1 runner runner   1383 Jan  3 19:30 ensure_lints.dart
build	UNKNOWN STEP	2026-01-03T19:31:36.6141205Z drwxr-xr-x  2 runner runner   4096 Jan  3 19:30 example
build	UNKNOWN STEP	2026-01-03T19:31:36.6142070Z -rw-r--r--  1 runner runner 182034 Jan  3 19:30 exec_failure_log.txt
build	UNKNOWN STEP	2026-01-03T19:31:36.6142721Z -rw-r--r--  1 runner runner 134230 Jan  3 19:30 final_analysis.txt
build	UNKNOWN STEP	2026-01-03T19:31:36.6143373Z -rw-r--r--  1 runner runner 139238 Jan  3 19:30 final_analysis_output.txt
build	UNKNOWN STEP	2026-01-03T19:31:36.6144295Z -rw-r--r--  1 runner runner  72776 Jan  3 19:30 final_analysis_report.txt
build	UNKNOWN STEP	2026-01-03T19:31:36.6144998Z -rw-r--r--  1 runner runner  71059 Jan  3 19:30 final_analysis_v2.txt
build	UNKNOWN STEP	2026-01-03T19:31:36.6145657Z -rw-r--r--  1 runner runner  69662 Jan  3 19:30 final_analysis_v3.txt
build	UNKNOWN STEP	2026-01-03T19:31:36.6146071Z -rw-r--r--  1 runner runner  69013 Jan  3 19:30 final_analysis_v4.txt
build	UNKNOWN STEP	2026-01-03T19:31:36.6146420Z -rw-r--r--  1 runner runner  68843 Jan  3 19:30 final_analysis_v5.txt
build	UNKNOWN STEP	2026-01-03T19:31:36.6146825Z -rw-r--r--  1 runner runner  68675 Jan  3 19:30 final_analysis_v6.txt
build	UNKNOWN STEP	2026-01-03T19:31:36.6147252Z -rw-r--r--  1 runner runner   8750 Jan  3 19:30 final_failure_log.txt
build	UNKNOWN STEP	2026-01-03T19:31:36.6147633Z -rw-r--r--  1 runner runner 259884 Jan  3 19:30 flutter_failure_log.txt
build	UNKNOWN STEP	2026-01-03T19:31:36.6147989Z -rw-r--r--  1 runner runner  24492 Jan  3 19:30 forced_log.txt
build	UNKNOWN STEP	2026-01-03T19:31:36.6148322Z -rw-r--r--  1 runner runner  24492 Jan  3 19:30 job_log.txt
build	UNKNOWN STEP	2026-01-03T19:31:36.6148639Z -rw-r--r--  1 runner runner   1620 Jan  3 19:30 melos.yaml
build	UNKNOWN STEP	2026-01-03T19:31:36.6148945Z drwxr-xr-x 27 runner runner   4096 Jan  3 19:30 packages
build	UNKNOWN STEP	2026-01-03T19:31:36.6149267Z -rw-r--r--  1 runner runner    223 Jan  3 19:30 pubspec.yaml
build	UNKNOWN STEP	2026-01-03T19:31:36.6149614Z -rw-r--r--  1 runner runner   6483 Jan  3 19:30 reown_analysis.txt
build	UNKNOWN STEP	2026-01-03T19:31:36.6149996Z -rw-r--r--  1 runner runner  24492 Jan  3 19:30 safe_dir_log.txt
build	UNKNOWN STEP	2026-01-03T19:31:36.6150341Z -rw-r--r--  1 runner runner  26013 Jan  3 19:30 seq_failure_log.txt
build	UNKNOWN STEP	2026-01-03T19:31:36.6150696Z -rw-r--r--  1 runner runner   1113 Jan  3 19:30 serial_audit_final.dart
build	UNKNOWN STEP	2026-01-03T19:31:36.6151046Z -rw-r--r--  1 runner runner   3688 Jan  3 19:30 test_output.txt
build	UNKNOWN STEP	2026-01-03T19:31:36.6151401Z drwxr-xr-x  4 runner runner   4096 Jan  3 19:30 web3_universal
build	UNKNOWN STEP	2026-01-03T19:31:36.7526764Z Resolving dependencies...
build	UNKNOWN STEP	2026-01-03T19:31:37.0400870Z Downloading packages...
build	UNKNOWN STEP	2026-01-03T19:31:38.2024208Z + _fe_analyzer_shared 92.0.0
build	UNKNOWN STEP	2026-01-03T19:31:38.2024647Z + analyzer 9.0.0
build	UNKNOWN STEP	2026-01-03T19:31:38.2024989Z + ansi_styles 0.3.2+1
build	UNKNOWN STEP	2026-01-03T19:31:38.2025312Z + args 2.7.0
build	UNKNOWN STEP	2026-01-03T19:31:38.2025582Z + async 2.13.0
build	UNKNOWN STEP	2026-01-03T19:31:38.2025880Z + boolean_selector 2.1.2
build	UNKNOWN STEP	2026-01-03T19:31:38.2026207Z + charcode 1.4.0
build	UNKNOWN STEP	2026-01-03T19:31:38.2026508Z + checked_yaml 2.0.4
build	UNKNOWN STEP	2026-01-03T19:31:38.2026800Z + cli_config 0.2.0
build	UNKNOWN STEP	2026-01-03T19:31:38.2027374Z + cli_launcher 0.3.2+1
build	UNKNOWN STEP	2026-01-03T19:31:38.2027669Z + cli_util 0.4.2
build	UNKNOWN STEP	2026-01-03T19:31:38.2027959Z + collection 1.19.1
build	UNKNOWN STEP	2026-01-03T19:31:38.2028258Z + conventional_commit 0.6.1+1
build	UNKNOWN STEP	2026-01-03T19:31:38.2028609Z + convert 3.1.2
build	UNKNOWN STEP	2026-01-03T19:31:38.2028886Z + coverage 1.15.0
build	UNKNOWN STEP	2026-01-03T19:31:38.2029157Z + crypto 3.0.7
build	UNKNOWN STEP	2026-01-03T19:31:38.2029440Z + file 7.0.1
build	UNKNOWN STEP	2026-01-03T19:31:38.2029724Z + frontend_server_client 4.0.0
build	UNKNOWN STEP	2026-01-03T19:31:38.2030078Z + glob 2.1.3
build	UNKNOWN STEP	2026-01-03T19:31:38.2030437Z + graphs 2.3.2
build	UNKNOWN STEP	2026-01-03T19:31:38.2030714Z + http 1.6.0
build	UNKNOWN STEP	2026-01-03T19:31:38.2030997Z + http_multi_server 3.2.2
build	UNKNOWN STEP	2026-01-03T19:31:38.2031341Z + http_parser 4.1.2
build	UNKNOWN STEP	2026-01-03T19:31:38.2031630Z + io 1.0.5
build	UNKNOWN STEP	2026-01-03T19:31:38.2032113Z + json_annotation 4.9.0
build	UNKNOWN STEP	2026-01-03T19:31:38.2032475Z + lints 5.1.1 (6.0.0 available)
build	UNKNOWN STEP	2026-01-03T19:31:38.2032826Z + logging 1.3.0
build	UNKNOWN STEP	2026-01-03T19:31:38.2033114Z + matcher 0.12.18
build	UNKNOWN STEP	2026-01-03T19:31:38.2033401Z + melos 6.3.3 (7.3.0 available)
build	UNKNOWN STEP	2026-01-03T19:31:38.2033738Z + meta 1.17.0
build	UNKNOWN STEP	2026-01-03T19:31:38.2034011Z + mime 2.0.0
build	UNKNOWN STEP	2026-01-03T19:31:38.2034298Z + mustache_template 2.0.2
build	UNKNOWN STEP	2026-01-03T19:31:38.2034628Z + node_preamble 2.0.2
build	UNKNOWN STEP	2026-01-03T19:31:38.2034953Z + package_config 2.2.0
build	UNKNOWN STEP	2026-01-03T19:31:38.2035259Z + path 1.9.1
build	UNKNOWN STEP	2026-01-03T19:31:38.2035531Z + platform 3.1.6
build	UNKNOWN STEP	2026-01-03T19:31:38.2035816Z + pool 1.5.2
build	UNKNOWN STEP	2026-01-03T19:31:38.2036077Z + process 5.0.5
build	UNKNOWN STEP	2026-01-03T19:31:38.2036358Z + prompts 2.0.0
build	UNKNOWN STEP	2026-01-03T19:31:38.2036634Z + pub_semver 2.2.0
build	UNKNOWN STEP	2026-01-03T19:31:38.2036929Z + pub_updater 0.5.0
build	UNKNOWN STEP	2026-01-03T19:31:38.2037232Z + pubspec_parse 1.5.0
build	UNKNOWN STEP	2026-01-03T19:31:38.2037513Z + shelf 1.4.2
build	UNKNOWN STEP	2026-01-03T19:31:38.2037779Z + shelf_packages_handler 3.0.2
build	UNKNOWN STEP	2026-01-03T19:31:38.2038145Z + shelf_static 1.1.3
build	UNKNOWN STEP	2026-01-03T19:31:38.2038713Z + shelf_web_socket 3.0.0
build	UNKNOWN STEP	2026-01-03T19:31:38.2039057Z + source_map_stack_trace 2.1.2
build	UNKNOWN STEP	2026-01-03T19:31:38.2039392Z + source_maps 0.10.13
build	UNKNOWN STEP	2026-01-03T19:31:38.2039705Z + source_span 1.10.1
build	UNKNOWN STEP	2026-01-03T19:31:38.2040023Z + stack_trace 1.12.1
build	UNKNOWN STEP	2026-01-03T19:31:38.2040335Z + stream_channel 2.1.4
build	UNKNOWN STEP	2026-01-03T19:31:38.2040663Z + string_scanner 1.4.1
build	UNKNOWN STEP	2026-01-03T19:31:38.2040978Z + term_glyph 1.2.2
build	UNKNOWN STEP	2026-01-03T19:31:38.2041267Z + test 1.28.0
build	UNKNOWN STEP	2026-01-03T19:31:38.2041533Z + test_api 0.7.8
build	UNKNOWN STEP	2026-01-03T19:31:38.2041817Z + test_core 0.6.14
build	UNKNOWN STEP	2026-01-03T19:31:38.2042296Z + typed_data 1.4.0
build	UNKNOWN STEP	2026-01-03T19:31:38.2042590Z + vm_service 15.0.2
build	UNKNOWN STEP	2026-01-03T19:31:38.2042902Z + watcher 1.2.0
build	UNKNOWN STEP	2026-01-03T19:31:38.2043169Z + web 1.1.1
build	UNKNOWN STEP	2026-01-03T19:31:38.2043430Z + web_socket 1.0.1
build	UNKNOWN STEP	2026-01-03T19:31:38.2043727Z + web_socket_channel 3.0.3
build	UNKNOWN STEP	2026-01-03T19:31:38.2044091Z + webkit_inspection_protocol 1.2.1
build	UNKNOWN STEP	2026-01-03T19:31:38.2044480Z + yaml 3.1.3
build	UNKNOWN STEP	2026-01-03T19:31:38.2044753Z + yaml_edit 2.2.3
build	UNKNOWN STEP	2026-01-03T19:31:38.2045077Z Changed 65 dependencies!
build	UNKNOWN STEP	2026-01-03T19:31:38.2045607Z 2 packages have newer versions incompatible with dependency constraints.
build	UNKNOWN STEP	2026-01-03T19:31:38.2046252Z Try `dart pub outdated` for more information.
build	UNKNOWN STEP	2026-01-03T19:31:39.3788907Z web3_universal_aa
build	UNKNOWN STEP	2026-01-03T19:31:39.3789321Z web3_universal_abi
build	UNKNOWN STEP	2026-01-03T19:31:39.3789687Z web3_universal_bc_ur
build	UNKNOWN STEP	2026-01-03T19:31:39.3792967Z web3_universal_bitcoin
build	UNKNOWN STEP	2026-01-03T19:31:39.3793609Z web3_universal_bridge
build	UNKNOWN STEP	2026-01-03T19:31:39.3795832Z web3_universal_chains
build	UNKNOWN STEP	2026-01-03T19:31:39.3796380Z web3_universal_client
build	UNKNOWN STEP	2026-01-03T19:31:39.3796922Z web3_universal_contract
build	UNKNOWN STEP	2026-01-03T19:31:39.3797397Z web3_universal_core
build	UNKNOWN STEP	2026-01-03T19:31:39.3798753Z web3_universal_cosmos
build	UNKNOWN STEP	2026-01-03T19:31:39.3799415Z web3_universal_crypto
build	UNKNOWN STEP	2026-01-03T19:31:39.3799962Z web3_universal_dapp
build	UNKNOWN STEP	2026-01-03T19:31:39.3800398Z web3_universal_debug
build	UNKNOWN STEP	2026-01-03T19:31:39.3801056Z web3_universal_ens
build	UNKNOWN STEP	2026-01-03T19:31:39.3801406Z web3_universal_events
build	UNKNOWN STEP	2026-01-03T19:31:39.3801745Z web3_universal_history
build	UNKNOWN STEP	2026-01-03T19:31:39.3802335Z web3_universal_keystone
build	UNKNOWN STEP	2026-01-03T19:31:39.3802681Z web3_universal_ledger
build	UNKNOWN STEP	2026-01-03T19:31:39.3803002Z web3_universal_mev
build	UNKNOWN STEP	2026-01-03T19:31:39.3803305Z web3_universal_mpc
build	UNKNOWN STEP	2026-01-03T19:31:39.3803629Z web3_universal_multicall
build	UNKNOWN STEP	2026-01-03T19:31:39.3803974Z web3_universal_nft
build	UNKNOWN STEP	2026-01-03T19:31:39.3804751Z web3_universal_polkadot
build	UNKNOWN STEP	2026-01-03T19:31:39.3805085Z web3_universal_price
build	UNKNOWN STEP	2026-01-03T19:31:39.3805399Z web3_universal_provider
build	UNKNOWN STEP	2026-01-03T19:31:39.3805747Z web3_universal_reown
build	UNKNOWN STEP	2026-01-03T19:31:39.3806086Z web3_universal_signer
build	UNKNOWN STEP	2026-01-03T19:31:39.3806408Z web3_universal_solana
build	UNKNOWN STEP	2026-01-03T19:31:39.3806736Z web3_universal_staking
build	UNKNOWN STEP	2026-01-03T19:31:39.3807059Z web3_universal_swap
build	UNKNOWN STEP	2026-01-03T19:31:39.3807367Z web3_universal_ton
build	UNKNOWN STEP	2026-01-03T19:31:39.3807679Z web3_universal_trezor
build	UNKNOWN STEP	2026-01-03T19:31:39.3807986Z web3_universal_tron
build	UNKNOWN STEP	2026-01-03T19:31:39.3808287Z web3_universal_utxo
build	UNKNOWN STEP	2026-01-03T19:31:39.9351585Z Cleaning workspace...
build	UNKNOWN STEP	2026-01-03T19:31:40.0554550Z 
build	UNKNOWN STEP	2026-01-03T19:31:40.0557997Z Workspace cleaned. You will need to run the bootstrap command again to use this workspace.
build	UNKNOWN STEP	2026-01-03T19:31:40.6169679Z Cleaning workspace...
build	UNKNOWN STEP	2026-01-03T19:31:40.6271262Z 
build	UNKNOWN STEP	2026-01-03T19:31:40.6272079Z Workspace cleaned. You will need to run the bootstrap command again to use this workspace.
build	UNKNOWN STEP	2026-01-03T19:31:41.2186465Z [     0.168s] melos bootstrap
build	UNKNOWN STEP	2026-01-03T19:31:41.2208088Z [     0.172s]   â””> /home/runner/work/dart_web3/dart_web3/dart_web3
build	UNKNOWN STEP	2026-01-03T19:31:41.2208768Z [     0.173s] 
build	UNKNOWN STEP	2026-01-03T19:31:41.2212050Z [     0.173s] Running "dart pub get" in workspace packages...
build	UNKNOWN STEP	2026-01-03T19:31:41.7514304Z [     0.702s]   âœ“ web3_universal_bc_ur
build	UNKNOWN STEP	2026-01-03T19:31:41.7519521Z [     0.704s]     â””> packages/hardware/bc_ur
build	UNKNOWN STEP	2026-01-03T19:31:42.2073769Z [     1.157s]   âœ“ web3_universal_aa
build	UNKNOWN STEP	2026-01-03T19:31:42.2075179Z [     1.158s]     â””> packages/aa
build	UNKNOWN STEP	2026-01-03T19:31:42.2207445Z [     1.172s]   âœ“ web3_universal_bitcoin
build	UNKNOWN STEP	2026-01-03T19:31:42.2215294Z [     1.173s]     â””> packages/extensions/bitcoin
build	UNKNOWN STEP	2026-01-03T19:31:42.2265723Z [     1.178s]   âœ“ web3_universal_abi
build	UNKNOWN STEP	2026-01-03T19:31:42.2303165Z [     1.179s]     â””> packages/abi
build	UNKNOWN STEP	2026-01-03T19:31:42.2844056Z [     1.234s]   âœ“ web3_universal_bridge
build	UNKNOWN STEP	2026-01-03T19:31:42.2844871Z [     1.235s]     â””> packages/bridge
build	UNKNOWN STEP	2026-01-03T19:31:42.7220003Z [     1.674s]   âœ“ web3_universal_chains
build	UNKNOWN STEP	2026-01-03T19:31:42.7221376Z [     1.674s]     â””> packages/chains
build	UNKNOWN STEP	2026-01-03T19:31:42.7566694Z [     1.708s]   âœ“ web3_universal_contract
build	UNKNOWN STEP	2026-01-03T19:31:42.7568112Z [     1.709s]     â””> packages/contract
build	UNKNOWN STEP	2026-01-03T19:31:42.8497621Z [     1.801s]   âœ“ web3_universal_client
build	UNKNOWN STEP	2026-01-03T19:31:42.8502725Z [     1.802s]     â””> packages/client
build	UNKNOWN STEP	2026-01-03T19:31:42.8955547Z [     1.846s]   âœ“ web3_universal_core
build	UNKNOWN STEP	2026-01-03T19:31:42.8957012Z [     1.847s]     â””> packages/core
build	UNKNOWN STEP	2026-01-03T19:31:43.2758200Z [     2.227s]   âœ“ web3_universal_crypto
build	UNKNOWN STEP	2026-01-03T19:31:43.2762359Z [     2.228s]     â””> packages/crypto
build	UNKNOWN STEP	2026-01-03T19:31:43.3082383Z [     2.260s]   âœ“ web3_universal_cosmos
build	UNKNOWN STEP	2026-01-03T19:31:43.3084813Z [     2.260s]     â””> packages/extensions/cosmos
build	UNKNOWN STEP	2026-01-03T19:31:43.4048985Z [     2.357s]   âœ“ web3_universal_debug
build	UNKNOWN STEP	2026-01-03T19:31:43.4050569Z [     2.357s]     â””> packages/debug
build	UNKNOWN STEP	2026-01-03T19:31:43.4096448Z [     2.361s]   âœ“ web3_universal_dapp
build	UNKNOWN STEP	2026-01-03T19:31:43.4101020Z [     2.362s]     â””> packages/dapp
build	UNKNOWN STEP	2026-01-03T19:31:43.8123613Z [     2.761s]   âœ“ web3_universal_ens
build	UNKNOWN STEP	2026-01-03T19:31:43.8127038Z [     2.761s]     â””> packages/ens
build	UNKNOWN STEP	2026-01-03T19:31:43.8567243Z [     2.808s]   âœ“ web3_universal_events
build	UNKNOWN STEP	2026-01-03T19:31:43.8568587Z [     2.809s]     â””> packages/events
build	UNKNOWN STEP	2026-01-03T19:31:43.9263244Z [     2.878s]   âœ“ web3_universal_history
build	UNKNOWN STEP	2026-01-03T19:31:43.9279424Z [     2.878s]     â””> packages/history
build	UNKNOWN STEP	2026-01-03T19:31:43.9445409Z [     2.896s]   âœ“ web3_universal_keystone
build	UNKNOWN STEP	2026-01-03T19:31:43.9449699Z [     2.896s]     â””> packages/hardware/keystone
build	UNKNOWN STEP	2026-01-03T19:31:44.4015579Z [     3.351s]   âœ“ web3_universal_mev
build	UNKNOWN STEP	2026-01-03T19:31:44.4016123Z [     3.351s]     â””> packages/mev
build	UNKNOWN STEP	2026-01-03T19:31:44.4193228Z [     3.368s]   âœ“ web3_universal_mpc
build	UNKNOWN STEP	2026-01-03T19:31:44.4194304Z [     3.369s]     â””> packages/hardware/mpc
build	UNKNOWN STEP	2026-01-03T19:31:44.5034492Z [     3.455s]   âœ“ web3_universal_multicall
build	UNKNOWN STEP	2026-01-03T19:31:44.5035627Z [     3.455s]     â””> packages/multicall
build	UNKNOWN STEP	2026-01-03T19:31:44.9535275Z [     3.905s]   âœ“ web3_universal_nft
build	UNKNOWN STEP	2026-01-03T19:31:44.9543734Z [     3.906s]     â””> packages/nft
build	UNKNOWN STEP	2026-01-03T19:31:44.9560441Z [     3.907s]   âœ“ web3_universal_polkadot
build	UNKNOWN STEP	2026-01-03T19:31:44.9560986Z [     3.907s]     â””> packages/extensions/polkadot
build	UNKNOWN STEP	2026-01-03T19:31:45.0266206Z [     3.978s]   âœ“ web3_universal_price
build	UNKNOWN STEP	2026-01-03T19:31:45.0268140Z [     3.978s]     â””> packages/price
build	UNKNOWN STEP	2026-01-03T19:31:45.1334705Z [     4.085s]   âœ“ web3_universal_ledger
build	UNKNOWN STEP	2026-01-03T19:31:45.1341150Z [     4.086s]     â””> packages/hardware/ledger
build	UNKNOWN STEP	2026-01-03T19:31:45.4795110Z [     4.431s]   âœ“ web3_universal_reown
build	UNKNOWN STEP	2026-01-03T19:31:45.4834580Z [     4.432s]     â””> packages/reown
build	UNKNOWN STEP	2026-01-03T19:31:45.4862397Z [     4.438s]   âœ“ web3_universal_provider
build	UNKNOWN STEP	2026-01-03T19:31:45.4867058Z [     4.438s]     â””> packages/provider
build	UNKNOWN STEP	2026-01-03T19:31:45.5030213Z [     4.455s]   âœ“ web3_universal_signer
build	UNKNOWN STEP	2026-01-03T19:31:45.5034855Z [     4.455s]     â””> packages/signer
build	UNKNOWN STEP	2026-01-03T19:31:45.6473515Z [     4.597s]   âœ“ web3_universal_solana
build	UNKNOWN STEP	2026-01-03T19:31:45.6474110Z [     4.598s]     â””> packages/extensions/solana
build	UNKNOWN STEP	2026-01-03T19:31:45.9897696Z [     4.941s]   âœ“ web3_universal_staking
build	UNKNOWN STEP	2026-01-03T19:31:45.9900421Z [     4.942s]     â””> packages/staking
build	UNKNOWN STEP	2026-01-03T19:31:46.0262684Z [     4.978s]   âœ“ web3_universal_ton
build	UNKNOWN STEP	2026-01-03T19:31:46.0265149Z [     4.978s]     â””> packages/extensions/ton
build	UNKNOWN STEP	2026-01-03T19:31:46.0304375Z [     4.982s]   âœ“ web3_universal_swap
build	UNKNOWN STEP	2026-01-03T19:31:46.0308365Z [     4.982s]     â””> packages/swap
build	UNKNOWN STEP	2026-01-03T19:31:46.1104644Z [     5.062s]   âœ“ web3_universal_trezor
build	UNKNOWN STEP	2026-01-03T19:31:46.1106150Z [     5.062s]     â””> packages/hardware/trezor
build	UNKNOWN STEP	2026-01-03T19:31:46.4064915Z [     5.358s]   âœ“ web3_universal_utxo
build	UNKNOWN STEP	2026-01-03T19:31:46.4066411Z [     5.358s]     â””> packages/utxo
build	UNKNOWN STEP	2026-01-03T19:31:46.4146043Z [     5.366s]   âœ“ web3_universal_tron
build	UNKNOWN STEP	2026-01-03T19:31:46.4146801Z [     5.366s]     â””> packages/extensions/tron
build	UNKNOWN STEP	2026-01-03T19:31:46.4171544Z [     5.369s]   > SUCCESS
build	UNKNOWN STEP	2026-01-03T19:31:46.4172114Z [     5.369s] 
build	UNKNOWN STEP	2026-01-03T19:31:46.4173658Z [     5.369s] Generating IntelliJ IDE files...
build	UNKNOWN STEP	2026-01-03T19:31:46.4583364Z [     5.410s]   > SUCCESS
build	UNKNOWN STEP	2026-01-03T19:31:46.4583769Z [     5.410s] 
build	UNKNOWN STEP	2026-01-03T19:31:46.4584401Z [     5.410s]  -> 34 packages bootstrapped
build	UNKNOWN STEP	2026-01-03T19:31:46.5174233Z ##[group]Run cd dart_web3
build	UNKNOWN STEP	2026-01-03T19:31:46.5174511Z [36;1mcd dart_web3[0m
build	UNKNOWN STEP	2026-01-03T19:31:46.5174709Z [36;1mmelos run analyze[0m
build	UNKNOWN STEP	2026-01-03T19:31:46.5206664Z shell: /usr/bin/bash -e {0}
build	UNKNOWN STEP	2026-01-03T19:31:46.5206893Z env:
build	UNKNOWN STEP	2026-01-03T19:31:46.5207140Z   FLUTTER_ROOT: /opt/hostedtoolcache/flutter/stable-3.38.5-x64
build	UNKNOWN STEP	2026-01-03T19:31:46.5207476Z   PUB_CACHE: /home/runner/.pub-cache
build	UNKNOWN STEP	2026-01-03T19:31:46.5207697Z ##[endgroup]
build	UNKNOWN STEP	2026-01-03T19:31:46.8935729Z melos run analyze
build	UNKNOWN STEP	2026-01-03T19:31:46.8953174Z   â””> melos exec -- dart analyze --fatal-infos
build	UNKNOWN STEP	2026-01-03T19:31:46.8955154Z      â””> RUNNING
build	UNKNOWN STEP	2026-01-03T19:31:46.8955885Z 
build	UNKNOWN STEP	2026-01-03T19:31:47.6252675Z $ melos exec
build	UNKNOWN STEP	2026-01-03T19:31:47.6253500Z   â””> dart analyze --fatal-infos
build	UNKNOWN STEP	2026-01-03T19:31:47.6257681Z      â””> RUNNING (in 34 packages)
build	UNKNOWN STEP	2026-01-03T19:31:47.6258003Z 
build	UNKNOWN STEP	2026-01-03T19:31:47.6258246Z --------------------------------------------------------------------------------
build	UNKNOWN STEP	2026-01-03T19:31:47.6783246Z [web3_universal_aa]: Analyzing aa...
build	UNKNOWN STEP	2026-01-03T19:31:47.6812957Z [web3_universal_bc_ur]: Analyzing bc_ur...
build	UNKNOWN STEP	2026-01-03T19:31:47.6853713Z [web3_universal_abi]: Analyzing abi...
build	UNKNOWN STEP	2026-01-03T19:31:47.6854616Z [web3_universal_bitcoin]: Analyzing bitcoin...
build	UNKNOWN STEP	2026-01-03T19:31:49.1959085Z [web3_universal_bitcoin]: 
build	UNKNOWN STEP	2026-01-03T19:31:49.1960531Z [web3_universal_bitcoin]:    info - lib/web3_universal_bitcoin.dart:1:9 - Library names are not necessary. Remove the library name. - unnecessary_library_name
build	UNKNOWN STEP	2026-01-03T19:31:49.1962623Z [web3_universal_bitcoin]:    info - test/bitcoin_test.dart:2:1 - Sort directive sections alphabetically. Try sorting the directives. - directives_ordering
build	UNKNOWN STEP	2026-01-03T19:31:49.1963748Z [web3_universal_bitcoin]: 
build	UNKNOWN STEP	2026-01-03T19:31:49.2022651Z [web3_universal_bitcoin]: 2 issues found.
build	UNKNOWN STEP	2026-01-03T19:31:49.2954740Z [web3_universal_bridge]: Analyzing bridge...
build	UNKNOWN STEP	2026-01-03T19:31:49.2960614Z [web3_universal_bc_ur]: 
build	UNKNOWN STEP	2026-01-03T19:31:49.3008687Z [web3_universal_bc_ur]:    info - lib/src/animated_qr.dart:89:21 - Static method should be a constructor. Try converting the method into a constructor. - prefer_constructors_over_static_methods
build	UNKNOWN STEP	2026-01-03T19:31:49.3010927Z [web3_universal_bc_ur]:    info - lib/src/animated_qr.dart:94:21 - Static method should be a constructor. Try converting the method into a constructor. - prefer_constructors_over_static_methods
build	UNKNOWN STEP	2026-01-03T19:31:49.3013545Z [web3_universal_bc_ur]:    info - lib/src/bc_ur_encoder.dart:7:1 - Classes should define instance members. Try adding instance behavior or moving the members out of the class. - avoid_classes_with_only_static_members
build	UNKNOWN STEP	2026-01-03T19:31:49.3060527Z [web3_universal_bc_ur]:    info - lib/src/bc_ur_registry.dart:3:1 - Classes should define instance members. Try adding instance behavior or moving the members out of the class. - avoid_classes_with_only_static_members
build	UNKNOWN STEP	2026-01-03T19:31:49.3062914Z [web3_universal_bc_ur]:    info - lib/src/bc_ur_registry.dart:91:25 - Static method should be a constructor. Try converting the method into a constructor. - prefer_constructors_over_static_methods
build	UNKNOWN STEP	2026-01-03T19:31:49.3064866Z [web3_universal_bc_ur]:    info - lib/src/bc_ur_registry.dart:120:23 - Static method should be a constructor. Try converting the method into a constructor. - prefer_constructors_over_static_methods
build	UNKNOWN STEP	2026-01-03T19:31:49.3066753Z [web3_universal_bc_ur]:    info - lib/src/cbor_decoder.dart:13:5 - Unnecessary duplication of receiver. Try using a cascade to avoid the duplication. - cascade_invocations
build	UNKNOWN STEP	2026-01-03T19:31:49.3068467Z [web3_universal_bc_ur]:    info - lib/src/cbor_decoder.dart:14:5 - Unnecessary duplication of receiver. Try using a cascade to avoid the duplication. - cascade_invocations
build	UNKNOWN STEP	2026-01-03T19:31:49.3070247Z [web3_universal_bc_ur]:    info - lib/src/cbor_encoder.dart:12:5 - Unnecessary duplication of receiver. Try using a cascade to avoid the duplication. - cascade_invocations
build	UNKNOWN STEP	2026-01-03T19:31:49.3102610Z [web3_universal_bc_ur]:    info - lib/src/cbor_encoder.dart:59:7 - Unnecessary duplication of receiver. Try using a cascade to avoid the duplication. - cascade_invocations
build	UNKNOWN STEP	2026-01-03T19:31:49.3104338Z [web3_universal_bc_ur]:    info - lib/src/cbor_encoder.dart:62:7 - Unnecessary duplication of receiver. Try using a cascade to avoid the duplication. - cascade_invocations
build	UNKNOWN STEP	2026-01-03T19:31:49.3105966Z [web3_universal_bc_ur]:    info - lib/src/cbor_encoder.dart:65:7 - Unnecessary duplication of receiver. Try using a cascade to avoid the duplication. - cascade_invocations
build	UNKNOWN STEP	2026-01-03T19:31:49.3107549Z [web3_universal_bc_ur]:    info - lib/src/cbor_encoder.dart:68:7 - Unnecessary duplication of receiver. Try using a cascade to avoid the duplication. - cascade_invocations
build	UNKNOWN STEP	2026-01-03T19:31:49.3109106Z [web3_universal_bc_ur]:    info - lib/src/cbor_encoder.dart:78:7 - Unnecessary duplication of receiver. Try using a cascade to avoid the duplication. - cascade_invocations
build	UNKNOWN STEP	2026-01-03T19:31:49.3110684Z [web3_universal_bc_ur]:    info - lib/src/cbor_encoder.dart:81:7 - Unnecessary duplication of receiver. Try using a cascade to avoid the duplication. - cascade_invocations
build	UNKNOWN STEP	2026-01-03T19:31:49.3172861Z [web3_universal_bc_ur]:    info - lib/src/cbor_encoder.dart:84:7 - Unnecessary duplication of receiver. Try using a cascade to avoid the duplication. - cascade_invocations
build	UNKNOWN STEP	2026-01-03T19:31:49.3174647Z [web3_universal_bc_ur]:    info - lib/src/cbor_encoder.dart:87:7 - Unnecessary duplication of receiver. Try using a cascade to avoid the duplication. - cascade_invocations
build	UNKNOWN STEP	2026-01-03T19:31:49.3176456Z [web3_universal_bc_ur]:    info - lib/src/cbor_encoder.dart:99:7 - Unnecessary duplication of receiver. Try using a cascade to avoid the duplication. - cascade_invocations
build	UNKNOWN STEP	2026-01-03T19:31:49.3178206Z [web3_universal_bc_ur]:    info - lib/src/cbor_encoder.dart:102:7 - Unnecessary duplication of receiver. Try using a cascade to avoid the duplication. - cascade_invocations
build	UNKNOWN STEP	2026-01-03T19:31:49.3179948Z [web3_universal_bc_ur]:    info - lib/src/cbor_encoder.dart:105:7 - Unnecessary duplication of receiver. Try using a cascade to avoid the duplication. - cascade_invocations
build	UNKNOWN STEP	2026-01-03T19:31:49.3182317Z [web3_universal_bc_ur]:    info - lib/src/cbor_encoder.dart:118:7 - Unnecessary duplication of receiver. Try using a cascade to avoid the duplication. - cascade_invocations
build	UNKNOWN STEP	2026-01-03T19:31:49.3184082Z [web3_universal_bc_ur]:    info - lib/src/cbor_encoder.dart:121:7 - Unnecessary duplication of receiver. Try using a cascade to avoid the duplication. - cascade_invocations
build	UNKNOWN STEP	2026-01-03T19:31:49.3185734Z [web3_universal_bc_ur]:    info - lib/src/cbor_encoder.dart:124:7 - Unnecessary duplication of receiver. Try using a cascade to avoid the duplication. - cascade_invocations
build	UNKNOWN STEP	2026-01-03T19:31:49.3187438Z [web3_universal_bc_ur]:    info - lib/src/cbor_encoder.dart:137:7 - Unnecessary duplication of receiver. Try using a cascade to avoid the duplication. - cascade_invocations
build	UNKNOWN STEP	2026-01-03T19:31:49.3189137Z [web3_universal_bc_ur]:    info - lib/src/cbor_encoder.dart:140:7 - Unnecessary duplication of receiver. Try using a cascade to avoid the duplication. - cascade_invocations
build	UNKNOWN STEP	2026-01-03T19:31:49.3190929Z [web3_universal_bc_ur]:    info - lib/src/cbor_encoder.dart:143:7 - Unnecessary duplication of receiver. Try using a cascade to avoid the duplication. - cascade_invocations
build	UNKNOWN STEP	2026-01-03T19:31:49.3192913Z [web3_universal_bc_ur]:    info - lib/src/cbor_encoder.dart:158:7 - Unnecessary duplication of receiver. Try using a cascade to avoid the duplication. - cascade_invocations
build	UNKNOWN STEP	2026-01-03T19:31:49.3194692Z [web3_universal_bc_ur]:    info - lib/src/cbor_encoder.dart:161:7 - Unnecessary duplication of receiver. Try using a cascade to avoid the duplication. - cascade_invocations
build	UNKNOWN STEP	2026-01-03T19:31:49.3196483Z [web3_universal_bc_ur]:    info - lib/src/cbor_encoder.dart:164:7 - Unnecessary duplication of receiver. Try using a cascade to avoid the duplication. - cascade_invocations
build	UNKNOWN STEP	2026-01-03T19:31:49.3198128Z [web3_universal_bc_ur]:    info - lib/web3_universal_bc_ur.dart:6:9 - Library names are not necessary. Remove the library name. - unnecessary_library_name
build	UNKNOWN STEP	2026-01-03T19:31:49.3199922Z [web3_universal_bc_ur]:    info - test/bc_ur_test.dart:4:1 - Sort directive sections alphabetically. Try sorting the directives. - directives_ordering
build	UNKNOWN STEP	2026-01-03T19:31:49.3200987Z [web3_universal_bc_ur]: 
build	UNKNOWN STEP	2026-01-03T19:31:49.3201354Z [web3_universal_bc_ur]: 31 issues found.
build	UNKNOWN STEP	2026-01-03T19:31:49.3853333Z [web3_universal_chains]: Analyzing chains...
build	UNKNOWN STEP	2026-01-03T19:31:49.7276993Z [web3_universal_aa]: 
build	UNKNOWN STEP	2026-01-03T19:31:49.7282747Z [web3_universal_aa]:    info - example/main.dart:3:1 - Sort directive sections alphabetically. Try sorting the directives. - directives_ordering
build	UNKNOWN STEP	2026-01-03T19:31:49.7298875Z [web3_universal_aa]:    info - example/main.dart:4:1 - Sort directive sections alphabetically. Try sorting the directives. - directives_ordering
build	UNKNOWN STEP	2026-01-03T19:31:49.7301497Z [web3_universal_aa]:    info - lib/src/accounts/light_account.dart:43:12 - Use interpolation to compose strings and values. Try using string interpolation to build the composite string. - prefer_interpolation_to_compose_strings
build	UNKNOWN STEP	2026-01-03T19:31:49.7304493Z [web3_universal_aa]:    info - lib/src/accounts/light_account.dart:123:7 - Catch clause should use 'on' to specify the type of exception being caught. Try adding an 'on' clause before the 'catch'. - avoid_catches_without_on_clauses
build	UNKNOWN STEP	2026-01-03T19:31:49.7307128Z [web3_universal_aa]:    info - lib/src/accounts/light_account.dart:145:7 - Catch clause should use 'on' to specify the type of exception being caught. Try adding an 'on' clause before the 'catch'. - avoid_catches_without_on_clauses
build	UNKNOWN STEP	2026-01-03T19:31:49.7343089Z [web3_universal_aa]:    info - lib/src/accounts/simple_account.dart:43:12 - Use interpolation to compose strings and values. Try using string interpolation to build the composite string. - prefer_interpolation_to_compose_strings
build	UNKNOWN STEP	2026-01-03T19:31:49.7349212Z [web3_universal_aa]:    info - lib/src/bundler_client.dart:70:7 - Catch clause should use 'on' to specify the type of exception being caught. Try adding an 'on' clause before the 'catch'. - avoid_catches_without_on_clauses
build	UNKNOWN STEP	2026-01-03T19:31:49.7356691Z [web3_universal_aa]:    info - lib/src/bundler_client.dart:88:7 - Catch clause should use 'on' to specify the type of exception being caught. Try adding an 'on' clause before the 'catch'. - avoid_catches_without_on_clauses
build	UNKNOWN STEP	2026-01-03T19:31:49.7363212Z [web3_universal_aa]:    info - lib/src/entry_point.dart:731:7 - Catch clause should use 'on' to specify the type of exception being caught. Try adding an 'on' clause before the 'catch'. - avoid_catches_without_on_clauses
build	UNKNOWN STEP	2026-01-03T19:31:49.7372581Z [web3_universal_aa]:    info - lib/src/entry_point.dart:867:7 - Catch clause should use 'on' to specify the type of exception being caught. Try adding an 'on' clause before the 'catch'. - avoid_catches_without_on_clauses
build	UNKNOWN STEP	2026-01-03T19:31:49.7374736Z [web3_universal_aa]:    info - lib/src/entry_point.dart:890:1 - Classes should define instance members. Try adding instance behavior or moving the members out of the class. - avoid_classes_with_only_static_members
build	UNKNOWN STEP	2026-01-03T19:31:49.7376864Z [web3_universal_aa]:    info - lib/src/paymaster.dart:140:7 - Catch clause should use 'on' to specify the type of exception being caught. Try adding an 'on' clause before the 'catch'. - avoid_catches_without_on_clauses
build	UNKNOWN STEP	2026-01-03T19:31:49.7378942Z [web3_universal_aa]:    info - lib/src/paymaster.dart:154:7 - Catch clause should use 'on' to specify the type of exception being caught. Try adding an 'on' clause before the 'catch'. - avoid_catches_without_on_clauses
build	UNKNOWN STEP	2026-01-03T19:31:49.7381035Z [web3_universal_aa]:    info - lib/src/paymaster.dart:167:7 - Catch clause should use 'on' to specify the type of exception being caught. Try adding an 'on' clause before the 'catch'. - avoid_catches_without_on_clauses
build	UNKNOWN STEP	2026-01-03T19:31:49.7383191Z [web3_universal_aa]:    info - lib/src/paymaster.dart:235:7 - Catch clause should use 'on' to specify the type of exception being caught. Try adding an 'on' clause before the 'catch'. - avoid_catches_without_on_clauses
build	UNKNOWN STEP	2026-01-03T19:31:49.7385481Z [web3_universal_aa]:    info - lib/src/paymaster.dart:328:7 - Catch clause should use 'on' to specify the type of exception being caught. Try adding an 'on' clause before the 'catch'. - avoid_catches_without_on_clauses
build	UNKNOWN STEP	2026-01-03T19:31:49.7387132Z [web3_universal_aa]:    info - lib/src/smart_account.dart:304:5 - Unnecessary duplication of receiver. Try using a cascade to avoid the duplication. - cascade_invocations
build	UNKNOWN STEP	2026-01-03T19:31:49.7388609Z [web3_universal_aa]:    info - lib/src/smart_account.dart:305:5 - Unnecessary duplication of receiver. Try using a cascade to avoid the duplication. - cascade_invocations
build	UNKNOWN STEP	2026-01-03T19:31:49.7389923Z [web3_universal_aa]:    info - lib/src/user_operation.dart:434:11 - Unnecessary 'this.' qualifier. Try removing 'this.'. - unnecessary_this
build	UNKNOWN STEP	2026-01-03T19:31:49.7391073Z [web3_universal_aa]:    info - lib/src/user_operation.dart:435:29 - Unnecessary 'this.' qualifier. Try removing 'this.'. - unnecessary_this
build	UNKNOWN STEP	2026-01-03T19:31:49.7392781Z [web3_universal_aa]:    info - lib/src/user_operation.dart:456:12 - Use interpolation to compose strings and values. Try using string interpolation to build the composite string. - prefer_interpolation_to_compose_strings
build	UNKNOWN STEP	2026-01-03T19:31:49.7394938Z [web3_universal_aa]:    info - lib/src/user_operation.dart:634:3 - The method '==' should not be overridden in classes not annotated with '@immutable'. Try removing the override or annotating the class with '@immutable'. - avoid_equals_and_hash_code_on_mutable_classes
build	UNKNOWN STEP	2026-01-03T19:31:49.7397322Z [web3_universal_aa]:    info - lib/src/user_operation.dart:649:3 - The method 'hashCode' should not be overridden in classes not annotated with '@immutable'. Try removing the override or annotating the class with '@immutable'. - avoid_equals_and_hash_code_on_mutable_classes
build	UNKNOWN STEP	2026-01-03T19:31:49.7399172Z [web3_universal_aa]:    info - lib/web3_universal_aa.dart:6:9 - Library names are not necessary. Remove the library name. - unnecessary_library_name
build	UNKNOWN STEP	2026-01-03T19:31:49.7400721Z [web3_universal_aa]:    info - test/bundler_client_test.dart:2:1 - Sort directive sections alphabetically. Try sorting the directives. - directives_ordering
build	UNKNOWN STEP	2026-01-03T19:31:49.7402277Z [web3_universal_aa]:    info - test/user_operation_test.dart:2:1 - Sort directive sections alphabetically. Try sorting the directives. - directives_ordering
build	UNKNOWN STEP	2026-01-03T19:31:49.7403871Z [web3_universal_aa]:    info - test/user_operation_test.dart:69:34 - The value of the argument is redundant because it matches the default value. Try removing the argument. - avoid_redundant_argument_values
build	UNKNOWN STEP	2026-01-03T19:31:49.7404963Z [web3_universal_aa]: 
build	UNKNOWN STEP	2026-01-03T19:31:49.7405275Z [web3_universal_aa]: 27 issues found.
build	UNKNOWN STEP	2026-01-03T19:31:49.7963131Z [web3_universal_client]: Analyzing client...
build	UNKNOWN STEP	2026-01-03T19:31:50.0455172Z [web3_universal_abi]: 
build	UNKNOWN STEP	2026-01-03T19:31:50.0459579Z [web3_universal_abi]:   error - example/main.dart:12:19 - Undefined name 'ContractAbi'. Try correcting the name to one that is defined, or defining the name. - undefined_identifier
build	UNKNOWN STEP	2026-01-03T19:31:50.0464667Z [web3_universal_abi]:   error - example/main.dart:16:19 - Undefined name 'ContractAbi'. Try correcting the name to one that is defined, or defining the name. - undefined_identifier
build	UNKNOWN STEP	2026-01-03T19:31:50.0469368Z [web3_universal_abi]: warning - example/main.dart:22:10 - The declaration 'toHex' isn't referenced. Try removing the declaration of 'toHex'. - unused_element
build	UNKNOWN STEP	2026-01-03T19:31:50.0474682Z [web3_universal_abi]: warning - test/abi_official_vector_test.dart:97:30 - The type argument(s) of 'List' can't be inferred. Use explicit type argument(s) for 'List'. - inference_failure_on_collection_literal
build	UNKNOWN STEP	2026-01-03T19:31:50.0479660Z [web3_universal_abi]:    info - example/main.dart:2:1 - Place 'dart:' imports before other imports. Try sorting the directives. - directives_ordering
build	UNKNOWN STEP	2026-01-03T19:31:50.0484425Z [web3_universal_abi]:    info - example/main.dart:22:74 - The value of the argument is redundant because it matches the default value. Try removing the argument. - avoid_redundant_argument_values
build	UNKNOWN STEP	2026-01-03T19:31:50.0490837Z [web3_universal_abi]:    info - lib/src/encoder.dart:185:26 - Statements in an if should be enclosed in a block. Try wrapping the statement in a block. - curly_braces_in_flow_control_structures
build	UNKNOWN STEP	2026-01-03T19:31:50.0493281Z [web3_universal_abi]:    info - lib/src/encoder.dart:186:31 - Statements in an if should be enclosed in a block. Try wrapping the statement in a block. - curly_braces_in_flow_control_structures
build	UNKNOWN STEP	2026-01-03T19:31:50.0494902Z [web3_universal_abi]:    info - lib/src/parser.dart:15:14 - Closure should be a tearoff. Try using a tearoff rather than a closure. - unnecessary_lambdas
build	UNKNOWN STEP	2026-01-03T19:31:50.0496338Z [web3_universal_abi]:    info - lib/src/parser.dart:25:14 - Closure should be a tearoff. Try using a tearoff rather than a closure. - unnecessary_lambdas
build	UNKNOWN STEP	2026-01-03T19:31:50.0497806Z [web3_universal_abi]:    info - lib/src/parser.dart:35:14 - Closure should be a tearoff. Try using a tearoff rather than a closure. - unnecessary_lambdas
build	UNKNOWN STEP	2026-01-03T19:31:50.0499360Z [web3_universal_abi]:    info - lib/src/pretty_printer.dart:27:7 - Unnecessary duplication of receiver. Try using a cascade to avoid the duplication. - cascade_invocations
build	UNKNOWN STEP	2026-01-03T19:31:50.0501006Z [web3_universal_abi]:    info - lib/src/pretty_printer.dart:55:5 - Unnecessary duplication of receiver. Try using a cascade to avoid the duplication. - cascade_invocations
build	UNKNOWN STEP	2026-01-03T19:31:50.0503541Z [web3_universal_abi]:    info - lib/src/pretty_printer.dart:56:5 - Unnecessary duplication of receiver. Try using a cascade to avoid the duplication. - cascade_invocations
build	UNKNOWN STEP	2026-01-03T19:31:50.0505221Z [web3_universal_abi]:    info - lib/src/pretty_printer.dart:60:7 - Unnecessary duplication of receiver. Try using a cascade to avoid the duplication. - cascade_invocations
build	UNKNOWN STEP	2026-01-03T19:31:50.0506878Z [web3_universal_abi]:    info - lib/src/pretty_printer.dart:74:5 - Unnecessary duplication of receiver. Try using a cascade to avoid the duplication. - cascade_invocations
build	UNKNOWN STEP	2026-01-03T19:31:50.0508848Z [web3_universal_abi]:    info - lib/src/pretty_printer.dart:75:5 - Unnecessary duplication of receiver. Try using a cascade to avoid the duplication. - cascade_invocations
build	UNKNOWN STEP	2026-01-03T19:31:50.0510542Z [web3_universal_abi]:    info - lib/src/pretty_printer.dart:154:5 - Unnecessary duplication of receiver. Try using a cascade to avoid the duplication. - cascade_invocations
build	UNKNOWN STEP	2026-01-03T19:31:50.0512411Z [web3_universal_abi]:    info - lib/src/pretty_printer.dart:182:5 - Unnecessary duplication of receiver. Try using a cascade to avoid the duplication. - cascade_invocations
build	UNKNOWN STEP	2026-01-03T19:31:50.0514089Z [web3_universal_abi]:    info - lib/src/typed_data.dart:25:23 - Method invocation or property access on a 'dynamic' target. Try giving the target a type. - avoid_dynamic_calls
build	UNKNOWN STEP	2026-01-03T19:31:50.0515752Z [web3_universal_abi]:    info - lib/src/typed_data.dart:26:23 - Method invocation or property access on a 'dynamic' target. Try giving the target a type. - avoid_dynamic_calls
build	UNKNOWN STEP	2026-01-03T19:31:50.0518103Z [web3_universal_abi]:    info - lib/src/typed_data.dart:163:7 - Unnecessary duplication of receiver. Try using a cascade to avoid the duplication. - cascade_invocations
build	UNKNOWN STEP	2026-01-03T19:31:50.0519831Z [web3_universal_abi]:    info - lib/src/types.dart:220:5 - Unnecessary duplication of receiver. Try using a cascade to avoid the duplication. - cascade_invocations
build	UNKNOWN STEP	2026-01-03T19:31:50.0522037Z [web3_universal_abi]:    info - lib/src/types.dart:251:5 - Unnecessary duplication of receiver. Try using a cascade to avoid the duplication. - cascade_invocations
build	UNKNOWN STEP	2026-01-03T19:31:50.0523953Z [web3_universal_abi]:    info - lib/web3_universal_abi.dart:10:9 - Library names are not necessary. Remove the library name. - unnecessary_library_name
build	UNKNOWN STEP	2026-01-03T19:31:50.0525812Z [web3_universal_abi]:    info - test/abi_fixes_test.dart:4:1 - Sort directive sections alphabetically. Try sorting the directives. - directives_ordering
build	UNKNOWN STEP	2026-01-03T19:31:50.0528623Z [web3_universal_abi]:    info - test/abi_fixes_test.dart:235:14 - Method invocation or property access on a 'dynamic' target. Try giving the target a type. - avoid_dynamic_calls
build	UNKNOWN STEP	2026-01-03T19:31:50.0530803Z [web3_universal_abi]:    info - test/abi_fixes_test.dart:236:14 - Method invocation or property access on a 'dynamic' target. Try giving the target a type. - avoid_dynamic_calls
build	UNKNOWN STEP	2026-01-03T19:31:50.0533259Z [web3_universal_abi]:    info - test/abi_fixes_test.dart:237:15 - Method invocation or property access on a 'dynamic' target. Try giving the target a type. - avoid_dynamic_calls
build	UNKNOWN STEP	2026-01-03T19:31:50.0535375Z [web3_universal_abi]:    info - test/abi_official_vector_test.dart:7:1 - Sort directive sections alphabetically. Try sorting the directives. - directives_ordering
build	UNKNOWN STEP	2026-01-03T19:31:50.0539558Z [web3_universal_abi]:    info - test/abi_official_vector_test.dart:79:5 - Unnecessary duplication of receiver. Try using a cascade to avoid the duplication. - cascade_invocations
build	UNKNOWN STEP	2026-01-03T19:31:50.0562981Z [web3_universal_abi]:    info - test/abi_official_vector_test.dart:81:44 - Method invocation or property access on a 'dynamic' target. Try giving the target a type. - avoid_dynamic_calls
build	UNKNOWN STEP	2026-01-03T19:31:50.0564918Z [web3_universal_abi]:    info - test/abi_official_vector_test.dart:82:25 - Method invocation or property access on a 'dynamic' target. Try giving the target a type. - avoid_dynamic_calls
build	UNKNOWN STEP	2026-01-03T19:31:50.0566736Z [web3_universal_abi]:    info - test/abi_official_vector_test.dart:83:29 - Method invocation or property access on a 'dynamic' target. Try giving the target a type. - avoid_dynamic_calls
build	UNKNOWN STEP	2026-01-03T19:31:50.0583006Z [web3_universal_abi]:    info - test/abi_property_test.dart:6:1 - Sort directive sections alphabetically. Try sorting the directives. - directives_ordering
build	UNKNOWN STEP	2026-01-03T19:31:50.0584886Z [web3_universal_abi]:    info - test/abi_property_test.dart:35:11 - Catch clause should use 'on' to specify the type of exception being caught. Try adding an 'on' clause before the 'catch'. - avoid_catches_without_on_clauses
build	UNKNOWN STEP	2026-01-03T19:31:50.0587209Z [web3_universal_abi]:    info - test/abi_property_test.dart:83:11 - Catch clause should use 'on' to specify the type of exception being caught. Try adding an 'on' clause before the 'catch'. - avoid_catches_without_on_clauses
build	UNKNOWN STEP	2026-01-03T19:31:50.0589233Z [web3_universal_abi]:    info - test/abi_property_test.dart:139:11 - Catch clause should use 'on' to specify the type of exception being caught. Try adding an 'on' clause before the 'catch'. - avoid_catches_without_on_clauses
build	UNKNOWN STEP	2026-01-03T19:31:50.0591407Z [web3_universal_abi]:    info - test/abi_property_test.dart:198:11 - Catch clause should use 'on' to specify the type of exception being caught. Try adding an 'on' clause before the 'catch'. - avoid_catches_without_on_clauses
build	UNKNOWN STEP	2026-01-03T19:31:50.0593599Z [web3_universal_abi]:    info - test/abi_property_test.dart:282:11 - Catch clause should use 'on' to specify the type of exception being caught. Try adding an 'on' clause before the 'catch'. - avoid_catches_without_on_clauses
build	UNKNOWN STEP	2026-01-03T19:31:50.0595286Z [web3_universal_abi]:    info - test/decoder_test.dart:5:1 - Sort directive sections alphabetically. Try sorting the directives. - directives_ordering
build	UNKNOWN STEP	2026-01-03T19:31:50.0596707Z [web3_universal_abi]:    info - test/encoder_test.dart:3:1 - Sort directive sections alphabetically. Try sorting the directives. - directives_ordering
build	UNKNOWN STEP	2026-01-03T19:31:50.0598785Z [web3_universal_abi]:    info - test/parser_test.dart:4:1 - Sort directive sections alphabetically. Try sorting the directives. - directives_ordering
build	UNKNOWN STEP	2026-01-03T19:31:50.0600307Z [web3_universal_abi]:    info - test/pretty_printer_test.dart:2:1 - Sort directive sections alphabetically. Try sorting the directives. - directives_ordering
build	UNKNOWN STEP	2026-01-03T19:31:50.0602092Z [web3_universal_abi]:    info - test/typed_data_test.dart:3:1 - Sort directive sections alphabetically. Try sorting the directives. - directives_ordering
build	UNKNOWN STEP	2026-01-03T19:31:50.0603877Z [web3_universal_abi]:    info - test/typed_data_test.dart:158:14 - Method invocation or property access on a 'dynamic' target. Try giving the target a type. - avoid_dynamic_calls
build	UNKNOWN STEP	2026-01-03T19:31:50.0605703Z [web3_universal_abi]:    info - test/types_test.dart:4:1 - Sort directive sections alphabetically. Try sorting the directives. - directives_ordering
build	UNKNOWN STEP	2026-01-03T19:31:50.0607248Z [web3_universal_abi]: 
build	UNKNOWN STEP	2026-01-03T19:31:50.0607873Z [web3_universal_abi]: 47 issues found.
build	UNKNOWN STEP	2026-01-03T19:31:50.0970342Z [web3_universal_contract]: Analyzing contract...
build	UNKNOWN STEP	2026-01-03T19:31:50.7141604Z [web3_universal_chains]: 
build	UNKNOWN STEP	2026-01-03T19:31:50.7144010Z [web3_universal_chains]:   error - example/main.dart:7:62 - The getter 'symbol' isn't defined for the type 'String'. Try importing the library that defines 'symbol', correcting the name to the name of an existing getter, or defining a getter or field named 'symbol'. - undefined_getter
build	UNKNOWN STEP	2026-01-03T19:31:50.7147285Z [web3_universal_chains]:   error - example/main.dart:10:60 - The getter 'symbol' isn't defined for the type 'String'. Try importing the library that defines 'symbol', correcting the name to the name of an existing getter, or defining a getter or field named 'symbol'. - undefined_getter
build	UNKNOWN STEP	2026-01-03T19:31:50.7154515Z [web3_universal_chains]:    info - lib/web3_universal_chains.dart:2:9 - Library names are not necessary. Remove the library name. - unnecessary_library_name
build	UNKNOWN STEP	2026-01-03T19:31:50.7156383Z [web3_universal_chains]:    info - test/chain_config_test.dart:2:1 - Sort directive sections alphabetically. Try sorting the directives. - directives_ordering
build	UNKNOWN STEP	2026-01-03T19:31:50.7158112Z [web3_universal_chains]:    info - test/chains_test.dart:2:1 - Sort directive sections alphabetically. Try sorting the directives. - directives_ordering
build	UNKNOWN STEP	2026-01-03T19:31:50.7159296Z [web3_universal_chains]: 
build	UNKNOWN STEP	2026-01-03T19:31:50.7159923Z [web3_universal_chains]: 5 issues found.
build	UNKNOWN STEP	2026-01-03T19:31:50.7804648Z [web3_universal_core]: Analyzing core...
build	UNKNOWN STEP	2026-01-03T19:31:50.9831098Z [web3_universal_client]: 
build	UNKNOWN STEP	2026-01-03T19:31:50.9834126Z [web3_universal_client]:   error - example/main.dart:6:32 - The named parameter 'chain' is required, but there's no corresponding argument. Try adding the required argument. - missing_required_argument
build	UNKNOWN STEP	2026-01-03T19:31:50.9837391Z [web3_universal_client]:   error - example/main.dart:22:43 - The method 'getValueInUnit' isn't defined for the type 'BigInt'. Try correcting the name to the name of an existing method, or defining a method named 'getValueInUnit'. - undefined_method
build	UNKNOWN STEP	2026-01-03T19:31:50.9850469Z [web3_universal_client]:   error - example/main.dart:24:18 - This expression has a type of 'void' so its value can't be used. Try checking to see if you're using the correct API; there might be a function or call that returns void you didn't expect. Also check type parameters and variables which might also be void. - use_of_void_result
build	UNKNOWN STEP	2026-01-03T19:31:50.9856435Z [web3_universal_client]: warning - lib/src/ccip_read.dart:94:11 - The value of the local variable 'senderHex' isn't used. Try removing the variable or using it. - unused_local_variable
build	UNKNOWN STEP	2026-01-03T19:31:50.9861317Z [web3_universal_client]: warning - test/ccip_read_test.dart:2:8 - Unused import: 'dart:typed_data'. Try removing the import directive. - unused_import
build	UNKNOWN STEP	2026-01-03T19:31:50.9866453Z [web3_universal_client]: warning - test/ccip_read_test.dart:132:15 - The value of the local variable 'handler' isn't used. Try removing the variable or using it. - unused_local_variable
build	UNKNOWN STEP	2026-01-03T19:31:50.9872167Z [web3_universal_client]: warning - test/client_property_test.dart:1:8 - Unused import: 'package:web3_universal_core/web3_universal_core.dart'. Try removing the import directive. - unused_import
build	UNKNOWN STEP	2026-01-03T19:31:50.9875262Z [web3_universal_client]: warning - test/client_property_test.dart:2:8 - Unused import: 'package:web3_universal_client/web3_universal_client.dart'. Try removing the import directive. - unused_import
build	UNKNOWN STEP	2026-01-03T19:31:50.9898290Z [web3_universal_client]: warning - test/client_property_test.dart:5:8 - Unused import: 'package:test/test.dart'. Try removing the import directive. - unused_import
build	UNKNOWN STEP	2026-01-03T19:31:50.9900349Z [web3_universal_client]:    info - example/main.dart:24:5 - Uses 'await' on an instance of 'void', which is not a subtype of 'Future'. Try removing the 'await' or changing the expression. - await_only_futures
build	UNKNOWN STEP	2026-01-03T19:31:50.9902274Z [web3_universal_client]:    info - lib/src/ccip_read.dart:6:1 - Sort directive sections alphabetically. Try sorting the directives. - directives_ordering
build	UNKNOWN STEP	2026-01-03T19:31:50.9903813Z [web3_universal_client]:    info - lib/src/ccip_read.dart:76:9 - Missing a required trailing comma. Try adding a trailing comma. - require_trailing_commas
build	UNKNOWN STEP	2026-01-03T19:31:50.9905309Z [web3_universal_client]:    info - lib/src/ccip_read.dart:81:17 - Missing a required trailing comma. Try adding a trailing comma. - require_trailing_commas
build	UNKNOWN STEP	2026-01-03T19:31:50.9907096Z [web3_universal_client]:    info - lib/src/ccip_read.dart:82:9 - Catch clause should use 'on' to specify the type of exception being caught. Try adding an 'on' clause before the 'catch'. - avoid_catches_without_on_clauses
build	UNKNOWN STEP	2026-01-03T19:31:50.9909010Z [web3_universal_client]:    info - lib/src/models.dart:33:16 - Method invocation or property access on a 'dynamic' target. Try giving the target a type. - avoid_dynamic_calls
build	UNKNOWN STEP	2026-01-03T19:31:50.9910596Z [web3_universal_client]:    info - lib/src/public_client.dart:76:18 - Unnecessary 'await'. Try removing the 'await'. - unnecessary_await_in_return
build	UNKNOWN STEP	2026-01-03T19:31:50.9912321Z [web3_universal_client]:    info - lib/src/wallet_client.dart:297:8 - The method is used to change a property. Try converting the method to a setter. - use_setters_to_change_properties
build	UNKNOWN STEP	2026-01-03T19:31:50.9913887Z [web3_universal_client]:    info - lib/web3_universal_client.dart:2:9 - Library names are not necessary. Remove the library name. - unnecessary_library_name
build	UNKNOWN STEP	2026-01-03T19:31:50.9915393Z [web3_universal_client]:    info - lib/web3_universal_client.dart:8:1 - Sort directive sections alphabetically. Try sorting the directives. - directives_ordering
build	UNKNOWN STEP	2026-01-03T19:31:50.9916891Z [web3_universal_client]:    info - test/ccip_read_test.dart:9:1 - Sort directive sections alphabetically. Try sorting the directives. - directives_ordering
build	UNKNOWN STEP	2026-01-03T19:31:50.9918597Z [web3_universal_client]:    info - test/ccip_read_test.dart:53:11 - Missing a required trailing comma. Try adding a trailing comma. - require_trailing_commas
build	UNKNOWN STEP	2026-01-03T19:31:50.9920085Z [web3_universal_client]:    info - test/ccip_read_test.dart:108:8 - Missing a required trailing comma. Try adding a trailing comma. - require_trailing_commas
build	UNKNOWN STEP	2026-01-03T19:31:50.9921648Z [web3_universal_client]:    info - test/client_property_test.dart:2:1 - Sort directive sections alphabetically. Try sorting the directives. - directives_ordering
build	UNKNOWN STEP	2026-01-03T19:31:50.9923446Z [web3_universal_client]:    info - test/client_property_test.dart:4:1 - Sort directive sections alphabetically. Try sorting the directives. - directives_ordering
build	UNKNOWN STEP	2026-01-03T19:31:50.9924480Z [web3_universal_client]: 
build	UNKNOWN STEP	2026-01-03T19:31:50.9924849Z [web3_universal_client]: 24 issues found.
build	UNKNOWN STEP	2026-01-03T19:31:51.0220268Z [web3_universal_bridge]: 
build	UNKNOWN STEP	2026-01-03T19:31:51.0223537Z [web3_universal_bridge]: warning - example/main.dart:5:9 - The value of the local variable 'bridge' isn't used. Try removing the variable or using it. - unused_local_variable
build	UNKNOWN STEP	2026-01-03T19:31:51.0225909Z [web3_universal_bridge]:    info - lib/src/bridge_quote.dart:186:32 - Static method should be a constructor. Try converting the method into a constructor. - prefer_constructors_over_static_methods
build	UNKNOWN STEP	2026-01-03T19:31:51.0241517Z [web3_universal_bridge]:    info - lib/src/bridge_service.dart:128:11 - Catch clause should use 'on' to specify the type of exception being caught. Try adding an 'on' clause before the 'catch'. - avoid_catches_without_on_clauses
build	UNKNOWN STEP	2026-01-03T19:31:51.0244702Z [web3_universal_bridge]:    info - lib/src/bridge_service.dart:163:9 - Catch clause should use 'on' to specify the type of exception being caught. Try adding an 'on' clause before the 'catch'. - avoid_catches_without_on_clauses
build	UNKNOWN STEP	2026-01-03T19:31:51.0248040Z [web3_universal_bridge]:    info - lib/src/bridge_service.dart:227:11 - Catch clause should use 'on' to specify the type of exception being caught. Try adding an 'on' clause before the 'catch'. - avoid_catches_without_on_clauses
build	UNKNOWN STEP	2026-01-03T19:31:51.0251558Z [web3_universal_bridge]:    info - lib/src/bridge_service.dart:254:11 - Catch clause should use 'on' to specify the type of exception being caught. Try adding an 'on' clause before the 'catch'. - avoid_catches_without_on_clauses
build	UNKNOWN STEP	2026-01-03T19:31:51.0254052Z [web3_universal_bridge]:    info - lib/src/bridge_service.dart:297:7 - Catch clause should use 'on' to specify the type of exception being caught. Try adding an 'on' clause before the 'catch'. - avoid_catches_without_on_clauses
build	UNKNOWN STEP	2026-01-03T19:31:51.0256374Z [web3_universal_bridge]:    info - lib/src/bridge_tracker.dart:79:7 - Catch clause should use 'on' to specify the type of exception being caught. Try adding an 'on' clause before the 'catch'. - avoid_catches_without_on_clauses
build	UNKNOWN STEP	2026-01-03T19:31:51.0258746Z [web3_universal_bridge]:    info - lib/src/bridge_tracker.dart:113:9 - Catch clause should use 'on' to specify the type of exception being caught. Try adding an 'on' clause before the 'catch'. - avoid_catches_without_on_clauses
build	UNKNOWN STEP	2026-01-03T19:31:51.0261178Z [web3_universal_bridge]:    info - lib/src/bridge_tracker.dart:221:7 - Catch clause should use 'on' to specify the type of exception being caught. Try adding an 'on' clause before the 'catch'. - avoid_catches_without_on_clauses
build	UNKNOWN STEP	2026-01-03T19:31:51.0263341Z [web3_universal_bridge]:    info - lib/src/bridge_tracker.dart:404:2 - Missing a newline at the end of the file. Try adding a newline at the end of the file. - eol_at_end_of_file
build	UNKNOWN STEP	2026-01-03T19:31:51.0265512Z [web3_universal_bridge]:    info - lib/src/bridge_types.dart:56:3 - The method '==' should not be overridden in classes not annotated with '@immutable'. Try removing the override or annotating the class with '@immutable'. - avoid_equals_and_hash_code_on_mutable_classes
build	UNKNOWN STEP	2026-01-03T19:31:51.0268242Z [web3_universal_bridge]:    info - lib/src/bridge_types.dart:64:3 - The method 'hashCode' should not be overridden in classes not annotated with '@immutable'. Try removing the override or annotating the class with '@immutable'. - avoid_equals_and_hash_code_on_mutable_classes
build	UNKNOWN STEP	2026-01-03T19:31:51.0271220Z [web3_universal_bridge]:    info - lib/src/protocols/layerzero_bridge.dart:172:7 - Catch clause should use 'on' to specify the type of exception being caught. Try adding an 'on' clause before the 'catch'. - avoid_catches_without_on_clauses
build	UNKNOWN STEP	2026-01-03T19:31:51.0313896Z [web3_universal_bridge]:    info - lib/src/protocols/layerzero_bridge.dart:258:7 - Catch clause should use 'on' to specify the type of exception being caught. Try adding an 'on' clause before the 'catch'. - avoid_catches_without_on_clauses
build	UNKNOWN STEP	2026-01-03T19:31:51.0316202Z [web3_universal_bridge]:    info - lib/src/protocols/native_bridge.dart:147:5 - Unnecessary duplication of receiver. Try using a cascade to avoid the duplication. - cascade_invocations
build	UNKNOWN STEP	2026-01-03T19:31:51.0318433Z [web3_universal_bridge]:    info - lib/src/protocols/stargate_bridge.dart:169:7 - Catch clause should use 'on' to specify the type of exception being caught. Try adding an 'on' clause before the 'catch'. - avoid_catches_without_on_clauses
build	UNKNOWN STEP	2026-01-03T19:31:51.0320873Z [web3_universal_bridge]:    info - lib/src/protocols/stargate_bridge.dart:249:7 - Catch clause should use 'on' to specify the type of exception being caught. Try adding an 'on' clause before the 'catch'. - avoid_catches_without_on_clauses
build	UNKNOWN STEP	2026-01-03T19:31:51.0323734Z [web3_universal_bridge]:    info - lib/src/protocols/wormhole_bridge.dart:175:7 - Catch clause should use 'on' to specify the type of exception being caught. Try adding an 'on' clause before the 'catch'. - avoid_catches_without_on_clauses
build	UNKNOWN STEP	2026-01-03T19:31:51.0326217Z [web3_universal_bridge]:    info - lib/src/protocols/wormhole_bridge.dart:253:7 - Catch clause should use 'on' to specify the type of exception being caught. Try adding an 'on' clause before the 'catch'. - avoid_catches_without_on_clauses
build	UNKNOWN STEP	2026-01-03T19:31:51.0328556Z [web3_universal_bridge]:    info - lib/web3_universal_bridge.dart:2:9 - Library names are not necessary. Remove the library name. - unnecessary_library_name
build	UNKNOWN STEP	2026-01-03T19:31:51.0329582Z [web3_universal_bridge]: 
build	UNKNOWN STEP	2026-01-03T19:31:51.0329952Z [web3_universal_bridge]: 21 issues found.
build	UNKNOWN STEP	2026-01-03T19:31:51.0348827Z [web3_universal_cosmos]: Analyzing cosmos...
build	UNKNOWN STEP	2026-01-03T19:31:51.0777994Z [web3_universal_crypto]: Analyzing crypto...
build	UNKNOWN STEP	2026-01-03T19:31:51.1704195Z [web3_universal_contract]: 
build	UNKNOWN STEP	2026-01-03T19:31:51.1705500Z [web3_universal_contract]:   error - example/main.dart:18:32 - The named parameter 'chain' is required, but there's no corresponding argument. Try adding the required argument. - missing_required_argument
build	UNKNOWN STEP	2026-01-03T19:31:51.1708161Z [web3_universal_contract]:   error - example/main.dart:40:16 - This expression has a type of 'void' so its value can't be used. Try checking to see if you're using the correct API; there might be a function or call that returns void you didn't expect. Also check type parameters and variables which might also be void. - use_of_void_result
build	UNKNOWN STEP	2026-01-03T19:31:51.1710791Z [web3_universal_contract]: warning - example/main.dart:3:8 - Unused import: 'package:web3_universal_core/web3_universal_core.dart'. Try removing the import directive. - unused_import
build	UNKNOWN STEP	2026-01-03T19:31:51.1714377Z [web3_universal_contract]:    info - example/main.dart:4:1 - Sort directive sections alphabetically. Try sorting the directives. - directives_ordering
build	UNKNOWN STEP	2026-01-03T19:31:51.1716031Z [web3_universal_contract]:    info - example/main.dart:10:7 - Unnecessary use of double quotes. Try using single quotes unless the string contains single quotes. - prefer_single_quotes
build	UNKNOWN STEP	2026-01-03T19:31:51.1717869Z [web3_universal_contract]:    info - example/main.dart:11:7 - Unnecessary use of double quotes. Try using single quotes unless the string contains single quotes. - prefer_single_quotes
build	UNKNOWN STEP	2026-01-03T19:31:51.1719702Z [web3_universal_contract]:    info - example/main.dart:11:19 - Unnecessary use of double quotes. Try using single quotes unless the string contains single quotes. - prefer_single_quotes
build	UNKNOWN STEP	2026-01-03T19:31:51.1722167Z [web3_universal_contract]:    info - example/main.dart:11:27 - Unnecessary use of double quotes. Try using single quotes unless the string contains single quotes. - prefer_single_quotes
build	UNKNOWN STEP	2026-01-03T19:31:51.1724025Z [web3_universal_contract]:    info - example/main.dart:11:37 - Unnecessary use of double quotes. Try using single quotes unless the string contains single quotes. - prefer_single_quotes
build	UNKNOWN STEP	2026-01-03T19:31:51.1725804Z [web3_universal_contract]:    info - example/main.dart:11:45 - Unnecessary use of double quotes. Try using single quotes unless the string contains single quotes. - prefer_single_quotes
build	UNKNOWN STEP	2026-01-03T19:31:51.1727643Z [web3_universal_contract]:    info - example/main.dart:12:7 - Unnecessary use of double quotes. Try using single quotes unless the string contains single quotes. - prefer_single_quotes
build	UNKNOWN STEP	2026-01-03T19:31:51.1729538Z [web3_universal_contract]:    info - example/main.dart:12:15 - Unnecessary use of double quotes. Try using single quotes unless the string contains single quotes. - prefer_single_quotes
build	UNKNOWN STEP	2026-01-03T19:31:51.1731366Z [web3_universal_contract]:    info - example/main.dart:13:7 - Unnecessary use of double quotes. Try using single quotes unless the string contains single quotes. - prefer_single_quotes
build	UNKNOWN STEP	2026-01-03T19:31:51.1764202Z [web3_universal_contract]:    info - example/main.dart:13:20 - Unnecessary use of double quotes. Try using single quotes unless the string contains single quotes. - prefer_single_quotes
build	UNKNOWN STEP	2026-01-03T19:31:51.1766125Z [web3_universal_contract]:    info - example/main.dart:13:28 - Unnecessary use of double quotes. Try using single quotes unless the string contains single quotes. - prefer_single_quotes
build	UNKNOWN STEP	2026-01-03T19:31:51.1767994Z [web3_universal_contract]:    info - example/main.dart:13:39 - Unnecessary use of double quotes. Try using single quotes unless the string contains single quotes. - prefer_single_quotes
build	UNKNOWN STEP	2026-01-03T19:31:51.1770056Z [web3_universal_contract]:    info - example/main.dart:13:47 - Unnecessary use of double quotes. Try using single quotes unless the string contains single quotes. - prefer_single_quotes
build	UNKNOWN STEP	2026-01-03T19:31:51.1772059Z [web3_universal_contract]:    info - example/main.dart:14:7 - Unnecessary use of double quotes. Try using single quotes unless the string contains single quotes. - prefer_single_quotes
build	UNKNOWN STEP	2026-01-03T19:31:51.1773861Z [web3_universal_contract]:    info - example/main.dart:14:15 - Unnecessary use of double quotes. Try using single quotes unless the string contains single quotes. - prefer_single_quotes
build	UNKNOWN STEP	2026-01-03T19:31:51.1775564Z [web3_universal_contract]:    info - example/main.dart:15:5 - Missing a required trailing comma. Try adding a trailing comma. - require_trailing_commas
build	UNKNOWN STEP	2026-01-03T19:31:51.1777321Z [web3_universal_contract]:    info - example/main.dart:40:3 - Uses 'await' on an instance of 'void', which is not a subtype of 'Future'. Try removing the 'await' or changing the expression. - await_only_futures
build	UNKNOWN STEP	2026-01-03T19:31:51.1779419Z [web3_universal_contract]:    info - lib/src/contract.dart:122:7 - Catch clause should use 'on' to specify the type of exception being caught. Try adding an 'on' clause before the 'catch'. - avoid_catches_without_on_clauses
build	UNKNOWN STEP	2026-01-03T19:31:51.1781641Z [web3_universal_contract]:    info - lib/src/contract.dart:249:13 - Catch clause should use 'on' to specify the type of exception being caught. Try adding an 'on' clause before the 'catch'. - avoid_catches_without_on_clauses
build	UNKNOWN STEP	2026-01-03T19:31:51.1784071Z [web3_universal_contract]:    info - lib/src/erc1155_contract.dart:158:53 - 'bool' parameters should be named parameters. Try converting the parameter to a named parameter. - avoid_positional_boolean_parameters
build	UNKNOWN STEP	2026-01-03T19:31:51.1786284Z [web3_universal_contract]:    info - lib/src/erc721_contract.dart:202:53 - 'bool' parameters should be named parameters. Try converting the parameter to a named parameter. - avoid_positional_boolean_parameters
build	UNKNOWN STEP	2026-01-03T19:31:51.1788540Z [web3_universal_contract]:    info - lib/web3_universal_contract.dart:2:9 - Library names are not necessary. Remove the library name. - unnecessary_library_name
build	UNKNOWN STEP	2026-01-03T19:31:51.1790269Z [web3_universal_contract]:    info - test/contract_factory_test.dart:2:1 - Sort directive sections alphabetically. Try sorting the directives. - directives_ordering
build	UNKNOWN STEP	2026-01-03T19:31:51.1822519Z [web3_universal_contract]:    info - test/contract_test.dart:7:1 - Sort directive sections alphabetically. Try sorting the directives. - directives_ordering
build	UNKNOWN STEP	2026-01-03T19:31:51.1824363Z [web3_universal_contract]:    info - test/contract_test.dart:134:9 - Unnecessary duplication of receiver. Try using a cascade to avoid the duplication. - cascade_invocations
build	UNKNOWN STEP	2026-01-03T19:31:51.1826141Z [web3_universal_contract]:    info - test/erc20_contract_test.dart:3:1 - Sort directive sections alphabetically. Try sorting the directives. - directives_ordering
build	UNKNOWN STEP	2026-01-03T19:31:51.1827898Z [web3_universal_contract]:    info - test/mock_client.dart:42:8 - The method is used to change a property. Try converting the method to a setter. - use_setters_to_change_properties
build	UNKNOWN STEP	2026-01-03T19:31:51.1829687Z [web3_universal_contract]:    info - test/mock_client.dart:82:8 - The method is used to change a property. Try converting the method to a setter. - use_setters_to_change_properties
build	UNKNOWN STEP	2026-01-03T19:31:51.1830826Z [web3_universal_contract]: 
build	UNKNOWN STEP	2026-01-03T19:31:51.1831239Z [web3_universal_contract]: 32 issues found.
build	UNKNOWN STEP	2026-01-03T19:31:51.2197823Z [web3_universal_dapp]: Analyzing dapp...
build	UNKNOWN STEP	2026-01-03T19:31:52.0733225Z [web3_universal_dapp]: 
build	UNKNOWN STEP	2026-01-03T19:31:52.0737694Z [web3_universal_dapp]:    info - lib/web3_universal_dapp.dart:1:9 - Library names are not necessary. Remove the library name. - unnecessary_library_name
build	UNKNOWN STEP	2026-01-03T19:31:52.0742144Z [web3_universal_dapp]: 
build	UNKNOWN STEP	2026-01-03T19:31:52.0745717Z [web3_universal_dapp]: 1 issue found.
build	UNKNOWN STEP	2026-01-03T19:31:52.0869172Z [web3_universal_core]: 
build	UNKNOWN STEP	2026-01-03T19:31:52.0874932Z [web3_universal_core]:   error - test/rlp_official_vector_test.dart:60:29 - A value of type 'dynamic' can't be assigned to a variable of type 'String'. Try changing the type of the variable, or casting the right-hand type to 'String'. - invalid_assignment
build	UNKNOWN STEP	2026-01-03T19:31:52.0884489Z [web3_universal_core]:    info - example/main.dart:18:9 - Unnecessary type annotation on a local variable. Try removing the type annotation. - omit_local_variable_types
build	UNKNOWN STEP	2026-01-03T19:31:52.0899605Z [web3_universal_core]:    info - lib/src/address.dart:133:30 - Static method should be a constructor. Try converting the method into a constructor. - prefer_constructors_over_static_methods
build	UNKNOWN STEP	2026-01-03T19:31:52.0901659Z [web3_universal_core]:    info - lib/src/address.dart:139:3 - The method '==' should not be overridden in classes not annotated with '@immutable'. Try removing the override or annotating the class with '@immutable'. - avoid_equals_and_hash_code_on_mutable_classes
build	UNKNOWN STEP	2026-01-03T19:31:52.0904097Z [web3_universal_core]:    info - lib/src/address.dart:146:3 - The method 'hashCode' should not be overridden in classes not annotated with '@immutable'. Try removing the override or annotating the class with '@immutable'. - avoid_equals_and_hash_code_on_mutable_classes
build	UNKNOWN STEP	2026-01-03T19:31:52.0906020Z [web3_universal_core]:    info - lib/src/hex.dart:26:7 - Unnecessary duplication of receiver. Try using a cascade to avoid the duplication. - cascade_invocations
build	UNKNOWN STEP	2026-01-03T19:31:52.0907463Z [web3_universal_core]:    info - lib/src/rlp.dart:103:5 - Unnecessary duplication of receiver. Try using a cascade to avoid the duplication. - cascade_invocations
build	UNKNOWN STEP	2026-01-03T19:31:52.0908854Z [web3_universal_core]:    info - test/address_test.dart:4:1 - Sort directive sections alphabetically. Try sorting the directives. - directives_ordering
build	UNKNOWN STEP	2026-01-03T19:31:52.0910169Z [web3_universal_core]:    info - test/bytes_test.dart:4:1 - Sort directive sections alphabetically. Try sorting the directives. - directives_ordering
build	UNKNOWN STEP	2026-01-03T19:31:52.0911535Z [web3_universal_core]:    info - test/core_property_test.dart:4:1 - Sort directive sections alphabetically. Try sorting the directives. - directives_ordering
build	UNKNOWN STEP	2026-01-03T19:31:52.0913346Z [web3_universal_core]:    info - test/hex_test.dart:4:1 - Sort directive sections alphabetically. Try sorting the directives. - directives_ordering
build	UNKNOWN STEP	2026-01-03T19:31:52.0914685Z [web3_universal_core]:    info - test/rlp_official_vector_test.dart:5:1 - Sort directive sections alphabetically. Try sorting the directives. - directives_ordering
build	UNKNOWN STEP	2026-01-03T19:31:52.0916166Z [web3_universal_core]:    info - test/rlp_official_vector_test.dart:31:5 - Unnecessary duplication of receiver. Try using a cascade to avoid the duplication. - cascade_invocations
build	UNKNOWN STEP	2026-01-03T19:31:52.0917722Z [web3_universal_core]:    info - test/rlp_official_vector_test.dart:33:29 - Method invocation or property access on a 'dynamic' target. Try giving the target a type. - avoid_dynamic_calls
build	UNKNOWN STEP	2026-01-03T19:31:52.0919345Z [web3_universal_core]:    info - test/rlp_official_vector_test.dart:34:26 - Method invocation or property access on a 'dynamic' target. Try giving the target a type. - avoid_dynamic_calls
build	UNKNOWN STEP	2026-01-03T19:31:52.0920827Z [web3_universal_core]:    info - test/rlp_test.dart:4:1 - Sort directive sections alphabetically. Try sorting the directives. - directives_ordering
build	UNKNOWN STEP	2026-01-03T19:31:52.0942627Z [web3_universal_core]:    info - test/units_test.dart:2:1 - Sort directive sections alphabetically. Try sorting the directives. - directives_ordering
build	UNKNOWN STEP	2026-01-03T19:31:52.0943597Z [web3_universal_core]: 
build	UNKNOWN STEP	2026-01-03T19:31:52.0943926Z [web3_universal_core]: 17 issues found.
build	UNKNOWN STEP	2026-01-03T19:31:52.1336074Z [web3_universal_debug]: Analyzing debug...
build	UNKNOWN STEP	2026-01-03T19:31:52.1599220Z [web3_universal_ens]: Analyzing ens...
build	UNKNOWN STEP	2026-01-03T19:31:52.2301135Z [web3_universal_cosmos]: 
build	UNKNOWN STEP	2026-01-03T19:31:52.2306452Z [web3_universal_cosmos]:   error - example/main.dart:8:33 - The argument type 'String' can't be assigned to the parameter type 'Uint8List'.  - argument_type_not_assignable
build	UNKNOWN STEP	2026-01-03T19:31:52.2308761Z [web3_universal_cosmos]: warning - example/main.dart:12:9 - The value of the local variable 'client' isn't used. Try removing the variable or using it. - unused_local_variable
build	UNKNOWN STEP	2026-01-03T19:31:52.2310725Z [web3_universal_cosmos]:    info - lib/src/models/ibc.dart:29:5 - Unnecessary duplication of receiver. Try using a cascade to avoid the duplication. - cascade_invocations
build	UNKNOWN STEP	2026-01-03T19:31:52.2314849Z [web3_universal_cosmos]:    info - lib/src/models/ibc.dart:30:5 - Unnecessary duplication of receiver. Try using a cascade to avoid the duplication. - cascade_invocations
build	UNKNOWN STEP	2026-01-03T19:31:52.2317882Z [web3_universal_cosmos]:    info - lib/src/models/ibc.dart:31:5 - Unnecessary duplication of receiver. Try using a cascade to avoid the duplication. - cascade_invocations
build	UNKNOWN STEP	2026-01-03T19:31:52.2321649Z [web3_universal_cosmos]:    info - lib/src/models/ibc.dart:32:5 - Unnecessary duplication of receiver. Try using a cascade to avoid the duplication. - cascade_invocations
build	UNKNOWN STEP	2026-01-03T19:31:52.2325578Z [web3_universal_cosmos]:    info - lib/src/models/ibc.dart:33:5 - Unnecessary duplication of receiver. Try using a cascade to avoid the duplication. - cascade_invocations
build	UNKNOWN STEP	2026-01-03T19:31:52.2327356Z [web3_universal_cosmos]:    info - lib/src/models/ibc.dart:34:5 - Unnecessary duplication of receiver. Try using a cascade to avoid the duplication. - cascade_invocations
build	UNKNOWN STEP	2026-01-03T19:31:52.2329090Z [web3_universal_cosmos]:    info - lib/src/models/ibc.dart:35:5 - Unnecessary duplication of receiver. Try using a cascade to avoid the duplication. - cascade_invocations
build	UNKNOWN STEP	2026-01-03T19:31:52.2330821Z [web3_universal_cosmos]:    info - lib/src/models/ibc.dart:48:7 - Unnecessary duplication of receiver. Try using a cascade to avoid the duplication. - cascade_invocations
build	UNKNOWN STEP	2026-01-03T19:31:52.2346197Z [web3_universal_cosmos]:    info - lib/src/models/ibc.dart:49:7 - Unnecessary duplication of receiver. Try using a cascade to avoid the duplication. - cascade_invocations
build	UNKNOWN STEP	2026-01-03T19:31:52.2348259Z [web3_universal_cosmos]:    info - lib/src/models/staking.dart:21:5 - Unnecessary duplication of receiver. Try using a cascade to avoid the duplication. - cascade_invocations
build	UNKNOWN STEP	2026-01-03T19:31:52.2350507Z [web3_universal_cosmos]:    info - lib/src/models/staking.dart:22:5 - Unnecessary duplication of receiver. Try using a cascade to avoid the duplication. - cascade_invocations
build	UNKNOWN STEP	2026-01-03T19:31:52.2378602Z [web3_universal_cosmos]:    info - lib/src/models/staking.dart:23:5 - Unnecessary duplication of receiver. Try using a cascade to avoid the duplication. - cascade_invocations
build	UNKNOWN STEP	2026-01-03T19:31:52.2380643Z [web3_universal_cosmos]:    info - lib/src/models/staking.dart:44:5 - Unnecessary duplication of receiver. Try using a cascade to avoid the duplication. - cascade_invocations
build	UNKNOWN STEP	2026-01-03T19:31:52.2382597Z [web3_universal_cosmos]:    info - lib/src/models/staking.dart:45:5 - Unnecessary duplication of receiver. Try using a cascade to avoid the duplication. - cascade_invocations
build	UNKNOWN STEP	2026-01-03T19:31:52.2384467Z [web3_universal_cosmos]:    info - lib/src/models/staking.dart:46:5 - Unnecessary duplication of receiver. Try using a cascade to avoid the duplication. - cascade_invocations
build	UNKNOWN STEP	2026-01-03T19:31:52.2386314Z [web3_universal_cosmos]:    info - lib/src/models/transaction.dart:20:9 - Unnecessary duplication of receiver. Try using a cascade to avoid the duplication. - cascade_invocations
build	UNKNOWN STEP	2026-01-03T19:31:52.2388161Z [web3_universal_cosmos]:    info - lib/src/models/transaction.dart:21:9 - Unnecessary duplication of receiver. Try using a cascade to avoid the duplication. - cascade_invocations
build	UNKNOWN STEP	2026-01-03T19:31:52.2389982Z [web3_universal_cosmos]:    info - lib/src/models/transaction.dart:46:9 - Unnecessary duplication of receiver. Try using a cascade to avoid the duplication. - cascade_invocations
build	UNKNOWN STEP	2026-01-03T19:31:52.2391761Z [web3_universal_cosmos]:    info - lib/src/models/transaction.dart:61:9 - Unnecessary duplication of receiver. Try using a cascade to avoid the duplication. - cascade_invocations
build	UNKNOWN STEP	2026-01-03T19:31:52.2394147Z [web3_universal_cosmos]:    info - lib/src/models/transaction.dart:62:9 - Unnecessary duplication of receiver. Try using a cascade to avoid the duplication. - cascade_invocations
build	UNKNOWN STEP	2026-01-03T19:31:52.2396000Z [web3_universal_cosmos]:    info - lib/src/models/transaction.dart:102:9 - Unnecessary duplication of receiver. Try using a cascade to avoid the duplication. - cascade_invocations
build	UNKNOWN STEP	2026-01-03T19:31:52.2397877Z [web3_universal_cosmos]:    info - lib/src/models/transaction.dart:103:9 - Unnecessary duplication of receiver. Try using a cascade to avoid the duplication. - cascade_invocations
build	UNKNOWN STEP	2026-01-03T19:31:52.2399713Z [web3_universal_cosmos]:    info - lib/src/models/transaction.dart:104:9 - Unnecessary duplication of receiver. Try using a cascade to avoid the duplication. - cascade_invocations
build	UNKNOWN STEP	2026-01-03T19:31:52.2401541Z [web3_universal_cosmos]:    info - lib/src/models/transaction.dart:118:9 - Unnecessary duplication of receiver. Try using a cascade to avoid the duplication. - cascade_invocations
build	UNKNOWN STEP	2026-01-03T19:31:52.2403594Z [web3_universal_cosmos]:    info - lib/src/models/transaction.dart:148:9 - Unnecessary duplication of receiver. Try using a cascade to avoid the duplication. - cascade_invocations
build	UNKNOWN STEP	2026-01-03T19:31:52.2405393Z [web3_universal_cosmos]:    info - lib/src/models/transaction.dart:149:9 - Unnecessary duplication of receiver. Try using a cascade to avoid the duplication. - cascade_invocations
build	UNKNOWN STEP	2026-01-03T19:31:52.2407220Z [web3_universal_cosmos]:    info - lib/src/models/transaction.dart:170:9 - Unnecessary duplication of receiver. Try using a cascade to avoid the duplication. - cascade_invocations
build	UNKNOWN STEP	2026-01-03T19:31:52.2409036Z [web3_universal_cosmos]:    info - lib/src/models/transaction.dart:171:9 - Unnecessary duplication of receiver. Try using a cascade to avoid the duplication. - cascade_invocations
build	UNKNOWN STEP	2026-01-03T19:31:52.2410897Z [web3_universal_cosmos]:    info - lib/src/models/transaction.dart:195:9 - Unnecessary duplication of receiver. Try using a cascade to avoid the duplication. - cascade_invocations
build	UNKNOWN STEP	2026-01-03T19:31:52.2413277Z [web3_universal_cosmos]:    info - lib/src/models/transaction.dart:196:9 - Unnecessary duplication of receiver. Try using a cascade to avoid the duplication. - cascade_invocations
build	UNKNOWN STEP	2026-01-03T19:31:52.2415127Z [web3_universal_cosmos]:    info - lib/src/models/transaction.dart:197:9 - Unnecessary duplication of receiver. Try using a cascade to avoid the duplication. - cascade_invocations
build	UNKNOWN STEP	2026-01-03T19:31:52.2416942Z [web3_universal_cosmos]:    info - lib/src/models/transaction.dart:198:9 - Unnecessary duplication of receiver. Try using a cascade to avoid the duplication. - cascade_invocations
build	UNKNOWN STEP	2026-01-03T19:31:52.2418716Z [web3_universal_cosmos]:    info - lib/src/rpc/client.dart:23:22 - Method invocation or property access on a 'dynamic' target. Try giving the target a type. - avoid_dynamic_calls
build	UNKNOWN STEP	2026-01-03T19:31:52.2420420Z [web3_universal_cosmos]:    info - lib/src/rpc/client.dart:25:16 - Method invocation or property access on a 'dynamic' target. Try giving the target a type. - avoid_dynamic_calls
build	UNKNOWN STEP	2026-01-03T19:31:52.2422367Z [web3_universal_cosmos]:    info - lib/src/rpc/client.dart:26:17 - Method invocation or property access on a 'dynamic' target. Try giving the target a type. - avoid_dynamic_calls
build	UNKNOWN STEP	2026-01-03T19:31:52.2424178Z [web3_universal_cosmos]:    info - lib/src/rpc/client.dart:41:21 - Method invocation or property access on a 'dynamic' target. Try giving the target a type. - avoid_dynamic_calls
build	UNKNOWN STEP	2026-01-03T19:31:52.2425958Z [web3_universal_cosmos]:    info - lib/src/rpc/client.dart:44:9 - Method invocation or property access on a 'dynamic' target. Try giving the target a type. - avoid_dynamic_calls
build	UNKNOWN STEP	2026-01-03T19:31:52.2427751Z [web3_universal_cosmos]:    info - lib/src/rpc/client.dart:49:16 - Method invocation or property access on a 'dynamic' target. Try giving the target a type. - avoid_dynamic_calls
build	UNKNOWN STEP	2026-01-03T19:31:52.2429476Z [web3_universal_cosmos]:    info - lib/src/rpc/client.dart:50:32 - Method invocation or property access on a 'dynamic' target. Try giving the target a type. - avoid_dynamic_calls
build	UNKNOWN STEP	2026-01-03T19:31:52.2431399Z [web3_universal_cosmos]:    info - lib/src/rpc/client.dart:51:27 - Method invocation or property access on a 'dynamic' target. Try giving the target a type. - avoid_dynamic_calls
build	UNKNOWN STEP	2026-01-03T19:31:52.2433324Z [web3_universal_cosmos]:    info - lib/src/rpc/client.dart:75:12 - Method invocation or property access on a 'dynamic' target. Try giving the target a type. - avoid_dynamic_calls
build	UNKNOWN STEP	2026-01-03T19:31:52.2435039Z [web3_universal_cosmos]:    info - lib/src/rpc/client.dart:75:12 - Method invocation or property access on a 'dynamic' target. Try giving the target a type. - avoid_dynamic_calls
build	UNKNOWN STEP	2026-01-03T19:31:52.2436664Z [web3_universal_cosmos]:    info - lib/web3_universal_cosmos.dart:1:9 - Library names are not necessary. Remove the library name. - unnecessary_library_name
build	UNKNOWN STEP	2026-01-03T19:31:52.2438197Z [web3_universal_cosmos]:    info - test/advanced_test.dart:3:1 - Sort directive sections alphabetically. Try sorting the directives. - directives_ordering
build	UNKNOWN STEP	2026-01-03T19:31:52.2439763Z [web3_universal_cosmos]:    info - test/advanced_test.dart:6:1 - Sort directive sections alphabetically. Try sorting the directives. - directives_ordering
build	UNKNOWN STEP	2026-01-03T19:31:52.2441280Z [web3_universal_cosmos]:    info - test/cosmos_test.dart:4:1 - Sort directive sections alphabetically. Try sorting the directives. - directives_ordering
build	UNKNOWN STEP	2026-01-03T19:31:52.2443121Z [web3_universal_cosmos]:    info - test/integration_test.dart:4:1 - Sort directive sections alphabetically. Try sorting the directives. - directives_ordering
build	UNKNOWN STEP	2026-01-03T19:31:52.2444847Z [web3_universal_cosmos]:    info - test/integration_test.dart:37:16 - Method invocation or property access on a 'dynamic' target. Try giving the target a type. - avoid_dynamic_calls
build	UNKNOWN STEP	2026-01-03T19:31:52.2446595Z [web3_universal_cosmos]:    info - test/integration_test.dart:38:16 - Method invocation or property access on a 'dynamic' target. Try giving the target a type. - avoid_dynamic_calls
build	UNKNOWN STEP	2026-01-03T19:31:52.2448259Z [web3_universal_cosmos]:    info - test/transaction_test.dart:4:1 - Sort directive sections alphabetically. Try sorting the directives. - directives_ordering
build	UNKNOWN STEP	2026-01-03T19:31:52.2449985Z [web3_universal_cosmos]:    info - test/vector_test.dart:6:1 - Sort directive sections alphabetically. Try sorting the directives. - directives_ordering
build	UNKNOWN STEP	2026-01-03T19:31:52.2450909Z [web3_universal_cosmos]: 
build	UNKNOWN STEP	2026-01-03T19:31:52.2451258Z [web3_universal_cosmos]: 53 issues found.
build	UNKNOWN STEP	2026-01-03T19:31:52.2854046Z [web3_universal_crypto]: 
build	UNKNOWN STEP	2026-01-03T19:31:52.2858418Z [web3_universal_crypto]: warning - test/sha512_test.dart:1:8 - Unused import: 'dart:convert'. Try removing the import directive. - unused_import
build	UNKNOWN STEP	2026-01-03T19:31:52.2861790Z [web3_universal_crypto]:    info - lib/src/base58.dart:163:5 - Unnecessary duplication of receiver. Try using a cascade to avoid the duplication. - cascade_invocations
build	UNKNOWN STEP	2026-01-03T19:31:52.2867367Z [web3_universal_crypto]:    info - lib/src/base58.dart:179:5 - Unnecessary duplication of receiver. Try using a cascade to avoid the duplication. - cascade_invocations
build	UNKNOWN STEP	2026-01-03T19:31:52.2869303Z [web3_universal_crypto]:    info - lib/src/bip39.dart:7:1 - Classes should define instance members. Try adding instance behavior or moving the members out of the class. - avoid_classes_with_only_static_members
build	UNKNOWN STEP	2026-01-03T19:31:52.2871369Z [web3_universal_crypto]:    info - lib/src/bip39.dart:85:7 - Catch clause should use 'on' to specify the type of exception being caught. Try adding an 'on' clause before the 'catch'. - avoid_catches_without_on_clauses
build	UNKNOWN STEP	2026-01-03T19:31:52.2873459Z [web3_universal_crypto]:    info - lib/src/bip39.dart:101:5 - Unnecessary duplication of receiver. Try using a cascade to avoid the duplication. - cascade_invocations
build	UNKNOWN STEP	2026-01-03T19:31:52.2875150Z [web3_universal_crypto]:    info - lib/src/bip39.dart:102:5 - Unnecessary duplication of receiver. Try using a cascade to avoid the duplication. - cascade_invocations
build	UNKNOWN STEP	2026-01-03T19:31:52.2877303Z [web3_universal_crypto]:    info - lib/src/curves.dart:142:1 - Classes should define instance members. Try adding instance behavior or moving the members out of the class. - avoid_classes_with_only_static_members
build	UNKNOWN STEP	2026-01-03T19:31:52.2879204Z [web3_universal_crypto]:    info - lib/src/ed25519.dart:5:1 - Sort directive sections alphabetically. Try sorting the directives. - directives_ordering
build	UNKNOWN STEP	2026-01-03T19:31:52.2881067Z [web3_universal_crypto]:    info - lib/src/ed25519.dart:34:23 - The variable name '_L' isn't a lowerCamelCase identifier. Try changing the name to follow the lowerCamelCase style. - non_constant_identifier_names
build	UNKNOWN STEP	2026-01-03T19:31:52.2883396Z [web3_universal_crypto]:    info - lib/src/ed25519.dart:44:23 - The variable name '_By' isn't a lowerCamelCase identifier. Try changing the name to follow the lowerCamelCase style. - non_constant_identifier_names
build	UNKNOWN STEP	2026-01-03T19:31:52.2885662Z [web3_universal_crypto]:    info - lib/src/ed25519.dart:47:23 - The variable name '_Bx' isn't a lowerCamelCase identifier. Try changing the name to follow the lowerCamelCase style. - non_constant_identifier_names
build	UNKNOWN STEP	2026-01-03T19:31:52.2887916Z [web3_universal_crypto]:    info - lib/src/ed25519.dart:90:11 - The variable name 'RBytes' isn't a lowerCamelCase identifier. Try changing the name to follow the lowerCamelCase style. - non_constant_identifier_names
build	UNKNOWN STEP	2026-01-03T19:31:52.2890136Z [web3_universal_crypto]:    info - lib/src/ed25519.dart:94:11 - The variable name 'ABytes' isn't a lowerCamelCase identifier. Try changing the name to follow the lowerCamelCase style. - non_constant_identifier_names
build	UNKNOWN STEP	2026-01-03T19:31:52.2892428Z [web3_universal_crypto]:    info - lib/src/ed25519.dart:102:11 - The variable name 'SBytes' isn't a lowerCamelCase identifier. Try changing the name to follow the lowerCamelCase style. - non_constant_identifier_names
build	UNKNOWN STEP	2026-01-03T19:31:52.2894498Z [web3_universal_crypto]:    info - lib/src/ed25519.dart:122:13 - The variable name 'RBytes' isn't a lowerCamelCase identifier. Try changing the name to follow the lowerCamelCase style. - non_constant_identifier_names
build	UNKNOWN STEP	2026-01-03T19:31:52.2896885Z [web3_universal_crypto]:    info - lib/src/ed25519.dart:123:13 - The variable name 'SBytes' isn't a lowerCamelCase identifier. Try changing the name to follow the lowerCamelCase style. - non_constant_identifier_names
build	UNKNOWN STEP	2026-01-03T19:31:52.2899035Z [web3_universal_crypto]:    info - lib/src/ed25519.dart:144:13 - The variable name 'RkA' isn't a lowerCamelCase identifier. Try changing the name to follow the lowerCamelCase style. - non_constant_identifier_names
build	UNKNOWN STEP	2026-01-03T19:31:52.2901205Z [web3_universal_crypto]:    info - lib/src/ed25519.dart:148:7 - Catch clause should use 'on' to specify the type of exception being caught. Try adding an 'on' clause before the 'catch'. - avoid_catches_without_on_clauses
build	UNKNOWN STEP	2026-01-03T19:31:52.2948866Z [web3_universal_crypto]:    info - lib/src/ed25519.dart:249:23 - Multiple variables declared on a single line. Try splitting the variable declarations into multiple lines. - avoid_multiple_declarations_per_line
build	UNKNOWN STEP	2026-01-03T19:31:52.2951071Z [web3_universal_crypto]:    info - lib/src/ed25519.dart:250:23 - Multiple variables declared on a single line. Try splitting the variable declarations into multiple lines. - avoid_multiple_declarations_per_line
build	UNKNOWN STEP	2026-01-03T19:31:52.2953286Z [web3_universal_crypto]:    info - lib/src/ed25519.dart:276:7 - Invalid assignment to the parameter 'k'. Try using a local variable in place of the parameter. - parameter_assignments
build	UNKNOWN STEP	2026-01-03T19:31:52.2955088Z [web3_universal_crypto]:    info - lib/src/hd_wallet.dart:117:7 - Unnecessary duplication of receiver. Try using a cascade to avoid the duplication. - cascade_invocations
build	UNKNOWN STEP	2026-01-03T19:31:52.2956807Z [web3_universal_crypto]:    info - lib/src/hd_wallet.dart:218:5 - Unnecessary duplication of receiver. Try using a cascade to avoid the duplication. - cascade_invocations
build	UNKNOWN STEP	2026-01-03T19:31:52.2958455Z [web3_universal_crypto]:    info - lib/src/hd_wallet.dart:221:5 - Unnecessary duplication of receiver. Try using a cascade to avoid the duplication. - cascade_invocations
build	UNKNOWN STEP	2026-01-03T19:31:52.2960340Z [web3_universal_crypto]:    info - lib/src/hd_wallet.dart:224:5 - Unnecessary duplication of receiver. Try using a cascade to avoid the duplication. - cascade_invocations
build	UNKNOWN STEP	2026-01-03T19:31:52.2962184Z [web3_universal_crypto]:    info - lib/src/hd_wallet.dart:229:7 - Unnecessary duplication of receiver. Try using a cascade to avoid the duplication. - cascade_invocations
build	UNKNOWN STEP	2026-01-03T19:31:52.2964001Z [web3_universal_crypto]:    info - lib/src/hd_wallet.dart:256:7 - Invalid assignment to the parameter 'value'. Try using a local variable in place of the parameter. - parameter_assignments
build	UNKNOWN STEP	2026-01-03T19:31:52.2966123Z [web3_universal_crypto]:    info - lib/src/hd_wallet.dart:288:18 - Use interpolation to compose strings and values. Try using string interpolation to build the composite string. - prefer_interpolation_to_compose_strings
build	UNKNOWN STEP	2026-01-03T19:31:52.2968398Z [web3_universal_crypto]:    info - lib/src/hmac.dart:2:8 - The imported package 'crypto' isn't a dependency of the importing package. Try adding a dependency for 'crypto' in the 'pubspec.yaml' file. - depend_on_referenced_packages
build	UNKNOWN STEP	2026-01-03T19:31:52.2970615Z [web3_universal_crypto]:    info - lib/src/keccak.dart:4:1 - Classes should define instance members. Try adding instance behavior or moving the members out of the class. - avoid_classes_with_only_static_members
build	UNKNOWN STEP	2026-01-03T19:31:52.2973045Z [web3_universal_crypto]:    info - lib/src/keccak.dart:45:3 - Constructor declarations should be before non-constructor declarations. Try moving the constructor declaration before all other members. - sort_constructors_first
build	UNKNOWN STEP	2026-01-03T19:31:52.2975032Z [web3_universal_crypto]:    info - lib/src/keccak.dart:78:12 - Don't return 'this' from a method. Try changing the return type to 'void' and removing the return. - avoid_returning_this
build	UNKNOWN STEP	2026-01-03T19:31:52.2976783Z [web3_universal_crypto]:    info - lib/src/keccak.dart:96:12 - Don't return 'this' from a method. Try changing the return type to 'void' and removing the return. - avoid_returning_this
build	UNKNOWN STEP	2026-01-03T19:31:52.2978694Z [web3_universal_crypto]:    info - lib/src/mnemonic.dart:74:44 - Catch clause should use 'on' to specify the type of exception being caught. Try adding an 'on' clause before the 'catch'. - avoid_catches_without_on_clauses
build	UNKNOWN STEP	2026-01-03T19:31:52.2980858Z [web3_universal_crypto]:    info - lib/src/pbkdf2.dart:66:5 - Unnecessary duplication of receiver. Try using a cascade to avoid the duplication. - cascade_invocations
build	UNKNOWN STEP	2026-01-03T19:31:52.3016263Z [web3_universal_crypto]:    info - lib/src/ripemd160.dart:19:5 - Unnecessary duplication of receiver. Try using a cascade to avoid the duplication. - cascade_invocations
build	UNKNOWN STEP	2026-01-03T19:31:52.3018305Z [web3_universal_crypto]:    info - lib/src/ripemd160.dart:108:25 - Multiple variables declared on a single line. Try splitting the variable declarations into multiple lines. - avoid_multiple_declarations_per_line
build	UNKNOWN STEP	2026-01-03T19:31:52.3020187Z [web3_universal_crypto]:    info - lib/src/schnorr.dart:21:16 - Missing a required trailing comma. Try adding a trailing comma. - require_trailing_commas
build	UNKNOWN STEP	2026-01-03T19:31:52.3021738Z [web3_universal_crypto]:    info - lib/src/schnorr.dart:24:16 - Missing a required trailing comma. Try adding a trailing comma. - require_trailing_commas
build	UNKNOWN STEP	2026-01-03T19:31:52.3023775Z [web3_universal_crypto]:    info - lib/src/schnorr.dart:25:23 - The variable name '_Gx' isn't a lowerCamelCase identifier. Try changing the name to follow the lowerCamelCase style. - non_constant_identifier_names
build	UNKNOWN STEP	2026-01-03T19:31:52.3025612Z [web3_universal_crypto]:    info - lib/src/schnorr.dart:27:16 - Missing a required trailing comma. Try adding a trailing comma. - require_trailing_commas
build	UNKNOWN STEP	2026-01-03T19:31:52.3027471Z [web3_universal_crypto]:    info - lib/src/schnorr.dart:28:23 - The variable name '_Gy' isn't a lowerCamelCase identifier. Try changing the name to follow the lowerCamelCase style. - non_constant_identifier_names
build	UNKNOWN STEP	2026-01-03T19:31:52.3029325Z [web3_universal_crypto]:    info - lib/src/schnorr.dart:30:16 - Missing a required trailing comma. Try adding a trailing comma. - require_trailing_commas
build	UNKNOWN STEP	2026-01-03T19:31:52.3031069Z [web3_universal_crypto]:    info - lib/src/schnorr.dart:50:5 - Local variables should be final. Try making the variable final. - prefer_final_locals
build	UNKNOWN STEP	2026-01-03T19:31:52.3032825Z [web3_universal_crypto]:    info - lib/src/schnorr.dart:65:63 - Missing a required trailing comma. Try adding a trailing comma. - require_trailing_commas
build	UNKNOWN STEP	2026-01-03T19:31:52.3034541Z [web3_universal_crypto]:    info - lib/src/schnorr.dart:73:5 - Local variables should be final. Try making the variable final. - prefer_final_locals
build	UNKNOWN STEP	2026-01-03T19:31:52.3036079Z [web3_universal_crypto]:    info - lib/src/schnorr.dart:83:68 - Missing a required trailing comma. Try adding a trailing comma. - require_trailing_commas
build	UNKNOWN STEP	2026-01-03T19:31:52.3037608Z [web3_universal_crypto]:    info - lib/src/schnorr.dart:117:90 - Missing a required trailing comma. Try adding a trailing comma. - require_trailing_commas
build	UNKNOWN STEP	2026-01-03T19:31:52.3039413Z [web3_universal_crypto]:    info - lib/src/schnorr.dart:134:7 - Catch clause should use 'on' to specify the type of exception being caught. Try adding an 'on' clause before the 'catch'. - avoid_catches_without_on_clauses
build	UNKNOWN STEP	2026-01-03T19:31:52.3041520Z [web3_universal_crypto]:    info - lib/src/schnorr.dart:252:23 - Multiple variables declared on a single line. Try splitting the variable declarations into multiple lines. - avoid_multiple_declarations_per_line
build	UNKNOWN STEP	2026-01-03T19:31:52.3056712Z [web3_universal_events]: Analyzing events...
build	UNKNOWN STEP	2026-01-03T19:31:52.3058085Z [web3_universal_crypto]:    info - lib/src/schnorr.dart:253:23 - Multiple variables declared on a single line. Try splitting the variable declarations into multiple lines. - avoid_multiple_declarations_per_line
build	UNKNOWN STEP	2026-01-03T19:31:52.3060325Z [web3_universal_crypto]:    info - lib/src/schnorr.dart:269:13 - Use an 'if' element to conditionally add elements. Try using an 'if' element rather than a conditional expression. - prefer_if_elements_to_conditional_expressions
build	UNKNOWN STEP	2026-01-03T19:31:52.3063061Z [web3_universal_crypto]:    info - lib/src/schnorr.dart:269:46 - Use an 'if' element to conditionally add elements. Try using an 'if' element rather than a conditional expression. - prefer_if_elements_to_conditional_expressions
build	UNKNOWN STEP	2026-01-03T19:31:52.3065400Z [web3_universal_crypto]:    info - lib/src/schnorr.dart:281:7 - Invalid assignment to the parameter 'k'. Try using a local variable in place of the parameter. - parameter_assignments
build	UNKNOWN STEP	2026-01-03T19:31:52.3067345Z [web3_universal_crypto]:    info - lib/src/secp256k1.dart:4:1 - Classes should define instance members. Try adding instance behavior or moving the members out of the class. - avoid_classes_with_only_static_members
build	UNKNOWN STEP	2026-01-03T19:31:52.3069406Z [web3_universal_crypto]:    info - lib/src/secp256k1.dart:88:9 - Catch clause should use 'on' to specify the type of exception being caught. Try adding an 'on' clause before the 'catch'. - avoid_catches_without_on_clauses
build	UNKNOWN STEP	2026-01-03T19:31:52.3071091Z [web3_universal_crypto]:    info - lib/src/secp256k1.dart:139:16 - Use 'isEven' rather than '% 2'. Try using 'isEven'. - use_is_even_rather_than_modulo
build	UNKNOWN STEP	2026-01-03T19:31:52.3073151Z [web3_universal_crypto]:    info - lib/src/secp256k1.dart:202:7 - Catch clause should use 'on' to specify the type of exception being caught. Try adding an 'on' clause before the 'catch'. - avoid_catches_without_on_clauses
build	UNKNOWN STEP	2026-01-03T19:31:52.3075089Z [web3_universal_crypto]:    info - lib/src/secp256k1.dart:221:7 - Invalid assignment to the parameter 'value'. Try using a local variable in place of the parameter. - parameter_assignments
build	UNKNOWN STEP	2026-01-03T19:31:52.3076939Z [web3_universal_crypto]:    info - lib/src/secp256k1.dart:278:7 - Invalid assignment to the parameter 'k'. Try using a local variable in place of the parameter. - parameter_assignments
build	UNKNOWN STEP	2026-01-03T19:31:52.3079057Z [web3_universal_crypto]:    info - lib/src/secp256k1.dart:358:3 - The method '==' should not be overridden in classes not annotated with '@immutable'. Try removing the override or annotating the class with '@immutable'. - avoid_equals_and_hash_code_on_mutable_classes
build	UNKNOWN STEP	2026-01-03T19:31:52.3082797Z [web3_universal_crypto]:    info - lib/src/secp256k1.dart:366:3 - The method 'hashCode' should not be overridden in classes not annotated with '@immutable'. Try removing the override or annotating the class with '@immutable'. - avoid_equals_and_hash_code_on_mutable_classes
build	UNKNOWN STEP	2026-01-03T19:31:52.3085407Z [web3_universal_crypto]:    info - lib/src/sha2.dart:2:8 - The imported package 'crypto' isn't a dependency of the importing package. Try adding a dependency for 'crypto' in the 'pubspec.yaml' file. - depend_on_referenced_packages
build	UNKNOWN STEP	2026-01-03T19:31:52.3087324Z [web3_universal_crypto]:    info - lib/web3_universal_crypto.dart:16:9 - Library names are not necessary. Remove the library name. - unnecessary_library_name
build	UNKNOWN STEP	2026-01-03T19:31:52.3088965Z [web3_universal_crypto]:    info - test/crypto_official_vector_test.dart:5:1 - Sort directive sections alphabetically. Try sorting the directives. - directives_ordering
build	UNKNOWN STEP	2026-01-03T19:31:52.3090718Z [web3_universal_crypto]:    info - test/crypto_official_vector_test.dart:6:1 - Sort directive sections alphabetically. Try sorting the directives. - directives_ordering
build	UNKNOWN STEP	2026-01-03T19:31:52.3092608Z [web3_universal_crypto]:    info - test/crypto_official_vector_test.dart:7:1 - Sort directive sections alphabetically. Try sorting the directives. - directives_ordering
build	UNKNOWN STEP	2026-01-03T19:31:52.3094723Z [web3_universal_crypto]:    info - test/crypto_official_vector_test.dart:7:8 - The imported package 'path' isn't a dependency of the importing package. Try adding a dependency for 'path' in the 'pubspec.yaml' file. - depend_on_referenced_packages
build	UNKNOWN STEP	2026-01-03T19:31:52.3096941Z [web3_universal_crypto]:    info - test/crypto_official_vector_test.dart:14:13 - Unnecessary type annotation on a local variable. Try removing the type annotation. - omit_local_variable_types
build	UNKNOWN STEP	2026-01-03T19:31:52.3098863Z [web3_universal_crypto]:    info - test/crypto_official_vector_test.dart:18:26 - Method invocation or property access on a 'dynamic' target. Try giving the target a type. - avoid_dynamic_calls
build	UNKNOWN STEP	2026-01-03T19:31:52.3100942Z [web3_universal_crypto]:    info - test/crypto_official_vector_test.dart:19:28 - Method invocation or property access on a 'dynamic' target. Try giving the target a type. - avoid_dynamic_calls
build	UNKNOWN STEP	2026-01-03T19:31:52.3103094Z [web3_universal_crypto]:    info - test/crypto_official_vector_test.dart:20:33 - Method invocation or property access on a 'dynamic' target. Try giving the target a type. - avoid_dynamic_calls
build	UNKNOWN STEP	2026-01-03T19:31:52.3104880Z [web3_universal_crypto]:    info - test/crypto_primitives_test.dart:5:1 - Sort directive sections alphabetically. Try sorting the directives. - directives_ordering
build	UNKNOWN STEP	2026-01-03T19:31:52.3106523Z [web3_universal_crypto]:    info - test/crypto_property_test.dart:5:1 - Sort directive sections alphabetically. Try sorting the directives. - directives_ordering
build	UNKNOWN STEP	2026-01-03T19:31:52.3108423Z [web3_universal_crypto]:    info - test/crypto_property_test.dart:54:15 - Catch clause should use 'on' to specify the type of exception being caught. Try adding an 'on' clause before the 'catch'. - avoid_catches_without_on_clauses
build	UNKNOWN STEP	2026-01-03T19:31:52.3110533Z [web3_universal_crypto]:    info - test/crypto_property_test.dart:64:11 - Catch clause should use 'on' to specify the type of exception being caught. Try adding an 'on' clause before the 'catch'. - avoid_catches_without_on_clauses
build	UNKNOWN STEP	2026-01-03T19:31:52.3113243Z [web3_universal_crypto]:    info - test/crypto_property_test.dart:149:11 - Catch clause should use 'on' to specify the type of exception being caught. Try adding an 'on' clause before the 'catch'. - avoid_catches_without_on_clauses
build	UNKNOWN STEP	2026-01-03T19:31:52.3115229Z [web3_universal_crypto]:    info - test/crypto_property_test.dart:210:11 - Catch clause should use 'on' to specify the type of exception being caught. Try adding an 'on' clause before the 'catch'. - avoid_catches_without_on_clauses
build	UNKNOWN STEP	2026-01-03T19:31:52.3116935Z [web3_universal_crypto]:    info - test/curves_test.dart:4:1 - Sort directive sections alphabetically. Try sorting the directives. - directives_ordering
build	UNKNOWN STEP	2026-01-03T19:31:52.3118622Z [web3_universal_crypto]:    info - test/curves_test.dart:21:38 - Statements in a for should be enclosed in a block. Try wrapping the statement in a block. - curly_braces_in_flow_control_structures
build	UNKNOWN STEP	2026-01-03T19:31:52.3120310Z [web3_universal_crypto]:    info - test/curves_test.dart:60:38 - Statements in a for should be enclosed in a block. Try wrapping the statement in a block. - curly_braces_in_flow_control_structures
build	UNKNOWN STEP	2026-01-03T19:31:52.3121829Z [web3_universal_crypto]:    info - test/ed25519_test.dart:5:1 - Sort directive sections alphabetically. Try sorting the directives. - directives_ordering
build	UNKNOWN STEP	2026-01-03T19:31:52.3123358Z [web3_universal_crypto]:    info - test/hd_wallet_test.dart:4:1 - Sort directive sections alphabetically. Try sorting the directives. - directives_ordering
build	UNKNOWN STEP	2026-01-03T19:31:52.3124736Z [web3_universal_crypto]:    info - test/keccak_test.dart:4:1 - Sort directive sections alphabetically. Try sorting the directives. - directives_ordering
build	UNKNOWN STEP	2026-01-03T19:31:52.3126286Z [web3_universal_crypto]:    info - test/mnemonic_test.dart:3:1 - Sort directive sections alphabetically. Try sorting the directives. - directives_ordering
build	UNKNOWN STEP	2026-01-03T19:31:52.3127799Z [web3_universal_crypto]:    info - test/secp256k1_test.dart:5:1 - Sort directive sections alphabetically. Try sorting the directives. - directives_ordering
build	UNKNOWN STEP	2026-01-03T19:31:52.3129264Z [web3_universal_crypto]:    info - test/sha512_test.dart:6:1 - Sort directive sections alphabetically. Try sorting the directives. - directives_ordering
build	UNKNOWN STEP	2026-01-03T19:31:52.3130409Z [web3_universal_crypto]: 
build	UNKNOWN STEP	2026-01-03T19:31:52.3130847Z [web3_universal_crypto]: 88 issues found.
build	UNKNOWN STEP	2026-01-03T19:31:52.3390563Z [web3_universal_history]: Analyzing history...
build	UNKNOWN STEP	2026-01-03T19:31:52.7333954Z [web3_universal_debug]: 
build	UNKNOWN STEP	2026-01-03T19:31:52.7335393Z [web3_universal_debug]:    info - lib/web3_universal_debug.dart:1:9 - Library names are not necessary. Remove the library name. - unnecessary_library_name
build	UNKNOWN STEP	2026-01-03T19:31:52.7337590Z [web3_universal_debug]:    info - test/debug_service_test.dart:2:1 - Sort directive sections alphabetically. Try sorting the directives. - directives_ordering
build	UNKNOWN STEP	2026-01-03T19:31:52.7338801Z [web3_universal_debug]: 
build	UNKNOWN STEP	2026-01-03T19:31:52.7339346Z [web3_universal_debug]: 2 issues found.
build	UNKNOWN STEP	2026-01-03T19:31:52.7890495Z [web3_universal_keystone]: Analyzing keystone...
build	UNKNOWN STEP	2026-01-03T19:31:52.8226387Z [web3_universal_history]: 
build	UNKNOWN STEP	2026-01-03T19:31:52.8230407Z [web3_universal_history]:    info - lib/web3_universal_history.dart:1:9 - Library names are not necessary. Remove the library name. - unnecessary_library_name
build	UNKNOWN STEP	2026-01-03T19:31:52.8233015Z [web3_universal_history]:    info - test/history_service_test.dart:3:1 - Sort directive sections alphabetically. Try sorting the directives. - directives_ordering
build	UNKNOWN STEP	2026-01-03T19:31:52.8239106Z [web3_universal_history]: 
build	UNKNOWN STEP	2026-01-03T19:31:52.8240231Z [web3_universal_history]: 2 issues found.
build	UNKNOWN STEP	2026-01-03T19:31:52.8810000Z [web3_universal_ledger]: Analyzing ledger...
build	UNKNOWN STEP	2026-01-03T19:31:52.9478846Z [web3_universal_ens]: 
build	UNKNOWN STEP	2026-01-03T19:31:52.9480720Z [web3_universal_ens]:   error - example/main.dart:8:19 - The getter 'mainnet' isn't defined for the type 'Chains'. Try importing the library that defines 'mainnet', correcting the name to the name of an existing getter, or defining a getter or field named 'mainnet'. - undefined_getter
build	UNKNOWN STEP	2026-01-03T19:31:52.9483067Z [web3_universal_ens]:    info - example/main.dart:2:1 - Sort directive sections alphabetically. Try sorting the directives. - directives_ordering
build	UNKNOWN STEP	2026-01-03T19:31:52.9484623Z [web3_universal_ens]:    info - example/main.dart:3:1 - Sort directive sections alphabetically. Try sorting the directives. - directives_ordering
build	UNKNOWN STEP	2026-01-03T19:31:52.9486331Z [web3_universal_ens]:    info - lib/src/ens_records.dart:49:7 - Catch clause should use 'on' to specify the type of exception being caught. Try adding an 'on' clause before the 'catch'. - avoid_catches_without_on_clauses
build	UNKNOWN STEP	2026-01-03T19:31:52.9488806Z [web3_universal_ens]:    info - lib/src/ens_records.dart:158:7 - Catch clause should use 'on' to specify the type of exception being caught. Try adding an 'on' clause before the 'catch'. - avoid_catches_without_on_clauses
build	UNKNOWN STEP	2026-01-03T19:31:52.9491286Z [web3_universal_ens]:    info - lib/src/ens_records.dart:207:7 - Catch clause should use 'on' to specify the type of exception being caught. Try adding an 'on' clause before the 'catch'. - avoid_catches_without_on_clauses
build	UNKNOWN STEP	2026-01-03T19:31:52.9553837Z [web3_universal_ens]:    info - lib/src/ens_records.dart:257:23 - Method invocation or property access on a 'dynamic' target. Try giving the target a type. - avoid_dynamic_calls
build	UNKNOWN STEP	2026-01-03T19:31:52.9555918Z [web3_universal_ens]:    info - lib/src/ens_records.dart:263:12 - Method invocation or property access on a 'dynamic' target. Try giving the target a type. - avoid_dynamic_calls
build	UNKNOWN STEP	2026-01-03T19:31:52.9558154Z [web3_universal_ens]:    info - lib/src/ens_resolver.dart:50:7 - Catch clause should use 'on' to specify the type of exception being caught. Try adding an 'on' clause before the 'catch'. - avoid_catches_without_on_clauses
build	UNKNOWN STEP	2026-01-03T19:31:52.9560676Z [web3_universal_ens]:    info - lib/src/ens_resolver.dart:99:7 - Catch clause should use 'on' to specify the type of exception being caught. Try adding an 'on' clause before the 'catch'. - avoid_catches_without_on_clauses
build	UNKNOWN STEP	2026-01-03T19:31:52.9566961Z [web3_universal_ens]:    info - lib/src/ens_resolver.dart:137:7 - Catch clause should use 'on' to specify the type of exception being caught. Try adding an 'on' clause before the 'catch'. - avoid_catches_without_on_clauses
build	UNKNOWN STEP	2026-01-03T19:31:52.9569382Z [web3_universal_ens]:    info - lib/src/ens_resolver.dart:155:7 - Catch clause should use 'on' to specify the type of exception being caught. Try adding an 'on' clause before the 'catch'. - avoid_catches_without_on_clauses
build	UNKNOWN STEP	2026-01-03T19:31:52.9571663Z [web3_universal_ens]:    info - lib/src/ens_resolver.dart:183:23 - Method invocation or property access on a 'dynamic' target. Try giving the target a type. - avoid_dynamic_calls
build	UNKNOWN STEP	2026-01-03T19:31:52.9574782Z [web3_universal_ens]:    info - lib/src/ens_resolver.dart:189:12 - Method invocation or property access on a 'dynamic' target. Try giving the target a type. - avoid_dynamic_calls
build	UNKNOWN STEP	2026-01-03T19:31:52.9577090Z [web3_universal_ens]:    info - lib/src/multichain_resolver.dart:55:7 - Catch clause should use 'on' to specify the type of exception being caught. Try adding an 'on' clause before the 'catch'. - avoid_catches_without_on_clauses
build	UNKNOWN STEP	2026-01-03T19:31:52.9579751Z [web3_universal_ens]:    info - lib/src/multichain_resolver.dart:134:7 - Catch clause should use 'on' to specify the type of exception being caught. Try adding an 'on' clause before the 'catch'. - avoid_catches_without_on_clauses
build	UNKNOWN STEP	2026-01-03T19:31:52.9582212Z [web3_universal_ens]:    info - lib/src/multichain_resolver.dart:242:23 - Method invocation or property access on a 'dynamic' target. Try giving the target a type. - avoid_dynamic_calls
build	UNKNOWN STEP	2026-01-03T19:31:52.9584329Z [web3_universal_ens]:    info - lib/src/multichain_resolver.dart:248:12 - Method invocation or property access on a 'dynamic' target. Try giving the target a type. - avoid_dynamic_calls
build	UNKNOWN STEP	2026-01-03T19:31:52.9586487Z [web3_universal_ens]:    info - lib/src/multichain_resolver.dart:320:20 - The constant name 'bitcoin_cash' isn't a lowerCamelCase identifier. Try changing the name to follow the lowerCamelCase style. - constant_identifier_names
build	UNKNOWN STEP	2026-01-03T19:31:52.9588876Z [web3_universal_ens]:    info - lib/web3_universal_ens.dart:2:9 - Library names are not necessary. Remove the library name. - unnecessary_library_name
build	UNKNOWN STEP	2026-01-03T19:31:52.9620930Z [web3_universal_ens]:    info - test/ens_client_test.dart:3:1 - Sort directive sections alphabetically. Try sorting the directives. - directives_ordering
build	UNKNOWN STEP	2026-01-03T19:31:52.9623024Z [web3_universal_ens]:    info - test/ens_records_test.dart:3:1 - Sort directive sections alphabetically. Try sorting the directives. - directives_ordering
build	UNKNOWN STEP	2026-01-03T19:31:52.9625024Z [web3_universal_ens]:    info - test/ens_resolver_test.dart:3:1 - Sort directive sections alphabetically. Try sorting the directives. - directives_ordering
build	UNKNOWN STEP	2026-01-03T19:31:52.9626567Z [web3_universal_ens]: 
build	UNKNOWN STEP	2026-01-03T19:31:52.9627224Z [web3_universal_ens]: 23 issues found.
build	UNKNOWN STEP	2026-01-03T19:31:53.0028099Z [web3_universal_mev]: Analyzing mev...
build	UNKNOWN STEP	2026-01-03T19:31:53.0141480Z [web3_universal_events]: 
build	UNKNOWN STEP	2026-01-03T19:31:53.0149097Z [web3_universal_events]:    info - lib/src/confirmation_filter.dart:100:9 - Catch clause should use 'on' to specify the type of exception being caught. Try adding an 'on' clause before the 'catch'. - avoid_catches_without_on_clauses
build	UNKNOWN STEP	2026-01-03T19:31:53.0154979Z [web3_universal_events]:    info - lib/src/confirmation_filter.dart:202:7 - Catch clause should use 'on' to specify the type of exception being caught. Try adding an 'on' clause before the 'catch'. - avoid_catches_without_on_clauses
build	UNKNOWN STEP	2026-01-03T19:31:53.0160875Z [web3_universal_events]:    info - lib/src/event_filter.dart:104:3 - The method '==' should not be overridden in classes not annotated with '@immutable'. Try removing the override or annotating the class with '@immutable'. - avoid_equals_and_hash_code_on_mutable_classes
build	UNKNOWN STEP	2026-01-03T19:31:53.0166803Z [web3_universal_events]:    info - lib/src/event_filter.dart:115:3 - The method 'hashCode' should not be overridden in classes not annotated with '@immutable'. Try removing the override or annotating the class with '@immutable'. - avoid_equals_and_hash_code_on_mutable_classes
build	UNKNOWN STEP	2026-01-03T19:31:53.0175727Z [web3_universal_events]:    info - lib/src/event_listener.dart:59:29 - Uncancelled instance of 'StreamSubscription'. Try invoking 'cancel' in the function in which the 'StreamSubscription' was created. - cancel_subscriptions
build	UNKNOWN STEP	2026-01-03T19:31:53.0178037Z [web3_universal_events]:    info - lib/src/event_listener.dart:94:29 - Uncancelled instance of 'StreamSubscription'. Try invoking 'cancel' in the function in which the 'StreamSubscription' was created. - cancel_subscriptions
build	UNKNOWN STEP	2026-01-03T19:31:53.0180399Z [web3_universal_events]:    info - lib/src/event_listener.dart:151:11 - Uncancelled instance of 'StreamSubscription'. Try invoking 'cancel' in the function in which the 'StreamSubscription' was created. - cancel_subscriptions
build	UNKNOWN STEP	2026-01-03T19:31:53.0183119Z [web3_universal_events]:    info - lib/src/event_listener.dart:178:11 - Uncancelled instance of 'StreamSubscription'. Try invoking 'cancel' in the function in which the 'StreamSubscription' was created. - cancel_subscriptions
build	UNKNOWN STEP	2026-01-03T19:31:53.0185349Z [web3_universal_events]:    info - lib/src/event_subscriber.dart:75:9 - Catch clause should use 'on' to specify the type of exception being caught. Try adding an 'on' clause before the 'catch'. - avoid_catches_without_on_clauses
build	UNKNOWN STEP	2026-01-03T19:31:53.0187302Z [web3_universal_events]:    info - lib/src/reorg_handler.dart:119:5 - Unnecessary duplication of receiver. Try using a cascade to avoid the duplication. - cascade_invocations
build	UNKNOWN STEP	2026-01-03T19:31:53.0189251Z [web3_universal_events]:    info - lib/src/reorg_handler.dart:157:11 - Catch clause should use 'on' to specify the type of exception being caught. Try adding an 'on' clause before the 'catch'. - avoid_catches_without_on_clauses
build	UNKNOWN STEP	2026-01-03T19:31:53.0191123Z [web3_universal_events]:    info - lib/web3_universal_events.dart:2:9 - Library names are not necessary. Remove the library name. - unnecessary_library_name
build	UNKNOWN STEP	2026-01-03T19:31:53.0192937Z [web3_universal_events]:    info - test/event_filter_test.dart:2:1 - Sort directive sections alphabetically. Try sorting the directives. - directives_ordering
build	UNKNOWN STEP	2026-01-03T19:31:53.0194562Z [web3_universal_events]:    info - test/event_listener_test.dart:5:1 - Sort directive sections alphabetically. Try sorting the directives. - directives_ordering
build	UNKNOWN STEP	2026-01-03T19:31:53.0196193Z [web3_universal_events]:    info - test/event_subscriber_test.dart:3:1 - Sort directive sections alphabetically. Try sorting the directives. - directives_ordering
build	UNKNOWN STEP	2026-01-03T19:31:53.0197212Z [web3_universal_events]: 
build	UNKNOWN STEP	2026-01-03T19:31:53.0197570Z [web3_universal_events]: 15 issues found.
build	UNKNOWN STEP	2026-01-03T19:31:53.0616877Z [web3_universal_mpc]: Analyzing mpc...
build	UNKNOWN STEP	2026-01-03T19:31:53.3139444Z [web3_universal_keystone]: 
build	UNKNOWN STEP	2026-01-03T19:31:53.3150057Z [web3_universal_keystone]: warning - lib/src/keystone_client.dart:205:25 - The '!' will have no effect because the receiver can't be null. Try removing the '!' operator. - unnecessary_non_null_assertion
build	UNKNOWN STEP	2026-01-03T19:31:53.3152635Z [web3_universal_keystone]: warning - lib/src/keystone_client.dart:207:38 - The '!' will have no effect because the receiver can't be null. Try removing the '!' operator. - unnecessary_non_null_assertion
build	UNKNOWN STEP	2026-01-03T19:31:53.3154518Z [web3_universal_keystone]: warning - lib/src/keystone_client.dart:229:25 - The '!' will have no effect because the receiver can't be null. Try removing the '!' operator. - unnecessary_non_null_assertion
build	UNKNOWN STEP	2026-01-03T19:31:53.3156505Z [web3_universal_keystone]:    info - lib/src/keystone_client.dart:227:25 - Missing an 'await' for the 'Future' computed by this expression. Try adding an 'await' or wrapping the expression with 'unawaited'. - unawaited_futures
build	UNKNOWN STEP	2026-01-03T19:31:53.3158680Z [web3_universal_keystone]:    info - lib/src/multi_chain_support.dart:27:12 - Use interpolation to compose strings and values. Try using string interpolation to build the composite string. - prefer_interpolation_to_compose_strings
build	UNKNOWN STEP	2026-01-03T19:31:53.3160947Z [web3_universal_keystone]:    info - lib/src/multi_chain_support.dart:108:16 - Use interpolation to compose strings and values. Try using string interpolation to build the composite string. - prefer_interpolation_to_compose_strings
build	UNKNOWN STEP	2026-01-03T19:31:53.3163403Z [web3_universal_keystone]:    info - lib/src/multi_chain_support.dart:110:16 - Use interpolation to compose strings and values. Try using string interpolation to build the composite string. - prefer_interpolation_to_compose_strings
build	UNKNOWN STEP	2026-01-03T19:31:53.3165728Z [web3_universal_keystone]:    info - lib/src/multi_chain_support.dart:112:16 - Use interpolation to compose strings and values. Try using string interpolation to build the composite string. - prefer_interpolation_to_compose_strings
build	UNKNOWN STEP	2026-01-03T19:31:53.3168172Z [web3_universal_keystone]:    info - lib/src/multi_chain_support.dart:141:1 - Classes should define instance members. Try adding instance behavior or moving the members out of the class. - avoid_classes_with_only_static_members
build	UNKNOWN STEP	2026-01-03T19:31:53.3170194Z [web3_universal_keystone]:    info - lib/src/qr_communication.dart:56:7 - Unnecessary duplication of receiver. Try using a cascade to avoid the duplication. - cascade_invocations
build	UNKNOWN STEP	2026-01-03T19:31:53.3192375Z [web3_universal_keystone]:    info - lib/src/qr_communication.dart:63:7 - Catch clause should use 'on' to specify the type of exception being caught. Try adding an 'on' clause before the 'catch'. - avoid_catches_without_on_clauses
build	UNKNOWN STEP	2026-01-03T19:31:53.3194391Z [web3_universal_keystone]:    info - lib/src/qr_communication.dart:113:7 - Catch clause should use 'on' to specify the type of exception being caught. Try adding an 'on' clause before the 'catch'. - avoid_catches_without_on_clauses
build	UNKNOWN STEP	2026-01-03T19:31:53.3196099Z [web3_universal_keystone]:    info - lib/web3_universal_keystone.dart:5:9 - Library names are not necessary. Remove the library name. - unnecessary_library_name
build	UNKNOWN STEP	2026-01-03T19:31:53.3197517Z [web3_universal_keystone]:    info - test/keystone_test.dart:6:1 - Sort directive sections alphabetically. Try sorting the directives. - directives_ordering
build	UNKNOWN STEP	2026-01-03T19:31:53.3198436Z [web3_universal_keystone]: 
build	UNKNOWN STEP	2026-01-03T19:31:53.3198789Z [web3_universal_keystone]: 14 issues found.
build	UNKNOWN STEP	2026-01-03T19:31:53.3703602Z [web3_universal_multicall]: Analyzing multicall...
build	UNKNOWN STEP	2026-01-03T19:31:53.3895734Z [web3_universal_mev]: 
build	UNKNOWN STEP	2026-01-03T19:31:53.3896878Z [web3_universal_mev]:    info - lib/web3_universal_mev.dart:1:9 - Library names are not necessary. Remove the library name. - unnecessary_library_name
build	UNKNOWN STEP	2026-01-03T19:31:53.3898458Z [web3_universal_mev]:    info - test/mev_service_test.dart:2:1 - Sort directive sections alphabetically. Try sorting the directives. - directives_ordering
build	UNKNOWN STEP	2026-01-03T19:31:53.3899603Z [web3_universal_mev]: 
build	UNKNOWN STEP	2026-01-03T19:31:53.3900065Z [web3_universal_mev]: 2 issues found.
build	UNKNOWN STEP	2026-01-03T19:31:53.4667594Z [web3_universal_nft]: Analyzing nft...
build	UNKNOWN STEP	2026-01-03T19:31:53.5355748Z [web3_universal_mpc]: 
build	UNKNOWN STEP	2026-01-03T19:31:53.5357659Z [web3_universal_mpc]:    info - lib/src/key_generation.dart:499:1 - Classes should define instance members. Try adding instance behavior or moving the members out of the class. - avoid_classes_with_only_static_members
build	UNKNOWN STEP	2026-01-03T19:31:53.5360188Z [web3_universal_mpc]:    info - lib/src/key_refresh.dart:464:1 - Classes should define instance members. Try adding instance behavior or moving the members out of the class. - avoid_classes_with_only_static_members
build	UNKNOWN STEP	2026-01-03T19:31:53.5362542Z [web3_universal_mpc]:    info - lib/src/mpc_provider.dart:304:6 - Missing a required trailing comma. Try adding a trailing comma. - require_trailing_commas
build	UNKNOWN STEP	2026-01-03T19:31:53.5365175Z [web3_universal_mpc]:    info - lib/src/mpc_provider.dart:318:6 - Missing a required trailing comma. Try adding a trailing comma. - require_trailing_commas
build	UNKNOWN STEP	2026-01-03T19:31:53.5367099Z [web3_universal_mpc]:    info - lib/src/mpc_signer.dart:337:1 - Classes should define instance members. Try adding instance behavior or moving the members out of the class. - avoid_classes_with_only_static_members
build	UNKNOWN STEP	2026-01-03T19:31:53.5369267Z [web3_universal_mpc]:    info - lib/src/threshold_signature.dart:246:7 - Catch clause should use 'on' to specify the type of exception being caught. Try adding an 'on' clause before the 'catch'. - avoid_catches_without_on_clauses
build	UNKNOWN STEP	2026-01-03T19:31:53.5371456Z [web3_universal_mpc]:    info - lib/src/threshold_signature.dart:564:7 - Catch clause should use 'on' to specify the type of exception being caught. Try adding an 'on' clause before the 'catch'. - avoid_catches_without_on_clauses
build	UNKNOWN STEP	2026-01-03T19:31:53.5394306Z [web3_universal_mpc]:    info - lib/src/threshold_signature.dart:700:1 - Classes should define instance members. Try adding instance behavior or moving the members out of the class. - avoid_classes_with_only_static_members
build	UNKNOWN STEP	2026-01-03T19:31:53.5396527Z [web3_universal_mpc]:    info - lib/web3_universal_mpc.dart:10:9 - Library names are not necessary. Remove the library name. - unnecessary_library_name
build	UNKNOWN STEP	2026-01-03T19:31:53.5397982Z [web3_universal_mpc]:    info - test/mpc_test.dart:6:1 - Sort directive sections alphabetically. Try sorting the directives. - directives_ordering
build	UNKNOWN STEP	2026-01-03T19:31:53.5398858Z [web3_universal_mpc]: 
build	UNKNOWN STEP	2026-01-03T19:31:53.5399185Z [web3_universal_mpc]: 10 issues found.
build	UNKNOWN STEP	2026-01-03T19:31:53.5829496Z [web3_universal_polkadot]: Analyzing polkadot...
build	UNKNOWN STEP	2026-01-03T19:31:53.8275695Z [web3_universal_multicall]: 
build	UNKNOWN STEP	2026-01-03T19:31:53.8278090Z [web3_universal_multicall]:   error - example/main.dart:6:18 - The function 'Web3Client' isn't defined. Try importing the library that defines 'Web3Client', correcting the name to the name of an existing function, or defining a function named 'Web3Client'. - undefined_function
build	UNKNOWN STEP	2026-01-03T19:31:53.8325391Z [web3_universal_multicall]:   error - example/main.dart:7:21 - The named parameter 'contractAddress' is required, but there's no corresponding argument. Try adding the required argument. - missing_required_argument
build	UNKNOWN STEP	2026-01-03T19:31:53.8327994Z [web3_universal_multicall]:   error - example/main.dart:7:21 - The named parameter 'publicClient' is required, but there's no corresponding argument. Try adding the required argument. - missing_required_argument
build	UNKNOWN STEP	2026-01-03T19:31:53.8330562Z [web3_universal_multicall]:   error - example/main.dart:7:31 - The named parameter 'client' isn't defined. Try correcting the name to an existing named parameter's name, or defining a named parameter with the name 'client'. - undefined_named_parameter
build	UNKNOWN STEP	2026-01-03T19:31:53.8333661Z [web3_universal_multicall]: warning - example/main.dart:7:9 - The value of the local variable 'multicall' isn't used. Try removing the variable or using it. - unused_local_variable
build	UNKNOWN STEP	2026-01-03T19:31:53.8336318Z [web3_universal_multicall]: warning - pubspec.yaml:35:3 - The dev dependency on web3_universal_core is unnecessary because there is also a normal dependency on that package. Try removing the dev dependency. - unnecessary_dev_dependency
build	UNKNOWN STEP	2026-01-03T19:31:53.8338678Z [web3_universal_multicall]:    info - example/main.dart:2:1 - Sort directive sections alphabetically. Try sorting the directives. - directives_ordering
build	UNKNOWN STEP	2026-01-03T19:31:53.8340553Z [web3_universal_multicall]:    info - lib/src/multicall.dart:5:1 - Sort directive sections alphabetically. Try sorting the directives. - directives_ordering
build	UNKNOWN STEP	2026-01-03T19:31:53.8342813Z [web3_universal_multicall]:    info - lib/src/multicall_builder.dart:27:12 - Don't return 'this' from a method. Try changing the return type to 'void' and removing the return. - avoid_returning_this
build	UNKNOWN STEP	2026-01-03T19:31:53.8345104Z [web3_universal_multicall]:    info - lib/src/multicall_builder.dart:42:12 - Don't return 'this' from a method. Try changing the return type to 'void' and removing the return. - avoid_returning_this
build	UNKNOWN STEP	2026-01-03T19:31:53.8347225Z [web3_universal_multicall]:    info - lib/src/multicall_builder.dart:48:12 - Don't return 'this' from a method. Try changing the return type to 'void' and removing the return. - avoid_returning_this
build	UNKNOWN STEP	2026-01-03T19:31:53.8349376Z [web3_universal_multicall]:    info - lib/src/multicall_builder.dart:54:12 - Don't return 'this' from a method. Try changing the return type to 'void' and removing the return. - avoid_returning_this
build	UNKNOWN STEP	2026-01-03T19:31:53.8391726Z [web3_universal_multicall]:    info - lib/src/multicall_builder.dart:140:1 - Classes should define instance members. Try adding instance behavior or moving the members out of the class. - avoid_classes_with_only_static_members
build	UNKNOWN STEP	2026-01-03T19:31:53.8394467Z [web3_universal_multicall]:    info - lib/src/multicall_factory.dart:4:1 - Classes should define instance members. Try adding instance behavior or moving the members out of the class. - avoid_classes_with_only_static_members
build	UNKNOWN STEP	2026-01-03T19:31:53.8396499Z [web3_universal_multicall]:    info - lib/web3_universal_multicall.dart:2:9 - Library names are not necessary. Remove the library name. - unnecessary_library_name
build	UNKNOWN STEP	2026-01-03T19:31:53.8398652Z [web3_universal_multicall]:    info - test/mock_client.dart:43:8 - The method is used to change a property. Try converting the method to a setter. - use_setters_to_change_properties
build	UNKNOWN STEP	2026-01-03T19:31:53.8400456Z [web3_universal_multicall]:    info - test/mock_client.dart:84:8 - The method is used to change a property. Try converting the method to a setter. - use_setters_to_change_properties
build	UNKNOWN STEP	2026-01-03T19:31:53.8402463Z [web3_universal_multicall]:    info - test/mock_contract.dart:118:8 - The method is used to change a property. Try converting the method to a setter. - use_setters_to_change_properties
build	UNKNOWN STEP	2026-01-03T19:31:53.8404302Z [web3_universal_multicall]:    info - test/mock_contract.dart:122:8 - The method is used to change a property. Try converting the method to a setter. - use_setters_to_change_properties
build	UNKNOWN STEP	2026-01-03T19:31:53.8406210Z [web3_universal_multicall]:    info - test/mock_contract.dart:126:8 - The method is used to change a property. Try converting the method to a setter. - use_setters_to_change_properties
build	UNKNOWN STEP	2026-01-03T19:31:53.8408112Z [web3_universal_multicall]:    info - test/mock_contract.dart:130:8 - The method is used to change a property. Try converting the method to a setter. - use_setters_to_change_properties
build	UNKNOWN STEP	2026-01-03T19:31:53.8409807Z [web3_universal_multicall]:    info - test/multicall_builder_test.dart:4:1 - Sort directive sections alphabetically. Try sorting the directives. - directives_ordering
build	UNKNOWN STEP	2026-01-03T19:31:53.8411582Z [web3_universal_multicall]:    info - test/multicall_builder_test.dart:92:9 - Unnecessary duplication of receiver. Try using a cascade to avoid the duplication. - cascade_invocations
build	UNKNOWN STEP	2026-01-03T19:31:53.8413702Z [web3_universal_multicall]:    info - test/multicall_builder_test.dart:96:9 - Unnecessary duplication of receiver. Try using a cascade to avoid the duplication. - cascade_invocations
build	UNKNOWN STEP	2026-01-03T19:31:53.8415807Z [web3_universal_multicall]:    info - test/multicall_builder_test.dart:134:9 - Unnecessary duplication of receiver. Try using a cascade to avoid the duplication. - cascade_invocations
build	UNKNOWN STEP	2026-01-03T19:31:53.8417675Z [web3_universal_multicall]:    info - test/multicall_builder_test.dart:162:9 - Unnecessary duplication of receiver. Try using a cascade to avoid the duplication. - cascade_invocations
build	UNKNOWN STEP	2026-01-03T19:31:53.8419529Z [web3_universal_multicall]:    info - test/multicall_builder_test.dart:183:9 - Unnecessary duplication of receiver. Try using a cascade to avoid the duplication. - cascade_invocations
build	UNKNOWN STEP	2026-01-03T19:31:53.8421312Z [web3_universal_multicall]:    info - test/multicall_builder_test.dart:207:9 - Unnecessary duplication of receiver. Try using a cascade to avoid the duplication. - cascade_invocations
build	UNKNOWN STEP	2026-01-03T19:31:53.8464351Z [web3_universal_multicall]:    info - test/multicall_builder_test.dart:246:9 - Unnecessary duplication of receiver. Try using a cascade to avoid the duplication. - cascade_invocations
build	UNKNOWN STEP	2026-01-03T19:31:53.8466193Z [web3_universal_multicall]:    info - test/multicall_error_test.dart:4:1 - Sort directive sections alphabetically. Try sorting the directives. - directives_ordering
build	UNKNOWN STEP	2026-01-03T19:31:53.8467999Z [web3_universal_multicall]:    info - test/multicall_factory_test.dart:2:1 - Sort directive sections alphabetically. Try sorting the directives. - directives_ordering
build	UNKNOWN STEP	2026-01-03T19:31:53.8469728Z [web3_universal_multicall]:    info - test/multicall_test.dart:4:1 - Sort directive sections alphabetically. Try sorting the directives. - directives_ordering
build	UNKNOWN STEP	2026-01-03T19:31:53.8470785Z [web3_universal_multicall]: 
build	UNKNOWN STEP	2026-01-03T19:31:53.8471200Z [web3_universal_multicall]: 32 issues found.
build	UNKNOWN STEP	2026-01-03T19:31:53.8745043Z [web3_universal_polkadot]: 
build	UNKNOWN STEP	2026-01-03T19:31:53.8750238Z [web3_universal_polkadot]:    info - lib/src/scale_codec.dart:3:1 - Classes should define instance members. Try adding instance behavior or moving the members out of the class. - avoid_classes_with_only_static_members
build	UNKNOWN STEP	2026-01-03T19:31:53.8756875Z [web3_universal_polkadot]:    info - lib/web3_universal_polkadot.dart:1:9 - Library names are not necessary. Remove the library name. - unnecessary_library_name
build	UNKNOWN STEP	2026-01-03T19:31:53.8761714Z [web3_universal_polkadot]:    info - test/polkadot_property_test.dart:2:1 - Sort directive sections alphabetically. Try sorting the directives. - directives_ordering
build	UNKNOWN STEP	2026-01-03T19:31:53.8768654Z [web3_universal_polkadot]: 
build	UNKNOWN STEP	2026-01-03T19:31:53.8769076Z [web3_universal_polkadot]: 3 issues found.
build	UNKNOWN STEP	2026-01-03T19:31:53.8823291Z [web3_universal_price]: Analyzing price...
build	UNKNOWN STEP	2026-01-03T19:31:53.9173480Z [web3_universal_provider]: Analyzing provider...
build	UNKNOWN STEP	2026-01-03T19:31:53.9322277Z [web3_universal_nft]: 
build	UNKNOWN STEP	2026-01-03T19:31:53.9324690Z [web3_universal_nft]:   error - example/main.dart:5:22 - The named parameter 'publicClient' is required, but there's no corresponding argument. Try adding the required argument. - missing_required_argument
build	UNKNOWN STEP	2026-01-03T19:31:53.9337525Z [web3_universal_nft]: warning - example/main.dart:5:9 - The value of the local variable 'nftService' isn't used. Try removing the variable or using it. - unused_local_variable
build	UNKNOWN STEP	2026-01-03T19:31:53.9339744Z [web3_universal_nft]: warning - lib/src/nft_service.dart:124:28 - The '!' will have no effect because the receiver can't be null. Try removing the '!' operator. - unnecessary_non_null_assertion
build	UNKNOWN STEP	2026-01-03T19:31:53.9343131Z [web3_universal_nft]: warning - lib/src/nft_service.dart:132:28 - The '!' will have no effect because the receiver can't be null. Try removing the '!' operator. - unnecessary_non_null_assertion
build	UNKNOWN STEP	2026-01-03T19:31:53.9345289Z [web3_universal_nft]: warning - lib/src/nft_service.dart:140:28 - The '!' will have no effect because the receiver can't be null. Try removing the '!' operator. - unnecessary_non_null_assertion
build	UNKNOWN STEP	2026-01-03T19:31:53.9347373Z [web3_universal_nft]: warning - lib/src/nft_service.dart:148:28 - The '!' will have no effect because the receiver can't be null. Try removing the '!' operator. - unnecessary_non_null_assertion
build	UNKNOWN STEP	2026-01-03T19:31:53.9394284Z [web3_universal_nft]: warning - lib/src/nft_service.dart:156:28 - The '!' will have no effect because the receiver can't be null. Try removing the '!' operator. - unnecessary_non_null_assertion
build	UNKNOWN STEP	2026-01-03T19:31:53.9396583Z [web3_universal_nft]: warning - lib/src/nft_service.dart:164:28 - The '!' will have no effect because the receiver can't be null. Try removing the '!' operator. - unnecessary_non_null_assertion
build	UNKNOWN STEP	2026-01-03T19:31:53.9398774Z [web3_universal_nft]:    info - lib/src/ipfs_gateway.dart:52:9 - Catch clause should use 'on' to specify the type of exception being caught. Try adding an 'on' clause before the 'catch'. - avoid_catches_without_on_clauses
build	UNKNOWN STEP	2026-01-03T19:31:53.9400931Z [web3_universal_nft]:    info - lib/src/ipfs_gateway.dart:75:7 - Catch clause should use 'on' to specify the type of exception being caught. Try adding an 'on' clause before the 'catch'. - avoid_catches_without_on_clauses
build	UNKNOWN STEP	2026-01-03T19:31:53.9403525Z [web3_universal_nft]:    info - lib/src/ipfs_gateway.dart:96:7 - Catch clause should use 'on' to specify the type of exception being caught. Try adding an 'on' clause before the 'catch'. - avoid_catches_without_on_clauses
build	UNKNOWN STEP	2026-01-03T19:31:53.9405838Z [web3_universal_nft]:    info - lib/src/ipfs_gateway.dart:123:7 - Invalid assignment to the parameter 'gateway'. Try using a local variable in place of the parameter. - parameter_assignments
build	UNKNOWN STEP	2026-01-03T19:31:53.9408162Z [web3_universal_nft]:    info - lib/src/ipfs_gateway.dart:133:7 - Invalid assignment to the parameter 'gateway'. Try using a local variable in place of the parameter. - parameter_assignments
build	UNKNOWN STEP	2026-01-03T19:31:53.9410712Z [web3_universal_nft]:    info - lib/src/nft_collection.dart:67:7 - Catch clause should use 'on' to specify the type of exception being caught. Try adding an 'on' clause before the 'catch'. - avoid_catches_without_on_clauses
build	UNKNOWN STEP	2026-01-03T19:31:53.9414437Z [web3_universal_nft]:    info - lib/src/nft_collection.dart:143:7 - Catch clause should use 'on' to specify the type of exception being caught. Try adding an 'on' clause before the 'catch'. - avoid_catches_without_on_clauses
build	UNKNOWN STEP	2026-01-03T19:31:53.9417172Z [web3_universal_nft]:    info - lib/src/nft_collection.dart:173:7 - Catch clause should use 'on' to specify the type of exception being caught. Try adding an 'on' clause before the 'catch'. - avoid_catches_without_on_clauses
build	UNKNOWN STEP	2026-01-03T19:31:53.9423303Z [web3_universal_nft]:    info - lib/src/nft_collection.dart:178:9 - Catch clause should use 'on' to specify the type of exception being caught. Try adding an 'on' clause before the 'catch'. - avoid_catches_without_on_clauses
build	UNKNOWN STEP	2026-01-03T19:31:53.9426581Z [web3_universal_nft]:    info - lib/src/nft_collection.dart:197:7 - Catch clause should use 'on' to specify the type of exception being caught. Try adding an 'on' clause before the 'catch'. - avoid_catches_without_on_clauses
build	UNKNOWN STEP	2026-01-03T19:31:53.9428727Z [web3_universal_nft]:    info - lib/src/nft_collection.dart:215:7 - Catch clause should use 'on' to specify the type of exception being caught. Try adding an 'on' clause before the 'catch'. - avoid_catches_without_on_clauses
build	UNKNOWN STEP	2026-01-03T19:31:53.9430892Z [web3_universal_nft]:    info - lib/src/nft_collection.dart:233:7 - Catch clause should use 'on' to specify the type of exception being caught. Try adding an 'on' clause before the 'catch'. - avoid_catches_without_on_clauses
build	UNKNOWN STEP	2026-01-03T19:31:53.9433179Z [web3_universal_nft]:    info - lib/src/nft_collection.dart:253:7 - Catch clause should use 'on' to specify the type of exception being caught. Try adding an 'on' clause before the 'catch'. - avoid_catches_without_on_clauses
build	UNKNOWN STEP	2026-01-03T19:31:53.9435368Z [web3_universal_nft]:    info - lib/src/nft_collection.dart:277:7 - Catch clause should use 'on' to specify the type of exception being caught. Try adding an 'on' clause before the 'catch'. - avoid_catches_without_on_clauses
build	UNKNOWN STEP	2026-01-03T19:31:53.9437522Z [web3_universal_nft]:    info - lib/src/nft_collection.dart:296:7 - Catch clause should use 'on' to specify the type of exception being caught. Try adding an 'on' clause before the 'catch'. - avoid_catches_without_on_clauses
build	UNKNOWN STEP	2026-01-03T19:31:53.9439870Z [web3_universal_nft]:    info - lib/src/nft_metadata.dart:44:11 - Catch clause should use 'on' to specify the type of exception being caught. Try adding an 'on' clause before the 'catch'. - avoid_catches_without_on_clauses
build	UNKNOWN STEP	2026-01-03T19:31:53.9442212Z [web3_universal_nft]:    info - lib/src/nft_metadata.dart:54:7 - Catch clause should use 'on' to specify the type of exception being caught. Try adding an 'on' clause before the 'catch'. - avoid_catches_without_on_clauses
build	UNKNOWN STEP	2026-01-03T19:31:53.9444304Z [web3_universal_nft]:    info - lib/src/nft_metadata.dart:132:7 - Catch clause should use 'on' to specify the type of exception being caught. Try adding an 'on' clause before the 'catch'. - avoid_catches_without_on_clauses
build	UNKNOWN STEP	2026-01-03T19:31:53.9446449Z [web3_universal_nft]:    info - lib/src/nft_metadata.dart:151:7 - Catch clause should use 'on' to specify the type of exception being caught. Try adding an 'on' clause before the 'catch'. - avoid_catches_without_on_clauses
build	UNKNOWN STEP	2026-01-03T19:31:53.9448617Z [web3_universal_nft]:    info - lib/src/nft_metadata.dart:184:7 - Catch clause should use 'on' to specify the type of exception being caught. Try adding an 'on' clause before the 'catch'. - avoid_catches_without_on_clauses
build	UNKNOWN STEP	2026-01-03T19:31:53.9450762Z [web3_universal_nft]:    info - lib/src/nft_transfer.dart:35:7 - Catch clause should use 'on' to specify the type of exception being caught. Try adding an 'on' clause before the 'catch'. - avoid_catches_without_on_clauses
build	UNKNOWN STEP	2026-01-03T19:31:53.9465451Z [web3_universal_nft]:    info - lib/src/nft_transfer.dart:60:7 - Catch clause should use 'on' to specify the type of exception being caught. Try adding an 'on' clause before the 'catch'. - avoid_catches_without_on_clauses
build	UNKNOWN STEP	2026-01-03T19:31:53.9467786Z [web3_universal_nft]:    info - lib/src/nft_types.dart:64:3 - The method '==' should not be overridden in classes not annotated with '@immutable'. Try removing the override or annotating the class with '@immutable'. - avoid_equals_and_hash_code_on_mutable_classes
build	UNKNOWN STEP	2026-01-03T19:31:53.9470646Z [web3_universal_nft]:    info - lib/src/nft_types.dart:73:3 - The method 'hashCode' should not be overridden in classes not annotated with '@immutable'. Try removing the override or annotating the class with '@immutable'. - avoid_equals_and_hash_code_on_mutable_classes
build	UNKNOWN STEP	2026-01-03T19:31:53.9472878Z [web3_universal_nft]:    info - lib/web3_universal_nft.dart:9:9 - Library names are not necessary. Remove the library name. - unnecessary_library_name
build	UNKNOWN STEP	2026-01-03T19:31:53.9474324Z [web3_universal_nft]:    info - test/nft_service_test.dart:3:1 - Sort directive sections alphabetically. Try sorting the directives. - directives_ordering
build	UNKNOWN STEP	2026-01-03T19:31:53.9475334Z [web3_universal_nft]: 
build	UNKNOWN STEP	2026-01-03T19:31:53.9475682Z [web3_universal_nft]: 34 issues found.
build	UNKNOWN STEP	2026-01-03T19:31:54.0204974Z [web3_universal_reown]: Analyzing reown...
build	UNKNOWN STEP	2026-01-03T19:31:54.1879753Z [web3_universal_price]: 
build	UNKNOWN STEP	2026-01-03T19:31:54.1928540Z [web3_universal_price]:    info - lib/src/price_service.dart:21:14 - Method invocation or property access on a 'dynamic' target. Try giving the target a type. - avoid_dynamic_calls
build	UNKNOWN STEP	2026-01-03T19:31:54.1930815Z [web3_universal_price]:    info - lib/src/price_service.dart:31:26 - Method invocation or property access on a 'dynamic' target. Try giving the target a type. - avoid_dynamic_calls
build	UNKNOWN STEP	2026-01-03T19:31:54.1933377Z [web3_universal_price]:    info - lib/src/price_service.dart:36:7 - Catch clause should use 'on' to specify the type of exception being caught. Try adding an 'on' clause before the 'catch'. - avoid_catches_without_on_clauses
build	UNKNOWN STEP	2026-01-03T19:31:54.1935613Z [web3_universal_price]:    info - lib/src/price_service.dart:39:16 - Method invocation or property access on a 'dynamic' target. Try giving the target a type. - avoid_dynamic_calls
build	UNKNOWN STEP	2026-01-03T19:31:54.1937529Z [web3_universal_price]:    info - lib/src/price_service.dart:54:23 - Method invocation or property access on a 'dynamic' target. Try giving the target a type. - avoid_dynamic_calls
build	UNKNOWN STEP	2026-01-03T19:31:54.1939959Z [web3_universal_price]:    info - lib/src/price_service.dart:71:28 - Method invocation or property access on a 'dynamic' target. Try giving the target a type. - avoid_dynamic_calls
build	UNKNOWN STEP	2026-01-03T19:31:54.1942434Z [web3_universal_price]:    info - lib/src/price_service.dart:77:7 - Catch clause should use 'on' to specify the type of exception being caught. Try adding an 'on' clause before the 'catch'. - avoid_catches_without_on_clauses
build	UNKNOWN STEP	2026-01-03T19:31:54.1944588Z [web3_universal_price]:    info - lib/src/price_service.dart:86:23 - Method invocation or property access on a 'dynamic' target. Try giving the target a type. - avoid_dynamic_calls
build	UNKNOWN STEP	2026-01-03T19:31:54.1946557Z [web3_universal_price]:    info - lib/web3_universal_price.dart:1:9 - Library names are not necessary. Remove the library name. - unnecessary_library_name
build	UNKNOWN STEP	2026-01-03T19:31:54.1948479Z [web3_universal_price]:    info - test/price_service_test.dart:2:1 - Sort directive sections alphabetically. Try sorting the directives. - directives_ordering
build	UNKNOWN STEP	2026-01-03T19:31:54.1950384Z [web3_universal_price]:    info - test/price_service_test.dart:8:7 - Unnecessary duplication of receiver. Try using a cascade to avoid the duplication. - cascade_invocations
build	UNKNOWN STEP	2026-01-03T19:31:54.1951601Z [web3_universal_price]: 
build	UNKNOWN STEP	2026-01-03T19:31:54.1952312Z [web3_universal_price]: 11 issues found.
build	UNKNOWN STEP	2026-01-03T19:31:54.2380396Z [web3_universal_signer]: Analyzing signer...
build	UNKNOWN STEP	2026-01-03T19:31:54.2651700Z [web3_universal_ledger]: 
build	UNKNOWN STEP	2026-01-03T19:31:54.2653850Z [web3_universal_ledger]:    info - lib/src/apdu_commands.dart:4:1 - Classes should define instance members. Try adding instance behavior or moving the members out of the class. - avoid_classes_with_only_static_members
build	UNKNOWN STEP	2026-01-03T19:31:54.2657049Z [web3_universal_ledger]:    info - lib/src/apdu_commands.dart:117:5 - Unnecessary duplication of receiver. Try using a cascade to avoid the duplication. - cascade_invocations
build	UNKNOWN STEP	2026-01-03T19:31:54.2662621Z [web3_universal_ledger]:    info - lib/src/apdu_commands.dart:157:1 - Classes should define instance members. Try adding instance behavior or moving the members out of the class. - avoid_classes_with_only_static_members
build	UNKNOWN STEP	2026-01-03T19:31:54.2666919Z [web3_universal_ledger]:    info - lib/src/ledger_transport.dart:276:1 - Classes should define instance members. Try adding instance behavior or moving the members out of the class. - avoid_classes_with_only_static_members
build	UNKNOWN STEP	2026-01-03T19:31:54.2674297Z [web3_universal_ledger]:    info - lib/src/ledger_types.dart:83:5 - Unnecessary duplication of receiver. Try using a cascade to avoid the duplication. - cascade_invocations
build	UNKNOWN STEP	2026-01-03T19:31:54.2675908Z [web3_universal_ledger]:    info - lib/src/ledger_types.dart:88:7 - Unnecessary duplication of receiver. Try using a cascade to avoid the duplication. - cascade_invocations
build	UNKNOWN STEP	2026-01-03T19:31:54.2677651Z [web3_universal_ledger]:    info - lib/src/multi_chain_support.dart:244:5 - Unnecessary duplication of receiver. Try using a cascade to avoid the duplication. - cascade_invocations
build	UNKNOWN STEP	2026-01-03T19:31:54.2679736Z [web3_universal_ledger]:    info - lib/src/multi_chain_support.dart:281:1 - Classes should define instance members. Try adding instance behavior or moving the members out of the class. - avoid_classes_with_only_static_members
build	UNKNOWN STEP	2026-01-03T19:31:54.2681638Z [web3_universal_ledger]:    info - lib/web3_universal_ledger.dart:5:9 - Library names are not necessary. Remove the library name. - unnecessary_library_name
build	UNKNOWN STEP	2026-01-03T19:31:54.2683381Z [web3_universal_ledger]:    info - test/ledger_test.dart:6:1 - Sort directive sections alphabetically. Try sorting the directives. - directives_ordering
build	UNKNOWN STEP	2026-01-03T19:31:54.2684354Z [web3_universal_ledger]: 
build	UNKNOWN STEP	2026-01-03T19:31:54.2684702Z [web3_universal_ledger]: 10 issues found.
build	UNKNOWN STEP	2026-01-03T19:31:54.3255609Z [web3_universal_solana]: Analyzing solana...
build	UNKNOWN STEP	2026-01-03T19:31:54.3256090Z [web3_universal_provider]: 
build	UNKNOWN STEP	2026-01-03T19:31:54.3258105Z [web3_universal_provider]:   error - example/main.dart:7:20 - The function 'FallbackProvider' isn't defined. Try importing the library that defines 'FallbackProvider', correcting the name to the name of an existing function, or defining a function named 'FallbackProvider'. - undefined_function
build	UNKNOWN STEP	2026-01-03T19:31:54.3261266Z [web3_universal_provider]:   error - example/main.dart:8:5 - The function 'StaticJsonRpcProvider' isn't defined. Try importing the library that defines 'StaticJsonRpcProvider', correcting the name to the name of an existing function, or defining a function named 'StaticJsonRpcProvider'. - undefined_function
build	UNKNOWN STEP	2026-01-03T19:31:54.3264559Z [web3_universal_provider]:   error - example/main.dart:9:5 - The function 'StaticJsonRpcProvider' isn't defined. Try importing the library that defines 'StaticJsonRpcProvider', correcting the name to the name of an existing function, or defining a function named 'StaticJsonRpcProvider'. - undefined_function
build	UNKNOWN STEP	2026-01-03T19:31:54.3267411Z [web3_universal_provider]:   error - example/main.dart:22:17 - The function 'ChainConfig' isn't defined. Try importing the library that defines 'ChainConfig', correcting the name to the name of an existing function, or defining a function named 'ChainConfig'. - undefined_function
build	UNKNOWN STEP	2026-01-03T19:31:54.3270213Z [web3_universal_provider]:   error - example/main.dart:25:22 - The function 'NativeCurrency' isn't defined. Try importing the library that defines 'NativeCurrency', correcting the name to the name of an existing function, or defining a function named 'NativeCurrency'. - undefined_function
build	UNKNOWN STEP	2026-01-03T19:31:54.3273543Z [web3_universal_provider]:   error - example/main.dart:36:18 - This expression has a type of 'void' so its value can't be used. Try checking to see if you're using the correct API; there might be a function or call that returns void you didn't expect. Also check type parameters and variables which might also be void. - use_of_void_result
build	UNKNOWN STEP	2026-01-03T19:31:54.3276124Z [web3_universal_provider]: warning - example/main.dart:27:17 - The type argument(s) of 'List' can't be inferred. Use explicit type argument(s) for 'List'. - inference_failure_on_collection_literal
build	UNKNOWN STEP	2026-01-03T19:31:54.3278084Z [web3_universal_provider]:    info - example/main.dart:2:1 - Sort directive sections alphabetically. Try sorting the directives. - directives_ordering
build	UNKNOWN STEP	2026-01-03T19:31:54.3279825Z [web3_universal_provider]:    info - example/main.dart:36:5 - Uses 'await' on an instance of 'void', which is not a subtype of 'Future'. Try removing the 'await' or changing the expression. - await_only_futures
build	UNKNOWN STEP	2026-01-03T19:31:54.3281730Z [web3_universal_provider]:    info - lib/src/provider.dart:76:62 - 'bool' parameters should be named parameters. Try converting the parameter to a named parameter. - avoid_positional_boolean_parameters
build	UNKNOWN STEP	2026-01-03T19:31:54.3314482Z [web3_universal_provider]:    info - lib/src/provider.dart:81:65 - 'bool' parameters should be named parameters. Try converting the parameter to a named parameter. - avoid_positional_boolean_parameters
build	UNKNOWN STEP	2026-01-03T19:31:54.3316468Z [web3_universal_provider]:    info - lib/src/websocket_transport.dart:53:13 - Unclosed instance of 'Sink'. Try invoking 'close' in the function in which the 'Sink' was created. - close_sinks
build	UNKNOWN STEP	2026-01-03T19:31:54.3318322Z [web3_universal_provider]:    info - lib/src/websocket_transport.dart:130:11 - Unclosed instance of 'Sink'. Try invoking 'close' in the function in which the 'Sink' was created. - close_sinks
build	UNKNOWN STEP	2026-01-03T19:31:54.3320395Z [web3_universal_provider]:    info - lib/src/websocket_transport.dart:144:44 - Missing an 'await' for the 'Future' computed by this expression. Try adding an 'await' or wrapping the expression with 'unawaited'. - unawaited_futures
build	UNKNOWN STEP	2026-01-03T19:31:54.3338274Z [web3_universal_provider]:    info - lib/web3_universal_provider.dart:8:9 - Library names are not necessary. Remove the library name. - unnecessary_library_name
build	UNKNOWN STEP	2026-01-03T19:31:54.3340025Z [web3_universal_provider]:    info - test/provider_property_test.dart:5:1 - Sort directive sections alphabetically. Try sorting the directives. - directives_ordering
build	UNKNOWN STEP	2026-01-03T19:31:54.3342473Z [web3_universal_provider]:    info - test/provider_property_test.dart:88:11 - Catch clause should use 'on' to specify the type of exception being caught. Try adding an 'on' clause before the 'catch'. - avoid_catches_without_on_clauses
build	UNKNOWN STEP	2026-01-03T19:31:54.3344777Z [web3_universal_provider]:    info - test/provider_property_test.dart:118:11 - Catch clause should use 'on' to specify the type of exception being caught. Try adding an 'on' clause before the 'catch'. - avoid_catches_without_on_clauses
build	UNKNOWN STEP	2026-01-03T19:31:54.3346130Z [web3_universal_provider]: 
build	UNKNOWN STEP	2026-01-03T19:31:54.3346519Z [web3_universal_provider]: 18 issues found.
build	UNKNOWN STEP	2026-01-03T19:31:54.3737794Z [web3_universal_staking]: Analyzing staking...
build	UNKNOWN STEP	2026-01-03T19:31:54.7493487Z [web3_universal_staking]: 
build	UNKNOWN STEP	2026-01-03T19:31:54.7503162Z [web3_universal_staking]:   error - example/main.dart:5:34 - The method 'lido' isn't defined for the type 'StakingService'. Try correcting the name to the name of an existing method, or defining a method named 'lido'. - undefined_method
build	UNKNOWN STEP	2026-01-03T19:31:54.7511254Z [web3_universal_staking]: warning - example/main.dart:5:9 - The value of the local variable 'staking' isn't used. Try removing the variable or using it. - unused_local_variable
build	UNKNOWN STEP	2026-01-03T19:31:54.7551511Z [web3_universal_staking]:    info - lib/src/staking_service.dart:94:7 - Catch clause should use 'on' to specify the type of exception being caught. Try adding an 'on' clause before the 'catch'. - avoid_catches_without_on_clauses
build	UNKNOWN STEP	2026-01-03T19:31:54.7554693Z [web3_universal_staking]:    info - lib/web3_universal_staking.dart:1:9 - Library names are not necessary. Remove the library name. - unnecessary_library_name
build	UNKNOWN STEP	2026-01-03T19:31:54.7556541Z [web3_universal_staking]:    info - test/staking_service_test.dart:3:1 - Sort directive sections alphabetically. Try sorting the directives. - directives_ordering
build	UNKNOWN STEP	2026-01-03T19:31:54.7557795Z [web3_universal_staking]: 
build	UNKNOWN STEP	2026-01-03T19:31:54.7558337Z [web3_universal_staking]: 5 issues found.
build	UNKNOWN STEP	2026-01-03T19:31:54.7681454Z [web3_universal_signer]: 
build	UNKNOWN STEP	2026-01-03T19:31:54.7787603Z [web3_universal_signer]:   error - example/main.dart:7:23 - Undefined name 'EthPrivateKey'. Try correcting the name to one that is defined, or defining the name. - undefined_identifier
build	UNKNOWN STEP	2026-01-03T19:31:54.7789944Z [web3_universal_signer]:   error - example/main.dart:17:21 - Undefined name 'EthPrivateKey'. Try correcting the name to one that is defined, or defining the name. - undefined_identifier
build	UNKNOWN STEP	2026-01-03T19:31:54.7792160Z [web3_universal_signer]: warning - example/main.dart:22:10 - The declaration 'toHex' isn't referenced. Try removing the declaration of 'toHex'. - unused_element
build	UNKNOWN STEP	2026-01-03T19:31:54.7794243Z [web3_universal_signer]: warning - lib/src/private_key_signer.dart:42:11 - The value of the local variable 'random' isn't used. Try removing the variable or using it. - unused_local_variable
build	UNKNOWN STEP	2026-01-03T19:31:54.7796226Z [web3_universal_signer]: warning - test/signer_property_test.dart:1:8 - Unused import: 'dart:typed_data'. Try removing the import directive. - unused_import
build	UNKNOWN STEP	2026-01-03T19:31:54.7798243Z [web3_universal_signer]: warning - test/signer_property_test.dart:3:8 - Unused import: 'package:web3_universal_crypto/web3_universal_crypto.dart'. Try removing the import directive. - unused_import
build	UNKNOWN STEP	2026-01-03T19:31:54.7800325Z [web3_universal_signer]: warning - test/signer_property_test.dart:6:8 - Unused import: 'package:test/test.dart'. Try removing the import directive. - unused_import
build	UNKNOWN STEP	2026-01-03T19:31:54.7802762Z [web3_universal_signer]:    info - example/main.dart:2:1 - Sort directive sections alphabetically. Try sorting the directives. - directives_ordering
build	UNKNOWN STEP	2026-01-03T19:31:54.7805148Z [web3_universal_signer]:    info - example/main.dart:3:1 - Place 'dart:' imports before other imports. Try sorting the directives. - directives_ordering
build	UNKNOWN STEP	2026-01-03T19:31:54.7814175Z [web3_universal_signer]:    info - example/main.dart:22:74 - The value of the argument is redundant because it matches the default value. Try removing the argument. - avoid_redundant_argument_values
build	UNKNOWN STEP	2026-01-03T19:31:54.7817675Z [web3_universal_signer]:    info - lib/src/authorization.dart:173:7 - Catch clause should use 'on' to specify the type of exception being caught. Try adding an 'on' clause before the 'catch'. - avoid_catches_without_on_clauses
build	UNKNOWN STEP	2026-01-03T19:31:54.7821436Z [web3_universal_signer]:    info - lib/src/authorization_batch.dart:164:5 - Unnecessary duplication of receiver. Try using a cascade to avoid the duplication. - cascade_invocations
build	UNKNOWN STEP	2026-01-03T19:31:54.7823812Z [web3_universal_signer]:    info - lib/src/authorization_batch.dart:224:7 - Catch clause should use 'on' to specify the type of exception being caught. Try adding an 'on' clause before the 'catch'. - avoid_catches_without_on_clauses
build	UNKNOWN STEP	2026-01-03T19:31:54.7826288Z [web3_universal_signer]:    info - lib/src/authorization_revocation.dart:7:1 - Classes should define instance members. Try adding instance behavior or moving the members out of the class. - avoid_classes_with_only_static_members
build	UNKNOWN STEP	2026-01-03T19:31:54.7828743Z [web3_universal_signer]:    info - lib/src/authorization_verifier.dart:6:1 - Classes should define instance members. Try adding instance behavior or moving the members out of the class. - avoid_classes_with_only_static_members
build	UNKNOWN STEP	2026-01-03T19:31:54.7831220Z [web3_universal_signer]:    info - lib/src/authorization_verifier.dart:80:7 - Catch clause should use 'on' to specify the type of exception being caught. Try adding an 'on' clause before the 'catch'. - avoid_catches_without_on_clauses
build	UNKNOWN STEP	2026-01-03T19:31:54.7833825Z [web3_universal_signer]:    info - lib/src/authorization_verifier.dart:123:7 - Catch clause should use 'on' to specify the type of exception being caught. Try adding an 'on' clause before the 'catch'. - avoid_catches_without_on_clauses
build	UNKNOWN STEP	2026-01-03T19:31:54.7836321Z [web3_universal_signer]:    info - lib/src/transaction.dart:23:9 - Constructor declarations should be before non-constructor declarations. Try moving the constructor declaration before all other members. - sort_constructors_first
build	UNKNOWN STEP	2026-01-03T19:31:54.7838709Z [web3_universal_signer]:    info - lib/web3_universal_signer.dart:11:9 - Library names are not necessary. Remove the library name. - unnecessary_library_name
build	UNKNOWN STEP	2026-01-03T19:31:54.7840628Z [web3_universal_signer]:    info - test/eip7702_test.dart:5:1 - Sort directive sections alphabetically. Try sorting the directives. - directives_ordering
build	UNKNOWN STEP	2026-01-03T19:31:54.7842735Z [web3_universal_signer]:    info - test/eip7702_test.dart:276:9 - Unnecessary duplication of receiver. Try using a cascade to avoid the duplication. - cascade_invocations
build	UNKNOWN STEP	2026-01-03T19:31:54.7844695Z [web3_universal_signer]:    info - test/eip7702_test.dart:277:9 - Unnecessary duplication of receiver. Try using a cascade to avoid the duplication. - cascade_invocations
build	UNKNOWN STEP	2026-01-03T19:31:54.7846505Z [web3_universal_signer]:    info - test/eip7702_test.dart:278:9 - Unnecessary duplication of receiver. Try using a cascade to avoid the duplication. - cascade_invocations
build	UNKNOWN STEP	2026-01-03T19:31:54.7874312Z [web3_universal_signer]:    info - test/signer_property_test.dart:5:1 - Sort directive sections alphabetically. Try sorting the directives. - directives_ordering
build	UNKNOWN STEP	2026-01-03T19:31:54.7875539Z [web3_universal_signer]: 
build	UNKNOWN STEP	2026-01-03T19:31:54.7875954Z [web3_universal_signer]: 24 issues found.
build	UNKNOWN STEP	2026-01-03T19:31:54.8081356Z [web3_universal_swap]: Analyzing swap...
build	UNKNOWN STEP	2026-01-03T19:31:54.8114588Z [web3_universal_reown]: 
build	UNKNOWN STEP	2026-01-03T19:31:54.8118731Z [web3_universal_reown]:   error - example/main.dart:7:15 - The function 'PairingMetadata' isn't defined. Try importing the library that defines 'PairingMetadata', correcting the name to the name of an existing function, or defining a function named 'PairingMetadata'. - undefined_function
build	UNKNOWN STEP	2026-01-03T19:31:54.8122821Z [web3_universal_reown]:   error - test/relay_verification_test.dart:27:61 - The argument type 'dynamic' can't be assigned to the parameter type 'Object'.  - argument_type_not_assignable
build	UNKNOWN STEP	2026-01-03T19:31:54.8128170Z [web3_universal_reown]:   error - test/reown_kits_test.dart:92:9 - The argument type 'dynamic' can't be assigned to the parameter type 'Map<String, dynamic>'.  - argument_type_not_assignable
build	UNKNOWN STEP	2026-01-03T19:31:54.8130744Z [web3_universal_reown]:   error - test/reown_kits_test.dart:112:32 - The argument type 'dynamic' can't be assigned to the parameter type 'String'.  - argument_type_not_assignable
build	UNKNOWN STEP	2026-01-03T19:31:54.8132820Z [web3_universal_reown]: warning - lib/src/reown_wallet_kit.dart:6:8 - Unused import: 'pairing_uri.dart'. Try removing the import directive. - unused_import
build	UNKNOWN STEP	2026-01-03T19:31:54.8134500Z [web3_universal_reown]:    info - lib/web3_universal_reown.dart:5:9 - Library names are not necessary. Remove the library name. - unnecessary_library_name
build	UNKNOWN STEP	2026-01-03T19:31:54.8151320Z [web3_universal_reown]:    info - lib/web3_universal_reown.dart:13:1 - Sort directive sections alphabetically. Try sorting the directives. - directives_ordering
build	UNKNOWN STEP	2026-01-03T19:31:54.8153170Z [web3_universal_reown]:    info - test/connection_manager_test.dart:3:1 - Sort directive sections alphabetically. Try sorting the directives. - directives_ordering
build	UNKNOWN STEP	2026-01-03T19:31:54.8154791Z [web3_universal_reown]:    info - test/namespace_config_test.dart:2:1 - Sort directive sections alphabetically. Try sorting the directives. - directives_ordering
build	UNKNOWN STEP	2026-01-03T19:31:54.8156302Z [web3_universal_reown]:    info - test/pairing_uri_test.dart:2:1 - Sort directive sections alphabetically. Try sorting the directives. - directives_ordering
build	UNKNOWN STEP	2026-01-03T19:31:54.8157917Z [web3_universal_reown]:    info - test/relay_verification_test.dart:4:1 - Sort directive sections alphabetically. Try sorting the directives. - directives_ordering
build	UNKNOWN STEP	2026-01-03T19:31:54.8159489Z [web3_universal_reown]:    info - test/reown_kits_test.dart:4:1 - Sort directive sections alphabetically. Try sorting the directives. - directives_ordering
build	UNKNOWN STEP	2026-01-03T19:31:54.8198513Z [web3_universal_reown]:    info - test/reown_kits_test.dart:4:8 - The import of 'package:web3_universal_reown/src/relay_client.dart' is unnecessary because all of the used elements are also provided by the import of 'package:web3_universal_reown/web3_universal_reown.dart'. Try removing the import directive. - unnecessary_import
build	UNKNOWN STEP	2026-01-03T19:31:54.8202571Z [web3_universal_reown]:    info - test/reown_kits_test.dart:5:8 - The import of 'package:web3_universal_reown/src/session_manager.dart' is unnecessary because all of the used elements are also provided by the import of 'package:web3_universal_reown/web3_universal_reown.dart'. Try removing the import directive. - unnecessary_import
build	UNKNOWN STEP	2026-01-03T19:31:54.8205046Z [web3_universal_reown]:    info - test/reown_kits_test.dart:6:1 - Sort directive sections alphabetically. Try sorting the directives. - directives_ordering
build	UNKNOWN STEP	2026-01-03T19:31:54.8207517Z [web3_universal_reown]:    info - test/reown_kits_test.dart:6:8 - The import of 'package:web3_universal_reown/src/namespace_config.dart' is unnecessary because all of the used elements are also provided by the import of 'package:web3_universal_reown/web3_universal_reown.dart'. Try removing the import directive. - unnecessary_import
build	UNKNOWN STEP	2026-01-03T19:31:54.8210004Z [web3_universal_reown]:    info - test/reown_kits_test.dart:81:14 - Method invocation or property access on a 'dynamic' target. Try giving the target a type. - avoid_dynamic_calls
build	UNKNOWN STEP	2026-01-03T19:31:54.8211622Z [web3_universal_reown]:    info - test/reown_kits_test.dart:92:9 - Method invocation or property access on a 'dynamic' target. Try giving the target a type. - avoid_dynamic_calls
build	UNKNOWN STEP	2026-01-03T19:31:54.8213449Z [web3_universal_reown]:    info - test/reown_kits_test.dart:107:14 - Method invocation or property access on a 'dynamic' target. Try giving the target a type. - avoid_dynamic_calls
build	UNKNOWN STEP	2026-01-03T19:31:54.8215095Z [web3_universal_reown]:    info - test/reown_kits_test.dart:108:28 - Method invocation or property access on a 'dynamic' target. Try giving the target a type. - avoid_dynamic_calls
build	UNKNOWN STEP	2026-01-03T19:31:54.8216678Z [web3_universal_reown]:    info - test/reown_kits_test.dart:108:28 - Method invocation or property access on a 'dynamic' target. Try giving the target a type. - avoid_dynamic_calls
build	UNKNOWN STEP	2026-01-03T19:31:54.8218459Z [web3_universal_reown]:    info - test/reown_kits_test.dart:129:11 - Missing a required trailing comma. Try adding a trailing comma. - require_trailing_commas
build	UNKNOWN STEP	2026-01-03T19:31:54.8219909Z [web3_universal_reown]:    info - test/reown_kits_test.dart:130:9 - Missing a required trailing comma. Try adding a trailing comma. - require_trailing_commas
build	UNKNOWN STEP	2026-01-03T19:31:54.8221356Z [web3_universal_reown]:    info - test/reown_kits_test.dart:131:7 - Missing a required trailing comma. Try adding a trailing comma. - require_trailing_commas
build	UNKNOWN STEP	2026-01-03T19:31:54.8252060Z [web3_universal_reown]:    info - test/siwe_auth_test.dart:2:1 - Sort directive sections alphabetically. Try sorting the directives. - directives_ordering
build	UNKNOWN STEP	2026-01-03T19:31:54.8253028Z [web3_universal_reown]: 
build	UNKNOWN STEP	2026-01-03T19:31:54.8253374Z [web3_universal_reown]: 25 issues found.
build	UNKNOWN STEP	2026-01-03T19:31:54.8253794Z [web3_universal_ton]: Analyzing ton...
build	UNKNOWN STEP	2026-01-03T19:31:54.8713143Z [web3_universal_trezor]: Analyzing trezor...
build	UNKNOWN STEP	2026-01-03T19:31:54.8721576Z [web3_universal_solana]: 
build	UNKNOWN STEP	2026-01-03T19:31:54.8729452Z [web3_universal_solana]:   error - example/main.dart:7:31 - The method 'fromBase58' isn't defined for the type 'PublicKey'. Try correcting the name to the name of an existing method, or defining a method named 'fromBase58'. - undefined_method
build	UNKNOWN STEP	2026-01-03T19:31:54.8731789Z [web3_universal_solana]:   error - example/main.dart:9:15 - The method 'fromBase58' isn't defined for the type 'PublicKey'. Try correcting the name to the name of an existing method, or defining a method named 'fromBase58'. - undefined_method
build	UNKNOWN STEP	2026-01-03T19:31:54.8734675Z [web3_universal_solana]:   error - example/main.dart:12:65 - The getter 'bump' isn't defined for the type 'ProgramAddress'. Try importing the library that defines 'bump', correcting the name to the name of an existing getter, or defining a getter or field named 'bump'. - undefined_getter
build	UNKNOWN STEP	2026-01-03T19:31:54.8737149Z [web3_universal_solana]:   error - example/main.dart:21:45 - The named parameter 'from' is required, but there's no corresponding argument. Try adding the required argument. - missing_required_argument
build	UNKNOWN STEP	2026-01-03T19:31:54.8739452Z [web3_universal_solana]:   error - example/main.dart:21:45 - The named parameter 'to' is required, but there's no corresponding argument. Try adding the required argument. - missing_required_argument
build	UNKNOWN STEP	2026-01-03T19:31:54.8741777Z [web3_universal_solana]:   error - example/main.dart:22:5 - The named parameter 'fromPublicKey' isn't defined. Try correcting the name to an existing named parameter's name, or defining a named parameter with the name 'fromPublicKey'. - undefined_named_parameter
build	UNKNOWN STEP	2026-01-03T19:31:54.8744477Z [web3_universal_solana]:   error - example/main.dart:22:30 - The method 'fromBase58' isn't defined for the type 'PublicKey'. Try correcting the name to the name of an existing method, or defining a method named 'fromBase58'. - undefined_method
build	UNKNOWN STEP	2026-01-03T19:31:54.8747002Z [web3_universal_solana]:   error - example/main.dart:23:5 - The named parameter 'toPublicKey' isn't defined. Try correcting the name to an existing named parameter's name, or defining a named parameter with the name 'toPublicKey'. - undefined_named_parameter
build	UNKNOWN STEP	2026-01-03T19:31:54.8749454Z [web3_universal_solana]:   error - example/main.dart:23:28 - The method 'fromBase58' isn't defined for the type 'PublicKey'. Try correcting the name to the name of an existing method, or defining a method named 'fromBase58'. - undefined_method
build	UNKNOWN STEP	2026-01-03T19:31:54.8751379Z [web3_universal_solana]:   error - test/basic_test.dart:59:31 - Instance member 'verify' can't be accessed using static access. - static_access_to_instance_member
build	UNKNOWN STEP	2026-01-03T19:31:54.8753178Z [web3_universal_solana]: warning - example/main.dart:15:9 - The value of the local variable 'client' isn't used. Try removing the variable or using it. - unused_local_variable
build	UNKNOWN STEP	2026-01-03T19:31:54.8754763Z [web3_universal_solana]: warning - lib/src/models/public_key.dart:73:11 - TODO: Expose `isOnCurve` in Ed25519 low-level or attempt to decode. - todo
build	UNKNOWN STEP	2026-01-03T19:31:54.8756496Z [web3_universal_solana]: warning - test/address_lookup_table_test.dart:27:8 - TODO: Verify against official solana-web3.js vector if available - todo
build	UNKNOWN STEP	2026-01-03T19:31:54.8758261Z [web3_universal_solana]:    info - example/main.dart:11:15 - Uses 'await' on an instance of 'ProgramAddress', which is not a subtype of 'Future'. Try removing the 'await' or changing the expression. - await_only_futures
build	UNKNOWN STEP	2026-01-03T19:31:54.8896156Z [web3_universal_solana]:    info - lib/src/encoding/short_vec.dart:3:1 - Classes should define instance members. Try adding instance behavior or moving the members out of the class. - avoid_classes_with_only_static_members
build	UNKNOWN STEP	2026-01-03T19:31:54.8898929Z [web3_universal_solana]:    info - lib/src/models/instruction.dart:12:22 - Static method should be a constructor. Try converting the method into a constructor. - prefer_constructors_over_static_methods
build	UNKNOWN STEP	2026-01-03T19:31:54.8901168Z [web3_universal_solana]:    info - lib/src/models/instruction.dart:16:22 - Static method should be a constructor. Try converting the method into a constructor. - prefer_constructors_over_static_methods
build	UNKNOWN STEP	2026-01-03T19:31:54.8904028Z [web3_universal_solana]:    info - lib/src/models/message.dart:42:5 - Unnecessary duplication of receiver. Try using a cascade to avoid the duplication. - cascade_invocations
build	UNKNOWN STEP	2026-01-03T19:31:54.8907636Z [web3_universal_solana]:    info - lib/src/models/message.dart:43:5 - Unnecessary duplication of receiver. Try using a cascade to avoid the duplication. - cascade_invocations
build	UNKNOWN STEP	2026-01-03T19:31:54.8909475Z [web3_universal_solana]:    info - lib/src/models/message.dart:44:5 - Unnecessary duplication of receiver. Try using a cascade to avoid the duplication. - cascade_invocations
build	UNKNOWN STEP	2026-01-03T19:31:54.8911262Z [web3_universal_solana]:    info - lib/src/models/message.dart:45:5 - Unnecessary duplication of receiver. Try using a cascade to avoid the duplication. - cascade_invocations
build	UNKNOWN STEP	2026-01-03T19:31:54.8914357Z [web3_universal_solana]:    info - lib/src/models/message.dart:46:5 - Unnecessary duplication of receiver. Try using a cascade to avoid the duplication. - cascade_invocations
build	UNKNOWN STEP	2026-01-03T19:31:54.8916561Z [web3_universal_solana]:    info - lib/src/models/message.dart:69:5 - Unnecessary duplication of receiver. Try using a cascade to avoid the duplication. - cascade_invocations
build	UNKNOWN STEP	2026-01-03T19:31:54.8918370Z [web3_universal_solana]:    info - lib/src/models/message.dart:72:5 - Unnecessary duplication of receiver. Try using a cascade to avoid the duplication. - cascade_invocations
build	UNKNOWN STEP	2026-01-03T19:31:54.8920149Z [web3_universal_solana]:    info - lib/src/models/message.dart:81:5 - Unnecessary duplication of receiver. Try using a cascade to avoid the duplication. - cascade_invocations
build	UNKNOWN STEP	2026-01-03T19:31:54.8922225Z [web3_universal_solana]:    info - lib/src/models/message.dart:90:18 - Static method should be a constructor. Try converting the method into a constructor. - prefer_constructors_over_static_methods
build	UNKNOWN STEP	2026-01-03T19:31:54.8924193Z [web3_universal_solana]:    info - lib/src/models/message.dart:160:5 - Unnecessary duplication of receiver. Try using a cascade to avoid the duplication. - cascade_invocations
build	UNKNOWN STEP	2026-01-03T19:31:54.8926517Z [web3_universal_solana]:    info - lib/src/models/public_key.dart:35:3 - The method '==' should not be overridden in classes not annotated with '@immutable'. Try removing the override or annotating the class with '@immutable'. - avoid_equals_and_hash_code_on_mutable_classes
build	UNKNOWN STEP	2026-01-03T19:31:54.8929318Z [web3_universal_solana]:    info - lib/src/models/public_key.dart:42:3 - The method 'hashCode' should not be overridden in classes not annotated with '@immutable'. Try removing the override or annotating the class with '@immutable'. - avoid_equals_and_hash_code_on_mutable_classes
build	UNKNOWN STEP	2026-01-03T19:31:54.8931772Z [web3_universal_solana]:    info - lib/src/models/public_key.dart:48:20 - Static method should be a constructor. Try converting the method into a constructor. - prefer_constructors_over_static_methods
build	UNKNOWN STEP	2026-01-03T19:31:54.8984453Z [web3_universal_solana]:    info - lib/src/models/public_key.dart:54:5 - Unnecessary duplication of receiver. Try using a cascade to avoid the duplication. - cascade_invocations
build	UNKNOWN STEP	2026-01-03T19:31:54.8986585Z [web3_universal_solana]:    info - lib/src/models/public_key.dart:81:7 - Catch clause should use 'on' to specify the type of exception being caught. Try adding an 'on' clause before the 'catch'. - avoid_catches_without_on_clauses
build	UNKNOWN STEP	2026-01-03T19:31:54.8988869Z [web3_universal_solana]:    info - lib/src/models/public_key.dart:94:9 - Catch clause should use 'on' to specify the type of exception being caught. Try adding an 'on' clause before the 'catch'. - avoid_catches_without_on_clauses
build	UNKNOWN STEP	2026-01-03T19:31:54.8990939Z [web3_universal_solana]:    info - lib/src/models/transaction.dart:113:5 - Unnecessary duplication of receiver. Try using a cascade to avoid the duplication. - cascade_invocations
build	UNKNOWN STEP	2026-01-03T19:31:54.8993260Z [web3_universal_solana]:    info - lib/src/programs/address_lookup_table.dart:8:1 - Classes should define instance members. Try adding instance behavior or moving the members out of the class. - avoid_classes_with_only_static_members
build	UNKNOWN STEP	2026-01-03T19:31:54.8995483Z [web3_universal_solana]:    info - lib/src/programs/address_lookup_table.dart:20:5 - Unnecessary duplication of receiver. Try using a cascade to avoid the duplication. - cascade_invocations
build	UNKNOWN STEP	2026-01-03T19:31:54.8997456Z [web3_universal_solana]:    info - lib/src/programs/address_lookup_table.dart:26:5 - Unnecessary duplication of receiver. Try using a cascade to avoid the duplication. - cascade_invocations
build	UNKNOWN STEP	2026-01-03T19:31:54.8999411Z [web3_universal_solana]:    info - lib/src/programs/address_lookup_table.dart:72:7 - Unnecessary duplication of receiver. Try using a cascade to avoid the duplication. - cascade_invocations
build	UNKNOWN STEP	2026-01-03T19:31:54.9001444Z [web3_universal_solana]:    info - lib/src/programs/metaplex.dart:38:27 - Static method should be a constructor. Try converting the method into a constructor. - prefer_constructors_over_static_methods
build	UNKNOWN STEP	2026-01-03T19:31:54.9006582Z [web3_universal_solana]:    info - lib/src/programs/system.dart:17:9 - Unnecessary duplication of receiver. Try using a cascade to avoid the duplication. - cascade_invocations
build	UNKNOWN STEP	2026-01-03T19:31:54.9008415Z [web3_universal_solana]:    info - lib/src/programs/system.dart:18:9 - Unnecessary duplication of receiver. Try using a cascade to avoid the duplication. - cascade_invocations
build	UNKNOWN STEP	2026-01-03T19:31:54.9013286Z [web3_universal_solana]:    info - lib/src/programs/token.dart:19:9 - Unnecessary duplication of receiver. Try using a cascade to avoid the duplication. - cascade_invocations
build	UNKNOWN STEP	2026-01-03T19:31:54.9015135Z [web3_universal_solana]:    info - lib/src/programs/token.dart:20:9 - Unnecessary duplication of receiver. Try using a cascade to avoid the duplication. - cascade_invocations
build	UNKNOWN STEP	2026-01-03T19:31:54.9016915Z [web3_universal_solana]:    info - lib/src/programs/token.dart:41:9 - Unnecessary duplication of receiver. Try using a cascade to avoid the duplication. - cascade_invocations
build	UNKNOWN STEP	2026-01-03T19:31:54.9018709Z [web3_universal_solana]:    info - lib/src/programs/token.dart:42:9 - Unnecessary duplication of receiver. Try using a cascade to avoid the duplication. - cascade_invocations
build	UNKNOWN STEP	2026-01-03T19:31:54.9020414Z [web3_universal_solana]:    info - lib/src/rpc/client.dart:6:1 - Sort directive sections alphabetically. Try sorting the directives. - directives_ordering
build	UNKNOWN STEP	2026-01-03T19:31:54.9022155Z [web3_universal_solana]:    info - lib/web3_universal_solana.dart:1:9 - Library names are not necessary. Remove the library name. - unnecessary_library_name
build	UNKNOWN STEP	2026-01-03T19:31:54.9023833Z [web3_universal_solana]:    info - test/address_lookup_table_test.dart:5:1 - Sort directive sections alphabetically. Try sorting the directives. - directives_ordering
build	UNKNOWN STEP	2026-01-03T19:31:54.9025475Z [web3_universal_solana]:    info - test/basic_test.dart:5:1 - Sort directive sections alphabetically. Try sorting the directives. - directives_ordering
build	UNKNOWN STEP	2026-01-03T19:31:54.9027276Z [web3_universal_solana]:    info - test/integration_test.dart:5:1 - Sort directive sections alphabetically. Try sorting the directives. - directives_ordering
build	UNKNOWN STEP	2026-01-03T19:31:54.9029084Z [web3_universal_solana]:    info - test/integration_test.dart:14:16 - Method invocation or property access on a 'dynamic' target. Try giving the target a type. - avoid_dynamic_calls
build	UNKNOWN STEP	2026-01-03T19:31:54.9030909Z [web3_universal_solana]:    info - test/integration_test.dart:19:17 - Method invocation or property access on a 'dynamic' target. Try giving the target a type. - avoid_dynamic_calls
build	UNKNOWN STEP	2026-01-03T19:31:54.9032854Z [web3_universal_solana]:    info - test/integration_test.dart:33:16 - Method invocation or property access on a 'dynamic' target. Try giving the target a type. - avoid_dynamic_calls
build	UNKNOWN STEP	2026-01-03T19:31:54.9034678Z [web3_universal_solana]:    info - test/integration_test.dart:47:17 - Method invocation or property access on a 'dynamic' target. Try giving the target a type. - avoid_dynamic_calls
build	UNKNOWN STEP	2026-01-03T19:31:54.9082306Z [web3_universal_solana]:    info - test/metaplex_test.dart:5:1 - Sort directive sections alphabetically. Try sorting the directives. - directives_ordering
build	UNKNOWN STEP	2026-01-03T19:31:54.9084078Z [web3_universal_solana]:    info - test/metaplex_test.dart:6:1 - Sort directive sections alphabetically. Try sorting the directives. - directives_ordering
build	UNKNOWN STEP	2026-01-03T19:31:54.9085758Z [web3_universal_solana]:    info - test/metaplex_test.dart:20:7 - Unnecessary duplication of receiver. Try using a cascade to avoid the duplication. - cascade_invocations
build	UNKNOWN STEP	2026-01-03T19:31:54.9087527Z [web3_universal_solana]:    info - test/metaplex_test.dart:41:7 - Unnecessary duplication of receiver. Try using a cascade to avoid the duplication. - cascade_invocations
build	UNKNOWN STEP	2026-01-03T19:31:54.9089266Z [web3_universal_solana]:    info - test/metaplex_test.dart:62:3 - Unnecessary duplication of receiver. Try using a cascade to avoid the duplication. - cascade_invocations
build	UNKNOWN STEP	2026-01-03T19:31:54.9090988Z [web3_universal_solana]:    info - test/metaplex_test.dart:63:3 - Unnecessary duplication of receiver. Try using a cascade to avoid the duplication. - cascade_invocations
build	UNKNOWN STEP	2026-01-03T19:31:54.9093124Z [web3_universal_solana]:    info - test/metaplex_test.dart:64:3 - Unnecessary duplication of receiver. Try using a cascade to avoid the duplication. - cascade_invocations
build	UNKNOWN STEP	2026-01-03T19:31:54.9094837Z [web3_universal_solana]:    info - test/metaplex_test.dart:65:3 - Unnecessary duplication of receiver. Try using a cascade to avoid the duplication. - cascade_invocations
build	UNKNOWN STEP	2026-01-03T19:31:54.9096479Z [web3_universal_solana]:    info - test/rigorous_test.dart:3:1 - Sort directive sections alphabetically. Try sorting the directives. - directives_ordering
build	UNKNOWN STEP	2026-01-03T19:31:54.9098114Z [web3_universal_solana]:    info - test/rigorous_test.dart:44:7 - Unnecessary duplication of receiver. Try using a cascade to avoid the duplication. - cascade_invocations
build	UNKNOWN STEP	2026-01-03T19:31:54.9099836Z [web3_universal_solana]:    info - test/rigorous_test.dart:45:7 - Unnecessary duplication of receiver. Try using a cascade to avoid the duplication. - cascade_invocations
build	UNKNOWN STEP	2026-01-03T19:31:54.9101453Z [web3_universal_solana]:    info - test/vector_test.dart:6:1 - Sort directive sections alphabetically. Try sorting the directives. - directives_ordering
build	UNKNOWN STEP	2026-01-03T19:31:54.9103852Z [web3_universal_solana]: 
build	UNKNOWN STEP	2026-01-03T19:31:54.9104242Z [web3_universal_solana]: 66 issues found.
build	UNKNOWN STEP	2026-01-03T19:31:54.9330974Z [web3_universal_tron]: Analyzing tron...
build	UNKNOWN STEP	2026-01-03T19:31:55.1338585Z [web3_universal_ton]: 
build	UNKNOWN STEP	2026-01-03T19:31:55.1343751Z [web3_universal_ton]:    info - lib/web3_universal_ton.dart:1:9 - Library names are not necessary. Remove the library name. - unnecessary_library_name
build	UNKNOWN STEP	2026-01-03T19:31:55.1345124Z [web3_universal_ton]: 
build	UNKNOWN STEP	2026-01-03T19:31:55.1345651Z [web3_universal_ton]: 1 issue found.
build	UNKNOWN STEP	2026-01-03T19:31:55.1822080Z [web3_universal_utxo]: Analyzing utxo...
build	UNKNOWN STEP	2026-01-03T19:31:55.2702221Z [web3_universal_tron]: 
build	UNKNOWN STEP	2026-01-03T19:31:55.2707360Z [web3_universal_tron]:    info - lib/web3_universal_tron.dart:1:9 - Library names are not necessary. Remove the library name. - unnecessary_library_name
build	UNKNOWN STEP	2026-01-03T19:31:55.2712633Z [web3_universal_tron]: 
build	UNKNOWN STEP	2026-01-03T19:31:55.2716861Z [web3_universal_tron]: 1 issue found.
build	UNKNOWN STEP	2026-01-03T19:31:55.3151089Z [web3_universal_trezor]: 
build	UNKNOWN STEP	2026-01-03T19:31:55.3157912Z [web3_universal_trezor]:    info - lib/src/multi_chain_support.dart:166:7 - Unnecessary duplication of receiver. Try using a cascade to avoid the duplication. - cascade_invocations
build	UNKNOWN STEP	2026-01-03T19:31:55.3161722Z [web3_universal_trezor]:    info - lib/src/multi_chain_support.dart:171:5 - Unnecessary duplication of receiver. Try using a cascade to avoid the duplication. - cascade_invocations
build	UNKNOWN STEP	2026-01-03T19:31:55.3170946Z [web3_universal_trezor]:    info - lib/src/multi_chain_support.dart:172:5 - Unnecessary duplication of receiver. Try using a cascade to avoid the duplication. - cascade_invocations
build	UNKNOWN STEP	2026-01-03T19:31:55.3173662Z [web3_universal_trezor]:    info - lib/src/multi_chain_support.dart:188:7 - Unnecessary duplication of receiver. Try using a cascade to avoid the duplication. - cascade_invocations
build	UNKNOWN STEP	2026-01-03T19:31:55.3175455Z [web3_universal_trezor]:    info - lib/src/multi_chain_support.dart:193:5 - Unnecessary duplication of receiver. Try using a cascade to avoid the duplication. - cascade_invocations
build	UNKNOWN STEP	2026-01-03T19:31:55.3177195Z [web3_universal_trezor]:    info - lib/src/multi_chain_support.dart:194:5 - Unnecessary duplication of receiver. Try using a cascade to avoid the duplication. - cascade_invocations
build	UNKNOWN STEP	2026-01-03T19:31:55.3178886Z [web3_universal_trezor]:    info - lib/src/multi_chain_support.dart:210:7 - Unnecessary duplication of receiver. Try using a cascade to avoid the duplication. - cascade_invocations
build	UNKNOWN STEP	2026-01-03T19:31:55.3180538Z [web3_universal_trezor]:    info - lib/src/multi_chain_support.dart:215:5 - Unnecessary duplication of receiver. Try using a cascade to avoid the duplication. - cascade_invocations
build	UNKNOWN STEP	2026-01-03T19:31:55.3182382Z [web3_universal_trezor]:    info - lib/src/multi_chain_support.dart:216:5 - Unnecessary duplication of receiver. Try using a cascade to avoid the duplication. - cascade_invocations
build	UNKNOWN STEP	2026-01-03T19:31:55.3184541Z [web3_universal_trezor]:    info - lib/src/multi_chain_support.dart:279:1 - Classes should define instance members. Try adding instance behavior or moving the members out of the class. - avoid_classes_with_only_static_members
build	UNKNOWN STEP	2026-01-03T19:31:55.3199145Z [web3_universal_trezor]:    info - lib/src/protobuf_messages.dart:4:1 - Classes should define instance members. Try adding instance behavior or moving the members out of the class. - avoid_classes_with_only_static_members
build	UNKNOWN STEP	2026-01-03T19:31:55.3218095Z [web3_universal_trezor]:    info - lib/src/protobuf_messages.dart:27:7 - Unnecessary duplication of receiver. Try using a cascade to avoid the duplication. - cascade_invocations
build	UNKNOWN STEP	2026-01-03T19:31:55.3219818Z [web3_universal_trezor]:    info - lib/src/protobuf_messages.dart:56:7 - Unnecessary duplication of receiver. Try using a cascade to avoid the duplication. - cascade_invocations
build	UNKNOWN STEP	2026-01-03T19:31:55.3221494Z [web3_universal_trezor]:    info - lib/src/protobuf_messages.dart:62:7 - Unnecessary duplication of receiver. Try using a cascade to avoid the duplication. - cascade_invocations
build	UNKNOWN STEP	2026-01-03T19:31:55.3223985Z [web3_universal_trezor]:    info - lib/src/protobuf_messages.dart:63:7 - Unnecessary duplication of receiver. Try using a cascade to avoid the duplication. - cascade_invocations
build	UNKNOWN STEP	2026-01-03T19:31:55.3225666Z [web3_universal_trezor]:    info - lib/src/protobuf_messages.dart:69:7 - Unnecessary duplication of receiver. Try using a cascade to avoid the duplication. - cascade_invocations
build	UNKNOWN STEP	2026-01-03T19:31:55.3227364Z [web3_universal_trezor]:    info - lib/src/protobuf_messages.dart:70:7 - Unnecessary duplication of receiver. Try using a cascade to avoid the duplication. - cascade_invocations
build	UNKNOWN STEP	2026-01-03T19:31:55.3229031Z [web3_universal_trezor]:    info - lib/src/protobuf_messages.dart:76:7 - Unnecessary duplication of receiver. Try using a cascade to avoid the duplication. - cascade_invocations
build	UNKNOWN STEP	2026-01-03T19:31:55.3230946Z [web3_universal_trezor]:    info - lib/src/protobuf_messages.dart:77:7 - Unnecessary duplication of receiver. Try using a cascade to avoid the duplication. - cascade_invocations
build	UNKNOWN STEP	2026-01-03T19:31:55.3232863Z [web3_universal_trezor]:    info - lib/src/protobuf_messages.dart:84:7 - Unnecessary duplication of receiver. Try using a cascade to avoid the duplication. - cascade_invocations
build	UNKNOWN STEP	2026-01-03T19:31:55.3234635Z [web3_universal_trezor]:    info - lib/src/protobuf_messages.dart:85:7 - Unnecessary duplication of receiver. Try using a cascade to avoid the duplication. - cascade_invocations
build	UNKNOWN STEP	2026-01-03T19:31:55.3236389Z [web3_universal_trezor]:    info - lib/src/protobuf_messages.dart:91:7 - Unnecessary duplication of receiver. Try using a cascade to avoid the duplication. - cascade_invocations
build	UNKNOWN STEP	2026-01-03T19:31:55.3238136Z [web3_universal_trezor]:    info - lib/src/protobuf_messages.dart:92:7 - Unnecessary duplication of receiver. Try using a cascade to avoid the duplication. - cascade_invocations
build	UNKNOWN STEP	2026-01-03T19:31:55.3239903Z [web3_universal_trezor]:    info - lib/src/protobuf_messages.dart:98:7 - Unnecessary duplication of receiver. Try using a cascade to avoid the duplication. - cascade_invocations
build	UNKNOWN STEP	2026-01-03T19:31:55.3241649Z [web3_universal_trezor]:    info - lib/src/protobuf_messages.dart:99:7 - Unnecessary duplication of receiver. Try using a cascade to avoid the duplication. - cascade_invocations
build	UNKNOWN STEP	2026-01-03T19:31:55.3243608Z [web3_universal_trezor]:    info - lib/src/protobuf_messages.dart:105:7 - Unnecessary duplication of receiver. Try using a cascade to avoid the duplication. - cascade_invocations
build	UNKNOWN STEP	2026-01-03T19:31:55.3245401Z [web3_universal_trezor]:    info - lib/src/protobuf_messages.dart:123:7 - Unnecessary duplication of receiver. Try using a cascade to avoid the duplication. - cascade_invocations
build	UNKNOWN STEP	2026-01-03T19:31:55.3247201Z [web3_universal_trezor]:    info - lib/src/protobuf_messages.dart:128:5 - Unnecessary duplication of receiver. Try using a cascade to avoid the duplication. - cascade_invocations
build	UNKNOWN STEP	2026-01-03T19:31:55.3249195Z [web3_universal_trezor]:    info - lib/src/protobuf_messages.dart:129:5 - Unnecessary duplication of receiver. Try using a cascade to avoid the duplication. - cascade_invocations
build	UNKNOWN STEP	2026-01-03T19:31:55.3250925Z [web3_universal_trezor]:    info - lib/src/protobuf_messages.dart:146:5 - Unnecessary duplication of receiver. Try using a cascade to avoid the duplication. - cascade_invocations
build	UNKNOWN STEP	2026-01-03T19:31:55.3253067Z [web3_universal_trezor]:    info - lib/src/protobuf_messages.dart:147:5 - Unnecessary duplication of receiver. Try using a cascade to avoid the duplication. - cascade_invocations
build	UNKNOWN STEP	2026-01-03T19:31:55.3254892Z [web3_universal_trezor]:    info - lib/src/protobuf_messages.dart:159:5 - Unnecessary duplication of receiver. Try using a cascade to avoid the duplication. - cascade_invocations
build	UNKNOWN STEP	2026-01-03T19:31:55.3256586Z [web3_universal_trezor]:    info - lib/src/protobuf_messages.dart:160:5 - Unnecessary duplication of receiver. Try using a cascade to avoid the duplication. - cascade_invocations
build	UNKNOWN STEP	2026-01-03T19:31:55.3258503Z [web3_universal_trezor]:    info - lib/src/protobuf_messages.dart:270:7 - Invalid assignment to the parameter 'value'. Try using a local variable in place of the parameter. - parameter_assignments
build	UNKNOWN STEP	2026-01-03T19:31:55.3260641Z [web3_universal_trezor]:    info - lib/src/trezor_transport.dart:272:1 - Classes should define instance members. Try adding instance behavior or moving the members out of the class. - avoid_classes_with_only_static_members
build	UNKNOWN STEP	2026-01-03T19:31:55.3262912Z [web3_universal_trezor]:    info - lib/src/trezor_types.dart:138:24 - Static method should be a constructor. Try converting the method into a constructor. - prefer_constructors_over_static_methods
build	UNKNOWN STEP	2026-01-03T19:31:55.3264583Z [web3_universal_trezor]:    info - lib/web3_universal_trezor.dart:5:9 - Library names are not necessary. Remove the library name. - unnecessary_library_name
build	UNKNOWN STEP	2026-01-03T19:31:55.3266028Z [web3_universal_trezor]:    info - test/trezor_test.dart:7:1 - Sort directive sections alphabetically. Try sorting the directives. - directives_ordering
build	UNKNOWN STEP	2026-01-03T19:31:55.3267567Z [web3_universal_trezor]: 
build	UNKNOWN STEP	2026-01-03T19:31:55.3267934Z [web3_universal_trezor]: 38 issues found.
build	UNKNOWN STEP	2026-01-03T19:31:55.3977035Z [web3_universal_swap]: 
build	UNKNOWN STEP	2026-01-03T19:31:55.3978542Z [web3_universal_swap]:   error - example/main.dart:5:28 - The method 'oneInch' isn't defined for the type 'SwapService'. Try correcting the name to the name of an existing method, or defining a method named 'oneInch'. - undefined_method
build	UNKNOWN STEP	2026-01-03T19:31:55.3980475Z [web3_universal_swap]: warning - example/main.dart:5:9 - The value of the local variable 'swap' isn't used. Try removing the variable or using it. - unused_local_variable
build	UNKNOWN STEP	2026-01-03T19:31:55.3982768Z [web3_universal_swap]:    info - lib/src/aggregators/oneinch_aggregator.dart:104:9 - Catch clause should use 'on' to specify the type of exception being caught. Try adding an 'on' clause before the 'catch'. - avoid_catches_without_on_clauses
build	UNKNOWN STEP	2026-01-03T19:31:55.3985294Z [web3_universal_swap]:    info - lib/src/aggregators/oneinch_aggregator.dart:123:7 - Catch clause should use 'on' to specify the type of exception being caught. Try adding an 'on' clause before the 'catch'. - avoid_catches_without_on_clauses
build	UNKNOWN STEP	2026-01-03T19:31:55.3987700Z [web3_universal_swap]:    info - lib/src/aggregators/oneinch_aggregator.dart:263:7 - Invalid assignment to the parameter 'hex'. Try using a local variable in place of the parameter. - parameter_assignments
build	UNKNOWN STEP	2026-01-03T19:31:55.3990094Z [web3_universal_swap]:    info - lib/src/aggregators/paraswap_aggregator.dart:86:9 - Catch clause should use 'on' to specify the type of exception being caught. Try adding an 'on' clause before the 'catch'. - avoid_catches_without_on_clauses
build	UNKNOWN STEP	2026-01-03T19:31:55.3992800Z [web3_universal_swap]:    info - lib/src/aggregators/paraswap_aggregator.dart:105:7 - Catch clause should use 'on' to specify the type of exception being caught. Try adding an 'on' clause before the 'catch'. - avoid_catches_without_on_clauses
build	UNKNOWN STEP	2026-01-03T19:31:55.3995353Z [web3_universal_swap]:    info - lib/src/aggregators/paraswap_aggregator.dart:321:7 - Invalid assignment to the parameter 'hex'. Try using a local variable in place of the parameter. - parameter_assignments
build	UNKNOWN STEP	2026-01-03T19:31:55.3997470Z [web3_universal_swap]:    info - lib/src/aggregators/rango_aggregator.dart:86:9 - Catch clause should use 'on' to specify the type of exception being caught. Try adding an 'on' clause before the 'catch'. - avoid_catches_without_on_clauses
build	UNKNOWN STEP	2026-01-03T19:31:55.3999670Z [web3_universal_swap]:    info - lib/src/aggregators/rango_aggregator.dart:115:7 - Catch clause should use 'on' to specify the type of exception being caught. Try adding an 'on' clause before the 'catch'. - avoid_catches_without_on_clauses
build	UNKNOWN STEP	2026-01-03T19:31:55.4001754Z [web3_universal_swap]:    info - lib/src/aggregators/rango_aggregator.dart:345:7 - Invalid assignment to the parameter 'hex'. Try using a local variable in place of the parameter. - parameter_assignments
build	UNKNOWN STEP	2026-01-03T19:31:55.4004021Z [web3_universal_swap]:    info - lib/src/aggregators/zerox_aggregator.dart:104:9 - Catch clause should use 'on' to specify the type of exception being caught. Try adding an 'on' clause before the 'catch'. - avoid_catches_without_on_clauses
build	UNKNOWN STEP	2026-01-03T19:31:55.4006192Z [web3_universal_swap]:    info - lib/src/aggregators/zerox_aggregator.dart:129:7 - Catch clause should use 'on' to specify the type of exception being caught. Try adding an 'on' clause before the 'catch'. - avoid_catches_without_on_clauses
build	UNKNOWN STEP	2026-01-03T19:31:55.4008373Z [web3_universal_swap]:    info - lib/src/aggregators/zerox_aggregator.dart:198:7 - Catch clause should use 'on' to specify the type of exception being caught. Try adding an 'on' clause before the 'catch'. - avoid_catches_without_on_clauses
build	UNKNOWN STEP	2026-01-03T19:31:55.4010470Z [web3_universal_swap]:    info - lib/src/aggregators/zerox_aggregator.dart:308:7 - Invalid assignment to the parameter 'hex'. Try using a local variable in place of the parameter. - parameter_assignments
build	UNKNOWN STEP	2026-01-03T19:31:55.4013031Z [web3_universal_swap]:    info - lib/src/mev_protection.dart:128:31 - Method invocation or property access on a 'dynamic' target. Try giving the target a type. - avoid_dynamic_calls
build	UNKNOWN STEP	2026-01-03T19:31:55.4014808Z [web3_universal_swap]:    info - lib/src/mev_protection.dart:182:33 - Method invocation or property access on a 'dynamic' target. Try giving the target a type. - avoid_dynamic_calls
build	UNKNOWN STEP	2026-01-03T19:31:55.4016581Z [web3_universal_swap]:    info - lib/src/mev_protection.dart:237:34 - Method invocation or property access on a 'dynamic' target. Try giving the target a type. - avoid_dynamic_calls
build	UNKNOWN STEP	2026-01-03T19:31:55.4018596Z [web3_universal_swap]:    info - lib/src/slippage_calculator.dart:6:1 - Classes should define instance members. Try adding instance behavior or moving the members out of the class. - avoid_classes_with_only_static_members
build	UNKNOWN STEP	2026-01-03T19:31:55.4020679Z [web3_universal_swap]:    info - lib/src/swap_quote.dart:135:26 - Static method should be a constructor. Try converting the method into a constructor. - prefer_constructors_over_static_methods
build	UNKNOWN STEP	2026-01-03T19:31:55.4023126Z [web3_universal_swap]:    info - lib/src/swap_service.dart:5:8 - The imported package 'web3_universal_signer' isn't a dependency of the importing package. Try adding a dependency for 'web3_universal_signer' in the 'pubspec.yaml' file. - depend_on_referenced_packages
build	UNKNOWN STEP	2026-01-03T19:31:55.4025692Z [web3_universal_swap]:    info - lib/src/swap_service.dart:28:8 - Use an initializing formal to assign a parameter to a field. Try using an initialing formal ('this.mevProtectionService') to initialize the field. - prefer_initializing_formals
build	UNKNOWN STEP	2026-01-03T19:31:55.4027917Z [web3_universal_swap]:    info - lib/src/swap_service.dart:102:17 - The value of the argument is redundant because it matches the default value. Try removing the argument. - avoid_redundant_argument_values
build	UNKNOWN STEP	2026-01-03T19:31:55.4029981Z [web3_universal_swap]:    info - lib/src/swap_service.dart:156:7 - Catch clause should use 'on' to specify the type of exception being caught. Try adding an 'on' clause before the 'catch'. - avoid_catches_without_on_clauses
build	UNKNOWN STEP	2026-01-03T19:31:55.4032435Z [web3_universal_swap]:    info - lib/src/swap_service.dart:173:11 - Catch clause should use 'on' to specify the type of exception being caught. Try adding an 'on' clause before the 'catch'. - avoid_catches_without_on_clauses
build	UNKNOWN STEP	2026-01-03T19:31:55.4034458Z [web3_universal_swap]:    info - lib/src/swap_service.dart:198:9 - Catch clause should use 'on' to specify the type of exception being caught. Try adding an 'on' clause before the 'catch'. - avoid_catches_without_on_clauses
build	UNKNOWN STEP	2026-01-03T19:31:55.4036367Z [web3_universal_swap]:    info - lib/src/swap_service.dart:249:11 - Catch clause should use 'on' to specify the type of exception being caught. Try adding an 'on' clause before the 'catch'. - avoid_catches_without_on_clauses
build	UNKNOWN STEP	2026-01-03T19:31:55.4038316Z [web3_universal_swap]:    info - lib/src/swap_service.dart:261:7 - Catch clause should use 'on' to specify the type of exception being caught. Try adding an 'on' clause before the 'catch'. - avoid_catches_without_on_clauses
build	UNKNOWN STEP	2026-01-03T19:31:55.4040362Z [web3_universal_swap]:    info - lib/src/swap_service.dart:308:9 - Catch clause should use 'on' to specify the type of exception being caught. Try adding an 'on' clause before the 'catch'. - avoid_catches_without_on_clauses
build	UNKNOWN STEP	2026-01-03T19:31:55.4042509Z [web3_universal_swap]:    info - lib/src/swap_tracker.dart:82:11 - Catch clause should use 'on' to specify the type of exception being caught. Try adding an 'on' clause before the 'catch'. - avoid_catches_without_on_clauses
build	UNKNOWN STEP	2026-01-03T19:31:55.4044451Z [web3_universal_swap]:    info - lib/src/swap_tracker.dart:108:7 - Catch clause should use 'on' to specify the type of exception being caught. Try adding an 'on' clause before the 'catch'. - avoid_catches_without_on_clauses
build	UNKNOWN STEP	2026-01-03T19:31:55.4046474Z [web3_universal_swap]:    info - lib/src/swap_tracker.dart:161:7 - Catch clause should use 'on' to specify the type of exception being caught. Try adding an 'on' clause before the 'catch'. - avoid_catches_without_on_clauses
build	UNKNOWN STEP	2026-01-03T19:31:55.4048802Z [web3_universal_swap]:    info - lib/src/swap_tracker.dart:198:7 - Catch clause should use 'on' to specify the type of exception being caught. Try adding an 'on' clause before the 'catch'. - avoid_catches_without_on_clauses
build	UNKNOWN STEP	2026-01-03T19:31:55.4050753Z [web3_universal_swap]:    info - lib/src/swap_tracker.dart:208:7 - Catch clause should use 'on' to specify the type of exception being caught. Try adding an 'on' clause before the 'catch'. - avoid_catches_without_on_clauses
build	UNKNOWN STEP	2026-01-03T19:31:55.4053154Z [web3_universal_swap]:    info - lib/src/swap_types.dart:44:3 - The method '==' should not be overridden in classes not annotated with '@immutable'. Try removing the override or annotating the class with '@immutable'. - avoid_equals_and_hash_code_on_mutable_classes
build	UNKNOWN STEP	2026-01-03T19:31:55.4055789Z [web3_universal_swap]:    info - lib/src/swap_types.dart:52:3 - The method 'hashCode' should not be overridden in classes not annotated with '@immutable'. Try removing the override or annotating the class with '@immutable'. - avoid_equals_and_hash_code_on_mutable_classes
build	UNKNOWN STEP	2026-01-03T19:31:55.4058434Z [web3_universal_swap]:    info - lib/src/token_approval.dart:3:8 - The imported package 'web3_universal_abi' isn't a dependency of the importing package. Try adding a dependency for 'web3_universal_abi' in the 'pubspec.yaml' file. - depend_on_referenced_packages
build	UNKNOWN STEP	2026-01-03T19:31:55.4060811Z [web3_universal_swap]:    info - lib/src/token_approval.dart:51:7 - Catch clause should use 'on' to specify the type of exception being caught. Try adding an 'on' clause before the 'catch'. - avoid_catches_without_on_clauses
build	UNKNOWN STEP	2026-01-03T19:31:55.4063085Z [web3_universal_swap]:    info - lib/src/token_approval.dart:119:7 - Catch clause should use 'on' to specify the type of exception being caught. Try adding an 'on' clause before the 'catch'. - avoid_catches_without_on_clauses
build	UNKNOWN STEP	2026-01-03T19:31:55.4065248Z [web3_universal_swap]:    info - lib/src/token_approval.dart:201:9 - Catch clause should use 'on' to specify the type of exception being caught. Try adding an 'on' clause before the 'catch'. - avoid_catches_without_on_clauses
build	UNKNOWN STEP	2026-01-03T19:31:55.4067566Z [web3_universal_swap]:    info - lib/src/token_approval.dart:244:7 - Catch clause should use 'on' to specify the type of exception being caught. Try adding an 'on' clause before the 'catch'. - avoid_catches_without_on_clauses
build	UNKNOWN STEP	2026-01-03T19:31:55.4069700Z [web3_universal_swap]:    info - lib/src/token_approval.dart:253:7 - Catch clause should use 'on' to specify the type of exception being caught. Try adding an 'on' clause before the 'catch'. - avoid_catches_without_on_clauses
build	UNKNOWN STEP	2026-01-03T19:31:55.4071519Z [web3_universal_swap]:    info - lib/web3_universal_swap.dart:2:9 - Library names are not necessary. Remove the library name. - unnecessary_library_name
build	UNKNOWN STEP	2026-01-03T19:31:55.4072601Z [web3_universal_swap]: 
build	UNKNOWN STEP	2026-01-03T19:31:55.4072948Z [web3_universal_swap]: 43 issues found.
build	UNKNOWN STEP	2026-01-03T19:31:55.5569090Z [web3_universal_utxo]: 
build	UNKNOWN STEP	2026-01-03T19:31:55.5571137Z [web3_universal_utxo]:   error - example/main.dart:11:34 - The method 'p2wpkh' isn't defined for the type 'BitcoinAddress'. Try correcting the name to the name of an existing method, or defining a method named 'p2wpkh'. - undefined_method
build	UNKNOWN STEP	2026-01-03T19:31:55.5577360Z [web3_universal_utxo]:   error - example/main.dart:11:54 - Undefined name 'BitcoinNetwork'. Try correcting the name to one that is defined, or defining the name. - undefined_identifier
build	UNKNOWN STEP	2026-01-03T19:31:55.5579002Z [web3_universal_utxo]:   error - example/main.dart:15:36 - The method 'p2tr' isn't defined for the type 'BitcoinAddress'. Try correcting the name to the name of an existing method, or defining a method named 'p2tr'. - undefined_method
build	UNKNOWN STEP	2026-01-03T19:31:55.5580173Z [web3_universal_utxo]:   error - example/main.dart:15:54 - Undefined name 'BitcoinNetwork'. Try correcting the name to one that is defined, or defining the name. - undefined_identifier
build	UNKNOWN STEP	2026-01-03T19:31:55.5581542Z [web3_universal_utxo]:   error - example/main.dart:19:25 - The method 'build' isn't defined for the type 'Script'. Try correcting the name to the name of an existing method, or defining a method named 'build'. - undefined_method
build	UNKNOWN STEP	2026-01-03T19:31:55.5583171Z [web3_universal_utxo]:   error - example/main.dart:20:12 - The getter 'OP_DUP' isn't defined for the type 'OpCode'. Try importing the library that defines 'OP_DUP', correcting the name to the name of an existing getter, or defining a getter or field named 'OP_DUP'. - undefined_getter
build	UNKNOWN STEP	2026-01-03T19:31:55.5584683Z [web3_universal_utxo]:   error - example/main.dart:21:12 - The getter 'OP_HASH160' isn't defined for the type 'OpCode'. Try importing the library that defines 'OP_HASH160', correcting the name to the name of an existing getter, or defining a getter or field named 'OP_HASH160'. - undefined_getter
build	UNKNOWN STEP	2026-01-03T19:31:55.5586275Z [web3_universal_utxo]:   error - example/main.dart:23:12 - The getter 'OP_EQUALVERIFY' isn't defined for the type 'OpCode'. Try importing the library that defines 'OP_EQUALVERIFY', correcting the name to the name of an existing getter, or defining a getter or field named 'OP_EQUALVERIFY'. - undefined_getter
build	UNKNOWN STEP	2026-01-03T19:31:55.5587880Z [web3_universal_utxo]:   error - example/main.dart:24:12 - The getter 'OP_CHECKSIG' isn't defined for the type 'OpCode'. Try importing the library that defines 'OP_CHECKSIG', correcting the name to the name of an existing getter, or defining a getter or field named 'OP_CHECKSIG'. - undefined_getter
build	UNKNOWN STEP	2026-01-03T19:31:55.5589202Z [web3_universal_utxo]:   error - example/main.dart:32:7 - The named parameter 'txId' is required, but there's no corresponding argument. Try adding the required argument. - missing_required_argument
build	UNKNOWN STEP	2026-01-03T19:31:55.5590264Z [web3_universal_utxo]:   error - example/main.dart:32:7 - The named parameter 'vout' is required, but there's no corresponding argument. Try adding the required argument. - missing_required_argument
build	UNKNOWN STEP	2026-01-03T19:31:55.5591495Z [web3_universal_utxo]:   error - example/main.dart:33:9 - The named parameter 'prevOut' isn't defined. Try correcting the name to an existing named parameter's name, or defining a named parameter with the name 'prevOut'. - undefined_named_parameter
build	UNKNOWN STEP	2026-01-03T19:31:55.5593278Z [web3_universal_utxo]:   error - example/main.dart:33:18 - The function 'OutPoint' isn't defined. Try importing the library that defines 'OutPoint', correcting the name to the name of an existing function, or defining a function named 'OutPoint'. - undefined_function
build	UNKNOWN STEP	2026-01-03T19:31:55.5594612Z [web3_universal_utxo]:   error - example/main.dart:34:27 - The method 'empty' isn't defined for the type 'Script'. Try correcting the name to the name of an existing method, or defining a method named 'empty'. - undefined_method
build	UNKNOWN STEP	2026-01-03T19:31:55.5595754Z [web3_universal_utxo]:   error - example/main.dart:39:7 - The named parameter 'amount' is required, but there's no corresponding argument. Try adding the required argument. - missing_required_argument
build	UNKNOWN STEP	2026-01-03T19:31:55.5596981Z [web3_universal_utxo]:   error - example/main.dart:40:9 - The named parameter 'value' isn't defined. Try correcting the name to an existing named parameter's name, or defining a named parameter with the name 'value'. - undefined_named_parameter
build	UNKNOWN STEP	2026-01-03T19:31:55.5597961Z [web3_universal_utxo]: warning - lib/src/models/address.dart:20:8 - TODO: Implement decoding logic - todo
build	UNKNOWN STEP	2026-01-03T19:31:55.5598605Z [web3_universal_utxo]: warning - lib/src/models/networks.dart:79:6 - TODO: Add Dash, Zcash etc if requested - todo
build	UNKNOWN STEP	2026-01-03T19:31:55.5599343Z [web3_universal_utxo]: warning - lib/src/models/psbt.dart:53:8 - TODO: Implement proper reading loop based on tx input/output count - todo
build	UNKNOWN STEP	2026-01-03T19:31:55.5600147Z [web3_universal_utxo]: warning - lib/src/models/transaction.dart:136:8 - TODO: Implement proper double SHA256 when imports available - todo
build	UNKNOWN STEP	2026-01-03T19:31:55.5601020Z [web3_universal_utxo]: warning - test/script_test.dart:12:12 - The declaration 'hEncode' isn't referenced. Try removing the declaration of 'hEncode'. - unused_element
build	UNKNOWN STEP	2026-01-03T19:31:55.5602547Z [web3_universal_utxo]:    info - example/main.dart:30:14 - The value of the argument is redundant because it matches the default value. Try removing the argument. - avoid_redundant_argument_values
build	UNKNOWN STEP	2026-01-03T19:31:55.5603608Z [web3_universal_utxo]:    info - example/main.dart:35:19 - The value of the argument is redundant because it matches the default value. Try removing the argument. - avoid_redundant_argument_values
build	UNKNOWN STEP	2026-01-03T19:31:55.5604594Z [web3_universal_utxo]:    info - lib/src/models/address.dart:96:2 - Missing a newline at the end of the file. Try adding a newline at the end of the file. - eol_at_end_of_file
build	UNKNOWN STEP	2026-01-03T19:31:55.5605593Z [web3_universal_utxo]:    info - lib/src/models/psbt.dart:32:15 - Static method should be a constructor. Try converting the method into a constructor. - prefer_constructors_over_static_methods
build	UNKNOWN STEP	2026-01-03T19:31:55.5606605Z [web3_universal_utxo]:    info - lib/src/models/transaction.dart:84:5 - Unnecessary duplication of receiver. Try using a cascade to avoid the duplication. - cascade_invocations
build	UNKNOWN STEP	2026-01-03T19:31:55.5607624Z [web3_universal_utxo]:    info - lib/src/models/transaction.dart:90:7 - Unnecessary duplication of receiver. Try using a cascade to avoid the duplication. - cascade_invocations
build	UNKNOWN STEP	2026-01-03T19:31:55.5608614Z [web3_universal_utxo]:    info - lib/src/models/transaction.dart:99:7 - Unnecessary duplication of receiver. Try using a cascade to avoid the duplication. - cascade_invocations
build	UNKNOWN STEP	2026-01-03T19:31:55.5609594Z [web3_universal_utxo]:    info - lib/src/models/transaction.dart:100:7 - Unnecessary duplication of receiver. Try using a cascade to avoid the duplication. - cascade_invocations
build	UNKNOWN STEP	2026-01-03T19:31:55.5610588Z [web3_universal_utxo]:    info - lib/src/models/transaction.dart:101:7 - Unnecessary duplication of receiver. Try using a cascade to avoid the duplication. - cascade_invocations
build	UNKNOWN STEP	2026-01-03T19:31:55.5611573Z [web3_universal_utxo]:    info - lib/src/models/transaction.dart:102:7 - Unnecessary duplication of receiver. Try using a cascade to avoid the duplication. - cascade_invocations
build	UNKNOWN STEP	2026-01-03T19:31:55.5614121Z [web3_universal_utxo]:    info - lib/src/models/transaction.dart:111:7 - Unnecessary duplication of receiver. Try using a cascade to avoid the duplication. - cascade_invocations
build	UNKNOWN STEP	2026-01-03T19:31:55.5615157Z [web3_universal_utxo]:    info - lib/src/models/transaction.dart:112:7 - Unnecessary duplication of receiver. Try using a cascade to avoid the duplication. - cascade_invocations
build	UNKNOWN STEP	2026-01-03T19:31:55.5616143Z [web3_universal_utxo]:    info - lib/src/models/transaction.dart:122:11 - Unnecessary duplication of receiver. Try using a cascade to avoid the duplication. - cascade_invocations
build	UNKNOWN STEP	2026-01-03T19:31:55.5617198Z [web3_universal_utxo]:    info - lib/src/models/transaction.dart:147:29 - Static method should be a constructor. Try converting the method into a constructor. - prefer_constructors_over_static_methods
build	UNKNOWN STEP	2026-01-03T19:31:55.5618279Z [web3_universal_utxo]:    info - lib/src/models/transaction.dart:281:3 - Unnecessary duplication of receiver. Try using a cascade to avoid the duplication. - cascade_invocations
build	UNKNOWN STEP	2026-01-03T19:31:55.5619253Z [web3_universal_utxo]:    info - lib/src/script/script.dart:143:7 - Unnecessary duplication of receiver. Try using a cascade to avoid the duplication. - cascade_invocations
build	UNKNOWN STEP	2026-01-03T19:31:55.5620203Z [web3_universal_utxo]:    info - lib/src/script/script.dart:146:7 - Unnecessary duplication of receiver. Try using a cascade to avoid the duplication. - cascade_invocations
build	UNKNOWN STEP	2026-01-03T19:31:55.5621154Z [web3_universal_utxo]:    info - lib/src/script/script.dart:147:7 - Unnecessary duplication of receiver. Try using a cascade to avoid the duplication. - cascade_invocations
build	UNKNOWN STEP	2026-01-03T19:31:55.5622353Z [web3_universal_utxo]:    info - lib/src/script/script.dart:150:7 - Unnecessary duplication of receiver. Try using a cascade to avoid the duplication. - cascade_invocations
build	UNKNOWN STEP	2026-01-03T19:31:55.5623497Z [web3_universal_utxo]:    info - lib/src/script/script.dart:151:7 - Unnecessary duplication of receiver. Try using a cascade to avoid the duplication. - cascade_invocations
build	UNKNOWN STEP	2026-01-03T19:31:55.5624465Z [web3_universal_utxo]:    info - lib/src/script/script.dart:154:7 - Unnecessary duplication of receiver. Try using a cascade to avoid the duplication. - cascade_invocations
build	UNKNOWN STEP	2026-01-03T19:31:55.5625396Z [web3_universal_utxo]:    info - lib/src/script/script.dart:155:7 - Unnecessary duplication of receiver. Try using a cascade to avoid the duplication. - cascade_invocations
build	UNKNOWN STEP	2026-01-03T19:31:55.5626340Z [web3_universal_utxo]:    info - lib/src/script/taproot.dart:15:5 - Unnecessary duplication of receiver. Try using a cascade to avoid the duplication. - cascade_invocations
build	UNKNOWN STEP	2026-01-03T19:31:55.5627301Z [web3_universal_utxo]:    info - lib/src/script/taproot.dart:27:7 - Unnecessary duplication of receiver. Try using a cascade to avoid the duplication. - cascade_invocations
build	UNKNOWN STEP	2026-01-03T19:31:55.5628238Z [web3_universal_utxo]:    info - lib/src/script/taproot.dart:28:7 - Unnecessary duplication of receiver. Try using a cascade to avoid the duplication. - cascade_invocations
build	UNKNOWN STEP	2026-01-03T19:31:55.5629918Z [web3_universal_utxo]:    info - lib/src/script/taproot.dart:32:7 - Unnecessary duplication of receiver. Try using a cascade to avoid the duplication. - cascade_invocations
build	UNKNOWN STEP	2026-01-03T19:31:55.5631687Z [web3_universal_utxo]:    info - lib/src/script/taproot.dart:33:7 - Unnecessary duplication of receiver. Try using a cascade to avoid the duplication. - cascade_invocations
build	UNKNOWN STEP	2026-01-03T19:31:55.5633040Z [web3_universal_utxo]:    info - lib/src/script/taproot.dart:34:7 - Unnecessary duplication of receiver. Try using a cascade to avoid the duplication. - cascade_invocations
build	UNKNOWN STEP	2026-01-03T19:31:55.5633992Z [web3_universal_utxo]:    info - lib/src/script/taproot.dart:35:7 - Unnecessary duplication of receiver. Try using a cascade to avoid the duplication. - cascade_invocations
build	UNKNOWN STEP	2026-01-03T19:31:55.5635100Z [web3_universal_utxo]:    info - lib/src/script/taproot.dart:49:22 - Multiple variables declared on a single line. Try splitting the variable declarations into multiple lines. - avoid_multiple_declarations_per_line
build	UNKNOWN STEP	2026-01-03T19:31:55.5636593Z [web3_universal_utxo]:    info - lib/src/script/taproot.dart:70:1 - Classes should define instance members. Try adding instance behavior or moving the members out of the class. - avoid_classes_with_only_static_members
build	UNKNOWN STEP	2026-01-03T19:31:55.5637680Z [web3_universal_utxo]:    info - lib/src/script/taproot.dart:86:5 - Unnecessary duplication of receiver. Try using a cascade to avoid the duplication. - cascade_invocations
build	UNKNOWN STEP	2026-01-03T19:31:55.5638722Z [web3_universal_utxo]:    info - lib/src/selection/coin_selector.dart:19:16 - Unnecessary use of an abstract class. Try making 'select' a top-level function and removing the class. - one_member_abstracts
build	UNKNOWN STEP	2026-01-03T19:31:55.5639801Z [web3_universal_utxo]:    info - lib/web3_universal_utxo.dart:1:9 - Library names are not necessary. Remove the library name. - unnecessary_library_name
build	UNKNOWN STEP	2026-01-03T19:31:55.5640953Z [web3_universal_utxo]:    info - test/integration_test.dart:5:1 - Sort directive sections alphabetically. Try sorting the directives. - directives_ordering
build	UNKNOWN STEP	2026-01-03T19:31:55.5641816Z [web3_universal_utxo]:    info - test/rbf_test.dart:4:1 - Sort directive sections alphabetically. Try sorting the directives. - directives_ordering
build	UNKNOWN STEP	2026-01-03T19:31:55.5642820Z [web3_universal_utxo]:    info - test/script_test.dart:6:1 - Sort directive sections alphabetically. Try sorting the directives. - directives_ordering
build	UNKNOWN STEP	2026-01-03T19:31:55.5643659Z [web3_universal_utxo]:    info - test/taproot_test.dart:5:1 - Sort directive sections alphabetically. Try sorting the directives. - directives_ordering
build	UNKNOWN STEP	2026-01-03T19:31:55.5644522Z [web3_universal_utxo]:    info - test/transaction_test.dart:4:1 - Sort directive sections alphabetically. Try sorting the directives. - directives_ordering
build	UNKNOWN STEP	2026-01-03T19:31:55.5645377Z [web3_universal_utxo]:    info - test/vector_test.dart:6:1 - Sort directive sections alphabetically. Try sorting the directives. - directives_ordering
build	UNKNOWN STEP	2026-01-03T19:31:55.5645912Z [web3_universal_utxo]: 
build	UNKNOWN STEP	2026-01-03T19:31:55.5646294Z [web3_universal_utxo]: 61 issues found.
build	UNKNOWN STEP	2026-01-03T19:31:55.5673188Z --------------------------------------------------------------------------------
build	UNKNOWN STEP	2026-01-03T19:31:55.5673850Z 
build	UNKNOWN STEP	2026-01-03T19:31:55.5673987Z $ melos exec
build	UNKNOWN STEP	2026-01-03T19:31:55.5674699Z   â””> dart analyze --fatal-infos
build	UNKNOWN STEP	2026-01-03T19:31:55.5676892Z      â””> FAILED (in 34 packages)
build	UNKNOWN STEP	2026-01-03T19:31:55.5683052Z         â””> web3_universal_bitcoin (with exit code 1)
build	UNKNOWN STEP	2026-01-03T19:31:55.5684527Z         â””> web3_universal_bc_ur (with exit code 1)
build	UNKNOWN STEP	2026-01-03T19:31:55.5685165Z         â””> web3_universal_aa (with exit code 1)
build	UNKNOWN STEP	2026-01-03T19:31:55.5685836Z         â””> web3_universal_abi (with exit code 3)
build	UNKNOWN STEP	2026-01-03T19:31:55.5686449Z         â””> web3_universal_chains (with exit code 3)
build	UNKNOWN STEP	2026-01-03T19:31:55.5687005Z         â””> web3_universal_client (with exit code 3)
build	UNKNOWN STEP	2026-01-03T19:31:55.5687519Z         â””> web3_universal_bridge (with exit code 2)
build	UNKNOWN STEP	2026-01-03T19:31:55.5688075Z         â””> web3_universal_contract (with exit code 3)
build	UNKNOWN STEP	2026-01-03T19:31:55.5688538Z         â””> web3_universal_dapp (with exit code 1)
build	UNKNOWN STEP	2026-01-03T19:31:55.5688843Z         â””> web3_universal_core (with exit code 3)
build	UNKNOWN STEP	2026-01-03T19:31:55.5689159Z         â””> web3_universal_cosmos (with exit code 3)
build	UNKNOWN STEP	2026-01-03T19:31:55.5689455Z         â””> web3_universal_crypto (with exit code 2)
build	UNKNOWN STEP	2026-01-03T19:31:55.5689760Z         â””> web3_universal_debug (with exit code 1)
build	UNKNOWN STEP	2026-01-03T19:31:55.5690062Z         â””> web3_universal_history (with exit code 1)
build	UNKNOWN STEP	2026-01-03T19:31:55.5690361Z         â””> web3_universal_ens (with exit code 3)
build	UNKNOWN STEP	2026-01-03T19:31:55.5690648Z         â””> web3_universal_events (with exit code 1)
build	UNKNOWN STEP	2026-01-03T19:31:55.5690948Z         â””> web3_universal_keystone (with exit code 2)
build	UNKNOWN STEP	2026-01-03T19:31:55.5691241Z         â””> web3_universal_mev (with exit code 1)
build	UNKNOWN STEP	2026-01-03T19:31:55.5691520Z         â””> web3_universal_mpc (with exit code 1)
build	UNKNOWN STEP	2026-01-03T19:31:55.5691829Z         â””> web3_universal_multicall (with exit code 3)
build	UNKNOWN STEP	2026-01-03T19:31:55.5692619Z         â””> web3_universal_polkadot (with exit code 1)
build	UNKNOWN STEP	2026-01-03T19:31:55.5692931Z         â””> web3_universal_nft (with exit code 3)
build	UNKNOWN STEP	2026-01-03T19:31:55.5693220Z         â””> web3_universal_price (with exit code 1)
build	UNKNOWN STEP	2026-01-03T19:31:55.5693521Z         â””> web3_universal_ledger (with exit code 1)
build	UNKNOWN STEP	2026-01-03T19:31:55.5693818Z         â””> web3_universal_provider (with exit code 3)
build	UNKNOWN STEP	2026-01-03T19:31:55.5694121Z         â””> web3_universal_staking (with exit code 3)
build	UNKNOWN STEP	2026-01-03T19:31:55.5694426Z         â””> web3_universal_signer (with exit code 3)
build	UNKNOWN STEP	2026-01-03T19:31:55.5694713Z         â””> web3_universal_reown (with exit code 3)
build	UNKNOWN STEP	2026-01-03T19:31:55.5695010Z         â””> web3_universal_solana (with exit code 3)
build	UNKNOWN STEP	2026-01-03T19:31:55.5695293Z         â””> web3_universal_ton (with exit code 1)
build	UNKNOWN STEP	2026-01-03T19:31:55.5695581Z         â””> web3_universal_tron (with exit code 1)
build	UNKNOWN STEP	2026-01-03T19:31:55.5695872Z         â””> web3_universal_trezor (with exit code 1)
build	UNKNOWN STEP	2026-01-03T19:31:55.5696173Z         â””> web3_universal_swap (with exit code 3)
build	UNKNOWN STEP	2026-01-03T19:31:55.5696468Z         â””> web3_universal_utxo (with exit code 3)
build	UNKNOWN STEP	2026-01-03T19:31:55.6434477Z 
build	UNKNOWN STEP	2026-01-03T19:31:55.6434917Z melos run analyze
build	UNKNOWN STEP	2026-01-03T19:31:55.6435587Z   â””> melos exec -- dart analyze --fatal-infos
build	UNKNOWN STEP	2026-01-03T19:31:55.6437703Z      â””> FAILED
build	UNKNOWN STEP	2026-01-03T19:31:55.6453630Z ScriptException: The script analyze failed to execute.
build	UNKNOWN STEP	2026-01-03T19:31:55.7071054Z ##[error]Process completed with exit code 1.
build	UNKNOWN STEP	2026-01-03T19:31:55.7189692Z Post job cleanup.
build	UNKNOWN STEP	2026-01-03T19:31:55.7241372Z Post job cleanup.
build	UNKNOWN STEP	2026-01-03T19:31:55.8210280Z [command]/usr/bin/git version
build	UNKNOWN STEP	2026-01-03T19:31:55.8248641Z git version 2.52.0
build	UNKNOWN STEP	2026-01-03T19:31:55.8288708Z Copying '/home/runner/.gitconfig' to '/home/runner/work/_temp/76eb5cb8-512b-45cb-916c-1a97026efad8/.gitconfig'
build	UNKNOWN STEP	2026-01-03T19:31:55.8300121Z Temporarily overriding HOME='/home/runner/work/_temp/76eb5cb8-512b-45cb-916c-1a97026efad8' before making global git config changes
build	UNKNOWN STEP	2026-01-03T19:31:55.8301431Z Adding repository directory to the temporary git global config as a safe directory
build	UNKNOWN STEP	2026-01-03T19:31:55.8314378Z [command]/usr/bin/git config --global --add safe.directory /home/runner/work/dart_web3/dart_web3
build	UNKNOWN STEP	2026-01-03T19:31:55.8351815Z [command]/usr/bin/git config --local --name-only --get-regexp core\.sshCommand
build	UNKNOWN STEP	2026-01-03T19:31:55.8386224Z [command]/usr/bin/git submodule foreach --recursive sh -c "git config --local --name-only --get-regexp 'core\.sshCommand' && git config --local --unset-all 'core.sshCommand' || :"
build	UNKNOWN STEP	2026-01-03T19:31:55.8609476Z fatal: No url found for submodule path 'references/dart/bitcoin_base' in .gitmodules
build	UNKNOWN STEP	2026-01-03T19:31:55.8653574Z ##[warning]The process '/usr/bin/git' failed with exit code 128
build	UNKNOWN STEP	2026-01-03T19:31:55.8746071Z Cleaning up orphan processes
