build	Set up job	ï»¿2026-01-04T03:42:22.5707912Z Current runner version: '2.330.0'
build	Set up job	2026-01-04T03:42:22.5733770Z ##[group]Runner Image Provisioner
build	Set up job	2026-01-04T03:42:22.5734892Z Hosted Compute Agent
build	Set up job	2026-01-04T03:42:22.5735498Z Version: 20251211.462
build	Set up job	2026-01-04T03:42:22.5736136Z Commit: 6cbad8c2bb55d58165063d031ccabf57e2d2db61
build	Set up job	2026-01-04T03:42:22.5736850Z Build Date: 2025-12-11T16:28:49Z
build	Set up job	2026-01-04T03:42:22.5737555Z Worker ID: {239a89b3-b9ea-4a18-8ce2-90e1b04713af}
build	Set up job	2026-01-04T03:42:22.5738271Z ##[endgroup]
build	Set up job	2026-01-04T03:42:22.5738762Z ##[group]Operating System
build	Set up job	2026-01-04T03:42:22.5739368Z Ubuntu
build	Set up job	2026-01-04T03:42:22.5739832Z 24.04.3
build	Set up job	2026-01-04T03:42:22.5740282Z LTS
build	Set up job	2026-01-04T03:42:22.5740687Z ##[endgroup]
build	Set up job	2026-01-04T03:42:22.5741459Z ##[group]Runner Image
build	Set up job	2026-01-04T03:42:22.5741989Z Image: ubuntu-24.04
build	Set up job	2026-01-04T03:42:22.5742487Z Version: 20251215.174.1
build	Set up job	2026-01-04T03:42:22.5743575Z Included Software: https://github.com/actions/runner-images/blob/ubuntu24/20251215.174/images/ubuntu/Ubuntu2404-Readme.md
build	Set up job	2026-01-04T03:42:22.5744940Z Image Release: https://github.com/actions/runner-images/releases/tag/ubuntu24%2F20251215.174
build	Set up job	2026-01-04T03:42:22.5746172Z ##[endgroup]
build	Set up job	2026-01-04T03:42:22.5747220Z ##[group]GITHUB_TOKEN Permissions
build	Set up job	2026-01-04T03:42:22.5749319Z Contents: read
build	Set up job	2026-01-04T03:42:22.5749892Z Metadata: read
build	Set up job	2026-01-04T03:42:22.5750369Z Packages: read
build	Set up job	2026-01-04T03:42:22.5750946Z ##[endgroup]
build	Set up job	2026-01-04T03:42:22.5753250Z Secret source: Actions
build	Set up job	2026-01-04T03:42:22.5754006Z Prepare workflow directory
build	Set up job	2026-01-04T03:42:22.6104894Z Prepare all required actions
build	Set up job	2026-01-04T03:42:22.6144570Z Getting action download info
build	Set up job	2026-01-04T03:42:23.0291587Z Download action repository 'actions/checkout@v4' (SHA:34e114876b0b11c390a56381ad16ebd13914f8d5)
build	Set up job	2026-01-04T03:42:23.5322805Z Download action repository 'subosito/flutter-action@v2' (SHA:fd55f4c5af5b953cc57a2be44cb082c8f6635e8e)
build	Set up job	2026-01-04T03:42:24.0625743Z Getting action download info
build	Set up job	2026-01-04T03:42:24.2362228Z Download action repository 'actions/cache@v4' (SHA:0057852bfaa89a56745cba8c7296529d2fc39830)
build	Set up job	2026-01-04T03:42:24.4156347Z Complete job name: build
build	Run actions/checkout@v4	ï»¿2026-01-04T03:42:24.4833933Z ##[group]Run actions/checkout@v4
build	Run actions/checkout@v4	2026-01-04T03:42:24.4834608Z with:
build	Run actions/checkout@v4	2026-01-04T03:42:24.4834874Z   repository: ImL1s/dart_web3
build	Run actions/checkout@v4	2026-01-04T03:42:24.4835364Z   token: ***
build	Run actions/checkout@v4	2026-01-04T03:42:24.4835607Z   ssh-strict: true
build	Run actions/checkout@v4	2026-01-04T03:42:24.4835857Z   ssh-user: git
build	Run actions/checkout@v4	2026-01-04T03:42:24.4836111Z   persist-credentials: true
build	Run actions/checkout@v4	2026-01-04T03:42:24.4836389Z   clean: true
build	Run actions/checkout@v4	2026-01-04T03:42:24.4836650Z   sparse-checkout-cone-mode: true
build	Run actions/checkout@v4	2026-01-04T03:42:24.4836945Z   fetch-depth: 1
build	Run actions/checkout@v4	2026-01-04T03:42:24.4837205Z   fetch-tags: false
build	Run actions/checkout@v4	2026-01-04T03:42:24.4837458Z   show-progress: true
build	Run actions/checkout@v4	2026-01-04T03:42:24.4837701Z   lfs: false
build	Run actions/checkout@v4	2026-01-04T03:42:24.4837926Z   submodules: false
build	Run actions/checkout@v4	2026-01-04T03:42:24.4838182Z   set-safe-directory: true
build	Run actions/checkout@v4	2026-01-04T03:42:24.4838650Z ##[endgroup]
build	Run actions/checkout@v4	2026-01-04T03:42:24.5983076Z Syncing repository: ImL1s/dart_web3
build	Run actions/checkout@v4	2026-01-04T03:42:24.5985779Z ##[group]Getting Git version info
build	Run actions/checkout@v4	2026-01-04T03:42:24.5986665Z Working directory is '/home/runner/work/dart_web3/dart_web3'
build	Run actions/checkout@v4	2026-01-04T03:42:24.5987881Z [command]/usr/bin/git version
build	Run actions/checkout@v4	2026-01-04T03:42:24.7283346Z git version 2.52.0
build	Run actions/checkout@v4	2026-01-04T03:42:24.7313137Z ##[endgroup]
build	Run actions/checkout@v4	2026-01-04T03:42:24.7328832Z Temporarily overriding HOME='/home/runner/work/_temp/e5e3c1b9-1fda-4df2-8bfd-361bce0b13b3' before making global git config changes
build	Run actions/checkout@v4	2026-01-04T03:42:24.7330904Z Adding repository directory to the temporary git global config as a safe directory
build	Run actions/checkout@v4	2026-01-04T03:42:24.7347894Z [command]/usr/bin/git config --global --add safe.directory /home/runner/work/dart_web3/dart_web3
build	Run actions/checkout@v4	2026-01-04T03:42:24.7438097Z Deleting the contents of '/home/runner/work/dart_web3/dart_web3'
build	Run actions/checkout@v4	2026-01-04T03:42:24.7442198Z ##[group]Initializing the repository
build	Run actions/checkout@v4	2026-01-04T03:42:24.7447029Z [command]/usr/bin/git init /home/runner/work/dart_web3/dart_web3
build	Run actions/checkout@v4	2026-01-04T03:42:24.8117290Z hint: Using 'master' as the name for the initial branch. This default branch name
build	Run actions/checkout@v4	2026-01-04T03:42:24.8118457Z hint: will change to "main" in Git 3.0. To configure the initial branch name
build	Run actions/checkout@v4	2026-01-04T03:42:24.8119503Z hint: to use in all of your new repositories, which will suppress this warning,
build	Run actions/checkout@v4	2026-01-04T03:42:24.8120026Z hint: call:
build	Run actions/checkout@v4	2026-01-04T03:42:24.8120273Z hint:
build	Run actions/checkout@v4	2026-01-04T03:42:24.8120649Z hint: 	git config --global init.defaultBranch <name>
build	Run actions/checkout@v4	2026-01-04T03:42:24.8121344Z hint:
build	Run actions/checkout@v4	2026-01-04T03:42:24.8121756Z hint: Names commonly chosen instead of 'master' are 'main', 'trunk' and
build	Run actions/checkout@v4	2026-01-04T03:42:24.8122414Z hint: 'development'. The just-created branch can be renamed via this command:
build	Run actions/checkout@v4	2026-01-04T03:42:24.8122911Z hint:
build	Run actions/checkout@v4	2026-01-04T03:42:24.8123181Z hint: 	git branch -m <name>
build	Run actions/checkout@v4	2026-01-04T03:42:24.8123484Z hint:
build	Run actions/checkout@v4	2026-01-04T03:42:24.8123900Z hint: Disable this message with "git config set advice.defaultBranchName false"
build	Run actions/checkout@v4	2026-01-04T03:42:24.8285582Z Initialized empty Git repository in /home/runner/work/dart_web3/dart_web3/.git/
build	Run actions/checkout@v4	2026-01-04T03:42:24.8299949Z [command]/usr/bin/git remote add origin https://github.com/ImL1s/dart_web3
build	Run actions/checkout@v4	2026-01-04T03:42:24.8402678Z ##[endgroup]
build	Run actions/checkout@v4	2026-01-04T03:42:24.8404052Z ##[group]Disabling automatic garbage collection
build	Run actions/checkout@v4	2026-01-04T03:42:24.8408003Z [command]/usr/bin/git config --local gc.auto 0
build	Run actions/checkout@v4	2026-01-04T03:42:24.8459426Z ##[endgroup]
build	Run actions/checkout@v4	2026-01-04T03:42:24.8460747Z ##[group]Setting up auth
build	Run actions/checkout@v4	2026-01-04T03:42:24.8468624Z [command]/usr/bin/git config --local --name-only --get-regexp core\.sshCommand
build	Run actions/checkout@v4	2026-01-04T03:42:24.8504816Z [command]/usr/bin/git submodule foreach --recursive sh -c "git config --local --name-only --get-regexp 'core\.sshCommand' && git config --local --unset-all 'core.sshCommand' || :"
build	Run actions/checkout@v4	2026-01-04T03:42:25.5778833Z [command]/usr/bin/git config --local --name-only --get-regexp http\.https\:\/\/github\.com\/\.extraheader
build	Run actions/checkout@v4	2026-01-04T03:42:25.5827435Z [command]/usr/bin/git submodule foreach --recursive sh -c "git config --local --name-only --get-regexp 'http\.https\:\/\/github\.com\/\.extraheader' && git config --local --unset-all 'http.https://github.com/.extraheader' || :"
build	Run actions/checkout@v4	2026-01-04T03:42:25.6083952Z [command]/usr/bin/git config --local --name-only --get-regexp ^includeIf\.gitdir:
build	Run actions/checkout@v4	2026-01-04T03:42:25.6120455Z [command]/usr/bin/git submodule foreach --recursive git config --local --show-origin --name-only --get-regexp remote.origin.url
build	Run actions/checkout@v4	2026-01-04T03:42:25.6379202Z [command]/usr/bin/git config --local http.https://github.com/.extraheader AUTHORIZATION: basic ***
build	Run actions/checkout@v4	2026-01-04T03:42:25.6678056Z ##[endgroup]
build	Run actions/checkout@v4	2026-01-04T03:42:25.6679579Z ##[group]Fetching the repository
build	Run actions/checkout@v4	2026-01-04T03:42:25.6689421Z [command]/usr/bin/git -c protocol.version=2 fetch --no-tags --prune --no-recurse-submodules --depth=1 origin +0d75abac42040094732e0925dbfd093e753e3a51:refs/remotes/origin/master
build	Run actions/checkout@v4	2026-01-04T03:42:26.8934913Z From https://github.com/ImL1s/dart_web3
build	Run actions/checkout@v4	2026-01-04T03:42:26.8935857Z  * [new ref]         0d75abac42040094732e0925dbfd093e753e3a51 -> origin/master
build	Run actions/checkout@v4	2026-01-04T03:42:26.9024327Z ##[endgroup]
build	Run actions/checkout@v4	2026-01-04T03:42:26.9025104Z ##[group]Determining the checkout info
build	Run actions/checkout@v4	2026-01-04T03:42:26.9027245Z ##[endgroup]
build	Run actions/checkout@v4	2026-01-04T03:42:26.9032389Z [command]/usr/bin/git sparse-checkout disable
build	Run actions/checkout@v4	2026-01-04T03:42:26.9132775Z [command]/usr/bin/git config --local --unset-all extensions.worktreeConfig
build	Run actions/checkout@v4	2026-01-04T03:42:26.9164017Z ##[group]Checking out the ref
build	Run actions/checkout@v4	2026-01-04T03:42:26.9168452Z [command]/usr/bin/git checkout --progress --force -B master refs/remotes/origin/master
build	Run actions/checkout@v4	2026-01-04T03:42:26.9726023Z Reset branch 'master'
build	Run actions/checkout@v4	2026-01-04T03:42:26.9726877Z branch 'master' set up to track 'origin/master'.
build	Run actions/checkout@v4	2026-01-04T03:42:26.9741933Z ##[endgroup]
build	Run actions/checkout@v4	2026-01-04T03:42:26.9779548Z [command]/usr/bin/git log -1 --format=%H
build	Run actions/checkout@v4	2026-01-04T03:42:26.9803646Z 0d75abac42040094732e0925dbfd093e753e3a51
build	Run subosito/flutter-action@v2	ï»¿2026-01-04T03:42:27.0101614Z ##[group]Run subosito/flutter-action@v2
build	Run subosito/flutter-action@v2	2026-01-04T03:42:27.0101973Z with:
build	Run subosito/flutter-action@v2	2026-01-04T03:42:27.0102154Z   channel: stable
build	Run subosito/flutter-action@v2	2026-01-04T03:42:27.0102345Z   architecture: X64
build	Run subosito/flutter-action@v2	2026-01-04T03:42:27.0102540Z   cache: false
build	Run subosito/flutter-action@v2	2026-01-04T03:42:27.0102739Z   pub-cache-path: default
build	Run subosito/flutter-action@v2	2026-01-04T03:42:27.0102962Z   dry-run: false
build	Run subosito/flutter-action@v2	2026-01-04T03:42:27.0103225Z   git-source: https://github.com/flutter/flutter.git
build	Run subosito/flutter-action@v2	2026-01-04T03:42:27.0103725Z ##[endgroup]
build	Run subosito/flutter-action@v2	2026-01-04T03:42:27.0278181Z ##[group]Run chmod +x "$GITHUB_ACTION_PATH/setup.sh"
build	Run subosito/flutter-action@v2	2026-01-04T03:42:27.0278644Z [36;1mchmod +x "$GITHUB_ACTION_PATH/setup.sh"[0m
build	Run subosito/flutter-action@v2	2026-01-04T03:42:27.0315662Z shell: /usr/bin/bash --noprofile --norc -e -o pipefail {0}
build	Run subosito/flutter-action@v2	2026-01-04T03:42:27.0316026Z ##[endgroup]
build	Run subosito/flutter-action@v2	2026-01-04T03:42:27.0453582Z ##[group]Run $GITHUB_ACTION_PATH/setup.sh -p \
build	Run subosito/flutter-action@v2	2026-01-04T03:42:27.0454154Z [36;1m$GITHUB_ACTION_PATH/setup.sh -p \[0m
build	Run subosito/flutter-action@v2	2026-01-04T03:42:27.0454471Z [36;1m  -n '' \[0m
build	Run subosito/flutter-action@v2	2026-01-04T03:42:27.0454711Z [36;1m  -f '' \[0m
build	Run subosito/flutter-action@v2	2026-01-04T03:42:27.0454903Z [36;1m  -a 'X64' \[0m
build	Run subosito/flutter-action@v2	2026-01-04T03:42:27.0455142Z [36;1m  -k '' \[0m
build	Run subosito/flutter-action@v2	2026-01-04T03:42:27.0455403Z [36;1m  -c '' \[0m
build	Run subosito/flutter-action@v2	2026-01-04T03:42:27.0455617Z [36;1m  -l '' \[0m
build	Run subosito/flutter-action@v2	2026-01-04T03:42:27.0455801Z [36;1m  -d 'default' \[0m
build	Run subosito/flutter-action@v2	2026-01-04T03:42:27.0456091Z [36;1m  -g 'https://github.com/flutter/flutter.git' \[0m
build	Run subosito/flutter-action@v2	2026-01-04T03:42:27.0456390Z [36;1m  stable[0m
build	Run subosito/flutter-action@v2	2026-01-04T03:42:27.0488354Z shell: /usr/bin/bash --noprofile --norc -e -o pipefail {0}
build	Run subosito/flutter-action@v2	2026-01-04T03:42:27.0488718Z ##[endgroup]
build	Run subosito/flutter-action@v2	2026-01-04T03:42:27.3845721Z ##[group]Run $GITHUB_ACTION_PATH/setup.sh \
build	Run subosito/flutter-action@v2	2026-01-04T03:42:27.3846069Z [36;1m$GITHUB_ACTION_PATH/setup.sh \[0m
build	Run subosito/flutter-action@v2	2026-01-04T03:42:27.3846328Z [36;1m  -n '3.38.5' \[0m
build	Run subosito/flutter-action@v2	2026-01-04T03:42:27.3846538Z [36;1m  -a 'x64' \[0m
build	Run subosito/flutter-action@v2	2026-01-04T03:42:27.3846836Z [36;1m  -c '/opt/hostedtoolcache/flutter/stable-3.38.5-x64' \[0m
build	Run subosito/flutter-action@v2	2026-01-04T03:42:27.3847182Z [36;1m  -d '/home/runner/.pub-cache' \[0m
build	Run subosito/flutter-action@v2	2026-01-04T03:42:27.3847433Z [36;1m  stable[0m
build	Run subosito/flutter-action@v2	2026-01-04T03:42:27.3879688Z shell: /usr/bin/bash --noprofile --norc -e -o pipefail {0}
build	Run subosito/flutter-action@v2	2026-01-04T03:42:27.3880060Z ##[endgroup]
build	Run subosito/flutter-action@v2	2026-01-04T03:42:27.6833350Z   % Total    % Received % Xferd  Average Speed   Time    Time     Time  Current
build	Run subosito/flutter-action@v2	2026-01-04T03:42:27.6834905Z                                  Dload  Upload   Total   Spent    Left  Speed
build	Run subosito/flutter-action@v2	2026-01-04T03:42:27.6835575Z 
build	Run subosito/flutter-action@v2	2026-01-04T03:42:28.5533385Z   0     0    0     0    0     0      0      0 --:--:-- --:--:-- --:--:--     0
build	Run subosito/flutter-action@v2	2026-01-04T03:42:29.5579581Z   5 1396M    5 73.2M    0     0  84.1M      0  0:00:16 --:--:--  0:00:16 84.0M
build	Run subosito/flutter-action@v2	2026-01-04T03:42:30.5534914Z  15 1396M   15  209M    0     0   111M      0  0:00:12  0:00:01  0:00:11  111M
build	Run subosito/flutter-action@v2	2026-01-04T03:42:31.5531284Z  24 1396M   24  345M    0     0   120M      0  0:00:11  0:00:02  0:00:09  120M
build	Run subosito/flutter-action@v2	2026-01-04T03:42:32.5533792Z  31 1396M   31  440M    0     0   113M      0  0:00:12  0:00:03  0:00:09  113M
build	Run subosito/flutter-action@v2	2026-01-04T03:42:33.5530786Z  40 1396M   40  560M    0     0   115M      0  0:00:12  0:00:04  0:00:08  115M
build	Run subosito/flutter-action@v2	2026-01-04T03:42:34.5530246Z  50 1396M   50  698M    0     0   119M      0  0:00:11  0:00:05  0:00:06  125M
build	Run subosito/flutter-action@v2	2026-01-04T03:42:35.5530624Z  59 1396M   59  834M    0     0   121M      0  0:00:11  0:00:06  0:00:05  125M
build	Run subosito/flutter-action@v2	2026-01-04T03:42:36.5531909Z  69 1396M   69  967M    0     0   122M      0  0:00:11  0:00:07  0:00:04  124M
build	Run subosito/flutter-action@v2	2026-01-04T03:42:37.5644241Z  77 1396M   77 1081M    0     0   121M      0  0:00:11  0:00:08  0:00:03  128M
build	Run subosito/flutter-action@v2	2026-01-04T03:42:38.5531733Z  85 1396M   85 1193M    0     0   120M      0  0:00:11  0:00:09  0:00:02  126M
build	Run subosito/flutter-action@v2	2026-01-04T03:42:39.1000316Z  94 1396M   94 1322M    0     0   121M      0  0:00:11  0:00:10  0:00:01  124M
build	Run subosito/flutter-action@v2	2026-01-04T03:42:39.1000916Z 100 1396M  100 1396M    0     0   122M      0  0:00:11  0:00:11 --:--:--  123M
build	Install Melos	ï»¿2026-01-04T03:43:28.6675238Z ##[group]Run dart pub global activate melos
build	Install Melos	2026-01-04T03:43:28.6675578Z [36;1mdart pub global activate melos[0m
build	Install Melos	2026-01-04T03:43:28.6709869Z shell: /usr/bin/bash -e {0}
build	Install Melos	2026-01-04T03:43:28.6710111Z env:
build	Install Melos	2026-01-04T03:43:28.6710371Z   FLUTTER_ROOT: /opt/hostedtoolcache/flutter/stable-3.38.5-x64
build	Install Melos	2026-01-04T03:43:28.6710718Z   PUB_CACHE: /home/runner/.pub-cache
build	Install Melos	2026-01-04T03:43:28.6711117Z ##[endgroup]
build	Install Melos	2026-01-04T03:43:28.6922643Z Resolving dependencies...
build	Install Melos	2026-01-04T03:43:28.9970278Z Downloading packages...
build	Install Melos	2026-01-04T03:43:29.9578522Z + ansi_styles 0.3.2+1
build	Install Melos	2026-01-04T03:43:29.9579033Z + args 2.7.0
build	Install Melos	2026-01-04T03:43:29.9579278Z + async 2.13.0
build	Install Melos	2026-01-04T03:43:29.9579561Z + charcode 1.4.0
build	Install Melos	2026-01-04T03:43:29.9580214Z + checked_yaml 2.0.4
build	Install Melos	2026-01-04T03:43:29.9580526Z + cli_launcher 0.3.2+1
build	Install Melos	2026-01-04T03:43:29.9580776Z + cli_util 0.4.2
build	Install Melos	2026-01-04T03:43:29.9581259Z + collection 1.19.1
build	Install Melos	2026-01-04T03:43:29.9581567Z + conventional_commit 0.6.1+1
build	Install Melos	2026-01-04T03:43:29.9581842Z + file 7.0.1
build	Install Melos	2026-01-04T03:43:29.9582053Z + glob 2.1.3
build	Install Melos	2026-01-04T03:43:29.9582314Z + graphs 2.3.2
build	Install Melos	2026-01-04T03:43:29.9582538Z + http 1.6.0
build	Install Melos	2026-01-04T03:43:29.9582751Z + http_parser 4.1.2
build	Install Melos	2026-01-04T03:43:29.9582981Z + io 1.0.5
build	Install Melos	2026-01-04T03:43:29.9583193Z + json_annotation 4.9.0
build	Install Melos	2026-01-04T03:43:29.9583441Z + melos 7.3.0
build	Install Melos	2026-01-04T03:43:29.9583649Z + meta 1.17.0
build	Install Melos	2026-01-04T03:43:29.9583879Z + mustache_template 2.0.2
build	Install Melos	2026-01-04T03:43:29.9584146Z + path 1.9.1
build	Install Melos	2026-01-04T03:43:29.9584376Z + petitparser 7.0.1
build	Install Melos	2026-01-04T03:43:29.9584609Z + platform 3.1.6
build	Install Melos	2026-01-04T03:43:29.9584838Z + pool 1.5.2
build	Install Melos	2026-01-04T03:43:29.9585051Z + process 5.0.5
build	Install Melos	2026-01-04T03:43:29.9585287Z + prompts 2.0.0
build	Install Melos	2026-01-04T03:43:29.9585513Z + pub_semver 2.2.0
build	Install Melos	2026-01-04T03:43:29.9585754Z + pub_updater 0.5.0
build	Install Melos	2026-01-04T03:43:29.9585992Z + pubspec_parse 1.5.0
build	Install Melos	2026-01-04T03:43:29.9586234Z + source_span 1.10.1
build	Install Melos	2026-01-04T03:43:29.9586473Z + stack_trace 1.12.1
build	Install Melos	2026-01-04T03:43:29.9586707Z + string_scanner 1.4.1
build	Install Melos	2026-01-04T03:43:29.9586953Z + term_glyph 1.2.2
build	Install Melos	2026-01-04T03:43:29.9587183Z + typed_data 1.4.0
build	Install Melos	2026-01-04T03:43:29.9587405Z + web 1.1.1
build	Install Melos	2026-01-04T03:43:29.9587603Z + xml 6.6.1
build	Install Melos	2026-01-04T03:43:29.9587809Z + yaml 3.1.3
build	Install Melos	2026-01-04T03:43:29.9588016Z + yaml_edit 2.2.3
build	Install Melos	2026-01-04T03:43:29.9615588Z Building package executables...
build	Install Melos	2026-01-04T03:43:30.9432100Z Built melos:melos.
build	Install Melos	2026-01-04T03:43:30.9488402Z Installed executable melos.
build	Install Melos	2026-01-04T03:43:30.9527916Z Activated melos 7.3.0.
build	Bootstrap Workspace	ï»¿2026-01-04T03:43:30.9682004Z ##[group]Run git config --global --add safe.directory '*'
build	Bootstrap Workspace	2026-01-04T03:43:30.9682435Z [36;1mgit config --global --add safe.directory '*'[0m
build	Bootstrap Workspace	2026-01-04T03:43:30.9682724Z [36;1mcd dart_web3[0m
build	Bootstrap Workspace	2026-01-04T03:43:30.9682918Z [36;1mpwd[0m
build	Bootstrap Workspace	2026-01-04T03:43:30.9683102Z [36;1mls -la[0m
build	Bootstrap Workspace	2026-01-04T03:43:30.9683281Z [36;1mmelos list[0m
build	Bootstrap Workspace	2026-01-04T03:43:30.9683462Z [36;1mmelos clean[0m
build	Bootstrap Workspace	2026-01-04T03:43:30.9683701Z [36;1mgit config --global --add safe.directory '*'[0m
build	Bootstrap Workspace	2026-01-04T03:43:30.9683971Z [36;1mmelos clean[0m
build	Bootstrap Workspace	2026-01-04T03:43:30.9684174Z [36;1mmelos bootstrap --verbose[0m
build	Bootstrap Workspace	2026-01-04T03:43:30.9717029Z shell: /usr/bin/bash -e {0}
build	Bootstrap Workspace	2026-01-04T03:43:30.9717274Z env:
build	Bootstrap Workspace	2026-01-04T03:43:30.9717533Z   FLUTTER_ROOT: /opt/hostedtoolcache/flutter/stable-3.38.5-x64
build	Bootstrap Workspace	2026-01-04T03:43:30.9717895Z   PUB_CACHE: /home/runner/.pub-cache
build	Bootstrap Workspace	2026-01-04T03:43:30.9718137Z ##[endgroup]
build	Bootstrap Workspace	2026-01-04T03:43:30.9786971Z /home/runner/work/dart_web3/dart_web3/dart_web3
build	Bootstrap Workspace	2026-01-04T03:43:30.9802965Z total 4504
build	Bootstrap Workspace	2026-01-04T03:43:30.9803403Z drwxr-xr-x  7 runner runner   4096 Jan  4 03:42 .
build	Bootstrap Workspace	2026-01-04T03:43:30.9803810Z drwxr-xr-x  9 runner runner   4096 Jan  4 03:42 ..
build	Bootstrap Workspace	2026-01-04T03:43:30.9804150Z drwxr-xr-x  3 runner runner   4096 Jan  4 03:42 .github
build	Bootstrap Workspace	2026-01-04T03:43:30.9804493Z -rw-r--r--  1 runner runner    360 Jan  4 03:42 .gitignore
build	Bootstrap Workspace	2026-01-04T03:43:30.9804874Z -rw-r--r--  1 runner runner  41074 Jan  4 03:42 CHANGELOG.md
build	Bootstrap Workspace	2026-01-04T03:43:30.9805203Z -rw-r--r--  1 runner runner   7305 Jan  4 03:42 README.md
build	Bootstrap Workspace	2026-01-04T03:43:30.9805526Z -rw-r--r--  1 runner runner   2996 Jan  4 03:42 USAGE_GUIDE.md
build	Bootstrap Workspace	2026-01-04T03:43:30.9805871Z -rw-r--r--  1 runner runner   6975 Jan  4 03:42 analysis_nft.txt
build	Bootstrap Workspace	2026-01-04T03:43:30.9806253Z -rw-r--r--  1 runner runner   3266 Jan  4 03:42 analysis_options.yaml
build	Bootstrap Workspace	2026-01-04T03:43:30.9806638Z -rw-r--r--  1 runner runner 180889 Jan  4 03:42 analysis_output.txt
build	Bootstrap Workspace	2026-01-04T03:43:30.9807022Z -rw-r--r--  1 runner runner 178737 Jan  4 03:42 analysis_output_v2.txt
build	Bootstrap Workspace	2026-01-04T03:43:30.9807409Z -rw-r--r--  1 runner runner 139536 Jan  4 03:42 analysis_output_v3.txt
build	Bootstrap Workspace	2026-01-04T03:43:30.9807798Z -rw-r--r--  1 runner runner  11249 Jan  4 03:42 analysis_reown.txt
build	Bootstrap Workspace	2026-01-04T03:43:30.9808177Z -rw-r--r--  1 runner runner  73123 Jan  4 03:42 analysis_result_final.txt
build	Bootstrap Workspace	2026-01-04T03:43:30.9808772Z -rw-r--r--  1 runner runner 133021 Jan  4 03:42 analysis_results_v2.txt
build	Bootstrap Workspace	2026-01-04T03:43:30.9809161Z -rw-r--r--  1 runner runner 128408 Jan  4 03:42 analysis_results_v3.txt
build	Bootstrap Workspace	2026-01-04T03:43:30.9809630Z -rw-r--r--  1 runner runner 127171 Jan  4 03:42 analysis_results_v4.txt
build	Bootstrap Workspace	2026-01-04T03:43:30.9810016Z -rw-r--r--  1 runner runner 125591 Jan  4 03:42 analysis_results_v5.txt
build	Bootstrap Workspace	2026-01-04T03:43:30.9810560Z -rw-r--r--  1 runner runner  97934 Jan  4 03:42 analysis_results_v6.txt
build	Bootstrap Workspace	2026-01-04T03:43:30.9810944Z -rw-r--r--  1 runner runner  85215 Jan  4 03:42 analysis_results_v8.txt
build	Bootstrap Workspace	2026-01-04T03:43:30.9811542Z -rw-r--r--  1 runner runner  88748 Jan  4 03:42 analysis_results_v9.txt
build	Bootstrap Workspace	2026-01-04T03:43:30.9811919Z -rw-r--r--  1 runner runner 694296 Jan  4 03:42 analyze_errors.txt
build	Bootstrap Workspace	2026-01-04T03:43:30.9812371Z -rw-r--r--  1 runner runner 167193 Jan  4 03:42 bash_failure_log.txt
build	Bootstrap Workspace	2026-01-04T03:43:30.9812728Z -rw-r--r--  1 runner runner   1282 Jan  4 03:42 check_names.dart
build	Bootstrap Workspace	2026-01-04T03:43:30.9813075Z -rw-r--r--  1 runner runner 302978 Jan  4 03:42 ci_error_log.txt
build	Bootstrap Workspace	2026-01-04T03:43:30.9813440Z -rw-r--r--  1 runner runner  19853 Jan  4 03:42 debug_failure_log.txt
build	Bootstrap Workspace	2026-01-04T03:43:30.9813786Z drwxr-xr-x  2 runner runner   4096 Jan  4 03:42 docs
build	Bootstrap Workspace	2026-01-04T03:43:30.9814100Z drwxr-xr-x  2 runner runner   4096 Jan  4 03:42 example
build	Bootstrap Workspace	2026-01-04T03:43:30.9814461Z -rw-r--r--  1 runner runner 182034 Jan  4 03:42 exec_failure_log.txt
build	Bootstrap Workspace	2026-01-04T03:43:30.9814834Z -rw-r--r--  1 runner runner 134230 Jan  4 03:42 final_analysis.txt
build	Bootstrap Workspace	2026-01-04T03:43:30.9815214Z -rw-r--r--  1 runner runner 139238 Jan  4 03:42 final_analysis_output.txt
build	Bootstrap Workspace	2026-01-04T03:43:30.9815619Z -rw-r--r--  1 runner runner  72776 Jan  4 03:42 final_analysis_report.txt
build	Bootstrap Workspace	2026-01-04T03:43:30.9816001Z -rw-r--r--  1 runner runner  71059 Jan  4 03:42 final_analysis_v2.txt
build	Bootstrap Workspace	2026-01-04T03:43:30.9816571Z -rw-r--r--  1 runner runner  69662 Jan  4 03:42 final_analysis_v3.txt
build	Bootstrap Workspace	2026-01-04T03:43:30.9816939Z -rw-r--r--  1 runner runner  69013 Jan  4 03:42 final_analysis_v4.txt
build	Bootstrap Workspace	2026-01-04T03:43:30.9817312Z -rw-r--r--  1 runner runner  68843 Jan  4 03:42 final_analysis_v5.txt
build	Bootstrap Workspace	2026-01-04T03:43:30.9817683Z -rw-r--r--  1 runner runner  68675 Jan  4 03:42 final_analysis_v6.txt
build	Bootstrap Workspace	2026-01-04T03:43:30.9818041Z -rw-r--r--  1 runner runner   8750 Jan  4 03:42 final_failure_log.txt
build	Bootstrap Workspace	2026-01-04T03:43:30.9818417Z -rw-r--r--  1 runner runner 259884 Jan  4 03:42 flutter_failure_log.txt
build	Bootstrap Workspace	2026-01-04T03:43:30.9818774Z -rw-r--r--  1 runner runner  24492 Jan  4 03:42 forced_log.txt
build	Bootstrap Workspace	2026-01-04T03:43:30.9819140Z -rw-r--r--  1 runner runner 630824 Jan  4 03:42 full_analysis_report.txt
build	Bootstrap Workspace	2026-01-04T03:43:30.9819497Z -rw-r--r--  1 runner runner  24492 Jan  4 03:42 job_log.txt
build	Bootstrap Workspace	2026-01-04T03:43:30.9819814Z -rw-r--r--  1 runner runner   1620 Jan  4 03:42 melos.yaml
build	Bootstrap Workspace	2026-01-04T03:43:30.9820151Z drwxr-xr-x 27 runner runner   4096 Jan  4 03:42 packages
build	Bootstrap Workspace	2026-01-04T03:43:30.9820481Z -rw-r--r--  1 runner runner    223 Jan  4 03:42 pubspec.yaml
build	Bootstrap Workspace	2026-01-04T03:43:30.9820935Z -rw-r--r--  1 runner runner   6483 Jan  4 03:42 reown_analysis.txt
build	Bootstrap Workspace	2026-01-04T03:43:30.9821603Z -rw-r--r--  1 runner runner  24492 Jan  4 03:42 safe_dir_log.txt
build	Bootstrap Workspace	2026-01-04T03:43:30.9821958Z -rw-r--r--  1 runner runner  26013 Jan  4 03:42 seq_failure_log.txt
build	Bootstrap Workspace	2026-01-04T03:43:30.9822330Z -rw-r--r--  1 runner runner   1113 Jan  4 03:42 serial_audit_final.dart
build	Bootstrap Workspace	2026-01-04T03:43:30.9822688Z -rw-r--r--  1 runner runner   3688 Jan  4 03:42 test_output.txt
build	Bootstrap Workspace	2026-01-04T03:43:30.9823040Z drwxr-xr-x  4 runner runner   4096 Jan  4 03:42 web3_universal
build	Bootstrap Workspace	2026-01-04T03:43:31.1147749Z Resolving dependencies...
build	Bootstrap Workspace	2026-01-04T03:43:31.4212370Z Downloading packages...
build	Bootstrap Workspace	2026-01-04T03:43:32.7293452Z + _fe_analyzer_shared 92.0.0
build	Bootstrap Workspace	2026-01-04T03:43:32.7293966Z + analyzer 9.0.0
build	Bootstrap Workspace	2026-01-04T03:43:32.7294305Z + ansi_styles 0.3.2+1
build	Bootstrap Workspace	2026-01-04T03:43:32.7294685Z + args 2.7.0
build	Bootstrap Workspace	2026-01-04T03:43:32.7295017Z + async 2.13.0
build	Bootstrap Workspace	2026-01-04T03:43:32.7295339Z + boolean_selector 2.1.2
build	Bootstrap Workspace	2026-01-04T03:43:32.7295697Z + charcode 1.4.0
build	Bootstrap Workspace	2026-01-04T03:43:32.7296014Z + checked_yaml 2.0.4
build	Bootstrap Workspace	2026-01-04T03:43:32.7296244Z + cli_config 0.2.0
build	Bootstrap Workspace	2026-01-04T03:43:32.7296732Z + cli_launcher 0.3.2+1
build	Bootstrap Workspace	2026-01-04T03:43:32.7296959Z + cli_util 0.4.2
build	Bootstrap Workspace	2026-01-04T03:43:32.7297169Z + collection 1.19.1
build	Bootstrap Workspace	2026-01-04T03:43:32.7297481Z + conventional_commit 0.6.1+1
build	Bootstrap Workspace	2026-01-04T03:43:32.7297869Z + convert 3.1.2
build	Bootstrap Workspace	2026-01-04T03:43:32.7298240Z + coverage 1.15.0
build	Bootstrap Workspace	2026-01-04T03:43:32.7298517Z + crypto 3.0.7
build	Bootstrap Workspace	2026-01-04T03:43:32.7298718Z + file 7.0.1
build	Bootstrap Workspace	2026-01-04T03:43:32.7298924Z + frontend_server_client 4.0.0
build	Bootstrap Workspace	2026-01-04T03:43:32.7299175Z + glob 2.1.3
build	Bootstrap Workspace	2026-01-04T03:43:32.7299364Z + graphs 2.3.2
build	Bootstrap Workspace	2026-01-04T03:43:32.7299562Z + http 1.6.0
build	Bootstrap Workspace	2026-01-04T03:43:32.7299761Z + http_multi_server 3.2.2
build	Bootstrap Workspace	2026-01-04T03:43:32.7300001Z + http_parser 4.1.2
build	Bootstrap Workspace	2026-01-04T03:43:32.7300211Z + io 1.0.5
build	Bootstrap Workspace	2026-01-04T03:43:32.7300406Z + json_annotation 4.9.0
build	Bootstrap Workspace	2026-01-04T03:43:32.7300654Z + lints 5.1.1 (6.0.0 available)
build	Bootstrap Workspace	2026-01-04T03:43:32.7300903Z + logging 1.3.0
build	Bootstrap Workspace	2026-01-04T03:43:32.7301354Z + matcher 0.12.18
build	Bootstrap Workspace	2026-01-04T03:43:32.7301576Z + melos 6.3.3 (7.3.0 available)
build	Bootstrap Workspace	2026-01-04T03:43:32.7301821Z + meta 1.17.0
build	Bootstrap Workspace	2026-01-04T03:43:32.7302018Z + mime 2.0.0
build	Bootstrap Workspace	2026-01-04T03:43:32.7302225Z + mustache_template 2.0.2
build	Bootstrap Workspace	2026-01-04T03:43:32.7302462Z + node_preamble 2.0.2
build	Bootstrap Workspace	2026-01-04T03:43:32.7302693Z + package_config 2.2.0
build	Bootstrap Workspace	2026-01-04T03:43:32.7302916Z + path 1.9.1
build	Bootstrap Workspace	2026-01-04T03:43:32.7303115Z + platform 3.1.6
build	Bootstrap Workspace	2026-01-04T03:43:32.7303323Z + pool 1.5.2
build	Bootstrap Workspace	2026-01-04T03:43:32.7303514Z + process 5.0.5
build	Bootstrap Workspace	2026-01-04T03:43:32.7303720Z + prompts 2.0.0
build	Bootstrap Workspace	2026-01-04T03:43:32.7303921Z + pub_semver 2.2.0
build	Bootstrap Workspace	2026-01-04T03:43:32.7304136Z + pub_updater 0.5.0
build	Bootstrap Workspace	2026-01-04T03:43:32.7304352Z + pubspec_parse 1.5.0
build	Bootstrap Workspace	2026-01-04T03:43:32.7304572Z + shelf 1.4.2
build	Bootstrap Workspace	2026-01-04T03:43:32.7304784Z + shelf_packages_handler 3.0.2
build	Bootstrap Workspace	2026-01-04T03:43:32.7305042Z + shelf_static 1.1.3
build	Bootstrap Workspace	2026-01-04T03:43:32.7305263Z + shelf_web_socket 3.0.0
build	Bootstrap Workspace	2026-01-04T03:43:32.7305737Z + source_map_stack_trace 2.1.2
build	Bootstrap Workspace	2026-01-04T03:43:32.7305983Z + source_maps 0.10.13
build	Bootstrap Workspace	2026-01-04T03:43:32.7306206Z + source_span 1.10.1
build	Bootstrap Workspace	2026-01-04T03:43:32.7306423Z + stack_trace 1.12.1
build	Bootstrap Workspace	2026-01-04T03:43:32.7306636Z + stream_channel 2.1.4
build	Bootstrap Workspace	2026-01-04T03:43:32.7306867Z + string_scanner 1.4.1
build	Bootstrap Workspace	2026-01-04T03:43:32.7307082Z + term_glyph 1.2.2
build	Bootstrap Workspace	2026-01-04T03:43:32.7307288Z + test 1.28.0
build	Bootstrap Workspace	2026-01-04T03:43:32.7307487Z + test_api 0.7.8
build	Bootstrap Workspace	2026-01-04T03:43:32.7307693Z + test_core 0.6.14
build	Bootstrap Workspace	2026-01-04T03:43:32.7307879Z + typed_data 1.4.0
build	Bootstrap Workspace	2026-01-04T03:43:32.7308051Z + vm_service 15.0.2
build	Bootstrap Workspace	2026-01-04T03:43:32.7308217Z + watcher 1.2.0
build	Bootstrap Workspace	2026-01-04T03:43:32.7308382Z + web 1.1.1
build	Bootstrap Workspace	2026-01-04T03:43:32.7308536Z + web_socket 1.0.1
build	Bootstrap Workspace	2026-01-04T03:43:32.7308715Z + web_socket_channel 3.0.3
build	Bootstrap Workspace	2026-01-04T03:43:32.7308955Z + webkit_inspection_protocol 1.2.1
build	Bootstrap Workspace	2026-01-04T03:43:32.7309182Z + yaml 3.1.3
build	Bootstrap Workspace	2026-01-04T03:43:32.7309340Z + yaml_edit 2.2.3
build	Bootstrap Workspace	2026-01-04T03:43:32.7309555Z Changed 65 dependencies!
build	Bootstrap Workspace	2026-01-04T03:43:32.7309884Z 2 packages have newer versions incompatible with dependency constraints.
build	Bootstrap Workspace	2026-01-04T03:43:32.7310276Z Try `dart pub outdated` for more information.
build	Bootstrap Workspace	2026-01-04T03:43:34.0008295Z web3_universal_aa
build	Bootstrap Workspace	2026-01-04T03:43:34.0008732Z web3_universal_abi
build	Bootstrap Workspace	2026-01-04T03:43:34.0009101Z web3_universal_bc_ur
build	Bootstrap Workspace	2026-01-04T03:43:34.0009434Z web3_universal_bitcoin
build	Bootstrap Workspace	2026-01-04T03:43:34.0009768Z web3_universal_bridge
build	Bootstrap Workspace	2026-01-04T03:43:34.0010115Z web3_universal_chains
build	Bootstrap Workspace	2026-01-04T03:43:34.0010454Z web3_universal_client
build	Bootstrap Workspace	2026-01-04T03:43:34.0010785Z web3_universal_contract
build	Bootstrap Workspace	2026-01-04T03:43:34.0011358Z web3_universal_core
build	Bootstrap Workspace	2026-01-04T03:43:34.0011678Z web3_universal_cosmos
build	Bootstrap Workspace	2026-01-04T03:43:34.0012002Z web3_universal_crypto
build	Bootstrap Workspace	2026-01-04T03:43:34.0012325Z web3_universal_dapp
build	Bootstrap Workspace	2026-01-04T03:43:34.0012646Z web3_universal_debug
build	Bootstrap Workspace	2026-01-04T03:43:34.0012970Z web3_universal_ens
build	Bootstrap Workspace	2026-01-04T03:43:34.0013297Z web3_universal_events
build	Bootstrap Workspace	2026-01-04T03:43:34.0013617Z web3_universal_history
build	Bootstrap Workspace	2026-01-04T03:43:34.0013944Z web3_universal_keystone
build	Bootstrap Workspace	2026-01-04T03:43:34.0014309Z web3_universal_ledger
build	Bootstrap Workspace	2026-01-04T03:43:34.0014640Z web3_universal_mev
build	Bootstrap Workspace	2026-01-04T03:43:34.0014971Z web3_universal_mpc
build	Bootstrap Workspace	2026-01-04T03:43:34.0015292Z web3_universal_multicall
build	Bootstrap Workspace	2026-01-04T03:43:34.0015640Z web3_universal_nft
build	Bootstrap Workspace	2026-01-04T03:43:34.0016434Z web3_universal_polkadot
build	Bootstrap Workspace	2026-01-04T03:43:34.0016803Z web3_universal_price
build	Bootstrap Workspace	2026-01-04T03:43:34.0017143Z web3_universal_provider
build	Bootstrap Workspace	2026-01-04T03:43:34.0017486Z web3_universal_reown
build	Bootstrap Workspace	2026-01-04T03:43:34.0017801Z web3_universal_signer
build	Bootstrap Workspace	2026-01-04T03:43:34.0018125Z web3_universal_solana
build	Bootstrap Workspace	2026-01-04T03:43:34.0018443Z web3_universal_staking
build	Bootstrap Workspace	2026-01-04T03:43:34.0018782Z web3_universal_swap
build	Bootstrap Workspace	2026-01-04T03:43:34.0019118Z web3_universal_ton
build	Bootstrap Workspace	2026-01-04T03:43:34.0019427Z web3_universal_trezor
build	Bootstrap Workspace	2026-01-04T03:43:34.0019759Z web3_universal_tron
build	Bootstrap Workspace	2026-01-04T03:43:34.0020074Z web3_universal_utxo
build	Bootstrap Workspace	2026-01-04T03:43:34.5928249Z Cleaning workspace...
build	Bootstrap Workspace	2026-01-04T03:43:34.6915404Z 
build	Bootstrap Workspace	2026-01-04T03:43:34.6916249Z Workspace cleaned. You will need to run the bootstrap command again to use this workspace.
build	Bootstrap Workspace	2026-01-04T03:43:35.2627487Z Cleaning workspace...
build	Bootstrap Workspace	2026-01-04T03:43:35.2731854Z 
build	Bootstrap Workspace	2026-01-04T03:43:35.2732442Z Workspace cleaned. You will need to run the bootstrap command again to use this workspace.
build	Bootstrap Workspace	2026-01-04T03:43:35.8868996Z [     0.178s] melos bootstrap
build	Bootstrap Workspace	2026-01-04T03:43:35.8891761Z [     0.183s]   â””> /home/runner/work/dart_web3/dart_web3/dart_web3
build	Bootstrap Workspace	2026-01-04T03:43:35.8892371Z [     0.183s] 
build	Bootstrap Workspace	2026-01-04T03:43:35.8895648Z [     0.184s] Running "dart pub get" in workspace packages...
build	Bootstrap Workspace	2026-01-04T03:43:36.4352519Z [     0.729s]   âœ“ web3_universal_bc_ur
build	Bootstrap Workspace	2026-01-04T03:43:36.4372332Z [     0.731s]     â””> packages/hardware/bc_ur
build	Bootstrap Workspace	2026-01-04T03:43:36.9052323Z [     1.198s]   âœ“ web3_universal_abi
build	Bootstrap Workspace	2026-01-04T03:43:36.9053566Z [     1.199s]     â””> packages/abi
build	Bootstrap Workspace	2026-01-04T03:43:36.9390060Z [     1.233s]   âœ“ web3_universal_bitcoin
build	Bootstrap Workspace	2026-01-04T03:43:36.9411153Z [     1.234s]     â””> packages/extensions/bitcoin
build	Bootstrap Workspace	2026-01-04T03:43:36.9609150Z [     1.255s]   âœ“ web3_universal_aa
build	Bootstrap Workspace	2026-01-04T03:43:36.9610548Z [     1.255s]     â””> packages/aa
build	Bootstrap Workspace	2026-01-04T03:43:36.9778165Z [     1.272s]   âœ“ web3_universal_bridge
build	Bootstrap Workspace	2026-01-04T03:43:36.9796720Z [     1.272s]     â””> packages/bridge
build	Bootstrap Workspace	2026-01-04T03:43:37.4218273Z [     1.716s]   âœ“ web3_universal_chains
build	Bootstrap Workspace	2026-01-04T03:43:37.4219724Z [     1.716s]     â””> packages/chains
build	Bootstrap Workspace	2026-01-04T03:43:37.5210727Z [     1.814s]   âœ“ web3_universal_contract
build	Bootstrap Workspace	2026-01-04T03:43:37.5211583Z [     1.815s]     â””> packages/contract
build	Bootstrap Workspace	2026-01-04T03:43:37.6017807Z [     1.896s]   âœ“ web3_universal_client
build	Bootstrap Workspace	2026-01-04T03:43:37.6025858Z [     1.897s]     â””> packages/client
build	Bootstrap Workspace	2026-01-04T03:43:37.6177755Z [     1.912s]   âœ“ web3_universal_core
build	Bootstrap Workspace	2026-01-04T03:43:37.6181973Z [     1.912s]     â””> packages/core
build	Bootstrap Workspace	2026-01-04T03:43:38.0391358Z [     2.333s]   âœ“ web3_universal_cosmos
build	Bootstrap Workspace	2026-01-04T03:43:38.0395750Z [     2.333s]     â””> packages/extensions/cosmos
build	Bootstrap Workspace	2026-01-04T03:43:38.0450599Z [     2.339s]   âœ“ web3_universal_crypto
build	Bootstrap Workspace	2026-01-04T03:43:38.0453982Z [     2.339s]     â””> packages/crypto
build	Bootstrap Workspace	2026-01-04T03:43:38.1505996Z [     2.444s]   âœ“ web3_universal_debug
build	Bootstrap Workspace	2026-01-04T03:43:38.1506858Z [     2.445s]     â””> packages/debug
build	Bootstrap Workspace	2026-01-04T03:43:38.1549311Z [     2.449s]   âœ“ web3_universal_dapp
build	Bootstrap Workspace	2026-01-04T03:43:38.1549925Z [     2.449s]     â””> packages/dapp
build	Bootstrap Workspace	2026-01-04T03:43:38.5954118Z [     2.887s]   âœ“ web3_universal_ens
build	Bootstrap Workspace	2026-01-04T03:43:38.5955032Z [     2.888s]     â””> packages/ens
build	Bootstrap Workspace	2026-01-04T03:43:38.6212877Z [     2.911s]   âœ“ web3_universal_events
build	Bootstrap Workspace	2026-01-04T03:43:38.6216886Z [     2.911s]     â””> packages/events
build	Bootstrap Workspace	2026-01-04T03:43:38.7342808Z [     3.027s]   âœ“ web3_universal_history
build	Bootstrap Workspace	2026-01-04T03:43:38.7343494Z [     3.027s]     â””> packages/history
build	Bootstrap Workspace	2026-01-04T03:43:38.7757363Z [     3.070s]   âœ“ web3_universal_keystone
build	Bootstrap Workspace	2026-01-04T03:43:38.7758836Z [     3.070s]     â””> packages/hardware/keystone
build	Bootstrap Workspace	2026-01-04T03:43:39.1746005Z [     3.468s]   âœ“ web3_universal_mev
build	Bootstrap Workspace	2026-01-04T03:43:39.1746606Z [     3.469s]     â””> packages/mev
build	Bootstrap Workspace	2026-01-04T03:43:39.2371650Z [     3.531s]   âœ“ web3_universal_mpc
build	Bootstrap Workspace	2026-01-04T03:43:39.2372274Z [     3.531s]     â””> packages/hardware/mpc
build	Bootstrap Workspace	2026-01-04T03:43:39.3538219Z [     3.647s]   âœ“ web3_universal_multicall
build	Bootstrap Workspace	2026-01-04T03:43:39.3538876Z [     3.648s]     â””> packages/multicall
build	Bootstrap Workspace	2026-01-04T03:43:39.7106381Z [     4.004s]   âœ“ web3_universal_nft
build	Bootstrap Workspace	2026-01-04T03:43:39.7117098Z [     4.005s]     â””> packages/nft
build	Bootstrap Workspace	2026-01-04T03:43:39.7943518Z [     4.088s]   âœ“ web3_universal_polkadot
build	Bootstrap Workspace	2026-01-04T03:43:39.7949492Z [     4.089s]     â””> packages/extensions/polkadot
build	Bootstrap Workspace	2026-01-04T03:43:39.8863997Z [     4.180s]   âœ“ web3_universal_price
build	Bootstrap Workspace	2026-01-04T03:43:39.8867837Z [     4.181s]     â””> packages/price
build	Bootstrap Workspace	2026-01-04T03:43:39.9576614Z [     4.251s]   âœ“ web3_universal_ledger
build	Bootstrap Workspace	2026-01-04T03:43:39.9583406Z [     4.251s]     â””> packages/hardware/ledger
build	Bootstrap Workspace	2026-01-04T03:43:40.2723144Z [     4.566s]   âœ“ web3_universal_provider
build	Bootstrap Workspace	2026-01-04T03:43:40.2724399Z [     4.566s]     â””> packages/provider
build	Bootstrap Workspace	2026-01-04T03:43:40.2868971Z [     4.581s]   âœ“ web3_universal_reown
build	Bootstrap Workspace	2026-01-04T03:43:40.2869946Z [     4.581s]     â””> packages/reown
build	Bootstrap Workspace	2026-01-04T03:43:40.4214945Z [     4.715s]   âœ“ web3_universal_signer
build	Bootstrap Workspace	2026-01-04T03:43:40.4217723Z [     4.716s]     â””> packages/signer
build	Bootstrap Workspace	2026-01-04T03:43:40.4963554Z [     4.789s]   âœ“ web3_universal_solana
build	Bootstrap Workspace	2026-01-04T03:43:40.4964976Z [     4.789s]     â””> packages/extensions/solana
build	Bootstrap Workspace	2026-01-04T03:43:40.8050713Z [     5.097s]   âœ“ web3_universal_staking
build	Bootstrap Workspace	2026-01-04T03:43:40.8053813Z [     5.097s]     â””> packages/staking
build	Bootstrap Workspace	2026-01-04T03:43:40.8220327Z [     5.115s]   âœ“ web3_universal_swap
build	Bootstrap Workspace	2026-01-04T03:43:40.8234581Z [     5.117s]     â””> packages/swap
build	Bootstrap Workspace	2026-01-04T03:43:40.9445365Z [     5.238s]   âœ“ web3_universal_ton
build	Bootstrap Workspace	2026-01-04T03:43:40.9447922Z [     5.239s]     â””> packages/extensions/ton
build	Bootstrap Workspace	2026-01-04T03:43:41.0151852Z [     5.309s]   âœ“ web3_universal_trezor
build	Bootstrap Workspace	2026-01-04T03:43:41.0159001Z [     5.309s]     â””> packages/hardware/trezor
build	Bootstrap Workspace	2026-01-04T03:43:41.2264110Z [     5.520s]   âœ“ web3_universal_tron
build	Bootstrap Workspace	2026-01-04T03:43:41.2265279Z [     5.521s]     â””> packages/extensions/tron
build	Bootstrap Workspace	2026-01-04T03:43:41.2276993Z [     5.522s]   âœ“ web3_universal_utxo
build	Bootstrap Workspace	2026-01-04T03:43:41.2278509Z [     5.522s]     â””> packages/utxo
build	Bootstrap Workspace	2026-01-04T03:43:41.2303846Z [     5.524s]   > SUCCESS
build	Bootstrap Workspace	2026-01-04T03:43:41.2304220Z [     5.525s] 
build	Bootstrap Workspace	2026-01-04T03:43:41.2305045Z [     5.525s] Generating IntelliJ IDE files...
build	Bootstrap Workspace	2026-01-04T03:43:41.2711957Z [     5.565s]   > SUCCESS
build	Bootstrap Workspace	2026-01-04T03:43:41.2712461Z [     5.565s] 
build	Bootstrap Workspace	2026-01-04T03:43:41.2712839Z [     5.565s]  -> 34 packages bootstrapped
build	Static Analysis	ï»¿2026-01-04T03:43:41.3332375Z ##[group]Run cd dart_web3
build	Static Analysis	2026-01-04T03:43:41.3332871Z [36;1mcd dart_web3[0m
build	Static Analysis	2026-01-04T03:43:41.3333233Z [36;1mmelos run analyze[0m
build	Static Analysis	2026-01-04T03:43:41.3373539Z shell: /usr/bin/bash -e {0}
build	Static Analysis	2026-01-04T03:43:41.3373788Z env:
build	Static Analysis	2026-01-04T03:43:41.3374056Z   FLUTTER_ROOT: /opt/hostedtoolcache/flutter/stable-3.38.5-x64
build	Static Analysis	2026-01-04T03:43:41.3374415Z   PUB_CACHE: /home/runner/.pub-cache
build	Static Analysis	2026-01-04T03:43:41.3374662Z ##[endgroup]
build	Static Analysis	2026-01-04T03:43:41.7153183Z melos run analyze
build	Static Analysis	2026-01-04T03:43:41.7170467Z   â””> melos exec -- dart analyze --fatal-infos
build	Static Analysis	2026-01-04T03:43:41.7172692Z      â””> RUNNING
build	Static Analysis	2026-01-04T03:43:41.7173273Z 
build	Static Analysis	2026-01-04T03:43:42.4098067Z $ melos exec
build	Static Analysis	2026-01-04T03:43:42.4111821Z   â””> dart analyze --fatal-infos
build	Static Analysis	2026-01-04T03:43:42.4112338Z      â””> RUNNING (in 34 packages)
build	Static Analysis	2026-01-04T03:43:42.4112601Z 
build	Static Analysis	2026-01-04T03:43:42.4112830Z --------------------------------------------------------------------------------
build	Static Analysis	2026-01-04T03:43:42.4656632Z [web3_universal_aa]: Analyzing aa...
build	Static Analysis	2026-01-04T03:43:42.4657825Z [web3_universal_abi]: Analyzing abi...
build	Static Analysis	2026-01-04T03:43:42.4686640Z [web3_universal_bc_ur]: Analyzing bc_ur...
build	Static Analysis	2026-01-04T03:43:42.4693648Z [web3_universal_bitcoin]: Analyzing bitcoin...
build	Static Analysis	2026-01-04T03:43:44.0237799Z [web3_universal_bitcoin]: 
build	Static Analysis	2026-01-04T03:43:44.0239402Z [web3_universal_bitcoin]:    info - lib/web3_universal_bitcoin.dart:1:9 - Library names are not necessary. Remove the library name. - unnecessary_library_name
build	Static Analysis	2026-01-04T03:43:44.0241525Z [web3_universal_bitcoin]:    info - test/bitcoin_test.dart:2:1 - Sort directive sections alphabetically. Try sorting the directives. - directives_ordering
build	Static Analysis	2026-01-04T03:43:44.0242942Z [web3_universal_bitcoin]: 
build	Static Analysis	2026-01-04T03:43:44.0243567Z [web3_universal_bitcoin]: 2 issues found.
build	Static Analysis	2026-01-04T03:43:44.0669938Z [web3_universal_bc_ur]: 
build	Static Analysis	2026-01-04T03:43:44.0672885Z [web3_universal_bc_ur]:    info - lib/src/animated_qr.dart:89:21 - Static method should be a constructor. Try converting the method into a constructor. - prefer_constructors_over_static_methods
build	Static Analysis	2026-01-04T03:43:44.0685915Z [web3_universal_bc_ur]:    info - lib/src/animated_qr.dart:94:21 - Static method should be a constructor. Try converting the method into a constructor. - prefer_constructors_over_static_methods
build	Static Analysis	2026-01-04T03:43:44.0687963Z [web3_universal_bc_ur]:    info - lib/src/bc_ur_encoder.dart:7:1 - Classes should define instance members. Try adding instance behavior or moving the members out of the class. - avoid_classes_with_only_static_members
build	Static Analysis	2026-01-04T03:43:44.0690516Z [web3_universal_bc_ur]:    info - lib/src/bc_ur_registry.dart:3:1 - Classes should define instance members. Try adding instance behavior or moving the members out of the class. - avoid_classes_with_only_static_members
build	Static Analysis	2026-01-04T03:43:44.0724869Z [web3_universal_bc_ur]:    info - lib/src/bc_ur_registry.dart:91:25 - Static method should be a constructor. Try converting the method into a constructor. - prefer_constructors_over_static_methods
build	Static Analysis	2026-01-04T03:43:44.0727750Z [web3_universal_bc_ur]:    info - lib/src/bc_ur_registry.dart:120:23 - Static method should be a constructor. Try converting the method into a constructor. - prefer_constructors_over_static_methods
build	Static Analysis	2026-01-04T03:43:44.0729549Z [web3_universal_bc_ur]:    info - lib/src/cbor_decoder.dart:13:5 - Unnecessary duplication of receiver. Try using a cascade to avoid the duplication. - cascade_invocations
build	Static Analysis	2026-01-04T03:43:44.0731408Z [web3_universal_bc_ur]:    info - lib/src/cbor_decoder.dart:14:5 - Unnecessary duplication of receiver. Try using a cascade to avoid the duplication. - cascade_invocations
build	Static Analysis	2026-01-04T03:43:44.0733138Z [web3_universal_bc_ur]:    info - lib/src/cbor_encoder.dart:12:5 - Unnecessary duplication of receiver. Try using a cascade to avoid the duplication. - cascade_invocations
build	Static Analysis	2026-01-04T03:43:44.0734826Z [web3_universal_bc_ur]:    info - lib/src/cbor_encoder.dart:59:7 - Unnecessary duplication of receiver. Try using a cascade to avoid the duplication. - cascade_invocations
build	Static Analysis	2026-01-04T03:43:44.0736523Z [web3_universal_bc_ur]:    info - lib/src/cbor_encoder.dart:62:7 - Unnecessary duplication of receiver. Try using a cascade to avoid the duplication. - cascade_invocations
build	Static Analysis	2026-01-04T03:43:44.0743511Z [web3_universal_bc_ur]:    info - lib/src/cbor_encoder.dart:65:7 - Unnecessary duplication of receiver. Try using a cascade to avoid the duplication. - cascade_invocations
build	Static Analysis	2026-01-04T03:43:44.0745231Z [web3_universal_bc_ur]:    info - lib/src/cbor_encoder.dart:68:7 - Unnecessary duplication of receiver. Try using a cascade to avoid the duplication. - cascade_invocations
build	Static Analysis	2026-01-04T03:43:44.0746975Z [web3_universal_bc_ur]:    info - lib/src/cbor_encoder.dart:78:7 - Unnecessary duplication of receiver. Try using a cascade to avoid the duplication. - cascade_invocations
build	Static Analysis	2026-01-04T03:43:44.0748677Z [web3_universal_bc_ur]:    info - lib/src/cbor_encoder.dart:81:7 - Unnecessary duplication of receiver. Try using a cascade to avoid the duplication. - cascade_invocations
build	Static Analysis	2026-01-04T03:43:44.0750406Z [web3_universal_bc_ur]:    info - lib/src/cbor_encoder.dart:84:7 - Unnecessary duplication of receiver. Try using a cascade to avoid the duplication. - cascade_invocations
build	Static Analysis	2026-01-04T03:43:44.0752373Z [web3_universal_bc_ur]:    info - lib/src/cbor_encoder.dart:87:7 - Unnecessary duplication of receiver. Try using a cascade to avoid the duplication. - cascade_invocations
build	Static Analysis	2026-01-04T03:43:44.0754073Z [web3_universal_bc_ur]:    info - lib/src/cbor_encoder.dart:99:7 - Unnecessary duplication of receiver. Try using a cascade to avoid the duplication. - cascade_invocations
build	Static Analysis	2026-01-04T03:43:44.0755821Z [web3_universal_bc_ur]:    info - lib/src/cbor_encoder.dart:102:7 - Unnecessary duplication of receiver. Try using a cascade to avoid the duplication. - cascade_invocations
build	Static Analysis	2026-01-04T03:43:44.0757558Z [web3_universal_bc_ur]:    info - lib/src/cbor_encoder.dart:105:7 - Unnecessary duplication of receiver. Try using a cascade to avoid the duplication. - cascade_invocations
build	Static Analysis	2026-01-04T03:43:44.0759569Z [web3_universal_bc_ur]:    info - lib/src/cbor_encoder.dart:118:7 - Unnecessary duplication of receiver. Try using a cascade to avoid the duplication. - cascade_invocations
build	Static Analysis	2026-01-04T03:43:44.0791673Z [web3_universal_bc_ur]:    info - lib/src/cbor_encoder.dart:121:7 - Unnecessary duplication of receiver. Try using a cascade to avoid the duplication. - cascade_invocations
build	Static Analysis	2026-01-04T03:43:44.0793456Z [web3_universal_bc_ur]:    info - lib/src/cbor_encoder.dart:124:7 - Unnecessary duplication of receiver. Try using a cascade to avoid the duplication. - cascade_invocations
build	Static Analysis	2026-01-04T03:43:44.0795207Z [web3_universal_bc_ur]:    info - lib/src/cbor_encoder.dart:137:7 - Unnecessary duplication of receiver. Try using a cascade to avoid the duplication. - cascade_invocations
build	Static Analysis	2026-01-04T03:43:44.0796961Z [web3_universal_bc_ur]:    info - lib/src/cbor_encoder.dart:140:7 - Unnecessary duplication of receiver. Try using a cascade to avoid the duplication. - cascade_invocations
build	Static Analysis	2026-01-04T03:43:44.0798684Z [web3_universal_bc_ur]:    info - lib/src/cbor_encoder.dart:143:7 - Unnecessary duplication of receiver. Try using a cascade to avoid the duplication. - cascade_invocations
build	Static Analysis	2026-01-04T03:43:44.0800453Z [web3_universal_bc_ur]:    info - lib/src/cbor_encoder.dart:158:7 - Unnecessary duplication of receiver. Try using a cascade to avoid the duplication. - cascade_invocations
build	Static Analysis	2026-01-04T03:43:44.0802443Z [web3_universal_bc_ur]:    info - lib/src/cbor_encoder.dart:161:7 - Unnecessary duplication of receiver. Try using a cascade to avoid the duplication. - cascade_invocations
build	Static Analysis	2026-01-04T03:43:44.0804182Z [web3_universal_bc_ur]:    info - lib/src/cbor_encoder.dart:164:7 - Unnecessary duplication of receiver. Try using a cascade to avoid the duplication. - cascade_invocations
build	Static Analysis	2026-01-04T03:43:44.0805791Z [web3_universal_bc_ur]:    info - lib/web3_universal_bc_ur.dart:6:9 - Library names are not necessary. Remove the library name. - unnecessary_library_name
build	Static Analysis	2026-01-04T03:43:44.0807329Z [web3_universal_bc_ur]:    info - test/bc_ur_test.dart:4:1 - Sort directive sections alphabetically. Try sorting the directives. - directives_ordering
build	Static Analysis	2026-01-04T03:43:44.0808950Z [web3_universal_bc_ur]: 
build	Static Analysis	2026-01-04T03:43:44.0809342Z [web3_universal_bc_ur]: 31 issues found.
build	Static Analysis	2026-01-04T03:43:44.1008454Z [web3_universal_bridge]: Analyzing bridge...
build	Static Analysis	2026-01-04T03:43:44.1406396Z [web3_universal_chains]: Analyzing chains...
build	Static Analysis	2026-01-04T03:43:44.4278992Z [web3_universal_aa]: 
build	Static Analysis	2026-01-04T03:43:44.4282438Z [web3_universal_aa]:    info - example/main.dart:3:1 - Sort directive sections alphabetically. Try sorting the directives. - directives_ordering
build	Static Analysis	2026-01-04T03:43:44.4284037Z [web3_universal_aa]:    info - example/main.dart:4:1 - Sort directive sections alphabetically. Try sorting the directives. - directives_ordering
build	Static Analysis	2026-01-04T03:43:44.4286063Z [web3_universal_aa]:    info - lib/src/accounts/light_account.dart:43:12 - Use interpolation to compose strings and values. Try using string interpolation to build the composite string. - prefer_interpolation_to_compose_strings
build	Static Analysis	2026-01-04T03:43:44.4288621Z [web3_universal_aa]:    info - lib/src/accounts/light_account.dart:123:7 - Catch clause should use 'on' to specify the type of exception being caught. Try adding an 'on' clause before the 'catch'. - avoid_catches_without_on_clauses
build	Static Analysis	2026-01-04T03:43:44.4290934Z [web3_universal_aa]:    info - lib/src/accounts/light_account.dart:145:7 - Catch clause should use 'on' to specify the type of exception being caught. Try adding an 'on' clause before the 'catch'. - avoid_catches_without_on_clauses
build	Static Analysis	2026-01-04T03:43:44.4293572Z [web3_universal_aa]:    info - lib/src/accounts/simple_account.dart:43:12 - Use interpolation to compose strings and values. Try using string interpolation to build the composite string. - prefer_interpolation_to_compose_strings
build	Static Analysis	2026-01-04T03:43:44.4295907Z [web3_universal_aa]:    info - lib/src/bundler_client.dart:70:7 - Catch clause should use 'on' to specify the type of exception being caught. Try adding an 'on' clause before the 'catch'. - avoid_catches_without_on_clauses
build	Static Analysis	2026-01-04T03:43:44.4298477Z [web3_universal_aa]:    info - lib/src/bundler_client.dart:88:7 - Catch clause should use 'on' to specify the type of exception being caught. Try adding an 'on' clause before the 'catch'. - avoid_catches_without_on_clauses
build	Static Analysis	2026-01-04T03:43:44.4367358Z [web3_universal_aa]:    info - lib/src/entry_point.dart:731:7 - Catch clause should use 'on' to specify the type of exception being caught. Try adding an 'on' clause before the 'catch'. - avoid_catches_without_on_clauses
build	Static Analysis	2026-01-04T03:43:44.4373118Z [web3_universal_aa]:    info - lib/src/entry_point.dart:867:7 - Catch clause should use 'on' to specify the type of exception being caught. Try adding an 'on' clause before the 'catch'. - avoid_catches_without_on_clauses
build	Static Analysis	2026-01-04T03:43:44.4379535Z [web3_universal_aa]:    info - lib/src/entry_point.dart:890:1 - Classes should define instance members. Try adding instance behavior or moving the members out of the class. - avoid_classes_with_only_static_members
build	Static Analysis	2026-01-04T03:43:44.4383091Z [web3_universal_aa]:    info - lib/src/paymaster.dart:140:7 - Catch clause should use 'on' to specify the type of exception being caught. Try adding an 'on' clause before the 'catch'. - avoid_catches_without_on_clauses
build	Static Analysis	2026-01-04T03:43:44.4388538Z [web3_universal_aa]:    info - lib/src/paymaster.dart:154:7 - Catch clause should use 'on' to specify the type of exception being caught. Try adding an 'on' clause before the 'catch'. - avoid_catches_without_on_clauses
build	Static Analysis	2026-01-04T03:43:44.4398014Z [web3_universal_aa]:    info - lib/src/paymaster.dart:167:7 - Catch clause should use 'on' to specify the type of exception being caught. Try adding an 'on' clause before the 'catch'. - avoid_catches_without_on_clauses
build	Static Analysis	2026-01-04T03:43:44.4400148Z [web3_universal_aa]:    info - lib/src/paymaster.dart:235:7 - Catch clause should use 'on' to specify the type of exception being caught. Try adding an 'on' clause before the 'catch'. - avoid_catches_without_on_clauses
build	Static Analysis	2026-01-04T03:43:44.4402550Z [web3_universal_aa]:    info - lib/src/paymaster.dart:328:7 - Catch clause should use 'on' to specify the type of exception being caught. Try adding an 'on' clause before the 'catch'. - avoid_catches_without_on_clauses
build	Static Analysis	2026-01-04T03:43:44.4404905Z [web3_universal_aa]:    info - lib/src/smart_account.dart:304:5 - Unnecessary duplication of receiver. Try using a cascade to avoid the duplication. - cascade_invocations
build	Static Analysis	2026-01-04T03:43:44.4406612Z [web3_universal_aa]:    info - lib/src/smart_account.dart:305:5 - Unnecessary duplication of receiver. Try using a cascade to avoid the duplication. - cascade_invocations
build	Static Analysis	2026-01-04T03:43:44.4408130Z [web3_universal_aa]:    info - lib/src/user_operation.dart:434:11 - Unnecessary 'this.' qualifier. Try removing 'this.'. - unnecessary_this
build	Static Analysis	2026-01-04T03:43:44.4409435Z [web3_universal_aa]:    info - lib/src/user_operation.dart:435:29 - Unnecessary 'this.' qualifier. Try removing 'this.'. - unnecessary_this
build	Static Analysis	2026-01-04T03:43:44.4434859Z [web3_universal_aa]:    info - lib/src/user_operation.dart:456:12 - Use interpolation to compose strings and values. Try using string interpolation to build the composite string. - prefer_interpolation_to_compose_strings
build	Static Analysis	2026-01-04T03:43:44.4437411Z [web3_universal_aa]:    info - lib/src/user_operation.dart:634:3 - The method '==' should not be overridden in classes not annotated with '@immutable'. Try removing the override or annotating the class with '@immutable'. - avoid_equals_and_hash_code_on_mutable_classes
build	Static Analysis	2026-01-04T03:43:44.4440146Z [web3_universal_aa]:    info - lib/src/user_operation.dart:649:3 - The method 'hashCode' should not be overridden in classes not annotated with '@immutable'. Try removing the override or annotating the class with '@immutable'. - avoid_equals_and_hash_code_on_mutable_classes
build	Static Analysis	2026-01-04T03:43:44.4442568Z [web3_universal_aa]:    info - lib/web3_universal_aa.dart:6:9 - Library names are not necessary. Remove the library name. - unnecessary_library_name
build	Static Analysis	2026-01-04T03:43:44.4444422Z [web3_universal_aa]:    info - test/bundler_client_test.dart:2:1 - Sort directive sections alphabetically. Try sorting the directives. - directives_ordering
build	Static Analysis	2026-01-04T03:43:44.4446049Z [web3_universal_aa]:    info - test/user_operation_test.dart:2:1 - Sort directive sections alphabetically. Try sorting the directives. - directives_ordering
build	Static Analysis	2026-01-04T03:43:44.4447884Z [web3_universal_aa]:    info - test/user_operation_test.dart:69:34 - The value of the argument is redundant because it matches the default value. Try removing the argument. - avoid_redundant_argument_values
build	Static Analysis	2026-01-04T03:43:44.4449151Z [web3_universal_aa]: 
build	Static Analysis	2026-01-04T03:43:44.4449521Z [web3_universal_aa]: 27 issues found.
build	Static Analysis	2026-01-04T03:43:44.4826986Z [web3_universal_client]: Analyzing client...
build	Static Analysis	2026-01-04T03:43:44.6755885Z [web3_universal_abi]: 
build	Static Analysis	2026-01-04T03:43:44.6758739Z [web3_universal_abi]:   error - example/main.dart:12:19 - Undefined name 'ContractAbi'. Try correcting the name to one that is defined, or defining the name. - undefined_identifier
build	Static Analysis	2026-01-04T03:43:44.6770932Z [web3_universal_abi]:   error - example/main.dart:16:19 - Undefined name 'ContractAbi'. Try correcting the name to one that is defined, or defining the name. - undefined_identifier
build	Static Analysis	2026-01-04T03:43:44.6773213Z [web3_universal_abi]: warning - example/main.dart:22:10 - The declaration 'toHex' isn't referenced. Try removing the declaration of 'toHex'. - unused_element
build	Static Analysis	2026-01-04T03:43:44.6775270Z [web3_universal_abi]: warning - test/abi_official_vector_test.dart:97:30 - The type argument(s) of 'List' can't be inferred. Use explicit type argument(s) for 'List'. - inference_failure_on_collection_literal
build	Static Analysis	2026-01-04T03:43:44.6777219Z [web3_universal_abi]:    info - example/main.dart:2:1 - Place 'dart:' imports before other imports. Try sorting the directives. - directives_ordering
build	Static Analysis	2026-01-04T03:43:44.6813120Z [web3_universal_abi]:    info - example/main.dart:22:74 - The value of the argument is redundant because it matches the default value. Try removing the argument. - avoid_redundant_argument_values
build	Static Analysis	2026-01-04T03:43:44.6817525Z [web3_universal_abi]:    info - lib/src/encoder.dart:185:26 - Statements in an if should be enclosed in a block. Try wrapping the statement in a block. - curly_braces_in_flow_control_structures
build	Static Analysis	2026-01-04T03:43:44.6822097Z [web3_universal_abi]:    info - lib/src/encoder.dart:186:31 - Statements in an if should be enclosed in a block. Try wrapping the statement in a block. - curly_braces_in_flow_control_structures
build	Static Analysis	2026-01-04T03:43:44.6830357Z [web3_universal_abi]:    info - lib/src/parser.dart:15:14 - Closure should be a tearoff. Try using a tearoff rather than a closure. - unnecessary_lambdas
build	Static Analysis	2026-01-04T03:43:44.6832391Z [web3_universal_abi]:    info - lib/src/parser.dart:25:14 - Closure should be a tearoff. Try using a tearoff rather than a closure. - unnecessary_lambdas
build	Static Analysis	2026-01-04T03:43:44.6835990Z [web3_universal_abi]:    info - lib/src/parser.dart:35:14 - Closure should be a tearoff. Try using a tearoff rather than a closure. - unnecessary_lambdas
build	Static Analysis	2026-01-04T03:43:44.6837891Z [web3_universal_abi]:    info - lib/src/pretty_printer.dart:27:7 - Unnecessary duplication of receiver. Try using a cascade to avoid the duplication. - cascade_invocations
build	Static Analysis	2026-01-04T03:43:44.6866719Z [web3_universal_abi]:    info - lib/src/pretty_printer.dart:55:5 - Unnecessary duplication of receiver. Try using a cascade to avoid the duplication. - cascade_invocations
build	Static Analysis	2026-01-04T03:43:44.6868605Z [web3_universal_abi]:    info - lib/src/pretty_printer.dart:56:5 - Unnecessary duplication of receiver. Try using a cascade to avoid the duplication. - cascade_invocations
build	Static Analysis	2026-01-04T03:43:44.6870365Z [web3_universal_abi]:    info - lib/src/pretty_printer.dart:60:7 - Unnecessary duplication of receiver. Try using a cascade to avoid the duplication. - cascade_invocations
build	Static Analysis	2026-01-04T03:43:44.6872385Z [web3_universal_abi]:    info - lib/src/pretty_printer.dart:74:5 - Unnecessary duplication of receiver. Try using a cascade to avoid the duplication. - cascade_invocations
build	Static Analysis	2026-01-04T03:43:44.6874540Z [web3_universal_abi]:    info - lib/src/pretty_printer.dart:75:5 - Unnecessary duplication of receiver. Try using a cascade to avoid the duplication. - cascade_invocations
build	Static Analysis	2026-01-04T03:43:44.6876325Z [web3_universal_abi]:    info - lib/src/pretty_printer.dart:154:5 - Unnecessary duplication of receiver. Try using a cascade to avoid the duplication. - cascade_invocations
build	Static Analysis	2026-01-04T03:43:44.6878077Z [web3_universal_abi]:    info - lib/src/pretty_printer.dart:182:5 - Unnecessary duplication of receiver. Try using a cascade to avoid the duplication. - cascade_invocations
build	Static Analysis	2026-01-04T03:43:44.6879850Z [web3_universal_abi]:    info - lib/src/typed_data.dart:25:23 - Method invocation or property access on a 'dynamic' target. Try giving the target a type. - avoid_dynamic_calls
build	Static Analysis	2026-01-04T03:43:44.6881899Z [web3_universal_abi]:    info - lib/src/typed_data.dart:26:23 - Method invocation or property access on a 'dynamic' target. Try giving the target a type. - avoid_dynamic_calls
build	Static Analysis	2026-01-04T03:43:44.6883690Z [web3_universal_abi]:    info - lib/src/typed_data.dart:163:7 - Unnecessary duplication of receiver. Try using a cascade to avoid the duplication. - cascade_invocations
build	Static Analysis	2026-01-04T03:43:44.6885377Z [web3_universal_abi]:    info - lib/src/types.dart:220:5 - Unnecessary duplication of receiver. Try using a cascade to avoid the duplication. - cascade_invocations
build	Static Analysis	2026-01-04T03:43:44.6887050Z [web3_universal_abi]:    info - lib/src/types.dart:251:5 - Unnecessary duplication of receiver. Try using a cascade to avoid the duplication. - cascade_invocations
build	Static Analysis	2026-01-04T03:43:44.6888632Z [web3_universal_abi]:    info - lib/web3_universal_abi.dart:10:9 - Library names are not necessary. Remove the library name. - unnecessary_library_name
build	Static Analysis	2026-01-04T03:43:44.6890159Z [web3_universal_abi]:    info - test/abi_fixes_test.dart:4:1 - Sort directive sections alphabetically. Try sorting the directives. - directives_ordering
build	Static Analysis	2026-01-04T03:43:44.6892141Z [web3_universal_abi]:    info - test/abi_fixes_test.dart:235:14 - Method invocation or property access on a 'dynamic' target. Try giving the target a type. - avoid_dynamic_calls
build	Static Analysis	2026-01-04T03:43:44.6893898Z [web3_universal_abi]:    info - test/abi_fixes_test.dart:236:14 - Method invocation or property access on a 'dynamic' target. Try giving the target a type. - avoid_dynamic_calls
build	Static Analysis	2026-01-04T03:43:44.6895920Z [web3_universal_abi]:    info - test/abi_fixes_test.dart:237:15 - Method invocation or property access on a 'dynamic' target. Try giving the target a type. - avoid_dynamic_calls
build	Static Analysis	2026-01-04T03:43:44.6897671Z [web3_universal_abi]:    info - test/abi_official_vector_test.dart:7:1 - Sort directive sections alphabetically. Try sorting the directives. - directives_ordering
build	Static Analysis	2026-01-04T03:43:44.6899467Z [web3_universal_abi]:    info - test/abi_official_vector_test.dart:79:5 - Unnecessary duplication of receiver. Try using a cascade to avoid the duplication. - cascade_invocations
build	Static Analysis	2026-01-04T03:43:44.6901515Z [web3_universal_abi]:    info - test/abi_official_vector_test.dart:81:44 - Method invocation or property access on a 'dynamic' target. Try giving the target a type. - avoid_dynamic_calls
build	Static Analysis	2026-01-04T03:43:44.6903458Z [web3_universal_abi]:    info - test/abi_official_vector_test.dart:82:25 - Method invocation or property access on a 'dynamic' target. Try giving the target a type. - avoid_dynamic_calls
build	Static Analysis	2026-01-04T03:43:44.6905292Z [web3_universal_abi]:    info - test/abi_official_vector_test.dart:83:29 - Method invocation or property access on a 'dynamic' target. Try giving the target a type. - avoid_dynamic_calls
build	Static Analysis	2026-01-04T03:43:44.6907059Z [web3_universal_abi]:    info - test/abi_property_test.dart:6:1 - Sort directive sections alphabetically. Try sorting the directives. - directives_ordering
build	Static Analysis	2026-01-04T03:43:44.6908916Z [web3_universal_abi]:    info - test/abi_property_test.dart:35:11 - Catch clause should use 'on' to specify the type of exception being caught. Try adding an 'on' clause before the 'catch'. - avoid_catches_without_on_clauses
build	Static Analysis	2026-01-04T03:43:44.6911514Z [web3_universal_abi]:    info - test/abi_property_test.dart:83:11 - Catch clause should use 'on' to specify the type of exception being caught. Try adding an 'on' clause before the 'catch'. - avoid_catches_without_on_clauses
build	Static Analysis	2026-01-04T03:43:44.6913704Z [web3_universal_abi]:    info - test/abi_property_test.dart:139:11 - Catch clause should use 'on' to specify the type of exception being caught. Try adding an 'on' clause before the 'catch'. - avoid_catches_without_on_clauses
build	Static Analysis	2026-01-04T03:43:44.6915902Z [web3_universal_abi]:    info - test/abi_property_test.dart:198:11 - Catch clause should use 'on' to specify the type of exception being caught. Try adding an 'on' clause before the 'catch'. - avoid_catches_without_on_clauses
build	Static Analysis	2026-01-04T03:43:44.6918093Z [web3_universal_abi]:    info - test/abi_property_test.dart:282:11 - Catch clause should use 'on' to specify the type of exception being caught. Try adding an 'on' clause before the 'catch'. - avoid_catches_without_on_clauses
build	Static Analysis	2026-01-04T03:43:44.6920073Z [web3_universal_abi]:    info - test/decoder_test.dart:5:1 - Sort directive sections alphabetically. Try sorting the directives. - directives_ordering
build	Static Analysis	2026-01-04T03:43:44.6921831Z [web3_universal_abi]:    info - test/encoder_test.dart:3:1 - Sort directive sections alphabetically. Try sorting the directives. - directives_ordering
build	Static Analysis	2026-01-04T03:43:44.6923350Z [web3_universal_abi]:    info - test/parser_test.dart:4:1 - Sort directive sections alphabetically. Try sorting the directives. - directives_ordering
build	Static Analysis	2026-01-04T03:43:44.6924935Z [web3_universal_abi]:    info - test/pretty_printer_test.dart:2:1 - Sort directive sections alphabetically. Try sorting the directives. - directives_ordering
build	Static Analysis	2026-01-04T03:43:44.6926531Z [web3_universal_abi]:    info - test/typed_data_test.dart:3:1 - Sort directive sections alphabetically. Try sorting the directives. - directives_ordering
build	Static Analysis	2026-01-04T03:43:44.6928159Z [web3_universal_abi]:    info - test/typed_data_test.dart:158:14 - Method invocation or property access on a 'dynamic' target. Try giving the target a type. - avoid_dynamic_calls
build	Static Analysis	2026-01-04T03:43:44.6929824Z [web3_universal_abi]:    info - test/types_test.dart:4:1 - Sort directive sections alphabetically. Try sorting the directives. - directives_ordering
build	Static Analysis	2026-01-04T03:43:44.6931283Z [web3_universal_abi]: 
build	Static Analysis	2026-01-04T03:43:44.6931652Z [web3_universal_abi]: 47 issues found.
build	Static Analysis	2026-01-04T03:43:44.7424087Z [web3_universal_contract]: Analyzing contract...
build	Static Analysis	2026-01-04T03:43:44.9896914Z [web3_universal_chains]: 
build	Static Analysis	2026-01-04T03:43:44.9903397Z [web3_universal_chains]:   error - example/main.dart:7:62 - The getter 'symbol' isn't defined for the type 'String'. Try importing the library that defines 'symbol', correcting the name to the name of an existing getter, or defining a getter or field named 'symbol'. - undefined_getter
build	Static Analysis	2026-01-04T03:43:44.9907879Z [web3_universal_chains]:   error - example/main.dart:10:60 - The getter 'symbol' isn't defined for the type 'String'. Try importing the library that defines 'symbol', correcting the name to the name of an existing getter, or defining a getter or field named 'symbol'. - undefined_getter
build	Static Analysis	2026-01-04T03:43:44.9911859Z [web3_universal_chains]:    info - lib/web3_universal_chains.dart:2:9 - Library names are not necessary. Remove the library name. - unnecessary_library_name
build	Static Analysis	2026-01-04T03:43:44.9958043Z [web3_universal_chains]:    info - test/chain_config_test.dart:2:1 - Sort directive sections alphabetically. Try sorting the directives. - directives_ordering
build	Static Analysis	2026-01-04T03:43:44.9980003Z [web3_universal_chains]:    info - test/chains_test.dart:2:1 - Sort directive sections alphabetically. Try sorting the directives. - directives_ordering
build	Static Analysis	2026-01-04T03:43:44.9983118Z [web3_universal_chains]: 
build	Static Analysis	2026-01-04T03:43:44.9985257Z [web3_universal_chains]: 5 issues found.
build	Static Analysis	2026-01-04T03:43:45.0470055Z [web3_universal_core]: Analyzing core...
build	Static Analysis	2026-01-04T03:43:45.2717403Z [web3_universal_bridge]: 
build	Static Analysis	2026-01-04T03:43:45.2719989Z [web3_universal_bridge]: warning - example/main.dart:5:9 - The value of the local variable 'bridge' isn't used. Try removing the variable or using it. - unused_local_variable
build	Static Analysis	2026-01-04T03:43:45.2727576Z [web3_universal_bridge]:    info - lib/src/bridge_quote.dart:186:32 - Static method should be a constructor. Try converting the method into a constructor. - prefer_constructors_over_static_methods
build	Static Analysis	2026-01-04T03:43:45.2738041Z [web3_universal_bridge]:    info - lib/src/bridge_service.dart:128:11 - Catch clause should use 'on' to specify the type of exception being caught. Try adding an 'on' clause before the 'catch'. - avoid_catches_without_on_clauses
build	Static Analysis	2026-01-04T03:43:45.2752369Z [web3_universal_bridge]:    info - lib/src/bridge_service.dart:163:9 - Catch clause should use 'on' to specify the type of exception being caught. Try adding an 'on' clause before the 'catch'. - avoid_catches_without_on_clauses
build	Static Analysis	2026-01-04T03:43:45.2754657Z [web3_universal_bridge]:    info - lib/src/bridge_service.dart:227:11 - Catch clause should use 'on' to specify the type of exception being caught. Try adding an 'on' clause before the 'catch'. - avoid_catches_without_on_clauses
build	Static Analysis	2026-01-04T03:43:45.2756870Z [web3_universal_bridge]:    info - lib/src/bridge_service.dart:254:11 - Catch clause should use 'on' to specify the type of exception being caught. Try adding an 'on' clause before the 'catch'. - avoid_catches_without_on_clauses
build	Static Analysis	2026-01-04T03:43:45.2759146Z [web3_universal_bridge]:    info - lib/src/bridge_service.dart:297:7 - Catch clause should use 'on' to specify the type of exception being caught. Try adding an 'on' clause before the 'catch'. - avoid_catches_without_on_clauses
build	Static Analysis	2026-01-04T03:43:45.2761605Z [web3_universal_bridge]:    info - lib/src/bridge_tracker.dart:79:7 - Catch clause should use 'on' to specify the type of exception being caught. Try adding an 'on' clause before the 'catch'. - avoid_catches_without_on_clauses
build	Static Analysis	2026-01-04T03:43:45.2763852Z [web3_universal_bridge]:    info - lib/src/bridge_tracker.dart:113:9 - Catch clause should use 'on' to specify the type of exception being caught. Try adding an 'on' clause before the 'catch'. - avoid_catches_without_on_clauses
build	Static Analysis	2026-01-04T03:43:45.2766080Z [web3_universal_bridge]:    info - lib/src/bridge_tracker.dart:221:7 - Catch clause should use 'on' to specify the type of exception being caught. Try adding an 'on' clause before the 'catch'. - avoid_catches_without_on_clauses
build	Static Analysis	2026-01-04T03:43:45.2768283Z [web3_universal_bridge]:    info - lib/src/bridge_tracker.dart:404:2 - Missing a newline at the end of the file. Try adding a newline at the end of the file. - eol_at_end_of_file
build	Static Analysis	2026-01-04T03:43:45.2770447Z [web3_universal_bridge]:    info - lib/src/bridge_types.dart:56:3 - The method '==' should not be overridden in classes not annotated with '@immutable'. Try removing the override or annotating the class with '@immutable'. - avoid_equals_and_hash_code_on_mutable_classes
build	Static Analysis	2026-01-04T03:43:45.2774754Z [web3_universal_bridge]:    info - lib/src/bridge_types.dart:64:3 - The method 'hashCode' should not be overridden in classes not annotated with '@immutable'. Try removing the override or annotating the class with '@immutable'. - avoid_equals_and_hash_code_on_mutable_classes
build	Static Analysis	2026-01-04T03:43:45.2777301Z [web3_universal_bridge]:    info - lib/src/protocols/layerzero_bridge.dart:172:7 - Catch clause should use 'on' to specify the type of exception being caught. Try adding an 'on' clause before the 'catch'. - avoid_catches_without_on_clauses
build	Static Analysis	2026-01-04T03:43:45.2779749Z [web3_universal_bridge]:    info - lib/src/protocols/layerzero_bridge.dart:258:7 - Catch clause should use 'on' to specify the type of exception being caught. Try adding an 'on' clause before the 'catch'. - avoid_catches_without_on_clauses
build	Static Analysis	2026-01-04T03:43:45.2782336Z [web3_universal_bridge]:    info - lib/src/protocols/native_bridge.dart:147:5 - Unnecessary duplication of receiver. Try using a cascade to avoid the duplication. - cascade_invocations
build	Static Analysis	2026-01-04T03:43:45.2784501Z [web3_universal_bridge]:    info - lib/src/protocols/stargate_bridge.dart:169:7 - Catch clause should use 'on' to specify the type of exception being caught. Try adding an 'on' clause before the 'catch'. - avoid_catches_without_on_clauses
build	Static Analysis	2026-01-04T03:43:45.2787109Z [web3_universal_bridge]:    info - lib/src/protocols/stargate_bridge.dart:249:7 - Catch clause should use 'on' to specify the type of exception being caught. Try adding an 'on' clause before the 'catch'. - avoid_catches_without_on_clauses
build	Static Analysis	2026-01-04T03:43:45.2789525Z [web3_universal_bridge]:    info - lib/src/protocols/wormhole_bridge.dart:175:7 - Catch clause should use 'on' to specify the type of exception being caught. Try adding an 'on' clause before the 'catch'. - avoid_catches_without_on_clauses
build	Static Analysis	2026-01-04T03:43:45.2792105Z [web3_universal_bridge]:    info - lib/src/protocols/wormhole_bridge.dart:253:7 - Catch clause should use 'on' to specify the type of exception being caught. Try adding an 'on' clause before the 'catch'. - avoid_catches_without_on_clauses
build	Static Analysis	2026-01-04T03:43:45.2794091Z [web3_universal_bridge]:    info - lib/web3_universal_bridge.dart:2:9 - Library names are not necessary. Remove the library name. - unnecessary_library_name
build	Static Analysis	2026-01-04T03:43:45.2795090Z [web3_universal_bridge]: 
build	Static Analysis	2026-01-04T03:43:45.2795484Z [web3_universal_bridge]: 21 issues found.
build	Static Analysis	2026-01-04T03:43:45.3249981Z [web3_universal_cosmos]: Analyzing cosmos...
build	Static Analysis	2026-01-04T03:43:45.6167981Z [web3_universal_client]: 
build	Static Analysis	2026-01-04T03:43:45.6173178Z [web3_universal_client]:   error - example/main.dart:24:43 - The method 'getValueInUnit' isn't defined for the type 'BigInt'. Try correcting the name to the name of an existing method, or defining a method named 'getValueInUnit'. - undefined_method
build	Static Analysis	2026-01-04T03:43:45.6179028Z [web3_universal_client]:   error - example/main.dart:26:18 - This expression has a type of 'void' so its value can't be used. Try checking to see if you're using the correct API; there might be a function or call that returns void you didn't expect. Also check type parameters and variables which might also be void. - use_of_void_result
build	Static Analysis	2026-01-04T03:43:45.6186597Z [web3_universal_client]: warning - lib/src/ccip_read.dart:94:11 - The value of the local variable 'senderHex' isn't used. Try removing the variable or using it. - unused_local_variable
build	Static Analysis	2026-01-04T03:43:45.6192097Z [web3_universal_client]: warning - test/ccip_read_test.dart:2:8 - Unused import: 'dart:typed_data'. Try removing the import directive. - unused_import
build	Static Analysis	2026-01-04T03:43:45.6197035Z [web3_universal_client]: warning - test/ccip_read_test.dart:132:15 - The value of the local variable 'handler' isn't used. Try removing the variable or using it. - unused_local_variable
build	Static Analysis	2026-01-04T03:43:45.6200454Z [web3_universal_client]: warning - test/client_property_test.dart:1:8 - Unused import: 'package:web3_universal_core/web3_universal_core.dart'. Try removing the import directive. - unused_import
build	Static Analysis	2026-01-04T03:43:45.6213579Z [web3_universal_client]: warning - test/client_property_test.dart:2:8 - Unused import: 'package:web3_universal_client/web3_universal_client.dart'. Try removing the import directive. - unused_import
build	Static Analysis	2026-01-04T03:43:45.6216126Z [web3_universal_client]: warning - test/client_property_test.dart:5:8 - Unused import: 'package:test/test.dart'. Try removing the import directive. - unused_import
build	Static Analysis	2026-01-04T03:43:45.6218403Z [web3_universal_client]:    info - example/main.dart:3:1 - Sort directive sections alphabetically. Try sorting the directives. - directives_ordering
build	Static Analysis	2026-01-04T03:43:45.6222759Z [web3_universal_client]:    info - example/main.dart:26:5 - Uses 'await' on an instance of 'void', which is not a subtype of 'Future'. Try removing the 'await' or changing the expression. - await_only_futures
build	Static Analysis	2026-01-04T03:43:45.6224948Z [web3_universal_client]:    info - lib/src/ccip_read.dart:6:1 - Sort directive sections alphabetically. Try sorting the directives. - directives_ordering
build	Static Analysis	2026-01-04T03:43:45.6227991Z [web3_universal_client]:    info - lib/src/ccip_read.dart:76:9 - Missing a required trailing comma. Try adding a trailing comma. - require_trailing_commas
build	Static Analysis	2026-01-04T03:43:45.6229685Z [web3_universal_client]:    info - lib/src/ccip_read.dart:81:17 - Missing a required trailing comma. Try adding a trailing comma. - require_trailing_commas
build	Static Analysis	2026-01-04T03:43:45.6232415Z [web3_universal_client]:    info - lib/src/ccip_read.dart:82:9 - Catch clause should use 'on' to specify the type of exception being caught. Try adding an 'on' clause before the 'catch'. - avoid_catches_without_on_clauses
build	Static Analysis	2026-01-04T03:43:45.6234435Z [web3_universal_client]:    info - lib/src/models.dart:33:16 - Method invocation or property access on a 'dynamic' target. Try giving the target a type. - avoid_dynamic_calls
build	Static Analysis	2026-01-04T03:43:45.6236605Z [web3_universal_client]:    info - lib/src/public_client.dart:76:18 - Unnecessary 'await'. Try removing the 'await'. - unnecessary_await_in_return
build	Static Analysis	2026-01-04T03:43:45.6238686Z [web3_universal_client]:    info - lib/src/wallet_client.dart:297:8 - The method is used to change a property. Try converting the method to a setter. - use_setters_to_change_properties
build	Static Analysis	2026-01-04T03:43:45.6262085Z [web3_universal_client]:    info - lib/web3_universal_client.dart:2:9 - Library names are not necessary. Remove the library name. - unnecessary_library_name
build	Static Analysis	2026-01-04T03:43:45.6263746Z [web3_universal_client]:    info - lib/web3_universal_client.dart:8:1 - Sort directive sections alphabetically. Try sorting the directives. - directives_ordering
build	Static Analysis	2026-01-04T03:43:45.6265279Z [web3_universal_client]:    info - test/ccip_read_test.dart:9:1 - Sort directive sections alphabetically. Try sorting the directives. - directives_ordering
build	Static Analysis	2026-01-04T03:43:45.6266741Z [web3_universal_client]:    info - test/ccip_read_test.dart:53:11 - Missing a required trailing comma. Try adding a trailing comma. - require_trailing_commas
build	Static Analysis	2026-01-04T03:43:45.6268145Z [web3_universal_client]:    info - test/ccip_read_test.dart:108:8 - Missing a required trailing comma. Try adding a trailing comma. - require_trailing_commas
build	Static Analysis	2026-01-04T03:43:45.6269616Z [web3_universal_client]:    info - test/client_property_test.dart:2:1 - Sort directive sections alphabetically. Try sorting the directives. - directives_ordering
build	Static Analysis	2026-01-04T03:43:45.6271344Z [web3_universal_client]:    info - test/client_property_test.dart:4:1 - Sort directive sections alphabetically. Try sorting the directives. - directives_ordering
build	Static Analysis	2026-01-04T03:43:45.6272710Z [web3_universal_client]: 
build	Static Analysis	2026-01-04T03:43:45.6273076Z [web3_universal_client]: 24 issues found.
build	Static Analysis	2026-01-04T03:43:45.6805831Z [web3_universal_crypto]: Analyzing crypto...
build	Static Analysis	2026-01-04T03:43:45.8791379Z [web3_universal_contract]: 
build	Static Analysis	2026-01-04T03:43:45.8836433Z [web3_universal_contract]: warning - example/main.dart:3:8 - Unused import: 'package:web3_universal_core/web3_universal_core.dart'. Try removing the import directive. - unused_import
build	Static Analysis	2026-01-04T03:43:45.8842194Z [web3_universal_contract]:    info - example/main.dart:4:1 - Sort directive sections alphabetically. Try sorting the directives. - directives_ordering
build	Static Analysis	2026-01-04T03:43:45.8845289Z [web3_universal_contract]:    info - example/main.dart:5:1 - Sort directive sections alphabetically. Try sorting the directives. - directives_ordering
build	Static Analysis	2026-01-04T03:43:45.8876320Z [web3_universal_contract]:    info - example/main.dart:11:7 - Unnecessary use of double quotes. Try using single quotes unless the string contains single quotes. - prefer_single_quotes
build	Static Analysis	2026-01-04T03:43:45.8878555Z [web3_universal_contract]:    info - example/main.dart:12:7 - Unnecessary use of double quotes. Try using single quotes unless the string contains single quotes. - prefer_single_quotes
build	Static Analysis	2026-01-04T03:43:45.8880583Z [web3_universal_contract]:    info - example/main.dart:12:19 - Unnecessary use of double quotes. Try using single quotes unless the string contains single quotes. - prefer_single_quotes
build	Static Analysis	2026-01-04T03:43:45.8882783Z [web3_universal_contract]:    info - example/main.dart:12:27 - Unnecessary use of double quotes. Try using single quotes unless the string contains single quotes. - prefer_single_quotes
build	Static Analysis	2026-01-04T03:43:45.8884822Z [web3_universal_contract]:    info - example/main.dart:12:37 - Unnecessary use of double quotes. Try using single quotes unless the string contains single quotes. - prefer_single_quotes
build	Static Analysis	2026-01-04T03:43:45.8887204Z [web3_universal_contract]:    info - example/main.dart:12:45 - Unnecessary use of double quotes. Try using single quotes unless the string contains single quotes. - prefer_single_quotes
build	Static Analysis	2026-01-04T03:43:45.8889186Z [web3_universal_contract]:    info - example/main.dart:13:7 - Unnecessary use of double quotes. Try using single quotes unless the string contains single quotes. - prefer_single_quotes
build	Static Analysis	2026-01-04T03:43:45.8891292Z [web3_universal_contract]:    info - example/main.dart:13:15 - Unnecessary use of double quotes. Try using single quotes unless the string contains single quotes. - prefer_single_quotes
build	Static Analysis	2026-01-04T03:43:45.8893380Z [web3_universal_contract]:    info - example/main.dart:14:7 - Unnecessary use of double quotes. Try using single quotes unless the string contains single quotes. - prefer_single_quotes
build	Static Analysis	2026-01-04T03:43:45.8895455Z [web3_universal_contract]:    info - example/main.dart:14:20 - Unnecessary use of double quotes. Try using single quotes unless the string contains single quotes. - prefer_single_quotes
build	Static Analysis	2026-01-04T03:43:45.8897527Z [web3_universal_contract]:    info - example/main.dart:14:28 - Unnecessary use of double quotes. Try using single quotes unless the string contains single quotes. - prefer_single_quotes
build	Static Analysis	2026-01-04T03:43:45.8899552Z [web3_universal_contract]:    info - example/main.dart:14:39 - Unnecessary use of double quotes. Try using single quotes unless the string contains single quotes. - prefer_single_quotes
build	Static Analysis	2026-01-04T03:43:45.8901897Z [web3_universal_contract]:    info - example/main.dart:14:47 - Unnecessary use of double quotes. Try using single quotes unless the string contains single quotes. - prefer_single_quotes
build	Static Analysis	2026-01-04T03:43:45.8904027Z [web3_universal_contract]:    info - example/main.dart:15:7 - Unnecessary use of double quotes. Try using single quotes unless the string contains single quotes. - prefer_single_quotes
build	Static Analysis	2026-01-04T03:43:45.8906056Z [web3_universal_contract]:    info - example/main.dart:15:15 - Unnecessary use of double quotes. Try using single quotes unless the string contains single quotes. - prefer_single_quotes
build	Static Analysis	2026-01-04T03:43:45.8909025Z [web3_universal_contract]:    info - example/main.dart:16:5 - Missing a required trailing comma. Try adding a trailing comma. - require_trailing_commas
build	Static Analysis	2026-01-04T03:43:45.8912555Z [web3_universal_contract]:    info - lib/src/contract.dart:122:7 - Catch clause should use 'on' to specify the type of exception being caught. Try adding an 'on' clause before the 'catch'. - avoid_catches_without_on_clauses
build	Static Analysis	2026-01-04T03:43:45.8914779Z [web3_universal_contract]:    info - lib/src/contract.dart:249:13 - Catch clause should use 'on' to specify the type of exception being caught. Try adding an 'on' clause before the 'catch'. - avoid_catches_without_on_clauses
build	Static Analysis	2026-01-04T03:43:45.8916910Z [web3_universal_contract]:    info - lib/src/erc1155_contract.dart:158:53 - 'bool' parameters should be named parameters. Try converting the parameter to a named parameter. - avoid_positional_boolean_parameters
build	Static Analysis	2026-01-04T03:43:45.8919163Z [web3_universal_contract]:    info - lib/src/erc721_contract.dart:202:53 - 'bool' parameters should be named parameters. Try converting the parameter to a named parameter. - avoid_positional_boolean_parameters
build	Static Analysis	2026-01-04T03:43:45.8921218Z [web3_universal_contract]:    info - lib/web3_universal_contract.dart:2:9 - Library names are not necessary. Remove the library name. - unnecessary_library_name
build	Static Analysis	2026-01-04T03:43:45.8922867Z [web3_universal_contract]:    info - test/contract_factory_test.dart:2:1 - Sort directive sections alphabetically. Try sorting the directives. - directives_ordering
build	Static Analysis	2026-01-04T03:43:45.8924558Z [web3_universal_contract]:    info - test/contract_test.dart:7:1 - Sort directive sections alphabetically. Try sorting the directives. - directives_ordering
build	Static Analysis	2026-01-04T03:43:45.8926246Z [web3_universal_contract]:    info - test/contract_test.dart:134:9 - Unnecessary duplication of receiver. Try using a cascade to avoid the duplication. - cascade_invocations
build	Static Analysis	2026-01-04T03:43:45.8928250Z [web3_universal_contract]:    info - test/erc20_contract_test.dart:3:1 - Sort directive sections alphabetically. Try sorting the directives. - directives_ordering
build	Static Analysis	2026-01-04T03:43:45.8930015Z [web3_universal_contract]:    info - test/mock_client.dart:42:8 - The method is used to change a property. Try converting the method to a setter. - use_setters_to_change_properties
build	Static Analysis	2026-01-04T03:43:45.8931950Z [web3_universal_contract]:    info - test/mock_client.dart:82:8 - The method is used to change a property. Try converting the method to a setter. - use_setters_to_change_properties
build	Static Analysis	2026-01-04T03:43:45.8932952Z [web3_universal_contract]: 
build	Static Analysis	2026-01-04T03:43:45.8933313Z [web3_universal_contract]: 30 issues found.
build	Static Analysis	2026-01-04T03:43:45.9339626Z [web3_universal_dapp]: Analyzing dapp...
build	Static Analysis	2026-01-04T03:43:46.3270218Z [web3_universal_core]: 
build	Static Analysis	2026-01-04T03:43:46.3272111Z [web3_universal_core]:    info - example/main.dart:18:9 - Unnecessary type annotation on a local variable. Try removing the type annotation. - omit_local_variable_types
build	Static Analysis	2026-01-04T03:43:46.3274202Z [web3_universal_core]:    info - lib/src/address.dart:133:30 - Static method should be a constructor. Try converting the method into a constructor. - prefer_constructors_over_static_methods
build	Static Analysis	2026-01-04T03:43:46.3276686Z [web3_universal_core]:    info - lib/src/address.dart:139:3 - The method '==' should not be overridden in classes not annotated with '@immutable'. Try removing the override or annotating the class with '@immutable'. - avoid_equals_and_hash_code_on_mutable_classes
build	Static Analysis	2026-01-04T03:43:46.3279520Z [web3_universal_core]:    info - lib/src/address.dart:146:3 - The method 'hashCode' should not be overridden in classes not annotated with '@immutable'. Try removing the override or annotating the class with '@immutable'. - avoid_equals_and_hash_code_on_mutable_classes
build	Static Analysis	2026-01-04T03:43:46.3282509Z [web3_universal_core]:    info - lib/src/hex.dart:26:7 - Unnecessary duplication of receiver. Try using a cascade to avoid the duplication. - cascade_invocations
build	Static Analysis	2026-01-04T03:43:46.3284250Z [web3_universal_core]:    info - lib/src/rlp.dart:103:5 - Unnecessary duplication of receiver. Try using a cascade to avoid the duplication. - cascade_invocations
build	Static Analysis	2026-01-04T03:43:46.3287503Z [web3_universal_core]:    info - test/address_test.dart:4:1 - Sort directive sections alphabetically. Try sorting the directives. - directives_ordering
build	Static Analysis	2026-01-04T03:43:46.3289359Z [web3_universal_core]:    info - test/bytes_test.dart:4:1 - Sort directive sections alphabetically. Try sorting the directives. - directives_ordering
build	Static Analysis	2026-01-04T03:43:46.3291175Z [web3_universal_core]:    info - test/core_property_test.dart:4:1 - Sort directive sections alphabetically. Try sorting the directives. - directives_ordering
build	Static Analysis	2026-01-04T03:43:46.3292768Z [web3_universal_core]:    info - test/hex_test.dart:4:1 - Sort directive sections alphabetically. Try sorting the directives. - directives_ordering
build	Static Analysis	2026-01-04T03:43:46.3294331Z [web3_universal_core]:    info - test/rlp_official_vector_test.dart:5:1 - Sort directive sections alphabetically. Try sorting the directives. - directives_ordering
build	Static Analysis	2026-01-04T03:43:46.3296107Z [web3_universal_core]:    info - test/rlp_official_vector_test.dart:31:5 - Unnecessary duplication of receiver. Try using a cascade to avoid the duplication. - cascade_invocations
build	Static Analysis	2026-01-04T03:43:46.3298013Z [web3_universal_core]:    info - test/rlp_official_vector_test.dart:61:11 - Unnecessary type annotation on a local variable. Try removing the type annotation. - omit_local_variable_types
build	Static Analysis	2026-01-04T03:43:46.3299795Z [web3_universal_core]:    info - test/rlp_test.dart:4:1 - Sort directive sections alphabetically. Try sorting the directives. - directives_ordering
build	Static Analysis	2026-01-04T03:43:46.3300861Z [web3_universal_core]: 
build	Static Analysis	2026-01-04T03:43:46.3301558Z [web3_universal_core]: 14 issues found.
build	Static Analysis	2026-01-04T03:43:46.3779669Z [web3_universal_debug]: Analyzing debug...
build	Static Analysis	2026-01-04T03:43:46.6431858Z [web3_universal_cosmos]: 
build	Static Analysis	2026-01-04T03:43:46.6433480Z [web3_universal_cosmos]:   error - example/main.dart:8:33 - The argument type 'String' can't be assigned to the parameter type 'Uint8List'.  - argument_type_not_assignable
build	Static Analysis	2026-01-04T03:43:46.6435249Z [web3_universal_cosmos]: warning - example/main.dart:12:9 - The value of the local variable 'client' isn't used. Try removing the variable or using it. - unused_local_variable
build	Static Analysis	2026-01-04T03:43:46.6437089Z [web3_universal_cosmos]:    info - lib/src/models/ibc.dart:29:5 - Unnecessary duplication of receiver. Try using a cascade to avoid the duplication. - cascade_invocations
build	Static Analysis	2026-01-04T03:43:46.6438771Z [web3_universal_cosmos]:    info - lib/src/models/ibc.dart:30:5 - Unnecessary duplication of receiver. Try using a cascade to avoid the duplication. - cascade_invocations
build	Static Analysis	2026-01-04T03:43:46.6440401Z [web3_universal_cosmos]:    info - lib/src/models/ibc.dart:31:5 - Unnecessary duplication of receiver. Try using a cascade to avoid the duplication. - cascade_invocations
build	Static Analysis	2026-01-04T03:43:46.6442385Z [web3_universal_cosmos]:    info - lib/src/models/ibc.dart:32:5 - Unnecessary duplication of receiver. Try using a cascade to avoid the duplication. - cascade_invocations
build	Static Analysis	2026-01-04T03:43:46.6444125Z [web3_universal_cosmos]:    info - lib/src/models/ibc.dart:33:5 - Unnecessary duplication of receiver. Try using a cascade to avoid the duplication. - cascade_invocations
build	Static Analysis	2026-01-04T03:43:46.6445864Z [web3_universal_cosmos]:    info - lib/src/models/ibc.dart:34:5 - Unnecessary duplication of receiver. Try using a cascade to avoid the duplication. - cascade_invocations
build	Static Analysis	2026-01-04T03:43:46.6447601Z [web3_universal_cosmos]:    info - lib/src/models/ibc.dart:35:5 - Unnecessary duplication of receiver. Try using a cascade to avoid the duplication. - cascade_invocations
build	Static Analysis	2026-01-04T03:43:46.6449416Z [web3_universal_cosmos]:    info - lib/src/models/ibc.dart:48:7 - Unnecessary duplication of receiver. Try using a cascade to avoid the duplication. - cascade_invocations
build	Static Analysis	2026-01-04T03:43:46.6452877Z [web3_universal_cosmos]:    info - lib/src/models/ibc.dart:49:7 - Unnecessary duplication of receiver. Try using a cascade to avoid the duplication. - cascade_invocations
build	Static Analysis	2026-01-04T03:43:46.6455001Z [web3_universal_cosmos]:    info - lib/src/models/staking.dart:21:5 - Unnecessary duplication of receiver. Try using a cascade to avoid the duplication. - cascade_invocations
build	Static Analysis	2026-01-04T03:43:46.6456740Z [web3_universal_cosmos]:    info - lib/src/models/staking.dart:22:5 - Unnecessary duplication of receiver. Try using a cascade to avoid the duplication. - cascade_invocations
build	Static Analysis	2026-01-04T03:43:46.6458474Z [web3_universal_cosmos]:    info - lib/src/models/staking.dart:23:5 - Unnecessary duplication of receiver. Try using a cascade to avoid the duplication. - cascade_invocations
build	Static Analysis	2026-01-04T03:43:46.6460278Z [web3_universal_cosmos]:    info - lib/src/models/staking.dart:44:5 - Unnecessary duplication of receiver. Try using a cascade to avoid the duplication. - cascade_invocations
build	Static Analysis	2026-01-04T03:43:46.6462551Z [web3_universal_cosmos]:    info - lib/src/models/staking.dart:45:5 - Unnecessary duplication of receiver. Try using a cascade to avoid the duplication. - cascade_invocations
build	Static Analysis	2026-01-04T03:43:46.6464258Z [web3_universal_cosmos]:    info - lib/src/models/staking.dart:46:5 - Unnecessary duplication of receiver. Try using a cascade to avoid the duplication. - cascade_invocations
build	Static Analysis	2026-01-04T03:43:46.6466027Z [web3_universal_cosmos]:    info - lib/src/models/transaction.dart:20:9 - Unnecessary duplication of receiver. Try using a cascade to avoid the duplication. - cascade_invocations
build	Static Analysis	2026-01-04T03:43:46.6467744Z [web3_universal_cosmos]:    info - lib/src/models/transaction.dart:21:9 - Unnecessary duplication of receiver. Try using a cascade to avoid the duplication. - cascade_invocations
build	Static Analysis	2026-01-04T03:43:46.6473106Z [web3_universal_cosmos]:    info - lib/src/models/transaction.dart:46:9 - Unnecessary duplication of receiver. Try using a cascade to avoid the duplication. - cascade_invocations
build	Static Analysis	2026-01-04T03:43:46.6482970Z [web3_universal_cosmos]:    info - lib/src/models/transaction.dart:61:9 - Unnecessary duplication of receiver. Try using a cascade to avoid the duplication. - cascade_invocations
build	Static Analysis	2026-01-04T03:43:46.6484776Z [web3_universal_cosmos]:    info - lib/src/models/transaction.dart:62:9 - Unnecessary duplication of receiver. Try using a cascade to avoid the duplication. - cascade_invocations
build	Static Analysis	2026-01-04T03:43:46.6486556Z [web3_universal_cosmos]:    info - lib/src/models/transaction.dart:102:9 - Unnecessary duplication of receiver. Try using a cascade to avoid the duplication. - cascade_invocations
build	Static Analysis	2026-01-04T03:43:46.6488339Z [web3_universal_cosmos]:    info - lib/src/models/transaction.dart:103:9 - Unnecessary duplication of receiver. Try using a cascade to avoid the duplication. - cascade_invocations
build	Static Analysis	2026-01-04T03:43:46.6490124Z [web3_universal_cosmos]:    info - lib/src/models/transaction.dart:104:9 - Unnecessary duplication of receiver. Try using a cascade to avoid the duplication. - cascade_invocations
build	Static Analysis	2026-01-04T03:43:46.6492021Z [web3_universal_cosmos]:    info - lib/src/models/transaction.dart:118:9 - Unnecessary duplication of receiver. Try using a cascade to avoid the duplication. - cascade_invocations
build	Static Analysis	2026-01-04T03:43:46.6493704Z [web3_universal_cosmos]:    info - lib/src/models/transaction.dart:148:9 - Unnecessary duplication of receiver. Try using a cascade to avoid the duplication. - cascade_invocations
build	Static Analysis	2026-01-04T03:43:46.6495403Z [web3_universal_cosmos]:    info - lib/src/models/transaction.dart:149:9 - Unnecessary duplication of receiver. Try using a cascade to avoid the duplication. - cascade_invocations
build	Static Analysis	2026-01-04T03:43:46.6497144Z [web3_universal_cosmos]:    info - lib/src/models/transaction.dart:170:9 - Unnecessary duplication of receiver. Try using a cascade to avoid the duplication. - cascade_invocations
build	Static Analysis	2026-01-04T03:43:46.6498923Z [web3_universal_cosmos]:    info - lib/src/models/transaction.dart:171:9 - Unnecessary duplication of receiver. Try using a cascade to avoid the duplication. - cascade_invocations
build	Static Analysis	2026-01-04T03:43:46.6500630Z [web3_universal_cosmos]:    info - lib/src/models/transaction.dart:195:9 - Unnecessary duplication of receiver. Try using a cascade to avoid the duplication. - cascade_invocations
build	Static Analysis	2026-01-04T03:43:46.6502960Z [web3_universal_cosmos]:    info - lib/src/models/transaction.dart:196:9 - Unnecessary duplication of receiver. Try using a cascade to avoid the duplication. - cascade_invocations
build	Static Analysis	2026-01-04T03:43:46.6504606Z [web3_universal_cosmos]:    info - lib/src/models/transaction.dart:197:9 - Unnecessary duplication of receiver. Try using a cascade to avoid the duplication. - cascade_invocations
build	Static Analysis	2026-01-04T03:43:46.6506297Z [web3_universal_cosmos]:    info - lib/src/models/transaction.dart:198:9 - Unnecessary duplication of receiver. Try using a cascade to avoid the duplication. - cascade_invocations
build	Static Analysis	2026-01-04T03:43:46.6534655Z [web3_universal_cosmos]:    info - lib/src/rpc/client.dart:23:22 - Method invocation or property access on a 'dynamic' target. Try giving the target a type. - avoid_dynamic_calls
build	Static Analysis	2026-01-04T03:43:46.6536835Z [web3_universal_cosmos]:    info - lib/src/rpc/client.dart:25:16 - Method invocation or property access on a 'dynamic' target. Try giving the target a type. - avoid_dynamic_calls
build	Static Analysis	2026-01-04T03:43:46.6538936Z [web3_universal_cosmos]:    info - lib/src/rpc/client.dart:26:17 - Method invocation or property access on a 'dynamic' target. Try giving the target a type. - avoid_dynamic_calls
build	Static Analysis	2026-01-04T03:43:46.6540864Z [web3_universal_cosmos]:    info - lib/src/rpc/client.dart:41:21 - Method invocation or property access on a 'dynamic' target. Try giving the target a type. - avoid_dynamic_calls
build	Static Analysis	2026-01-04T03:43:46.6542985Z [web3_universal_cosmos]:    info - lib/src/rpc/client.dart:44:9 - Method invocation or property access on a 'dynamic' target. Try giving the target a type. - avoid_dynamic_calls
build	Static Analysis	2026-01-04T03:43:46.6553148Z [web3_universal_cosmos]:    info - lib/src/rpc/client.dart:49:16 - Method invocation or property access on a 'dynamic' target. Try giving the target a type. - avoid_dynamic_calls
build	Static Analysis	2026-01-04T03:43:46.6555309Z [web3_universal_cosmos]:    info - lib/src/rpc/client.dart:50:32 - Method invocation or property access on a 'dynamic' target. Try giving the target a type. - avoid_dynamic_calls
build	Static Analysis	2026-01-04T03:43:46.6557166Z [web3_universal_cosmos]:    info - lib/src/rpc/client.dart:51:27 - Method invocation or property access on a 'dynamic' target. Try giving the target a type. - avoid_dynamic_calls
build	Static Analysis	2026-01-04T03:43:46.6558998Z [web3_universal_cosmos]:    info - lib/src/rpc/client.dart:75:12 - Method invocation or property access on a 'dynamic' target. Try giving the target a type. - avoid_dynamic_calls
build	Static Analysis	2026-01-04T03:43:46.6560833Z [web3_universal_cosmos]:    info - lib/src/rpc/client.dart:75:12 - Method invocation or property access on a 'dynamic' target. Try giving the target a type. - avoid_dynamic_calls
build	Static Analysis	2026-01-04T03:43:46.6562757Z [web3_universal_cosmos]:    info - lib/web3_universal_cosmos.dart:1:9 - Library names are not necessary. Remove the library name. - unnecessary_library_name
build	Static Analysis	2026-01-04T03:43:46.6574000Z [web3_universal_cosmos]:    info - test/advanced_test.dart:3:1 - Sort directive sections alphabetically. Try sorting the directives. - directives_ordering
build	Static Analysis	2026-01-04T03:43:46.6575540Z [web3_universal_cosmos]:    info - test/advanced_test.dart:6:1 - Sort directive sections alphabetically. Try sorting the directives. - directives_ordering
build	Static Analysis	2026-01-04T03:43:46.6577073Z [web3_universal_cosmos]:    info - test/cosmos_test.dart:4:1 - Sort directive sections alphabetically. Try sorting the directives. - directives_ordering
build	Static Analysis	2026-01-04T03:43:46.6578567Z [web3_universal_cosmos]:    info - test/integration_test.dart:4:1 - Sort directive sections alphabetically. Try sorting the directives. - directives_ordering
build	Static Analysis	2026-01-04T03:43:46.6580225Z [web3_universal_cosmos]:    info - test/integration_test.dart:37:16 - Method invocation or property access on a 'dynamic' target. Try giving the target a type. - avoid_dynamic_calls
build	Static Analysis	2026-01-04T03:43:46.6582062Z [web3_universal_cosmos]:    info - test/integration_test.dart:38:16 - Method invocation or property access on a 'dynamic' target. Try giving the target a type. - avoid_dynamic_calls
build	Static Analysis	2026-01-04T03:43:46.6587663Z [web3_universal_cosmos]:    info - test/transaction_test.dart:4:1 - Sort directive sections alphabetically. Try sorting the directives. - directives_ordering
build	Static Analysis	2026-01-04T03:43:46.6589418Z [web3_universal_cosmos]:    info - test/vector_test.dart:6:1 - Sort directive sections alphabetically. Try sorting the directives. - directives_ordering
build	Static Analysis	2026-01-04T03:43:46.6590566Z [web3_universal_cosmos]: 
build	Static Analysis	2026-01-04T03:43:46.6606339Z [web3_universal_cosmos]: 53 issues found.
build	Static Analysis	2026-01-04T03:43:46.7346585Z [web3_universal_ens]: Analyzing ens...
build	Static Analysis	2026-01-04T03:43:46.7805862Z [web3_universal_dapp]: 
build	Static Analysis	2026-01-04T03:43:46.7807451Z [web3_universal_dapp]:    info - lib/web3_universal_dapp.dart:1:9 - Library names are not necessary. Remove the library name. - unnecessary_library_name
build	Static Analysis	2026-01-04T03:43:46.7808790Z [web3_universal_dapp]: 
build	Static Analysis	2026-01-04T03:43:46.7810192Z [web3_universal_dapp]: 1 issue found.
build	Static Analysis	2026-01-04T03:43:46.8370239Z [web3_universal_crypto]: 
build	Static Analysis	2026-01-04T03:43:46.8375645Z [web3_universal_crypto]: warning - test/sha512_test.dart:1:8 - Unused import: 'dart:convert'. Try removing the import directive. - unused_import
build	Static Analysis	2026-01-04T03:43:46.8377786Z [web3_universal_crypto]:    info - lib/src/base58.dart:163:5 - Unnecessary duplication of receiver. Try using a cascade to avoid the duplication. - cascade_invocations
build	Static Analysis	2026-01-04T03:43:46.8379874Z [web3_universal_crypto]:    info - lib/src/base58.dart:179:5 - Unnecessary duplication of receiver. Try using a cascade to avoid the duplication. - cascade_invocations
build	Static Analysis	2026-01-04T03:43:46.8382355Z [web3_universal_crypto]:    info - lib/src/bip39.dart:7:1 - Classes should define instance members. Try adding instance behavior or moving the members out of the class. - avoid_classes_with_only_static_members
build	Static Analysis	2026-01-04T03:43:46.8384616Z [web3_universal_crypto]:    info - lib/src/bip39.dart:85:7 - Catch clause should use 'on' to specify the type of exception being caught. Try adding an 'on' clause before the 'catch'. - avoid_catches_without_on_clauses
build	Static Analysis	2026-01-04T03:43:46.8387693Z [web3_universal_crypto]:    info - lib/src/bip39.dart:101:5 - Unnecessary duplication of receiver. Try using a cascade to avoid the duplication. - cascade_invocations
build	Static Analysis	2026-01-04T03:43:46.8389625Z [web3_universal_crypto]:    info - lib/src/bip39.dart:102:5 - Unnecessary duplication of receiver. Try using a cascade to avoid the duplication. - cascade_invocations
build	Static Analysis	2026-01-04T03:43:46.8391886Z [web3_universal_crypto]:    info - lib/src/curves.dart:142:1 - Classes should define instance members. Try adding instance behavior or moving the members out of the class. - avoid_classes_with_only_static_members
build	Static Analysis	2026-01-04T03:43:46.8393925Z [web3_universal_crypto]:    info - lib/src/ed25519.dart:5:1 - Sort directive sections alphabetically. Try sorting the directives. - directives_ordering
build	Static Analysis	2026-01-04T03:43:46.8395958Z [web3_universal_crypto]:    info - lib/src/ed25519.dart:34:23 - The variable name '_L' isn't a lowerCamelCase identifier. Try changing the name to follow the lowerCamelCase style. - non_constant_identifier_names
build	Static Analysis	2026-01-04T03:43:46.8398294Z [web3_universal_crypto]:    info - lib/src/ed25519.dart:44:23 - The variable name '_By' isn't a lowerCamelCase identifier. Try changing the name to follow the lowerCamelCase style. - non_constant_identifier_names
build	Static Analysis	2026-01-04T03:43:46.8405405Z [web3_universal_crypto]:    info - lib/src/ed25519.dart:47:23 - The variable name '_Bx' isn't a lowerCamelCase identifier. Try changing the name to follow the lowerCamelCase style. - non_constant_identifier_names
build	Static Analysis	2026-01-04T03:43:46.8407666Z [web3_universal_crypto]:    info - lib/src/ed25519.dart:90:11 - The variable name 'RBytes' isn't a lowerCamelCase identifier. Try changing the name to follow the lowerCamelCase style. - non_constant_identifier_names
build	Static Analysis	2026-01-04T03:43:46.8409857Z [web3_universal_crypto]:    info - lib/src/ed25519.dart:94:11 - The variable name 'ABytes' isn't a lowerCamelCase identifier. Try changing the name to follow the lowerCamelCase style. - non_constant_identifier_names
build	Static Analysis	2026-01-04T03:43:46.8412563Z [web3_universal_crypto]:    info - lib/src/ed25519.dart:102:11 - The variable name 'SBytes' isn't a lowerCamelCase identifier. Try changing the name to follow the lowerCamelCase style. - non_constant_identifier_names
build	Static Analysis	2026-01-04T03:43:46.8414738Z [web3_universal_crypto]:    info - lib/src/ed25519.dart:122:13 - The variable name 'RBytes' isn't a lowerCamelCase identifier. Try changing the name to follow the lowerCamelCase style. - non_constant_identifier_names
build	Static Analysis	2026-01-04T03:43:46.8416937Z [web3_universal_crypto]:    info - lib/src/ed25519.dart:123:13 - The variable name 'SBytes' isn't a lowerCamelCase identifier. Try changing the name to follow the lowerCamelCase style. - non_constant_identifier_names
build	Static Analysis	2026-01-04T03:43:46.8419098Z [web3_universal_crypto]:    info - lib/src/ed25519.dart:144:13 - The variable name 'RkA' isn't a lowerCamelCase identifier. Try changing the name to follow the lowerCamelCase style. - non_constant_identifier_names
build	Static Analysis	2026-01-04T03:43:46.8421489Z [web3_universal_crypto]:    info - lib/src/ed25519.dart:148:7 - Catch clause should use 'on' to specify the type of exception being caught. Try adding an 'on' clause before the 'catch'. - avoid_catches_without_on_clauses
build	Static Analysis	2026-01-04T03:43:46.8423710Z [web3_universal_crypto]:    info - lib/src/ed25519.dart:249:23 - Multiple variables declared on a single line. Try splitting the variable declarations into multiple lines. - avoid_multiple_declarations_per_line
build	Static Analysis	2026-01-04T03:43:46.8425895Z [web3_universal_crypto]:    info - lib/src/ed25519.dart:250:23 - Multiple variables declared on a single line. Try splitting the variable declarations into multiple lines. - avoid_multiple_declarations_per_line
build	Static Analysis	2026-01-04T03:43:46.8427936Z [web3_universal_crypto]:    info - lib/src/ed25519.dart:276:7 - Invalid assignment to the parameter 'k'. Try using a local variable in place of the parameter. - parameter_assignments
build	Static Analysis	2026-01-04T03:43:46.8430016Z [web3_universal_crypto]:    info - lib/src/hd_wallet.dart:117:7 - Unnecessary duplication of receiver. Try using a cascade to avoid the duplication. - cascade_invocations
build	Static Analysis	2026-01-04T03:43:46.8431962Z [web3_universal_crypto]:    info - lib/src/hd_wallet.dart:218:5 - Unnecessary duplication of receiver. Try using a cascade to avoid the duplication. - cascade_invocations
build	Static Analysis	2026-01-04T03:43:46.8433709Z [web3_universal_crypto]:    info - lib/src/hd_wallet.dart:221:5 - Unnecessary duplication of receiver. Try using a cascade to avoid the duplication. - cascade_invocations
build	Static Analysis	2026-01-04T03:43:46.8435421Z [web3_universal_crypto]:    info - lib/src/hd_wallet.dart:224:5 - Unnecessary duplication of receiver. Try using a cascade to avoid the duplication. - cascade_invocations
build	Static Analysis	2026-01-04T03:43:46.8437151Z [web3_universal_crypto]:    info - lib/src/hd_wallet.dart:229:7 - Unnecessary duplication of receiver. Try using a cascade to avoid the duplication. - cascade_invocations
build	Static Analysis	2026-01-04T03:43:46.8438999Z [web3_universal_crypto]:    info - lib/src/hd_wallet.dart:256:7 - Invalid assignment to the parameter 'value'. Try using a local variable in place of the parameter. - parameter_assignments
build	Static Analysis	2026-01-04T03:43:46.8441213Z [web3_universal_crypto]:    info - lib/src/hd_wallet.dart:288:18 - Use interpolation to compose strings and values. Try using string interpolation to build the composite string. - prefer_interpolation_to_compose_strings
build	Static Analysis	2026-01-04T03:43:46.8443417Z [web3_universal_crypto]:    info - lib/src/hmac.dart:2:8 - The imported package 'crypto' isn't a dependency of the importing package. Try adding a dependency for 'crypto' in the 'pubspec.yaml' file. - depend_on_referenced_packages
build	Static Analysis	2026-01-04T03:43:46.8445686Z [web3_universal_crypto]:    info - lib/src/keccak.dart:4:1 - Classes should define instance members. Try adding instance behavior or moving the members out of the class. - avoid_classes_with_only_static_members
build	Static Analysis	2026-01-04T03:43:46.8447862Z [web3_universal_crypto]:    info - lib/src/keccak.dart:45:3 - Constructor declarations should be before non-constructor declarations. Try moving the constructor declaration before all other members. - sort_constructors_first
build	Static Analysis	2026-01-04T03:43:46.8450217Z [web3_universal_crypto]:    info - lib/src/keccak.dart:78:12 - Don't return 'this' from a method. Try changing the return type to 'void' and removing the return. - avoid_returning_this
build	Static Analysis	2026-01-04T03:43:46.8452166Z [web3_universal_crypto]:    info - lib/src/keccak.dart:96:12 - Don't return 'this' from a method. Try changing the return type to 'void' and removing the return. - avoid_returning_this
build	Static Analysis	2026-01-04T03:43:46.8454122Z [web3_universal_crypto]:    info - lib/src/mnemonic.dart:74:44 - Catch clause should use 'on' to specify the type of exception being caught. Try adding an 'on' clause before the 'catch'. - avoid_catches_without_on_clauses
build	Static Analysis	2026-01-04T03:43:46.8455412Z [web3_universal_events]: Analyzing events...
build	Static Analysis	2026-01-04T03:43:46.8514414Z [web3_universal_crypto]:    info - lib/src/pbkdf2.dart:66:5 - Unnecessary duplication of receiver. Try using a cascade to avoid the duplication. - cascade_invocations
build	Static Analysis	2026-01-04T03:43:46.8521585Z [web3_universal_crypto]:    info - lib/src/ripemd160.dart:19:5 - Unnecessary duplication of receiver. Try using a cascade to avoid the duplication. - cascade_invocations
build	Static Analysis	2026-01-04T03:43:46.8525300Z [web3_universal_crypto]:    info - lib/src/ripemd160.dart:108:25 - Multiple variables declared on a single line. Try splitting the variable declarations into multiple lines. - avoid_multiple_declarations_per_line
build	Static Analysis	2026-01-04T03:43:46.8527633Z [web3_universal_crypto]:    info - lib/src/schnorr.dart:21:16 - Missing a required trailing comma. Try adding a trailing comma. - require_trailing_commas
build	Static Analysis	2026-01-04T03:43:46.8531569Z [web3_universal_crypto]:    info - lib/src/schnorr.dart:24:16 - Missing a required trailing comma. Try adding a trailing comma. - require_trailing_commas
build	Static Analysis	2026-01-04T03:43:46.8543826Z [web3_universal_crypto]:    info - lib/src/schnorr.dart:25:23 - The variable name '_Gx' isn't a lowerCamelCase identifier. Try changing the name to follow the lowerCamelCase style. - non_constant_identifier_names
build	Static Analysis	2026-01-04T03:43:46.8546241Z [web3_universal_crypto]:    info - lib/src/schnorr.dart:27:16 - Missing a required trailing comma. Try adding a trailing comma. - require_trailing_commas
build	Static Analysis	2026-01-04T03:43:46.8549181Z [web3_universal_crypto]:    info - lib/src/schnorr.dart:28:23 - The variable name '_Gy' isn't a lowerCamelCase identifier. Try changing the name to follow the lowerCamelCase style. - non_constant_identifier_names
build	Static Analysis	2026-01-04T03:43:46.8551173Z [web3_universal_crypto]:    info - lib/src/schnorr.dart:30:16 - Missing a required trailing comma. Try adding a trailing comma. - require_trailing_commas
build	Static Analysis	2026-01-04T03:43:46.8553740Z [web3_universal_crypto]:    info - lib/src/schnorr.dart:50:5 - Local variables should be final. Try making the variable final. - prefer_final_locals
build	Static Analysis	2026-01-04T03:43:46.8555408Z [web3_universal_crypto]:    info - lib/src/schnorr.dart:65:63 - Missing a required trailing comma. Try adding a trailing comma. - require_trailing_commas
build	Static Analysis	2026-01-04T03:43:46.8558045Z [web3_universal_crypto]:    info - lib/src/schnorr.dart:73:5 - Local variables should be final. Try making the variable final. - prefer_final_locals
build	Static Analysis	2026-01-04T03:43:46.8565563Z [web3_universal_crypto]:    info - lib/src/schnorr.dart:83:68 - Missing a required trailing comma. Try adding a trailing comma. - require_trailing_commas
build	Static Analysis	2026-01-04T03:43:46.8569525Z [web3_universal_crypto]:    info - lib/src/schnorr.dart:117:90 - Missing a required trailing comma. Try adding a trailing comma. - require_trailing_commas
build	Static Analysis	2026-01-04T03:43:46.8572822Z [web3_universal_crypto]:    info - lib/src/schnorr.dart:134:7 - Catch clause should use 'on' to specify the type of exception being caught. Try adding an 'on' clause before the 'catch'. - avoid_catches_without_on_clauses
build	Static Analysis	2026-01-04T03:43:46.8575145Z [web3_universal_crypto]:    info - lib/src/schnorr.dart:252:23 - Multiple variables declared on a single line. Try splitting the variable declarations into multiple lines. - avoid_multiple_declarations_per_line
build	Static Analysis	2026-01-04T03:43:46.8578591Z [web3_universal_crypto]:    info - lib/src/schnorr.dart:253:23 - Multiple variables declared on a single line. Try splitting the variable declarations into multiple lines. - avoid_multiple_declarations_per_line
build	Static Analysis	2026-01-04T03:43:46.8585057Z [web3_universal_crypto]:    info - lib/src/schnorr.dart:269:13 - Use an 'if' element to conditionally add elements. Try using an 'if' element rather than a conditional expression. - prefer_if_elements_to_conditional_expressions
build	Static Analysis	2026-01-04T03:43:46.8600857Z [web3_universal_crypto]:    info - lib/src/schnorr.dart:269:46 - Use an 'if' element to conditionally add elements. Try using an 'if' element rather than a conditional expression. - prefer_if_elements_to_conditional_expressions
build	Static Analysis	2026-01-04T03:43:46.8603333Z [web3_universal_crypto]:    info - lib/src/schnorr.dart:281:7 - Invalid assignment to the parameter 'k'. Try using a local variable in place of the parameter. - parameter_assignments
build	Static Analysis	2026-01-04T03:43:46.8605383Z [web3_universal_crypto]:    info - lib/src/secp256k1.dart:4:1 - Classes should define instance members. Try adding instance behavior or moving the members out of the class. - avoid_classes_with_only_static_members
build	Static Analysis	2026-01-04T03:43:46.8607507Z [web3_universal_crypto]:    info - lib/src/secp256k1.dart:88:9 - Catch clause should use 'on' to specify the type of exception being caught. Try adding an 'on' clause before the 'catch'. - avoid_catches_without_on_clauses
build	Static Analysis	2026-01-04T03:43:46.8619744Z [web3_universal_crypto]:    info - lib/src/secp256k1.dart:139:16 - Use 'isEven' rather than '% 2'. Try using 'isEven'. - use_is_even_rather_than_modulo
build	Static Analysis	2026-01-04T03:43:46.8625360Z [web3_universal_crypto]:    info - lib/src/secp256k1.dart:202:7 - Catch clause should use 'on' to specify the type of exception being caught. Try adding an 'on' clause before the 'catch'. - avoid_catches_without_on_clauses
build	Static Analysis	2026-01-04T03:43:46.8637320Z [web3_universal_crypto]:    info - lib/src/secp256k1.dart:221:7 - Invalid assignment to the parameter 'value'. Try using a local variable in place of the parameter. - parameter_assignments
build	Static Analysis	2026-01-04T03:43:46.8639891Z [web3_universal_crypto]:    info - lib/src/secp256k1.dart:278:7 - Invalid assignment to the parameter 'k'. Try using a local variable in place of the parameter. - parameter_assignments
build	Static Analysis	2026-01-04T03:43:46.8643124Z [web3_universal_crypto]:    info - lib/src/secp256k1.dart:358:3 - The method '==' should not be overridden in classes not annotated with '@immutable'. Try removing the override or annotating the class with '@immutable'. - avoid_equals_and_hash_code_on_mutable_classes
build	Static Analysis	2026-01-04T03:43:46.8649292Z [web3_universal_crypto]:    info - lib/src/secp256k1.dart:366:3 - The method 'hashCode' should not be overridden in classes not annotated with '@immutable'. Try removing the override or annotating the class with '@immutable'. - avoid_equals_and_hash_code_on_mutable_classes
build	Static Analysis	2026-01-04T03:43:46.8652454Z [web3_universal_crypto]:    info - lib/src/sha2.dart:2:8 - The imported package 'crypto' isn't a dependency of the importing package. Try adding a dependency for 'crypto' in the 'pubspec.yaml' file. - depend_on_referenced_packages
build	Static Analysis	2026-01-04T03:43:46.8654796Z [web3_universal_crypto]:    info - lib/web3_universal_crypto.dart:16:9 - Library names are not necessary. Remove the library name. - unnecessary_library_name
build	Static Analysis	2026-01-04T03:43:46.8657721Z [web3_universal_crypto]:    info - test/crypto_official_vector_test.dart:5:1 - Sort directive sections alphabetically. Try sorting the directives. - directives_ordering
build	Static Analysis	2026-01-04T03:43:46.8668118Z [web3_universal_crypto]:    info - test/crypto_official_vector_test.dart:6:1 - Sort directive sections alphabetically. Try sorting the directives. - directives_ordering
build	Static Analysis	2026-01-04T03:43:46.8674686Z [web3_universal_crypto]:    info - test/crypto_official_vector_test.dart:7:1 - Sort directive sections alphabetically. Try sorting the directives. - directives_ordering
build	Static Analysis	2026-01-04T03:43:46.8677252Z [web3_universal_crypto]:    info - test/crypto_official_vector_test.dart:7:8 - The imported package 'path' isn't a dependency of the importing package. Try adding a dependency for 'path' in the 'pubspec.yaml' file. - depend_on_referenced_packages
build	Static Analysis	2026-01-04T03:43:46.8680372Z [web3_universal_crypto]:    info - test/crypto_official_vector_test.dart:14:13 - Unnecessary type annotation on a local variable. Try removing the type annotation. - omit_local_variable_types
build	Static Analysis	2026-01-04T03:43:46.8692292Z [web3_universal_crypto]:    info - test/crypto_official_vector_test.dart:18:26 - Method invocation or property access on a 'dynamic' target. Try giving the target a type. - avoid_dynamic_calls
build	Static Analysis	2026-01-04T03:43:46.8694266Z [web3_universal_crypto]:    info - test/crypto_official_vector_test.dart:19:28 - Method invocation or property access on a 'dynamic' target. Try giving the target a type. - avoid_dynamic_calls
build	Static Analysis	2026-01-04T03:43:46.8696207Z [web3_universal_crypto]:    info - test/crypto_official_vector_test.dart:20:33 - Method invocation or property access on a 'dynamic' target. Try giving the target a type. - avoid_dynamic_calls
build	Static Analysis	2026-01-04T03:43:46.8701835Z [web3_universal_crypto]:    info - test/crypto_primitives_test.dart:5:1 - Sort directive sections alphabetically. Try sorting the directives. - directives_ordering
build	Static Analysis	2026-01-04T03:43:46.8703609Z [web3_universal_crypto]:    info - test/crypto_property_test.dart:5:1 - Sort directive sections alphabetically. Try sorting the directives. - directives_ordering
build	Static Analysis	2026-01-04T03:43:46.8705573Z [web3_universal_crypto]:    info - test/crypto_property_test.dart:54:15 - Catch clause should use 'on' to specify the type of exception being caught. Try adding an 'on' clause before the 'catch'. - avoid_catches_without_on_clauses
build	Static Analysis	2026-01-04T03:43:46.8707790Z [web3_universal_crypto]:    info - test/crypto_property_test.dart:64:11 - Catch clause should use 'on' to specify the type of exception being caught. Try adding an 'on' clause before the 'catch'. - avoid_catches_without_on_clauses
build	Static Analysis	2026-01-04T03:43:46.8710243Z [web3_universal_crypto]:    info - test/crypto_property_test.dart:149:11 - Catch clause should use 'on' to specify the type of exception being caught. Try adding an 'on' clause before the 'catch'. - avoid_catches_without_on_clauses
build	Static Analysis	2026-01-04T03:43:46.8712933Z [web3_universal_crypto]:    info - test/crypto_property_test.dart:210:11 - Catch clause should use 'on' to specify the type of exception being caught. Try adding an 'on' clause before the 'catch'. - avoid_catches_without_on_clauses
build	Static Analysis	2026-01-04T03:43:46.8714798Z [web3_universal_crypto]:    info - test/curves_test.dart:4:1 - Sort directive sections alphabetically. Try sorting the directives. - directives_ordering
build	Static Analysis	2026-01-04T03:43:46.8716520Z [web3_universal_crypto]:    info - test/curves_test.dart:21:38 - Statements in a for should be enclosed in a block. Try wrapping the statement in a block. - curly_braces_in_flow_control_structures
build	Static Analysis	2026-01-04T03:43:46.8718353Z [web3_universal_crypto]:    info - test/curves_test.dart:60:38 - Statements in a for should be enclosed in a block. Try wrapping the statement in a block. - curly_braces_in_flow_control_structures
build	Static Analysis	2026-01-04T03:43:46.8720078Z [web3_universal_crypto]:    info - test/ed25519_test.dart:5:1 - Sort directive sections alphabetically. Try sorting the directives. - directives_ordering
build	Static Analysis	2026-01-04T03:43:46.8721825Z [web3_universal_crypto]:    info - test/hd_wallet_test.dart:4:1 - Sort directive sections alphabetically. Try sorting the directives. - directives_ordering
build	Static Analysis	2026-01-04T03:43:46.8723353Z [web3_universal_crypto]:    info - test/keccak_test.dart:4:1 - Sort directive sections alphabetically. Try sorting the directives. - directives_ordering
build	Static Analysis	2026-01-04T03:43:46.8724920Z [web3_universal_crypto]:    info - test/mnemonic_test.dart:3:1 - Sort directive sections alphabetically. Try sorting the directives. - directives_ordering
build	Static Analysis	2026-01-04T03:43:46.8726484Z [web3_universal_crypto]:    info - test/secp256k1_test.dart:5:1 - Sort directive sections alphabetically. Try sorting the directives. - directives_ordering
build	Static Analysis	2026-01-04T03:43:46.8728059Z [web3_universal_crypto]:    info - test/sha512_test.dart:6:1 - Sort directive sections alphabetically. Try sorting the directives. - directives_ordering
build	Static Analysis	2026-01-04T03:43:46.8729250Z [web3_universal_crypto]: 
build	Static Analysis	2026-01-04T03:43:46.8729638Z [web3_universal_crypto]: 88 issues found.
build	Static Analysis	2026-01-04T03:43:46.8970122Z [web3_universal_history]: Analyzing history...
build	Static Analysis	2026-01-04T03:43:47.0591895Z [web3_universal_debug]: 
build	Static Analysis	2026-01-04T03:43:47.0599304Z [web3_universal_debug]:    info - lib/web3_universal_debug.dart:1:9 - Library names are not necessary. Remove the library name. - unnecessary_library_name
build	Static Analysis	2026-01-04T03:43:47.0601264Z [web3_universal_debug]:    info - test/debug_service_test.dart:2:1 - Sort directive sections alphabetically. Try sorting the directives. - directives_ordering
build	Static Analysis	2026-01-04T03:43:47.0602371Z [web3_universal_debug]: 
build	Static Analysis	2026-01-04T03:43:47.0602759Z [web3_universal_debug]: 2 issues found.
build	Static Analysis	2026-01-04T03:43:47.1160554Z [web3_universal_keystone]: Analyzing keystone...
build	Static Analysis	2026-01-04T03:43:47.3880444Z [web3_universal_history]: 
build	Static Analysis	2026-01-04T03:43:47.3885606Z [web3_universal_history]:    info - lib/web3_universal_history.dart:1:9 - Library names are not necessary. Remove the library name. - unnecessary_library_name
build	Static Analysis	2026-01-04T03:43:47.3889448Z [web3_universal_history]:    info - test/history_service_test.dart:3:1 - Sort directive sections alphabetically. Try sorting the directives. - directives_ordering
build	Static Analysis	2026-01-04T03:43:47.3924053Z [web3_universal_history]: 
build	Static Analysis	2026-01-04T03:43:47.3926492Z [web3_universal_history]: 2 issues found.
build	Static Analysis	2026-01-04T03:43:47.4329992Z [web3_universal_ledger]: Analyzing ledger...
build	Static Analysis	2026-01-04T03:43:47.4506583Z [web3_universal_ens]: 
build	Static Analysis	2026-01-04T03:43:47.4509727Z [web3_universal_ens]:   error - example/main.dart:8:19 - The getter 'mainnet' isn't defined for the type 'Chains'. Try importing the library that defines 'mainnet', correcting the name to the name of an existing getter, or defining a getter or field named 'mainnet'. - undefined_getter
build	Static Analysis	2026-01-04T03:43:47.4525100Z [web3_universal_ens]:    info - example/main.dart:2:1 - Sort directive sections alphabetically. Try sorting the directives. - directives_ordering
build	Static Analysis	2026-01-04T03:43:47.4526693Z [web3_universal_ens]:    info - example/main.dart:3:1 - Sort directive sections alphabetically. Try sorting the directives. - directives_ordering
build	Static Analysis	2026-01-04T03:43:47.4528475Z [web3_universal_ens]:    info - lib/src/ens_records.dart:49:7 - Catch clause should use 'on' to specify the type of exception being caught. Try adding an 'on' clause before the 'catch'. - avoid_catches_without_on_clauses
build	Static Analysis	2026-01-04T03:43:47.4530551Z [web3_universal_ens]:    info - lib/src/ens_records.dart:158:7 - Catch clause should use 'on' to specify the type of exception being caught. Try adding an 'on' clause before the 'catch'. - avoid_catches_without_on_clauses
build	Static Analysis	2026-01-04T03:43:47.4532834Z [web3_universal_ens]:    info - lib/src/ens_records.dart:207:7 - Catch clause should use 'on' to specify the type of exception being caught. Try adding an 'on' clause before the 'catch'. - avoid_catches_without_on_clauses
build	Static Analysis	2026-01-04T03:43:47.4534736Z [web3_universal_ens]:    info - lib/src/ens_records.dart:257:23 - Method invocation or property access on a 'dynamic' target. Try giving the target a type. - avoid_dynamic_calls
build	Static Analysis	2026-01-04T03:43:47.4536469Z [web3_universal_ens]:    info - lib/src/ens_records.dart:263:12 - Method invocation or property access on a 'dynamic' target. Try giving the target a type. - avoid_dynamic_calls
build	Static Analysis	2026-01-04T03:43:47.4538350Z [web3_universal_ens]:    info - lib/src/ens_resolver.dart:50:7 - Catch clause should use 'on' to specify the type of exception being caught. Try adding an 'on' clause before the 'catch'. - avoid_catches_without_on_clauses
build	Static Analysis	2026-01-04T03:43:47.4540395Z [web3_universal_ens]:    info - lib/src/ens_resolver.dart:99:7 - Catch clause should use 'on' to specify the type of exception being caught. Try adding an 'on' clause before the 'catch'. - avoid_catches_without_on_clauses
build	Static Analysis	2026-01-04T03:43:47.4583012Z [web3_universal_ens]:    info - lib/src/ens_resolver.dart:137:7 - Catch clause should use 'on' to specify the type of exception being caught. Try adding an 'on' clause before the 'catch'. - avoid_catches_without_on_clauses
build	Static Analysis	2026-01-04T03:43:47.4585557Z [web3_universal_ens]:    info - lib/src/ens_resolver.dart:155:7 - Catch clause should use 'on' to specify the type of exception being caught. Try adding an 'on' clause before the 'catch'. - avoid_catches_without_on_clauses
build	Static Analysis	2026-01-04T03:43:47.4587440Z [web3_universal_ens]:    info - lib/src/ens_resolver.dart:183:23 - Method invocation or property access on a 'dynamic' target. Try giving the target a type. - avoid_dynamic_calls
build	Static Analysis	2026-01-04T03:43:47.4589244Z [web3_universal_ens]:    info - lib/src/ens_resolver.dart:189:12 - Method invocation or property access on a 'dynamic' target. Try giving the target a type. - avoid_dynamic_calls
build	Static Analysis	2026-01-04T03:43:47.4608935Z [web3_universal_ens]:    info - lib/src/multichain_resolver.dart:55:7 - Catch clause should use 'on' to specify the type of exception being caught. Try adding an 'on' clause before the 'catch'. - avoid_catches_without_on_clauses
build	Static Analysis	2026-01-04T03:43:47.4611464Z [web3_universal_ens]:    info - lib/src/multichain_resolver.dart:134:7 - Catch clause should use 'on' to specify the type of exception being caught. Try adding an 'on' clause before the 'catch'. - avoid_catches_without_on_clauses
build	Static Analysis	2026-01-04T03:43:47.4613480Z [web3_universal_ens]:    info - lib/src/multichain_resolver.dart:242:23 - Method invocation or property access on a 'dynamic' target. Try giving the target a type. - avoid_dynamic_calls
build	Static Analysis	2026-01-04T03:43:47.4615231Z [web3_universal_ens]:    info - lib/src/multichain_resolver.dart:248:12 - Method invocation or property access on a 'dynamic' target. Try giving the target a type. - avoid_dynamic_calls
build	Static Analysis	2026-01-04T03:43:47.4617306Z [web3_universal_ens]:    info - lib/src/multichain_resolver.dart:320:20 - The constant name 'bitcoin_cash' isn't a lowerCamelCase identifier. Try changing the name to follow the lowerCamelCase style. - constant_identifier_names
build	Static Analysis	2026-01-04T03:43:47.4619469Z [web3_universal_ens]:    info - lib/web3_universal_ens.dart:2:9 - Library names are not necessary. Remove the library name. - unnecessary_library_name
build	Static Analysis	2026-01-04T03:43:47.4620875Z [web3_universal_ens]:    info - test/ens_client_test.dart:3:1 - Sort directive sections alphabetically. Try sorting the directives. - directives_ordering
build	Static Analysis	2026-01-04T03:43:47.4622513Z [web3_universal_ens]:    info - test/ens_records_test.dart:3:1 - Sort directive sections alphabetically. Try sorting the directives. - directives_ordering
build	Static Analysis	2026-01-04T03:43:47.4624093Z [web3_universal_ens]:    info - test/ens_resolver_test.dart:3:1 - Sort directive sections alphabetically. Try sorting the directives. - directives_ordering
build	Static Analysis	2026-01-04T03:43:47.4625090Z [web3_universal_ens]: 
build	Static Analysis	2026-01-04T03:43:47.4625459Z [web3_universal_ens]: 23 issues found.
build	Static Analysis	2026-01-04T03:43:47.4975135Z [web3_universal_events]: 
build	Static Analysis	2026-01-04T03:43:47.4978765Z [web3_universal_events]:    info - lib/src/confirmation_filter.dart:100:9 - Catch clause should use 'on' to specify the type of exception being caught. Try adding an 'on' clause before the 'catch'. - avoid_catches_without_on_clauses
build	Static Analysis	2026-01-04T03:43:47.4981721Z [web3_universal_events]:    info - lib/src/confirmation_filter.dart:202:7 - Catch clause should use 'on' to specify the type of exception being caught. Try adding an 'on' clause before the 'catch'. - avoid_catches_without_on_clauses
build	Static Analysis	2026-01-04T03:43:47.4984459Z [web3_universal_events]:    info - lib/src/event_filter.dart:104:3 - The method '==' should not be overridden in classes not annotated with '@immutable'. Try removing the override or annotating the class with '@immutable'. - avoid_equals_and_hash_code_on_mutable_classes
build	Static Analysis	2026-01-04T03:43:47.4987386Z [web3_universal_events]:    info - lib/src/event_filter.dart:115:3 - The method 'hashCode' should not be overridden in classes not annotated with '@immutable'. Try removing the override or annotating the class with '@immutable'. - avoid_equals_and_hash_code_on_mutable_classes
build	Static Analysis	2026-01-04T03:43:47.4990224Z [web3_universal_events]:    info - lib/src/event_listener.dart:59:29 - Uncancelled instance of 'StreamSubscription'. Try invoking 'cancel' in the function in which the 'StreamSubscription' was created. - cancel_subscriptions
build	Static Analysis	2026-01-04T03:43:47.4993396Z [web3_universal_events]:    info - lib/src/event_listener.dart:94:29 - Uncancelled instance of 'StreamSubscription'. Try invoking 'cancel' in the function in which the 'StreamSubscription' was created. - cancel_subscriptions
build	Static Analysis	2026-01-04T03:43:47.4995816Z [web3_universal_events]:    info - lib/src/event_listener.dart:151:11 - Uncancelled instance of 'StreamSubscription'. Try invoking 'cancel' in the function in which the 'StreamSubscription' was created. - cancel_subscriptions
build	Static Analysis	2026-01-04T03:43:47.4999067Z [web3_universal_events]:    info - lib/src/event_listener.dart:178:11 - Uncancelled instance of 'StreamSubscription'. Try invoking 'cancel' in the function in which the 'StreamSubscription' was created. - cancel_subscriptions
build	Static Analysis	2026-01-04T03:43:47.5002546Z [web3_universal_events]:    info - lib/src/event_subscriber.dart:75:9 - Catch clause should use 'on' to specify the type of exception being caught. Try adding an 'on' clause before the 'catch'. - avoid_catches_without_on_clauses
build	Static Analysis	2026-01-04T03:43:47.5004536Z [web3_universal_events]:    info - lib/src/reorg_handler.dart:119:5 - Unnecessary duplication of receiver. Try using a cascade to avoid the duplication. - cascade_invocations
build	Static Analysis	2026-01-04T03:43:47.5006421Z [web3_universal_events]:    info - lib/src/reorg_handler.dart:157:11 - Catch clause should use 'on' to specify the type of exception being caught. Try adding an 'on' clause before the 'catch'. - avoid_catches_without_on_clauses
build	Static Analysis	2026-01-04T03:43:47.5008326Z [web3_universal_events]:    info - lib/web3_universal_events.dart:2:9 - Library names are not necessary. Remove the library name. - unnecessary_library_name
build	Static Analysis	2026-01-04T03:43:47.5009920Z [web3_universal_events]:    info - test/event_filter_test.dart:2:1 - Sort directive sections alphabetically. Try sorting the directives. - directives_ordering
build	Static Analysis	2026-01-04T03:43:47.5012062Z [web3_universal_events]:    info - test/event_listener_test.dart:5:1 - Sort directive sections alphabetically. Try sorting the directives. - directives_ordering
build	Static Analysis	2026-01-04T03:43:47.5013741Z [web3_universal_events]:    info - test/event_subscriber_test.dart:3:1 - Sort directive sections alphabetically. Try sorting the directives. - directives_ordering
build	Static Analysis	2026-01-04T03:43:47.5014785Z [web3_universal_events]: 
build	Static Analysis	2026-01-04T03:43:47.5015176Z [web3_universal_events]: 15 issues found.
build	Static Analysis	2026-01-04T03:43:47.5105162Z [web3_universal_mev]: Analyzing mev...
build	Static Analysis	2026-01-04T03:43:47.5533088Z [web3_universal_mpc]: Analyzing mpc...
build	Static Analysis	2026-01-04T03:43:47.6398713Z [web3_universal_keystone]: 
build	Static Analysis	2026-01-04T03:43:47.6401484Z [web3_universal_keystone]: warning - lib/src/keystone_client.dart:205:25 - The '!' will have no effect because the receiver can't be null. Try removing the '!' operator. - unnecessary_non_null_assertion
build	Static Analysis	2026-01-04T03:43:47.6404616Z [web3_universal_keystone]: warning - lib/src/keystone_client.dart:207:38 - The '!' will have no effect because the receiver can't be null. Try removing the '!' operator. - unnecessary_non_null_assertion
build	Static Analysis	2026-01-04T03:43:47.6415900Z [web3_universal_keystone]: warning - lib/src/keystone_client.dart:229:25 - The '!' will have no effect because the receiver can't be null. Try removing the '!' operator. - unnecessary_non_null_assertion
build	Static Analysis	2026-01-04T03:43:47.6417948Z [web3_universal_keystone]:    info - lib/src/keystone_client.dart:227:25 - Missing an 'await' for the 'Future' computed by this expression. Try adding an 'await' or wrapping the expression with 'unawaited'. - unawaited_futures
build	Static Analysis	2026-01-04T03:43:47.6420243Z [web3_universal_keystone]:    info - lib/src/multi_chain_support.dart:27:12 - Use interpolation to compose strings and values. Try using string interpolation to build the composite string. - prefer_interpolation_to_compose_strings
build	Static Analysis	2026-01-04T03:43:47.6422773Z [web3_universal_keystone]:    info - lib/src/multi_chain_support.dart:108:16 - Use interpolation to compose strings and values. Try using string interpolation to build the composite string. - prefer_interpolation_to_compose_strings
build	Static Analysis	2026-01-04T03:43:47.6425246Z [web3_universal_keystone]:    info - lib/src/multi_chain_support.dart:110:16 - Use interpolation to compose strings and values. Try using string interpolation to build the composite string. - prefer_interpolation_to_compose_strings
build	Static Analysis	2026-01-04T03:43:47.6427625Z [web3_universal_keystone]:    info - lib/src/multi_chain_support.dart:112:16 - Use interpolation to compose strings and values. Try using string interpolation to build the composite string. - prefer_interpolation_to_compose_strings
build	Static Analysis	2026-01-04T03:43:47.6429918Z [web3_universal_keystone]:    info - lib/src/multi_chain_support.dart:141:1 - Classes should define instance members. Try adding instance behavior or moving the members out of the class. - avoid_classes_with_only_static_members
build	Static Analysis	2026-01-04T03:43:47.6432074Z [web3_universal_keystone]:    info - lib/src/qr_communication.dart:56:7 - Unnecessary duplication of receiver. Try using a cascade to avoid the duplication. - cascade_invocations
build	Static Analysis	2026-01-04T03:43:47.6434161Z [web3_universal_keystone]:    info - lib/src/qr_communication.dart:63:7 - Catch clause should use 'on' to specify the type of exception being caught. Try adding an 'on' clause before the 'catch'. - avoid_catches_without_on_clauses
build	Static Analysis	2026-01-04T03:43:47.6436406Z [web3_universal_keystone]:    info - lib/src/qr_communication.dart:113:7 - Catch clause should use 'on' to specify the type of exception being caught. Try adding an 'on' clause before the 'catch'. - avoid_catches_without_on_clauses
build	Static Analysis	2026-01-04T03:43:47.6438340Z [web3_universal_keystone]:    info - lib/web3_universal_keystone.dart:5:9 - Library names are not necessary. Remove the library name. - unnecessary_library_name
build	Static Analysis	2026-01-04T03:43:47.6439980Z [web3_universal_keystone]:    info - test/keystone_test.dart:6:1 - Sort directive sections alphabetically. Try sorting the directives. - directives_ordering
build	Static Analysis	2026-01-04T03:43:47.6441414Z [web3_universal_keystone]: 
build	Static Analysis	2026-01-04T03:43:47.6441856Z [web3_universal_keystone]: 14 issues found.
build	Static Analysis	2026-01-04T03:43:47.6846337Z [web3_universal_multicall]: Analyzing multicall...
build	Static Analysis	2026-01-04T03:43:47.9123538Z [web3_universal_mev]: 
build	Static Analysis	2026-01-04T03:43:47.9125714Z [web3_universal_mev]:    info - lib/web3_universal_mev.dart:1:9 - Library names are not necessary. Remove the library name. - unnecessary_library_name
build	Static Analysis	2026-01-04T03:43:47.9128285Z [web3_universal_mev]:    info - test/mev_service_test.dart:2:1 - Sort directive sections alphabetically. Try sorting the directives. - directives_ordering
build	Static Analysis	2026-01-04T03:43:47.9130320Z [web3_universal_mev]: 
build	Static Analysis	2026-01-04T03:43:47.9132034Z [web3_universal_mev]: 2 issues found.
build	Static Analysis	2026-01-04T03:43:47.9749835Z [web3_universal_nft]: Analyzing nft...
build	Static Analysis	2026-01-04T03:43:48.0173602Z [web3_universal_mpc]: 
build	Static Analysis	2026-01-04T03:43:48.0182063Z [web3_universal_mpc]:    info - lib/src/key_generation.dart:499:1 - Classes should define instance members. Try adding instance behavior or moving the members out of the class. - avoid_classes_with_only_static_members
build	Static Analysis	2026-01-04T03:43:48.0185493Z [web3_universal_mpc]:    info - lib/src/key_refresh.dart:464:1 - Classes should define instance members. Try adding instance behavior or moving the members out of the class. - avoid_classes_with_only_static_members
build	Static Analysis	2026-01-04T03:43:48.0190385Z [web3_universal_mpc]:    info - lib/src/mpc_provider.dart:304:6 - Missing a required trailing comma. Try adding a trailing comma. - require_trailing_commas
build	Static Analysis	2026-01-04T03:43:48.0191978Z [web3_universal_mpc]:    info - lib/src/mpc_provider.dart:318:6 - Missing a required trailing comma. Try adding a trailing comma. - require_trailing_commas
build	Static Analysis	2026-01-04T03:43:48.0193568Z [web3_universal_mpc]:    info - lib/src/mpc_signer.dart:337:1 - Classes should define instance members. Try adding instance behavior or moving the members out of the class. - avoid_classes_with_only_static_members
build	Static Analysis	2026-01-04T03:43:48.0195389Z [web3_universal_mpc]:    info - lib/src/threshold_signature.dart:246:7 - Catch clause should use 'on' to specify the type of exception being caught. Try adding an 'on' clause before the 'catch'. - avoid_catches_without_on_clauses
build	Static Analysis	2026-01-04T03:43:48.0197713Z [web3_universal_mpc]:    info - lib/src/threshold_signature.dart:564:7 - Catch clause should use 'on' to specify the type of exception being caught. Try adding an 'on' clause before the 'catch'. - avoid_catches_without_on_clauses
build	Static Analysis	2026-01-04T03:43:48.0199564Z [web3_universal_mpc]:    info - lib/src/threshold_signature.dart:700:1 - Classes should define instance members. Try adding instance behavior or moving the members out of the class. - avoid_classes_with_only_static_members
build	Static Analysis	2026-01-04T03:43:48.0201428Z [web3_universal_mpc]:    info - lib/web3_universal_mpc.dart:10:9 - Library names are not necessary. Remove the library name. - unnecessary_library_name
build	Static Analysis	2026-01-04T03:43:48.0202855Z [web3_universal_mpc]:    info - test/mpc_test.dart:6:1 - Sort directive sections alphabetically. Try sorting the directives. - directives_ordering
build	Static Analysis	2026-01-04T03:43:48.0203766Z [web3_universal_mpc]: 
build	Static Analysis	2026-01-04T03:43:48.0204080Z [web3_universal_mpc]: 10 issues found.
build	Static Analysis	2026-01-04T03:43:48.0634336Z [web3_universal_polkadot]: Analyzing polkadot...
build	Static Analysis	2026-01-04T03:43:48.1516696Z [web3_universal_multicall]: 
build	Static Analysis	2026-01-04T03:43:48.1518313Z [web3_universal_multicall]:   error - example/main.dart:6:18 - The function 'Web3Client' isn't defined. Try importing the library that defines 'Web3Client', correcting the name to the name of an existing function, or defining a function named 'Web3Client'. - undefined_function
build	Static Analysis	2026-01-04T03:43:48.1528454Z [web3_universal_multicall]:   error - example/main.dart:7:21 - The named parameter 'contractAddress' is required, but there's no corresponding argument. Try adding the required argument. - missing_required_argument
build	Static Analysis	2026-01-04T03:43:48.1536436Z [web3_universal_multicall]:   error - example/main.dart:7:21 - The named parameter 'publicClient' is required, but there's no corresponding argument. Try adding the required argument. - missing_required_argument
build	Static Analysis	2026-01-04T03:43:48.1545305Z [web3_universal_multicall]:   error - example/main.dart:7:31 - The named parameter 'client' isn't defined. Try correcting the name to an existing named parameter's name, or defining a named parameter with the name 'client'. - undefined_named_parameter
build	Static Analysis	2026-01-04T03:43:48.1553305Z [web3_universal_multicall]: warning - example/main.dart:7:9 - The value of the local variable 'multicall' isn't used. Try removing the variable or using it. - unused_local_variable
build	Static Analysis	2026-01-04T03:43:48.1559671Z [web3_universal_multicall]: warning - pubspec.yaml:35:3 - The dev dependency on web3_universal_core is unnecessary because there is also a normal dependency on that package. Try removing the dev dependency. - unnecessary_dev_dependency
build	Static Analysis	2026-01-04T03:43:48.1567651Z [web3_universal_multicall]:    info - example/main.dart:2:1 - Sort directive sections alphabetically. Try sorting the directives. - directives_ordering
build	Static Analysis	2026-01-04T03:43:48.1574640Z [web3_universal_multicall]:    info - lib/src/multicall.dart:5:1 - Sort directive sections alphabetically. Try sorting the directives. - directives_ordering
build	Static Analysis	2026-01-04T03:43:48.1582095Z [web3_universal_multicall]:    info - lib/src/multicall_builder.dart:27:12 - Don't return 'this' from a method. Try changing the return type to 'void' and removing the return. - avoid_returning_this
build	Static Analysis	2026-01-04T03:43:48.1602311Z [web3_universal_multicall]:    info - lib/src/multicall_builder.dart:42:12 - Don't return 'this' from a method. Try changing the return type to 'void' and removing the return. - avoid_returning_this
build	Static Analysis	2026-01-04T03:43:48.1604282Z [web3_universal_multicall]:    info - lib/src/multicall_builder.dart:48:12 - Don't return 'this' from a method. Try changing the return type to 'void' and removing the return. - avoid_returning_this
build	Static Analysis	2026-01-04T03:43:48.1606192Z [web3_universal_multicall]:    info - lib/src/multicall_builder.dart:54:12 - Don't return 'this' from a method. Try changing the return type to 'void' and removing the return. - avoid_returning_this
build	Static Analysis	2026-01-04T03:43:48.1608311Z [web3_universal_multicall]:    info - lib/src/multicall_builder.dart:140:1 - Classes should define instance members. Try adding instance behavior or moving the members out of the class. - avoid_classes_with_only_static_members
build	Static Analysis	2026-01-04T03:43:48.1611290Z [web3_universal_multicall]:    info - lib/src/multicall_factory.dart:4:1 - Classes should define instance members. Try adding instance behavior or moving the members out of the class. - avoid_classes_with_only_static_members
build	Static Analysis	2026-01-04T03:43:48.1613336Z [web3_universal_multicall]:    info - lib/web3_universal_multicall.dart:2:9 - Library names are not necessary. Remove the library name. - unnecessary_library_name
build	Static Analysis	2026-01-04T03:43:48.1615040Z [web3_universal_multicall]:    info - test/mock_client.dart:43:8 - The method is used to change a property. Try converting the method to a setter. - use_setters_to_change_properties
build	Static Analysis	2026-01-04T03:43:48.1616797Z [web3_universal_multicall]:    info - test/mock_client.dart:84:8 - The method is used to change a property. Try converting the method to a setter. - use_setters_to_change_properties
build	Static Analysis	2026-01-04T03:43:48.1618577Z [web3_universal_multicall]:    info - test/mock_contract.dart:118:8 - The method is used to change a property. Try converting the method to a setter. - use_setters_to_change_properties
build	Static Analysis	2026-01-04T03:43:48.1620346Z [web3_universal_multicall]:    info - test/mock_contract.dart:122:8 - The method is used to change a property. Try converting the method to a setter. - use_setters_to_change_properties
build	Static Analysis	2026-01-04T03:43:48.1622266Z [web3_universal_multicall]:    info - test/mock_contract.dart:126:8 - The method is used to change a property. Try converting the method to a setter. - use_setters_to_change_properties
build	Static Analysis	2026-01-04T03:43:48.1624026Z [web3_universal_multicall]:    info - test/mock_contract.dart:130:8 - The method is used to change a property. Try converting the method to a setter. - use_setters_to_change_properties
build	Static Analysis	2026-01-04T03:43:48.1625982Z [web3_universal_multicall]:    info - test/multicall_builder_test.dart:4:1 - Sort directive sections alphabetically. Try sorting the directives. - directives_ordering
build	Static Analysis	2026-01-04T03:43:48.1627762Z [web3_universal_multicall]:    info - test/multicall_builder_test.dart:92:9 - Unnecessary duplication of receiver. Try using a cascade to avoid the duplication. - cascade_invocations
build	Static Analysis	2026-01-04T03:43:48.1629592Z [web3_universal_multicall]:    info - test/multicall_builder_test.dart:96:9 - Unnecessary duplication of receiver. Try using a cascade to avoid the duplication. - cascade_invocations
build	Static Analysis	2026-01-04T03:43:48.1631582Z [web3_universal_multicall]:    info - test/multicall_builder_test.dart:134:9 - Unnecessary duplication of receiver. Try using a cascade to avoid the duplication. - cascade_invocations
build	Static Analysis	2026-01-04T03:43:48.1633426Z [web3_universal_multicall]:    info - test/multicall_builder_test.dart:162:9 - Unnecessary duplication of receiver. Try using a cascade to avoid the duplication. - cascade_invocations
build	Static Analysis	2026-01-04T03:43:48.1635279Z [web3_universal_multicall]:    info - test/multicall_builder_test.dart:183:9 - Unnecessary duplication of receiver. Try using a cascade to avoid the duplication. - cascade_invocations
build	Static Analysis	2026-01-04T03:43:48.1637125Z [web3_universal_multicall]:    info - test/multicall_builder_test.dart:207:9 - Unnecessary duplication of receiver. Try using a cascade to avoid the duplication. - cascade_invocations
build	Static Analysis	2026-01-04T03:43:48.1638959Z [web3_universal_multicall]:    info - test/multicall_builder_test.dart:246:9 - Unnecessary duplication of receiver. Try using a cascade to avoid the duplication. - cascade_invocations
build	Static Analysis	2026-01-04T03:43:48.1640718Z [web3_universal_multicall]:    info - test/multicall_error_test.dart:4:1 - Sort directive sections alphabetically. Try sorting the directives. - directives_ordering
build	Static Analysis	2026-01-04T03:43:48.1642530Z [web3_universal_multicall]:    info - test/multicall_factory_test.dart:2:1 - Sort directive sections alphabetically. Try sorting the directives. - directives_ordering
build	Static Analysis	2026-01-04T03:43:48.1644182Z [web3_universal_multicall]:    info - test/multicall_test.dart:4:1 - Sort directive sections alphabetically. Try sorting the directives. - directives_ordering
build	Static Analysis	2026-01-04T03:43:48.1645470Z [web3_universal_multicall]: 
build	Static Analysis	2026-01-04T03:43:48.1645862Z [web3_universal_multicall]: 32 issues found.
build	Static Analysis	2026-01-04T03:43:48.2039970Z [web3_universal_price]: Analyzing price...
build	Static Analysis	2026-01-04T03:43:48.3613006Z [web3_universal_polkadot]: 
build	Static Analysis	2026-01-04T03:43:48.3673246Z [web3_universal_polkadot]:    info - lib/src/scale_codec.dart:3:1 - Classes should define instance members. Try adding instance behavior or moving the members out of the class. - avoid_classes_with_only_static_members
build	Static Analysis	2026-01-04T03:43:48.3675287Z [web3_universal_polkadot]:    info - lib/web3_universal_polkadot.dart:1:9 - Library names are not necessary. Remove the library name. - unnecessary_library_name
build	Static Analysis	2026-01-04T03:43:48.3676978Z [web3_universal_polkadot]:    info - test/polkadot_property_test.dart:2:1 - Sort directive sections alphabetically. Try sorting the directives. - directives_ordering
build	Static Analysis	2026-01-04T03:43:48.3678142Z [web3_universal_polkadot]: 
build	Static Analysis	2026-01-04T03:43:48.3678559Z [web3_universal_polkadot]: 3 issues found.
build	Static Analysis	2026-01-04T03:43:48.4166546Z [web3_universal_provider]: Analyzing provider...
build	Static Analysis	2026-01-04T03:43:48.4236938Z [web3_universal_nft]: 
build	Static Analysis	2026-01-04T03:43:48.4239159Z [web3_universal_nft]:   error - example/main.dart:6:38 - The named parameter 'chain' is required, but there's no corresponding argument. Try adding the required argument. - missing_required_argument
build	Static Analysis	2026-01-04T03:43:48.4241707Z [web3_universal_nft]: warning - example/main.dart:11:9 - The value of the local variable 'nftService' isn't used. Try removing the variable or using it. - unused_local_variable
build	Static Analysis	2026-01-04T03:43:48.4243772Z [web3_universal_nft]: warning - lib/src/nft_service.dart:124:28 - The '!' will have no effect because the receiver can't be null. Try removing the '!' operator. - unnecessary_non_null_assertion
build	Static Analysis	2026-01-04T03:43:48.4246180Z [web3_universal_nft]: warning - lib/src/nft_service.dart:132:28 - The '!' will have no effect because the receiver can't be null. Try removing the '!' operator. - unnecessary_non_null_assertion
build	Static Analysis	2026-01-04T03:43:48.4248257Z [web3_universal_nft]: warning - lib/src/nft_service.dart:140:28 - The '!' will have no effect because the receiver can't be null. Try removing the '!' operator. - unnecessary_non_null_assertion
build	Static Analysis	2026-01-04T03:43:48.4250496Z [web3_universal_nft]: warning - lib/src/nft_service.dart:148:28 - The '!' will have no effect because the receiver can't be null. Try removing the '!' operator. - unnecessary_non_null_assertion
build	Static Analysis	2026-01-04T03:43:48.4253045Z [web3_universal_nft]: warning - lib/src/nft_service.dart:156:28 - The '!' will have no effect because the receiver can't be null. Try removing the '!' operator. - unnecessary_non_null_assertion
build	Static Analysis	2026-01-04T03:43:48.4259642Z [web3_universal_nft]: warning - lib/src/nft_service.dart:164:28 - The '!' will have no effect because the receiver can't be null. Try removing the '!' operator. - unnecessary_non_null_assertion
build	Static Analysis	2026-01-04T03:43:48.4261997Z [web3_universal_nft]:    info - lib/src/ipfs_gateway.dart:52:9 - Catch clause should use 'on' to specify the type of exception being caught. Try adding an 'on' clause before the 'catch'. - avoid_catches_without_on_clauses
build	Static Analysis	2026-01-04T03:43:48.4264175Z [web3_universal_nft]:    info - lib/src/ipfs_gateway.dart:75:7 - Catch clause should use 'on' to specify the type of exception being caught. Try adding an 'on' clause before the 'catch'. - avoid_catches_without_on_clauses
build	Static Analysis	2026-01-04T03:43:48.4266309Z [web3_universal_nft]:    info - lib/src/ipfs_gateway.dart:96:7 - Catch clause should use 'on' to specify the type of exception being caught. Try adding an 'on' clause before the 'catch'. - avoid_catches_without_on_clauses
build	Static Analysis	2026-01-04T03:43:48.4268354Z [web3_universal_nft]:    info - lib/src/ipfs_gateway.dart:123:7 - Invalid assignment to the parameter 'gateway'. Try using a local variable in place of the parameter. - parameter_assignments
build	Static Analysis	2026-01-04T03:43:48.4270282Z [web3_universal_nft]:    info - lib/src/ipfs_gateway.dart:133:7 - Invalid assignment to the parameter 'gateway'. Try using a local variable in place of the parameter. - parameter_assignments
build	Static Analysis	2026-01-04T03:43:48.4279054Z [web3_universal_nft]:    info - lib/src/nft_collection.dart:67:7 - Catch clause should use 'on' to specify the type of exception being caught. Try adding an 'on' clause before the 'catch'. - avoid_catches_without_on_clauses
build	Static Analysis	2026-01-04T03:43:48.4282607Z [web3_universal_nft]:    info - lib/src/nft_collection.dart:143:7 - Catch clause should use 'on' to specify the type of exception being caught. Try adding an 'on' clause before the 'catch'. - avoid_catches_without_on_clauses
build	Static Analysis	2026-01-04T03:43:48.4284862Z [web3_universal_nft]:    info - lib/src/nft_collection.dart:173:7 - Catch clause should use 'on' to specify the type of exception being caught. Try adding an 'on' clause before the 'catch'. - avoid_catches_without_on_clauses
build	Static Analysis	2026-01-04T03:43:48.4287098Z [web3_universal_nft]:    info - lib/src/nft_collection.dart:178:9 - Catch clause should use 'on' to specify the type of exception being caught. Try adding an 'on' clause before the 'catch'. - avoid_catches_without_on_clauses
build	Static Analysis	2026-01-04T03:43:48.4289310Z [web3_universal_nft]:    info - lib/src/nft_collection.dart:197:7 - Catch clause should use 'on' to specify the type of exception being caught. Try adding an 'on' clause before the 'catch'. - avoid_catches_without_on_clauses
build	Static Analysis	2026-01-04T03:43:48.4291704Z [web3_universal_nft]:    info - lib/src/nft_collection.dart:215:7 - Catch clause should use 'on' to specify the type of exception being caught. Try adding an 'on' clause before the 'catch'. - avoid_catches_without_on_clauses
build	Static Analysis	2026-01-04T03:43:48.4293916Z [web3_universal_nft]:    info - lib/src/nft_collection.dart:233:7 - Catch clause should use 'on' to specify the type of exception being caught. Try adding an 'on' clause before the 'catch'. - avoid_catches_without_on_clauses
build	Static Analysis	2026-01-04T03:43:48.4296347Z [web3_universal_nft]:    info - lib/src/nft_collection.dart:253:7 - Catch clause should use 'on' to specify the type of exception being caught. Try adding an 'on' clause before the 'catch'. - avoid_catches_without_on_clauses
build	Static Analysis	2026-01-04T03:43:48.4298532Z [web3_universal_nft]:    info - lib/src/nft_collection.dart:277:7 - Catch clause should use 'on' to specify the type of exception being caught. Try adding an 'on' clause before the 'catch'. - avoid_catches_without_on_clauses
build	Static Analysis	2026-01-04T03:43:48.4300728Z [web3_universal_nft]:    info - lib/src/nft_collection.dart:296:7 - Catch clause should use 'on' to specify the type of exception being caught. Try adding an 'on' clause before the 'catch'. - avoid_catches_without_on_clauses
build	Static Analysis	2026-01-04T03:43:48.4333901Z [web3_universal_nft]:    info - lib/src/nft_metadata.dart:44:11 - Catch clause should use 'on' to specify the type of exception being caught. Try adding an 'on' clause before the 'catch'. - avoid_catches_without_on_clauses
build	Static Analysis	2026-01-04T03:43:48.4336099Z [web3_universal_nft]:    info - lib/src/nft_metadata.dart:54:7 - Catch clause should use 'on' to specify the type of exception being caught. Try adding an 'on' clause before the 'catch'. - avoid_catches_without_on_clauses
build	Static Analysis	2026-01-04T03:43:48.4338255Z [web3_universal_nft]:    info - lib/src/nft_metadata.dart:132:7 - Catch clause should use 'on' to specify the type of exception being caught. Try adding an 'on' clause before the 'catch'. - avoid_catches_without_on_clauses
build	Static Analysis	2026-01-04T03:43:48.4340431Z [web3_universal_nft]:    info - lib/src/nft_metadata.dart:151:7 - Catch clause should use 'on' to specify the type of exception being caught. Try adding an 'on' clause before the 'catch'. - avoid_catches_without_on_clauses
build	Static Analysis	2026-01-04T03:43:48.4342985Z [web3_universal_nft]:    info - lib/src/nft_metadata.dart:184:7 - Catch clause should use 'on' to specify the type of exception being caught. Try adding an 'on' clause before the 'catch'. - avoid_catches_without_on_clauses
build	Static Analysis	2026-01-04T03:43:48.4345253Z [web3_universal_nft]:    info - lib/src/nft_transfer.dart:35:7 - Catch clause should use 'on' to specify the type of exception being caught. Try adding an 'on' clause before the 'catch'. - avoid_catches_without_on_clauses
build	Static Analysis	2026-01-04T03:43:48.4347695Z [web3_universal_nft]:    info - lib/src/nft_transfer.dart:60:7 - Catch clause should use 'on' to specify the type of exception being caught. Try adding an 'on' clause before the 'catch'. - avoid_catches_without_on_clauses
build	Static Analysis	2026-01-04T03:43:48.4350076Z [web3_universal_nft]:    info - lib/src/nft_types.dart:64:3 - The method '==' should not be overridden in classes not annotated with '@immutable'. Try removing the override or annotating the class with '@immutable'. - avoid_equals_and_hash_code_on_mutable_classes
build	Static Analysis	2026-01-04T03:43:48.4353212Z [web3_universal_nft]:    info - lib/src/nft_types.dart:73:3 - The method 'hashCode' should not be overridden in classes not annotated with '@immutable'. Try removing the override or annotating the class with '@immutable'. - avoid_equals_and_hash_code_on_mutable_classes
build	Static Analysis	2026-01-04T03:43:48.4355093Z [web3_universal_nft]:    info - lib/web3_universal_nft.dart:9:9 - Library names are not necessary. Remove the library name. - unnecessary_library_name
build	Static Analysis	2026-01-04T03:43:48.4356508Z [web3_universal_nft]:    info - test/nft_service_test.dart:3:1 - Sort directive sections alphabetically. Try sorting the directives. - directives_ordering
build	Static Analysis	2026-01-04T03:43:48.4357448Z [web3_universal_nft]: 
build	Static Analysis	2026-01-04T03:43:48.4357780Z [web3_universal_nft]: 34 issues found.
build	Static Analysis	2026-01-04T03:43:48.4750831Z [web3_universal_reown]: Analyzing reown...
build	Static Analysis	2026-01-04T03:43:48.5277043Z [web3_universal_price]: 
build	Static Analysis	2026-01-04T03:43:48.5281135Z [web3_universal_price]:    info - lib/src/price_service.dart:21:14 - Method invocation or property access on a 'dynamic' target. Try giving the target a type. - avoid_dynamic_calls
build	Static Analysis	2026-01-04T03:43:48.5283956Z [web3_universal_price]:    info - lib/src/price_service.dart:31:26 - Method invocation or property access on a 'dynamic' target. Try giving the target a type. - avoid_dynamic_calls
build	Static Analysis	2026-01-04T03:43:48.5287168Z [web3_universal_price]:    info - lib/src/price_service.dart:36:7 - Catch clause should use 'on' to specify the type of exception being caught. Try adding an 'on' clause before the 'catch'. - avoid_catches_without_on_clauses
build	Static Analysis	2026-01-04T03:43:48.5308874Z [web3_universal_price]:    info - lib/src/price_service.dart:39:16 - Method invocation or property access on a 'dynamic' target. Try giving the target a type. - avoid_dynamic_calls
build	Static Analysis	2026-01-04T03:43:48.5310565Z [web3_universal_price]:    info - lib/src/price_service.dart:54:23 - Method invocation or property access on a 'dynamic' target. Try giving the target a type. - avoid_dynamic_calls
build	Static Analysis	2026-01-04T03:43:48.5312387Z [web3_universal_price]:    info - lib/src/price_service.dart:71:28 - Method invocation or property access on a 'dynamic' target. Try giving the target a type. - avoid_dynamic_calls
build	Static Analysis	2026-01-04T03:43:48.5314194Z [web3_universal_price]:    info - lib/src/price_service.dart:77:7 - Catch clause should use 'on' to specify the type of exception being caught. Try adding an 'on' clause before the 'catch'. - avoid_catches_without_on_clauses
build	Static Analysis	2026-01-04T03:43:48.5315962Z [web3_universal_price]:    info - lib/src/price_service.dart:86:23 - Method invocation or property access on a 'dynamic' target. Try giving the target a type. - avoid_dynamic_calls
build	Static Analysis	2026-01-04T03:43:48.5317596Z [web3_universal_price]:    info - lib/web3_universal_price.dart:1:9 - Library names are not necessary. Remove the library name. - unnecessary_library_name
build	Static Analysis	2026-01-04T03:43:48.5319063Z [web3_universal_price]:    info - test/price_service_test.dart:2:1 - Sort directive sections alphabetically. Try sorting the directives. - directives_ordering
build	Static Analysis	2026-01-04T03:43:48.5320578Z [web3_universal_price]:    info - test/price_service_test.dart:8:7 - Unnecessary duplication of receiver. Try using a cascade to avoid the duplication. - cascade_invocations
build	Static Analysis	2026-01-04T03:43:48.5321702Z [web3_universal_price]: 
build	Static Analysis	2026-01-04T03:43:48.5322041Z [web3_universal_price]: 11 issues found.
build	Static Analysis	2026-01-04T03:43:48.5752166Z [web3_universal_signer]: Analyzing signer...
build	Static Analysis	2026-01-04T03:43:48.8012564Z [web3_universal_ledger]: 
build	Static Analysis	2026-01-04T03:43:48.8015751Z [web3_universal_ledger]:    info - lib/src/apdu_commands.dart:4:1 - Classes should define instance members. Try adding instance behavior or moving the members out of the class. - avoid_classes_with_only_static_members
build	Static Analysis	2026-01-04T03:43:48.8018337Z [web3_universal_ledger]:    info - lib/src/apdu_commands.dart:117:5 - Unnecessary duplication of receiver. Try using a cascade to avoid the duplication. - cascade_invocations
build	Static Analysis	2026-01-04T03:43:48.8020528Z [web3_universal_ledger]:    info - lib/src/apdu_commands.dart:157:1 - Classes should define instance members. Try adding instance behavior or moving the members out of the class. - avoid_classes_with_only_static_members
build	Static Analysis	2026-01-04T03:43:48.8022950Z [web3_universal_ledger]:    info - lib/src/ledger_transport.dart:276:1 - Classes should define instance members. Try adding instance behavior or moving the members out of the class. - avoid_classes_with_only_static_members
build	Static Analysis	2026-01-04T03:43:48.8024924Z [web3_universal_ledger]:    info - lib/src/ledger_types.dart:83:5 - Unnecessary duplication of receiver. Try using a cascade to avoid the duplication. - cascade_invocations
build	Static Analysis	2026-01-04T03:43:48.8026514Z [web3_universal_ledger]:    info - lib/src/ledger_types.dart:88:7 - Unnecessary duplication of receiver. Try using a cascade to avoid the duplication. - cascade_invocations
build	Static Analysis	2026-01-04T03:43:48.8028092Z [web3_universal_ledger]:    info - lib/src/multi_chain_support.dart:244:5 - Unnecessary duplication of receiver. Try using a cascade to avoid the duplication. - cascade_invocations
build	Static Analysis	2026-01-04T03:43:48.8032768Z [web3_universal_ledger]:    info - lib/src/multi_chain_support.dart:281:1 - Classes should define instance members. Try adding instance behavior or moving the members out of the class. - avoid_classes_with_only_static_members
build	Static Analysis	2026-01-04T03:43:48.8048789Z [web3_universal_ledger]:    info - lib/web3_universal_ledger.dart:5:9 - Library names are not necessary. Remove the library name. - unnecessary_library_name
build	Static Analysis	2026-01-04T03:43:48.8050848Z [web3_universal_ledger]:    info - test/ledger_test.dart:6:1 - Sort directive sections alphabetically. Try sorting the directives. - directives_ordering
build	Static Analysis	2026-01-04T03:43:48.8052302Z [web3_universal_ledger]: 
build	Static Analysis	2026-01-04T03:43:48.8052846Z [web3_universal_ledger]: 10 issues found.
build	Static Analysis	2026-01-04T03:43:48.8477692Z [web3_universal_solana]: Analyzing solana...
build	Static Analysis	2026-01-04T03:43:48.8644450Z [web3_universal_provider]: 
build	Static Analysis	2026-01-04T03:43:48.8649678Z [web3_universal_provider]:   error - example/main.dart:7:20 - The function 'FallbackProvider' isn't defined. Try importing the library that defines 'FallbackProvider', correcting the name to the name of an existing function, or defining a function named 'FallbackProvider'. - undefined_function
build	Static Analysis	2026-01-04T03:43:48.8656141Z [web3_universal_provider]:   error - example/main.dart:8:5 - The function 'StaticJsonRpcProvider' isn't defined. Try importing the library that defines 'StaticJsonRpcProvider', correcting the name to the name of an existing function, or defining a function named 'StaticJsonRpcProvider'. - undefined_function
build	Static Analysis	2026-01-04T03:43:48.8662357Z [web3_universal_provider]:   error - example/main.dart:9:5 - The function 'StaticJsonRpcProvider' isn't defined. Try importing the library that defines 'StaticJsonRpcProvider', correcting the name to the name of an existing function, or defining a function named 'StaticJsonRpcProvider'. - undefined_function
build	Static Analysis	2026-01-04T03:43:48.8692920Z [web3_universal_provider]:   error - example/main.dart:22:17 - The function 'ChainConfig' isn't defined. Try importing the library that defines 'ChainConfig', correcting the name to the name of an existing function, or defining a function named 'ChainConfig'. - undefined_function
build	Static Analysis	2026-01-04T03:43:48.8696167Z [web3_universal_provider]:   error - example/main.dart:25:22 - The function 'NativeCurrency' isn't defined. Try importing the library that defines 'NativeCurrency', correcting the name to the name of an existing function, or defining a function named 'NativeCurrency'. - undefined_function
build	Static Analysis	2026-01-04T03:43:48.8699447Z [web3_universal_provider]:   error - example/main.dart:36:18 - This expression has a type of 'void' so its value can't be used. Try checking to see if you're using the correct API; there might be a function or call that returns void you didn't expect. Also check type parameters and variables which might also be void. - use_of_void_result
build	Static Analysis	2026-01-04T03:43:48.8702637Z [web3_universal_provider]: warning - example/main.dart:27:17 - The type argument(s) of 'List' can't be inferred. Use explicit type argument(s) for 'List'. - inference_failure_on_collection_literal
build	Static Analysis	2026-01-04T03:43:48.8704434Z [web3_universal_provider]:    info - example/main.dart:2:1 - Sort directive sections alphabetically. Try sorting the directives. - directives_ordering
build	Static Analysis	2026-01-04T03:43:48.8706153Z [web3_universal_provider]:    info - example/main.dart:36:5 - Uses 'await' on an instance of 'void', which is not a subtype of 'Future'. Try removing the 'await' or changing the expression. - await_only_futures
build	Static Analysis	2026-01-04T03:43:48.8708235Z [web3_universal_provider]:    info - lib/src/provider.dart:76:62 - 'bool' parameters should be named parameters. Try converting the parameter to a named parameter. - avoid_positional_boolean_parameters
build	Static Analysis	2026-01-04T03:43:48.8710398Z [web3_universal_provider]:    info - lib/src/provider.dart:81:65 - 'bool' parameters should be named parameters. Try converting the parameter to a named parameter. - avoid_positional_boolean_parameters
build	Static Analysis	2026-01-04T03:43:48.8712565Z [web3_universal_provider]:    info - lib/src/websocket_transport.dart:53:13 - Unclosed instance of 'Sink'. Try invoking 'close' in the function in which the 'Sink' was created. - close_sinks
build	Static Analysis	2026-01-04T03:43:48.8714487Z [web3_universal_provider]:    info - lib/src/websocket_transport.dart:130:11 - Unclosed instance of 'Sink'. Try invoking 'close' in the function in which the 'Sink' was created. - close_sinks
build	Static Analysis	2026-01-04T03:43:48.8716815Z [web3_universal_provider]:    info - lib/src/websocket_transport.dart:144:44 - Missing an 'await' for the 'Future' computed by this expression. Try adding an 'await' or wrapping the expression with 'unawaited'. - unawaited_futures
build	Static Analysis	2026-01-04T03:43:48.8718815Z [web3_universal_provider]:    info - lib/web3_universal_provider.dart:8:9 - Library names are not necessary. Remove the library name. - unnecessary_library_name
build	Static Analysis	2026-01-04T03:43:48.8720561Z [web3_universal_provider]:    info - test/provider_property_test.dart:5:1 - Sort directive sections alphabetically. Try sorting the directives. - directives_ordering
build	Static Analysis	2026-01-04T03:43:48.8723251Z [web3_universal_provider]:    info - test/provider_property_test.dart:88:11 - Catch clause should use 'on' to specify the type of exception being caught. Try adding an 'on' clause before the 'catch'. - avoid_catches_without_on_clauses
build	Static Analysis	2026-01-04T03:43:48.8725290Z [web3_universal_provider]:    info - test/provider_property_test.dart:118:11 - Catch clause should use 'on' to specify the type of exception being caught. Try adding an 'on' clause before the 'catch'. - avoid_catches_without_on_clauses
build	Static Analysis	2026-01-04T03:43:48.8726591Z [web3_universal_provider]: 
build	Static Analysis	2026-01-04T03:43:48.8726965Z [web3_universal_provider]: 18 issues found.
build	Static Analysis	2026-01-04T03:43:48.9364248Z [web3_universal_staking]: Analyzing staking...
build	Static Analysis	2026-01-04T03:43:49.0786643Z [web3_universal_signer]: 
build	Static Analysis	2026-01-04T03:43:49.0791934Z [web3_universal_signer]:   error - example/main.dart:7:23 - Undefined name 'EthPrivateKey'. Try correcting the name to one that is defined, or defining the name. - undefined_identifier
build	Static Analysis	2026-01-04T03:43:49.0798109Z [web3_universal_signer]:   error - example/main.dart:17:21 - Undefined name 'EthPrivateKey'. Try correcting the name to one that is defined, or defining the name. - undefined_identifier
build	Static Analysis	2026-01-04T03:43:49.0800342Z [web3_universal_signer]: warning - example/main.dart:22:10 - The declaration 'toHex' isn't referenced. Try removing the declaration of 'toHex'. - unused_element
build	Static Analysis	2026-01-04T03:43:49.0802667Z [web3_universal_signer]: warning - lib/src/private_key_signer.dart:42:11 - The value of the local variable 'random' isn't used. Try removing the variable or using it. - unused_local_variable
build	Static Analysis	2026-01-04T03:43:49.0805098Z [web3_universal_signer]: warning - test/signer_property_test.dart:1:8 - Unused import: 'dart:typed_data'. Try removing the import directive. - unused_import
build	Static Analysis	2026-01-04T03:43:49.0807284Z [web3_universal_signer]: warning - test/signer_property_test.dart:3:8 - Unused import: 'package:web3_universal_crypto/web3_universal_crypto.dart'. Try removing the import directive. - unused_import
build	Static Analysis	2026-01-04T03:43:49.0809471Z [web3_universal_signer]: warning - test/signer_property_test.dart:6:8 - Unused import: 'package:test/test.dart'. Try removing the import directive. - unused_import
build	Static Analysis	2026-01-04T03:43:49.0811701Z [web3_universal_signer]:    info - example/main.dart:2:1 - Sort directive sections alphabetically. Try sorting the directives. - directives_ordering
build	Static Analysis	2026-01-04T03:43:49.0814287Z [web3_universal_signer]:    info - example/main.dart:3:1 - Place 'dart:' imports before other imports. Try sorting the directives. - directives_ordering
build	Static Analysis	2026-01-04T03:43:49.0816014Z [web3_universal_signer]:    info - example/main.dart:22:74 - The value of the argument is redundant because it matches the default value. Try removing the argument. - avoid_redundant_argument_values
build	Static Analysis	2026-01-04T03:43:49.0818077Z [web3_universal_signer]:    info - lib/src/authorization.dart:173:7 - Catch clause should use 'on' to specify the type of exception being caught. Try adding an 'on' clause before the 'catch'. - avoid_catches_without_on_clauses
build	Static Analysis	2026-01-04T03:43:49.0820196Z [web3_universal_signer]:    info - lib/src/authorization_batch.dart:164:5 - Unnecessary duplication of receiver. Try using a cascade to avoid the duplication. - cascade_invocations
build	Static Analysis	2026-01-04T03:43:49.0836000Z [web3_universal_signer]:    info - lib/src/authorization_batch.dart:224:7 - Catch clause should use 'on' to specify the type of exception being caught. Try adding an 'on' clause before the 'catch'. - avoid_catches_without_on_clauses
build	Static Analysis	2026-01-04T03:43:49.0838679Z [web3_universal_signer]:    info - lib/src/authorization_revocation.dart:7:1 - Classes should define instance members. Try adding instance behavior or moving the members out of the class. - avoid_classes_with_only_static_members
build	Static Analysis	2026-01-04T03:43:49.0851369Z [web3_universal_signer]:    info - lib/src/authorization_verifier.dart:6:1 - Classes should define instance members. Try adding instance behavior or moving the members out of the class. - avoid_classes_with_only_static_members
build	Static Analysis	2026-01-04T03:43:49.0853809Z [web3_universal_signer]:    info - lib/src/authorization_verifier.dart:80:7 - Catch clause should use 'on' to specify the type of exception being caught. Try adding an 'on' clause before the 'catch'. - avoid_catches_without_on_clauses
build	Static Analysis	2026-01-04T03:43:49.0856174Z [web3_universal_signer]:    info - lib/src/authorization_verifier.dart:123:7 - Catch clause should use 'on' to specify the type of exception being caught. Try adding an 'on' clause before the 'catch'. - avoid_catches_without_on_clauses
build	Static Analysis	2026-01-04T03:43:49.0858655Z [web3_universal_signer]:    info - lib/src/transaction.dart:23:9 - Constructor declarations should be before non-constructor declarations. Try moving the constructor declaration before all other members. - sort_constructors_first
build	Static Analysis	2026-01-04T03:43:49.0860736Z [web3_universal_signer]:    info - lib/web3_universal_signer.dart:11:9 - Library names are not necessary. Remove the library name. - unnecessary_library_name
build	Static Analysis	2026-01-04T03:43:49.0862558Z [web3_universal_signer]:    info - test/eip7702_test.dart:5:1 - Sort directive sections alphabetically. Try sorting the directives. - directives_ordering
build	Static Analysis	2026-01-04T03:43:49.0864247Z [web3_universal_signer]:    info - test/eip7702_test.dart:276:9 - Unnecessary duplication of receiver. Try using a cascade to avoid the duplication. - cascade_invocations
build	Static Analysis	2026-01-04T03:43:49.0865978Z [web3_universal_signer]:    info - test/eip7702_test.dart:277:9 - Unnecessary duplication of receiver. Try using a cascade to avoid the duplication. - cascade_invocations
build	Static Analysis	2026-01-04T03:43:49.0867720Z [web3_universal_signer]:    info - test/eip7702_test.dart:278:9 - Unnecessary duplication of receiver. Try using a cascade to avoid the duplication. - cascade_invocations
build	Static Analysis	2026-01-04T03:43:49.0869748Z [web3_universal_signer]:    info - test/signer_property_test.dart:5:1 - Sort directive sections alphabetically. Try sorting the directives. - directives_ordering
build	Static Analysis	2026-01-04T03:43:49.0870820Z [web3_universal_signer]: 
build	Static Analysis	2026-01-04T03:43:49.0901621Z [web3_universal_signer]: 24 issues found.
build	Static Analysis	2026-01-04T03:43:49.1280669Z [web3_universal_swap]: Analyzing swap...
build	Static Analysis	2026-01-04T03:43:49.3026432Z [web3_universal_reown]: 
build	Static Analysis	2026-01-04T03:43:49.3028526Z [web3_universal_reown]:   error - example/main.dart:7:15 - The function 'PairingMetadata' isn't defined. Try importing the library that defines 'PairingMetadata', correcting the name to the name of an existing function, or defining a function named 'PairingMetadata'. - undefined_function
build	Static Analysis	2026-01-04T03:43:49.3031524Z [web3_universal_reown]:   error - test/relay_verification_test.dart:27:61 - The argument type 'dynamic' can't be assigned to the parameter type 'Object'.  - argument_type_not_assignable
build	Static Analysis	2026-01-04T03:43:49.3033668Z [web3_universal_reown]:   error - test/reown_kits_test.dart:92:9 - The argument type 'dynamic' can't be assigned to the parameter type 'Map<String, dynamic>'.  - argument_type_not_assignable
build	Static Analysis	2026-01-04T03:43:49.3040407Z [web3_universal_reown]:   error - test/reown_kits_test.dart:112:32 - The argument type 'dynamic' can't be assigned to the parameter type 'String'.  - argument_type_not_assignable
build	Static Analysis	2026-01-04T03:43:49.3042390Z [web3_universal_reown]: warning - lib/src/reown_wallet_kit.dart:6:8 - Unused import: 'pairing_uri.dart'. Try removing the import directive. - unused_import
build	Static Analysis	2026-01-04T03:43:49.3044012Z [web3_universal_reown]:    info - lib/web3_universal_reown.dart:5:9 - Library names are not necessary. Remove the library name. - unnecessary_library_name
build	Static Analysis	2026-01-04T03:43:49.3048473Z [web3_universal_reown]:    info - lib/web3_universal_reown.dart:13:1 - Sort directive sections alphabetically. Try sorting the directives. - directives_ordering
build	Static Analysis	2026-01-04T03:43:49.3051468Z [web3_universal_reown]:    info - test/connection_manager_test.dart:3:1 - Sort directive sections alphabetically. Try sorting the directives. - directives_ordering
build	Static Analysis	2026-01-04T03:43:49.3053238Z [web3_universal_reown]:    info - test/namespace_config_test.dart:2:1 - Sort directive sections alphabetically. Try sorting the directives. - directives_ordering
build	Static Analysis	2026-01-04T03:43:49.3054913Z [web3_universal_reown]:    info - test/pairing_uri_test.dart:2:1 - Sort directive sections alphabetically. Try sorting the directives. - directives_ordering
build	Static Analysis	2026-01-04T03:43:49.3056776Z [web3_universal_reown]:    info - test/relay_verification_test.dart:4:1 - Sort directive sections alphabetically. Try sorting the directives. - directives_ordering
build	Static Analysis	2026-01-04T03:43:49.3058560Z [web3_universal_reown]:    info - test/reown_kits_test.dart:4:1 - Sort directive sections alphabetically. Try sorting the directives. - directives_ordering
build	Static Analysis	2026-01-04T03:43:49.3061333Z [web3_universal_reown]:    info - test/reown_kits_test.dart:4:8 - The import of 'package:web3_universal_reown/src/relay_client.dart' is unnecessary because all of the used elements are also provided by the import of 'package:web3_universal_reown/web3_universal_reown.dart'. Try removing the import directive. - unnecessary_import
build	Static Analysis	2026-01-04T03:43:49.3064832Z [web3_universal_reown]:    info - test/reown_kits_test.dart:5:8 - The import of 'package:web3_universal_reown/src/session_manager.dart' is unnecessary because all of the used elements are also provided by the import of 'package:web3_universal_reown/web3_universal_reown.dart'. Try removing the import directive. - unnecessary_import
build	Static Analysis	2026-01-04T03:43:49.3068243Z [web3_universal_reown]:    info - test/reown_kits_test.dart:6:1 - Sort directive sections alphabetically. Try sorting the directives. - directives_ordering
build	Static Analysis	2026-01-04T03:43:49.3070943Z [web3_universal_reown]:    info - test/reown_kits_test.dart:6:8 - The import of 'package:web3_universal_reown/src/namespace_config.dart' is unnecessary because all of the used elements are also provided by the import of 'package:web3_universal_reown/web3_universal_reown.dart'. Try removing the import directive. - unnecessary_import
build	Static Analysis	2026-01-04T03:43:49.3074323Z [web3_universal_reown]:    info - test/reown_kits_test.dart:81:14 - Method invocation or property access on a 'dynamic' target. Try giving the target a type. - avoid_dynamic_calls
build	Static Analysis	2026-01-04T03:43:49.3076160Z [web3_universal_reown]:    info - test/reown_kits_test.dart:92:9 - Method invocation or property access on a 'dynamic' target. Try giving the target a type. - avoid_dynamic_calls
build	Static Analysis	2026-01-04T03:43:49.3099093Z [web3_universal_reown]:    info - test/reown_kits_test.dart:107:14 - Method invocation or property access on a 'dynamic' target. Try giving the target a type. - avoid_dynamic_calls
build	Static Analysis	2026-01-04T03:43:49.3101717Z [web3_universal_reown]:    info - test/reown_kits_test.dart:108:28 - Method invocation or property access on a 'dynamic' target. Try giving the target a type. - avoid_dynamic_calls
build	Static Analysis	2026-01-04T03:43:49.3103627Z [web3_universal_reown]:    info - test/reown_kits_test.dart:108:28 - Method invocation or property access on a 'dynamic' target. Try giving the target a type. - avoid_dynamic_calls
build	Static Analysis	2026-01-04T03:43:49.3105312Z [web3_universal_reown]:    info - test/reown_kits_test.dart:129:11 - Missing a required trailing comma. Try adding a trailing comma. - require_trailing_commas
build	Static Analysis	2026-01-04T03:43:49.3106902Z [web3_universal_reown]:    info - test/reown_kits_test.dart:130:9 - Missing a required trailing comma. Try adding a trailing comma. - require_trailing_commas
build	Static Analysis	2026-01-04T03:43:49.3108459Z [web3_universal_reown]:    info - test/reown_kits_test.dart:131:7 - Missing a required trailing comma. Try adding a trailing comma. - require_trailing_commas
build	Static Analysis	2026-01-04T03:43:49.3110037Z [web3_universal_reown]:    info - test/siwe_auth_test.dart:2:1 - Sort directive sections alphabetically. Try sorting the directives. - directives_ordering
build	Static Analysis	2026-01-04T03:43:49.3111707Z [web3_universal_reown]: 
build	Static Analysis	2026-01-04T03:43:49.3112077Z [web3_universal_reown]: 25 issues found.
build	Static Analysis	2026-01-04T03:43:49.3150102Z [web3_universal_staking]: 
build	Static Analysis	2026-01-04T03:43:49.3152788Z [web3_universal_staking]:   error - example/main.dart:5:34 - The method 'lido' isn't defined for the type 'StakingService'. Try correcting the name to the name of an existing method, or defining a method named 'lido'. - undefined_method
build	Static Analysis	2026-01-04T03:43:49.3154893Z [web3_universal_staking]: warning - example/main.dart:5:9 - The value of the local variable 'staking' isn't used. Try removing the variable or using it. - unused_local_variable
build	Static Analysis	2026-01-04T03:43:49.3156920Z [web3_universal_staking]:    info - lib/src/staking_service.dart:94:7 - Catch clause should use 'on' to specify the type of exception being caught. Try adding an 'on' clause before the 'catch'. - avoid_catches_without_on_clauses
build	Static Analysis	2026-01-04T03:43:49.3158890Z [web3_universal_staking]:    info - lib/web3_universal_staking.dart:1:9 - Library names are not necessary. Remove the library name. - unnecessary_library_name
build	Static Analysis	2026-01-04T03:43:49.3160554Z [web3_universal_staking]:    info - test/staking_service_test.dart:3:1 - Sort directive sections alphabetically. Try sorting the directives. - directives_ordering
build	Static Analysis	2026-01-04T03:43:49.3161845Z [web3_universal_staking]: 
build	Static Analysis	2026-01-04T03:43:49.3162259Z [web3_universal_staking]: 5 issues found.
build	Static Analysis	2026-01-04T03:43:49.3458059Z [web3_universal_ton]: Analyzing ton...
build	Static Analysis	2026-01-04T03:43:49.3536482Z [web3_universal_trezor]: Analyzing trezor...
build	Static Analysis	2026-01-04T03:43:49.3643470Z [web3_universal_solana]: 
build	Static Analysis	2026-01-04T03:43:49.3653051Z [web3_universal_solana]:   error - test/basic_test.dart:59:31 - Instance member 'verify' can't be accessed using static access. - static_access_to_instance_member
build	Static Analysis	2026-01-04T03:43:49.3660146Z [web3_universal_solana]:   error - test/rigorous_test.dart:34:21 - The getter 'nonce' isn't defined for the type 'ProgramAddress'. Try importing the library that defines 'nonce', correcting the name to the name of an existing getter, or defining a getter or field named 'nonce'. - undefined_getter
build	Static Analysis	2026-01-04T03:43:49.3667836Z [web3_universal_solana]: warning - lib/src/models/public_key.dart:74:11 - TODO: Expose `isOnCurve` in Ed25519 low-level or attempt to decode. - todo
build	Static Analysis	2026-01-04T03:43:49.3683150Z [web3_universal_solana]: warning - test/address_lookup_table_test.dart:27:8 - TODO: Verify against official solana-web3.js vector if available - todo
build	Static Analysis	2026-01-04T03:43:49.3685159Z [web3_universal_solana]:    info - lib/src/encoding/short_vec.dart:3:1 - Classes should define instance members. Try adding instance behavior or moving the members out of the class. - avoid_classes_with_only_static_members
build	Static Analysis	2026-01-04T03:43:49.3687308Z [web3_universal_solana]:    info - lib/src/models/instruction.dart:12:22 - Static method should be a constructor. Try converting the method into a constructor. - prefer_constructors_over_static_methods
build	Static Analysis	2026-01-04T03:43:49.3689456Z [web3_universal_solana]:    info - lib/src/models/instruction.dart:16:22 - Static method should be a constructor. Try converting the method into a constructor. - prefer_constructors_over_static_methods
build	Static Analysis	2026-01-04T03:43:49.3705901Z [web3_universal_solana]:    info - lib/src/models/message.dart:42:5 - Unnecessary duplication of receiver. Try using a cascade to avoid the duplication. - cascade_invocations
build	Static Analysis	2026-01-04T03:43:49.3713270Z [web3_universal_solana]:    info - lib/src/models/message.dart:43:5 - Unnecessary duplication of receiver. Try using a cascade to avoid the duplication. - cascade_invocations
build	Static Analysis	2026-01-04T03:43:49.3715059Z [web3_universal_solana]:    info - lib/src/models/message.dart:44:5 - Unnecessary duplication of receiver. Try using a cascade to avoid the duplication. - cascade_invocations
build	Static Analysis	2026-01-04T03:43:49.3716733Z [web3_universal_solana]:    info - lib/src/models/message.dart:45:5 - Unnecessary duplication of receiver. Try using a cascade to avoid the duplication. - cascade_invocations
build	Static Analysis	2026-01-04T03:43:49.3718956Z [web3_universal_solana]:    info - lib/src/models/message.dart:46:5 - Unnecessary duplication of receiver. Try using a cascade to avoid the duplication. - cascade_invocations
build	Static Analysis	2026-01-04T03:43:49.3720823Z [web3_universal_solana]:    info - lib/src/models/message.dart:69:5 - Unnecessary duplication of receiver. Try using a cascade to avoid the duplication. - cascade_invocations
build	Static Analysis	2026-01-04T03:43:49.3722792Z [web3_universal_solana]:    info - lib/src/models/message.dart:72:5 - Unnecessary duplication of receiver. Try using a cascade to avoid the duplication. - cascade_invocations
build	Static Analysis	2026-01-04T03:43:49.3724803Z [web3_universal_solana]:    info - lib/src/models/message.dart:81:5 - Unnecessary duplication of receiver. Try using a cascade to avoid the duplication. - cascade_invocations
build	Static Analysis	2026-01-04T03:43:49.3726806Z [web3_universal_solana]:    info - lib/src/models/message.dart:90:18 - Static method should be a constructor. Try converting the method into a constructor. - prefer_constructors_over_static_methods
build	Static Analysis	2026-01-04T03:43:49.3728647Z [web3_universal_solana]:    info - lib/src/models/message.dart:160:5 - Unnecessary duplication of receiver. Try using a cascade to avoid the duplication. - cascade_invocations
build	Static Analysis	2026-01-04T03:43:49.3730864Z [web3_universal_solana]:    info - lib/src/models/public_key.dart:36:3 - The method '==' should not be overridden in classes not annotated with '@immutable'. Try removing the override or annotating the class with '@immutable'. - avoid_equals_and_hash_code_on_mutable_classes
build	Static Analysis	2026-01-04T03:43:49.3733769Z [web3_universal_solana]:    info - lib/src/models/public_key.dart:43:3 - The method 'hashCode' should not be overridden in classes not annotated with '@immutable'. Try removing the override or annotating the class with '@immutable'. - avoid_equals_and_hash_code_on_mutable_classes
build	Static Analysis	2026-01-04T03:43:49.3736191Z [web3_universal_solana]:    info - lib/src/models/public_key.dart:49:20 - Static method should be a constructor. Try converting the method into a constructor. - prefer_constructors_over_static_methods
build	Static Analysis	2026-01-04T03:43:49.3738183Z [web3_universal_solana]:    info - lib/src/models/public_key.dart:55:5 - Unnecessary duplication of receiver. Try using a cascade to avoid the duplication. - cascade_invocations
build	Static Analysis	2026-01-04T03:43:49.3740472Z [web3_universal_solana]:    info - lib/src/models/public_key.dart:82:7 - Catch clause should use 'on' to specify the type of exception being caught. Try adding an 'on' clause before the 'catch'. - avoid_catches_without_on_clauses
build	Static Analysis	2026-01-04T03:43:49.3761260Z [web3_universal_solana]:    info - lib/src/models/public_key.dart:95:9 - Catch clause should use 'on' to specify the type of exception being caught. Try adding an 'on' clause before the 'catch'. - avoid_catches_without_on_clauses
build	Static Analysis	2026-01-04T03:43:49.3763398Z [web3_universal_solana]:    info - lib/src/models/transaction.dart:113:5 - Unnecessary duplication of receiver. Try using a cascade to avoid the duplication. - cascade_invocations
build	Static Analysis	2026-01-04T03:43:49.3765468Z [web3_universal_solana]:    info - lib/src/programs/address_lookup_table.dart:8:1 - Classes should define instance members. Try adding instance behavior or moving the members out of the class. - avoid_classes_with_only_static_members
build	Static Analysis	2026-01-04T03:43:49.3767661Z [web3_universal_solana]:    info - lib/src/programs/address_lookup_table.dart:20:5 - Unnecessary duplication of receiver. Try using a cascade to avoid the duplication. - cascade_invocations
build	Static Analysis	2026-01-04T03:43:49.3769754Z [web3_universal_solana]:    info - lib/src/programs/address_lookup_table.dart:26:5 - Unnecessary duplication of receiver. Try using a cascade to avoid the duplication. - cascade_invocations
build	Static Analysis	2026-01-04T03:43:49.3771889Z [web3_universal_solana]:    info - lib/src/programs/address_lookup_table.dart:72:7 - Unnecessary duplication of receiver. Try using a cascade to avoid the duplication. - cascade_invocations
build	Static Analysis	2026-01-04T03:43:49.3774111Z [web3_universal_solana]:    info - lib/src/programs/metaplex.dart:38:27 - Static method should be a constructor. Try converting the method into a constructor. - prefer_constructors_over_static_methods
build	Static Analysis	2026-01-04T03:43:49.3776487Z [web3_universal_solana]:    info - lib/src/programs/system.dart:17:9 - Unnecessary duplication of receiver. Try using a cascade to avoid the duplication. - cascade_invocations
build	Static Analysis	2026-01-04T03:43:49.3778309Z [web3_universal_solana]:    info - lib/src/programs/system.dart:18:9 - Unnecessary duplication of receiver. Try using a cascade to avoid the duplication. - cascade_invocations
build	Static Analysis	2026-01-04T03:43:49.3780091Z [web3_universal_solana]:    info - lib/src/programs/token.dart:19:9 - Unnecessary duplication of receiver. Try using a cascade to avoid the duplication. - cascade_invocations
build	Static Analysis	2026-01-04T03:43:49.3782105Z [web3_universal_solana]:    info - lib/src/programs/token.dart:20:9 - Unnecessary duplication of receiver. Try using a cascade to avoid the duplication. - cascade_invocations
build	Static Analysis	2026-01-04T03:43:49.3783900Z [web3_universal_solana]:    info - lib/src/programs/token.dart:41:9 - Unnecessary duplication of receiver. Try using a cascade to avoid the duplication. - cascade_invocations
build	Static Analysis	2026-01-04T03:43:49.3785712Z [web3_universal_solana]:    info - lib/src/programs/token.dart:42:9 - Unnecessary duplication of receiver. Try using a cascade to avoid the duplication. - cascade_invocations
build	Static Analysis	2026-01-04T03:43:49.3787389Z [web3_universal_solana]:    info - lib/src/rpc/client.dart:6:1 - Sort directive sections alphabetically. Try sorting the directives. - directives_ordering
build	Static Analysis	2026-01-04T03:43:49.3788972Z [web3_universal_solana]:    info - lib/web3_universal_solana.dart:1:9 - Library names are not necessary. Remove the library name. - unnecessary_library_name
build	Static Analysis	2026-01-04T03:43:49.3790631Z [web3_universal_solana]:    info - test/address_lookup_table_test.dart:5:1 - Sort directive sections alphabetically. Try sorting the directives. - directives_ordering
build	Static Analysis	2026-01-04T03:43:49.3802826Z [web3_universal_solana]:    info - test/basic_test.dart:5:1 - Sort directive sections alphabetically. Try sorting the directives. - directives_ordering
build	Static Analysis	2026-01-04T03:43:49.3804510Z [web3_universal_solana]:    info - test/integration_test.dart:5:1 - Sort directive sections alphabetically. Try sorting the directives. - directives_ordering
build	Static Analysis	2026-01-04T03:43:49.3806498Z [web3_universal_solana]:    info - test/integration_test.dart:14:16 - Method invocation or property access on a 'dynamic' target. Try giving the target a type. - avoid_dynamic_calls
build	Static Analysis	2026-01-04T03:43:49.3808369Z [web3_universal_solana]:    info - test/integration_test.dart:19:17 - Method invocation or property access on a 'dynamic' target. Try giving the target a type. - avoid_dynamic_calls
build	Static Analysis	2026-01-04T03:43:49.3810208Z [web3_universal_solana]:    info - test/integration_test.dart:33:16 - Method invocation or property access on a 'dynamic' target. Try giving the target a type. - avoid_dynamic_calls
build	Static Analysis	2026-01-04T03:43:49.3812235Z [web3_universal_solana]:    info - test/integration_test.dart:47:17 - Method invocation or property access on a 'dynamic' target. Try giving the target a type. - avoid_dynamic_calls
build	Static Analysis	2026-01-04T03:43:49.3813954Z [web3_universal_solana]:    info - test/metaplex_test.dart:5:1 - Sort directive sections alphabetically. Try sorting the directives. - directives_ordering
build	Static Analysis	2026-01-04T03:43:49.3815586Z [web3_universal_solana]:    info - test/metaplex_test.dart:6:1 - Sort directive sections alphabetically. Try sorting the directives. - directives_ordering
build	Static Analysis	2026-01-04T03:43:49.3817247Z [web3_universal_solana]:    info - test/metaplex_test.dart:20:7 - Unnecessary duplication of receiver. Try using a cascade to avoid the duplication. - cascade_invocations
build	Static Analysis	2026-01-04T03:43:49.3818984Z [web3_universal_solana]:    info - test/metaplex_test.dart:41:7 - Unnecessary duplication of receiver. Try using a cascade to avoid the duplication. - cascade_invocations
build	Static Analysis	2026-01-04T03:43:49.3820718Z [web3_universal_solana]:    info - test/metaplex_test.dart:62:3 - Unnecessary duplication of receiver. Try using a cascade to avoid the duplication. - cascade_invocations
build	Static Analysis	2026-01-04T03:43:49.3822890Z [web3_universal_solana]:    info - test/metaplex_test.dart:63:3 - Unnecessary duplication of receiver. Try using a cascade to avoid the duplication. - cascade_invocations
build	Static Analysis	2026-01-04T03:43:49.3824654Z [web3_universal_solana]:    info - test/metaplex_test.dart:64:3 - Unnecessary duplication of receiver. Try using a cascade to avoid the duplication. - cascade_invocations
build	Static Analysis	2026-01-04T03:43:49.3826385Z [web3_universal_solana]:    info - test/metaplex_test.dart:65:3 - Unnecessary duplication of receiver. Try using a cascade to avoid the duplication. - cascade_invocations
build	Static Analysis	2026-01-04T03:43:49.3828045Z [web3_universal_solana]:    info - test/rigorous_test.dart:3:1 - Sort directive sections alphabetically. Try sorting the directives. - directives_ordering
build	Static Analysis	2026-01-04T03:43:49.3829715Z [web3_universal_solana]:    info - test/rigorous_test.dart:44:7 - Unnecessary duplication of receiver. Try using a cascade to avoid the duplication. - cascade_invocations
build	Static Analysis	2026-01-04T03:43:49.3883489Z [web3_universal_solana]:    info - test/rigorous_test.dart:45:7 - Unnecessary duplication of receiver. Try using a cascade to avoid the duplication. - cascade_invocations
build	Static Analysis	2026-01-04T03:43:49.3885353Z [web3_universal_solana]:    info - test/vector_test.dart:6:1 - Sort directive sections alphabetically. Try sorting the directives. - directives_ordering
build	Static Analysis	2026-01-04T03:43:49.3886366Z [web3_universal_solana]: 
build	Static Analysis	2026-01-04T03:43:49.3886751Z [web3_universal_solana]: 56 issues found.
build	Static Analysis	2026-01-04T03:43:49.4153037Z [web3_universal_tron]: Analyzing tron...
build	Static Analysis	2026-01-04T03:43:49.6110209Z [web3_universal_ton]: 
build	Static Analysis	2026-01-04T03:43:49.6111997Z [web3_universal_ton]:    info - lib/web3_universal_ton.dart:1:9 - Library names are not necessary. Remove the library name. - unnecessary_library_name
build	Static Analysis	2026-01-04T03:43:49.6113379Z [web3_universal_ton]: 
build	Static Analysis	2026-01-04T03:43:49.6114034Z [web3_universal_ton]: 1 issue found.
build	Static Analysis	2026-01-04T03:43:49.6569687Z [web3_universal_utxo]: Analyzing utxo...
build	Static Analysis	2026-01-04T03:43:49.6574016Z [web3_universal_swap]: 
build	Static Analysis	2026-01-04T03:43:49.6579013Z [web3_universal_swap]:   error - example/main.dart:5:28 - The method 'oneInch' isn't defined for the type 'SwapService'. Try correcting the name to the name of an existing method, or defining a method named 'oneInch'. - undefined_method
build	Static Analysis	2026-01-04T03:43:49.6584621Z [web3_universal_swap]: warning - example/main.dart:5:9 - The value of the local variable 'swap' isn't used. Try removing the variable or using it. - unused_local_variable
build	Static Analysis	2026-01-04T03:43:49.6678876Z [web3_universal_swap]:    info - lib/src/aggregators/oneinch_aggregator.dart:104:9 - Catch clause should use 'on' to specify the type of exception being caught. Try adding an 'on' clause before the 'catch'. - avoid_catches_without_on_clauses
build	Static Analysis	2026-01-04T03:43:49.6681644Z [web3_universal_swap]:    info - lib/src/aggregators/oneinch_aggregator.dart:123:7 - Catch clause should use 'on' to specify the type of exception being caught. Try adding an 'on' clause before the 'catch'. - avoid_catches_without_on_clauses
build	Static Analysis	2026-01-04T03:43:49.6683984Z [web3_universal_swap]:    info - lib/src/aggregators/oneinch_aggregator.dart:263:7 - Invalid assignment to the parameter 'hex'. Try using a local variable in place of the parameter. - parameter_assignments
build	Static Analysis	2026-01-04T03:43:49.6686260Z [web3_universal_swap]:    info - lib/src/aggregators/paraswap_aggregator.dart:86:9 - Catch clause should use 'on' to specify the type of exception being caught. Try adding an 'on' clause before the 'catch'. - avoid_catches_without_on_clauses
build	Static Analysis	2026-01-04T03:43:49.6688704Z [web3_universal_swap]:    info - lib/src/aggregators/paraswap_aggregator.dart:105:7 - Catch clause should use 'on' to specify the type of exception being caught. Try adding an 'on' clause before the 'catch'. - avoid_catches_without_on_clauses
build	Static Analysis	2026-01-04T03:43:49.6691223Z [web3_universal_swap]:    info - lib/src/aggregators/paraswap_aggregator.dart:321:7 - Invalid assignment to the parameter 'hex'. Try using a local variable in place of the parameter. - parameter_assignments
build	Static Analysis	2026-01-04T03:43:49.6694005Z [web3_universal_swap]:    info - lib/src/aggregators/rango_aggregator.dart:86:9 - Catch clause should use 'on' to specify the type of exception being caught. Try adding an 'on' clause before the 'catch'. - avoid_catches_without_on_clauses
build	Static Analysis	2026-01-04T03:43:49.6696456Z [web3_universal_swap]:    info - lib/src/aggregators/rango_aggregator.dart:115:7 - Catch clause should use 'on' to specify the type of exception being caught. Try adding an 'on' clause before the 'catch'. - avoid_catches_without_on_clauses
build	Static Analysis	2026-01-04T03:43:49.6698725Z [web3_universal_swap]:    info - lib/src/aggregators/rango_aggregator.dart:345:7 - Invalid assignment to the parameter 'hex'. Try using a local variable in place of the parameter. - parameter_assignments
build	Static Analysis	2026-01-04T03:43:49.6733677Z [web3_universal_swap]:    info - lib/src/aggregators/zerox_aggregator.dart:104:9 - Catch clause should use 'on' to specify the type of exception being caught. Try adding an 'on' clause before the 'catch'. - avoid_catches_without_on_clauses
build	Static Analysis	2026-01-04T03:43:49.6736190Z [web3_universal_swap]:    info - lib/src/aggregators/zerox_aggregator.dart:129:7 - Catch clause should use 'on' to specify the type of exception being caught. Try adding an 'on' clause before the 'catch'. - avoid_catches_without_on_clauses
build	Static Analysis	2026-01-04T03:43:49.6738554Z [web3_universal_swap]:    info - lib/src/aggregators/zerox_aggregator.dart:198:7 - Catch clause should use 'on' to specify the type of exception being caught. Try adding an 'on' clause before the 'catch'. - avoid_catches_without_on_clauses
build	Static Analysis	2026-01-04T03:43:49.6740819Z [web3_universal_swap]:    info - lib/src/aggregators/zerox_aggregator.dart:308:7 - Invalid assignment to the parameter 'hex'. Try using a local variable in place of the parameter. - parameter_assignments
build	Static Analysis	2026-01-04T03:43:49.6743006Z [web3_universal_swap]:    info - lib/src/mev_protection.dart:128:31 - Method invocation or property access on a 'dynamic' target. Try giving the target a type. - avoid_dynamic_calls
build	Static Analysis	2026-01-04T03:43:49.6744831Z [web3_universal_swap]:    info - lib/src/mev_protection.dart:182:33 - Method invocation or property access on a 'dynamic' target. Try giving the target a type. - avoid_dynamic_calls
build	Static Analysis	2026-01-04T03:43:49.6746955Z [web3_universal_swap]:    info - lib/src/mev_protection.dart:237:34 - Method invocation or property access on a 'dynamic' target. Try giving the target a type. - avoid_dynamic_calls
build	Static Analysis	2026-01-04T03:43:49.6749074Z [web3_universal_swap]:    info - lib/src/slippage_calculator.dart:6:1 - Classes should define instance members. Try adding instance behavior or moving the members out of the class. - avoid_classes_with_only_static_members
build	Static Analysis	2026-01-04T03:43:49.6751345Z [web3_universal_swap]:    info - lib/src/swap_quote.dart:135:26 - Static method should be a constructor. Try converting the method into a constructor. - prefer_constructors_over_static_methods
build	Static Analysis	2026-01-04T03:43:49.6753717Z [web3_universal_swap]:    info - lib/src/swap_service.dart:5:8 - The imported package 'web3_universal_signer' isn't a dependency of the importing package. Try adding a dependency for 'web3_universal_signer' in the 'pubspec.yaml' file. - depend_on_referenced_packages
build	Static Analysis	2026-01-04T03:43:49.6756303Z [web3_universal_swap]:    info - lib/src/swap_service.dart:28:8 - Use an initializing formal to assign a parameter to a field. Try using an initialing formal ('this.mevProtectionService') to initialize the field. - prefer_initializing_formals
build	Static Analysis	2026-01-04T03:43:49.6758578Z [web3_universal_swap]:    info - lib/src/swap_service.dart:102:17 - The value of the argument is redundant because it matches the default value. Try removing the argument. - avoid_redundant_argument_values
build	Static Analysis	2026-01-04T03:43:49.6760642Z [web3_universal_swap]:    info - lib/src/swap_service.dart:156:7 - Catch clause should use 'on' to specify the type of exception being caught. Try adding an 'on' clause before the 'catch'. - avoid_catches_without_on_clauses
build	Static Analysis	2026-01-04T03:43:49.6793258Z [web3_universal_swap]:    info - lib/src/swap_service.dart:173:11 - Catch clause should use 'on' to specify the type of exception being caught. Try adding an 'on' clause before the 'catch'. - avoid_catches_without_on_clauses
build	Static Analysis	2026-01-04T03:43:49.6795704Z [web3_universal_swap]:    info - lib/src/swap_service.dart:198:9 - Catch clause should use 'on' to specify the type of exception being caught. Try adding an 'on' clause before the 'catch'. - avoid_catches_without_on_clauses
build	Static Analysis	2026-01-04T03:43:49.6797844Z [web3_universal_swap]:    info - lib/src/swap_service.dart:249:11 - Catch clause should use 'on' to specify the type of exception being caught. Try adding an 'on' clause before the 'catch'. - avoid_catches_without_on_clauses
build	Static Analysis	2026-01-04T03:43:49.6799958Z [web3_universal_swap]:    info - lib/src/swap_service.dart:261:7 - Catch clause should use 'on' to specify the type of exception being caught. Try adding an 'on' clause before the 'catch'. - avoid_catches_without_on_clauses
build	Static Analysis	2026-01-04T03:43:49.6802266Z [web3_universal_swap]:    info - lib/src/swap_service.dart:308:9 - Catch clause should use 'on' to specify the type of exception being caught. Try adding an 'on' clause before the 'catch'. - avoid_catches_without_on_clauses
build	Static Analysis	2026-01-04T03:43:49.6804398Z [web3_universal_swap]:    info - lib/src/swap_tracker.dart:82:11 - Catch clause should use 'on' to specify the type of exception being caught. Try adding an 'on' clause before the 'catch'. - avoid_catches_without_on_clauses
build	Static Analysis	2026-01-04T03:43:49.6806554Z [web3_universal_swap]:    info - lib/src/swap_tracker.dart:108:7 - Catch clause should use 'on' to specify the type of exception being caught. Try adding an 'on' clause before the 'catch'. - avoid_catches_without_on_clauses
build	Static Analysis	2026-01-04T03:43:49.6808697Z [web3_universal_swap]:    info - lib/src/swap_tracker.dart:161:7 - Catch clause should use 'on' to specify the type of exception being caught. Try adding an 'on' clause before the 'catch'. - avoid_catches_without_on_clauses
build	Static Analysis	2026-01-04T03:43:49.6810828Z [web3_universal_swap]:    info - lib/src/swap_tracker.dart:198:7 - Catch clause should use 'on' to specify the type of exception being caught. Try adding an 'on' clause before the 'catch'. - avoid_catches_without_on_clauses
build	Static Analysis	2026-01-04T03:43:49.6813179Z [web3_universal_swap]:    info - lib/src/swap_tracker.dart:208:7 - Catch clause should use 'on' to specify the type of exception being caught. Try adding an 'on' clause before the 'catch'. - avoid_catches_without_on_clauses
build	Static Analysis	2026-01-04T03:43:49.6815836Z [web3_universal_swap]:    info - lib/src/swap_types.dart:44:3 - The method '==' should not be overridden in classes not annotated with '@immutable'. Try removing the override or annotating the class with '@immutable'. - avoid_equals_and_hash_code_on_mutable_classes
build	Static Analysis	2026-01-04T03:43:49.6818470Z [web3_universal_swap]:    info - lib/src/swap_types.dart:52:3 - The method 'hashCode' should not be overridden in classes not annotated with '@immutable'. Try removing the override or annotating the class with '@immutable'. - avoid_equals_and_hash_code_on_mutable_classes
build	Static Analysis	2026-01-04T03:43:49.6823051Z [web3_universal_swap]:    info - lib/src/token_approval.dart:3:8 - The imported package 'web3_universal_abi' isn't a dependency of the importing package. Try adding a dependency for 'web3_universal_abi' in the 'pubspec.yaml' file. - depend_on_referenced_packages
build	Static Analysis	2026-01-04T03:43:49.6825519Z [web3_universal_swap]:    info - lib/src/token_approval.dart:51:7 - Catch clause should use 'on' to specify the type of exception being caught. Try adding an 'on' clause before the 'catch'. - avoid_catches_without_on_clauses
build	Static Analysis	2026-01-04T03:43:49.6827653Z [web3_universal_swap]:    info - lib/src/token_approval.dart:119:7 - Catch clause should use 'on' to specify the type of exception being caught. Try adding an 'on' clause before the 'catch'. - avoid_catches_without_on_clauses
build	Static Analysis	2026-01-04T03:43:49.6829814Z [web3_universal_swap]:    info - lib/src/token_approval.dart:201:9 - Catch clause should use 'on' to specify the type of exception being caught. Try adding an 'on' clause before the 'catch'. - avoid_catches_without_on_clauses
build	Static Analysis	2026-01-04T03:43:49.6833496Z [web3_universal_swap]:    info - lib/src/token_approval.dart:244:7 - Catch clause should use 'on' to specify the type of exception being caught. Try adding an 'on' clause before the 'catch'. - avoid_catches_without_on_clauses
build	Static Analysis	2026-01-04T03:43:49.6835969Z [web3_universal_swap]:    info - lib/src/token_approval.dart:253:7 - Catch clause should use 'on' to specify the type of exception being caught. Try adding an 'on' clause before the 'catch'. - avoid_catches_without_on_clauses
build	Static Analysis	2026-01-04T03:43:49.6837810Z [web3_universal_swap]:    info - lib/web3_universal_swap.dart:2:9 - Library names are not necessary. Remove the library name. - unnecessary_library_name
build	Static Analysis	2026-01-04T03:43:49.6838739Z [web3_universal_swap]: 
build	Static Analysis	2026-01-04T03:43:49.6839100Z [web3_universal_swap]: 43 issues found.
build	Static Analysis	2026-01-04T03:43:49.6969694Z [web3_universal_tron]: 
build	Static Analysis	2026-01-04T03:43:49.6972106Z [web3_universal_tron]:    info - lib/web3_universal_tron.dart:1:9 - Library names are not necessary. Remove the library name. - unnecessary_library_name
build	Static Analysis	2026-01-04T03:43:49.6973147Z [web3_universal_tron]: 
build	Static Analysis	2026-01-04T03:43:49.6973390Z [web3_universal_tron]: 1 issue found.
build	Static Analysis	2026-01-04T03:43:49.7616710Z [web3_universal_trezor]: No issues found!
build	Static Analysis	2026-01-04T03:43:49.9659123Z [web3_universal_utxo]: 
build	Static Analysis	2026-01-04T03:43:49.9661287Z [web3_universal_utxo]:   error - example/main.dart:11:34 - The method 'p2wpkh' isn't defined for the type 'BitcoinAddress'. Try correcting the name to the name of an existing method, or defining a method named 'p2wpkh'. - undefined_method
build	Static Analysis	2026-01-04T03:43:49.9663477Z [web3_universal_utxo]:   error - example/main.dart:11:54 - Undefined name 'BitcoinNetwork'. Try correcting the name to one that is defined, or defining the name. - undefined_identifier
build	Static Analysis	2026-01-04T03:43:49.9665552Z [web3_universal_utxo]:   error - example/main.dart:15:36 - The method 'p2tr' isn't defined for the type 'BitcoinAddress'. Try correcting the name to the name of an existing method, or defining a method named 'p2tr'. - undefined_method
build	Static Analysis	2026-01-04T03:43:49.9667630Z [web3_universal_utxo]:   error - example/main.dart:15:54 - Undefined name 'BitcoinNetwork'. Try correcting the name to one that is defined, or defining the name. - undefined_identifier
build	Static Analysis	2026-01-04T03:43:49.9669952Z [web3_universal_utxo]:   error - example/main.dart:19:25 - The method 'build' isn't defined for the type 'Script'. Try correcting the name to the name of an existing method, or defining a method named 'build'. - undefined_method
build	Static Analysis	2026-01-04T03:43:49.9672554Z [web3_universal_utxo]:   error - example/main.dart:20:12 - The getter 'OP_DUP' isn't defined for the type 'OpCode'. Try importing the library that defines 'OP_DUP', correcting the name to the name of an existing getter, or defining a getter or field named 'OP_DUP'. - undefined_getter
build	Static Analysis	2026-01-04T03:43:49.9674724Z [web3_universal_utxo]:   error - example/main.dart:21:12 - The getter 'OP_HASH160' isn't defined for the type 'OpCode'. Try importing the library that defines 'OP_HASH160', correcting the name to the name of an existing getter, or defining a getter or field named 'OP_HASH160'. - undefined_getter
build	Static Analysis	2026-01-04T03:43:49.9677297Z [web3_universal_utxo]:   error - example/main.dart:23:12 - The getter 'OP_EQUALVERIFY' isn't defined for the type 'OpCode'. Try importing the library that defines 'OP_EQUALVERIFY', correcting the name to the name of an existing getter, or defining a getter or field named 'OP_EQUALVERIFY'. - undefined_getter
build	Static Analysis	2026-01-04T03:43:49.9679010Z [web3_universal_utxo]:   error - example/main.dart:24:12 - The getter 'OP_CHECKSIG' isn't defined for the type 'OpCode'. Try importing the library that defines 'OP_CHECKSIG', correcting the name to the name of an existing getter, or defining a getter or field named 'OP_CHECKSIG'. - undefined_getter
build	Static Analysis	2026-01-04T03:43:49.9680385Z [web3_universal_utxo]:   error - example/main.dart:32:7 - The named parameter 'txId' is required, but there's no corresponding argument. Try adding the required argument. - missing_required_argument
build	Static Analysis	2026-01-04T03:43:49.9681733Z [web3_universal_utxo]:   error - example/main.dart:32:7 - The named parameter 'vout' is required, but there's no corresponding argument. Try adding the required argument. - missing_required_argument
build	Static Analysis	2026-01-04T03:43:49.9683226Z [web3_universal_utxo]:   error - example/main.dart:33:9 - The named parameter 'prevOut' isn't defined. Try correcting the name to an existing named parameter's name, or defining a named parameter with the name 'prevOut'. - undefined_named_parameter
build	Static Analysis	2026-01-04T03:43:49.9684687Z [web3_universal_utxo]:   error - example/main.dart:33:18 - The function 'OutPoint' isn't defined. Try importing the library that defines 'OutPoint', correcting the name to the name of an existing function, or defining a function named 'OutPoint'. - undefined_function
build	Static Analysis	2026-01-04T03:43:49.9686024Z [web3_universal_utxo]:   error - example/main.dart:34:27 - The method 'empty' isn't defined for the type 'Script'. Try correcting the name to the name of an existing method, or defining a method named 'empty'. - undefined_method
build	Static Analysis	2026-01-04T03:43:49.9687195Z [web3_universal_utxo]:   error - example/main.dart:39:7 - The named parameter 'amount' is required, but there's no corresponding argument. Try adding the required argument. - missing_required_argument
build	Static Analysis	2026-01-04T03:43:49.9688464Z [web3_universal_utxo]:   error - example/main.dart:40:9 - The named parameter 'value' isn't defined. Try correcting the name to an existing named parameter's name, or defining a named parameter with the name 'value'. - undefined_named_parameter
build	Static Analysis	2026-01-04T03:43:49.9689467Z [web3_universal_utxo]: warning - lib/src/models/address.dart:20:8 - TODO: Implement decoding logic - todo
build	Static Analysis	2026-01-04T03:43:49.9690127Z [web3_universal_utxo]: warning - lib/src/models/networks.dart:79:6 - TODO: Add Dash, Zcash etc if requested - todo
build	Static Analysis	2026-01-04T03:43:49.9690876Z [web3_universal_utxo]: warning - lib/src/models/psbt.dart:53:8 - TODO: Implement proper reading loop based on tx input/output count - todo
build	Static Analysis	2026-01-04T03:43:49.9691936Z [web3_universal_utxo]: warning - lib/src/models/transaction.dart:136:8 - TODO: Implement proper double SHA256 when imports available - todo
build	Static Analysis	2026-01-04T03:43:49.9692842Z [web3_universal_utxo]: warning - test/script_test.dart:12:12 - The declaration 'hEncode' isn't referenced. Try removing the declaration of 'hEncode'. - unused_element
build	Static Analysis	2026-01-04T03:43:49.9694008Z [web3_universal_utxo]:    info - example/main.dart:30:14 - The value of the argument is redundant because it matches the default value. Try removing the argument. - avoid_redundant_argument_values
build	Static Analysis	2026-01-04T03:43:49.9695075Z [web3_universal_utxo]:    info - example/main.dart:35:19 - The value of the argument is redundant because it matches the default value. Try removing the argument. - avoid_redundant_argument_values
build	Static Analysis	2026-01-04T03:43:49.9696092Z [web3_universal_utxo]:    info - lib/src/models/address.dart:96:2 - Missing a newline at the end of the file. Try adding a newline at the end of the file. - eol_at_end_of_file
build	Static Analysis	2026-01-04T03:43:49.9697112Z [web3_universal_utxo]:    info - lib/src/models/psbt.dart:32:15 - Static method should be a constructor. Try converting the method into a constructor. - prefer_constructors_over_static_methods
build	Static Analysis	2026-01-04T03:43:49.9698173Z [web3_universal_utxo]:    info - lib/src/models/transaction.dart:84:5 - Unnecessary duplication of receiver. Try using a cascade to avoid the duplication. - cascade_invocations
build	Static Analysis	2026-01-04T03:43:49.9699194Z [web3_universal_utxo]:    info - lib/src/models/transaction.dart:90:7 - Unnecessary duplication of receiver. Try using a cascade to avoid the duplication. - cascade_invocations
build	Static Analysis	2026-01-04T03:43:49.9700195Z [web3_universal_utxo]:    info - lib/src/models/transaction.dart:99:7 - Unnecessary duplication of receiver. Try using a cascade to avoid the duplication. - cascade_invocations
build	Static Analysis	2026-01-04T03:43:49.9701524Z [web3_universal_utxo]:    info - lib/src/models/transaction.dart:100:7 - Unnecessary duplication of receiver. Try using a cascade to avoid the duplication. - cascade_invocations
build	Static Analysis	2026-01-04T03:43:49.9702573Z [web3_universal_utxo]:    info - lib/src/models/transaction.dart:101:7 - Unnecessary duplication of receiver. Try using a cascade to avoid the duplication. - cascade_invocations
build	Static Analysis	2026-01-04T03:43:49.9703762Z [web3_universal_utxo]:    info - lib/src/models/transaction.dart:102:7 - Unnecessary duplication of receiver. Try using a cascade to avoid the duplication. - cascade_invocations
build	Static Analysis	2026-01-04T03:43:49.9704780Z [web3_universal_utxo]:    info - lib/src/models/transaction.dart:111:7 - Unnecessary duplication of receiver. Try using a cascade to avoid the duplication. - cascade_invocations
build	Static Analysis	2026-01-04T03:43:49.9705789Z [web3_universal_utxo]:    info - lib/src/models/transaction.dart:112:7 - Unnecessary duplication of receiver. Try using a cascade to avoid the duplication. - cascade_invocations
build	Static Analysis	2026-01-04T03:43:49.9706838Z [web3_universal_utxo]:    info - lib/src/models/transaction.dart:122:11 - Unnecessary duplication of receiver. Try using a cascade to avoid the duplication. - cascade_invocations
build	Static Analysis	2026-01-04T03:43:49.9707928Z [web3_universal_utxo]:    info - lib/src/models/transaction.dart:147:29 - Static method should be a constructor. Try converting the method into a constructor. - prefer_constructors_over_static_methods
build	Static Analysis	2026-01-04T03:43:49.9709028Z [web3_universal_utxo]:    info - lib/src/models/transaction.dart:281:3 - Unnecessary duplication of receiver. Try using a cascade to avoid the duplication. - cascade_invocations
build	Static Analysis	2026-01-04T03:43:49.9710036Z [web3_universal_utxo]:    info - lib/src/script/script.dart:143:7 - Unnecessary duplication of receiver. Try using a cascade to avoid the duplication. - cascade_invocations
build	Static Analysis	2026-01-04T03:43:49.9711190Z [web3_universal_utxo]:    info - lib/src/script/script.dart:146:7 - Unnecessary duplication of receiver. Try using a cascade to avoid the duplication. - cascade_invocations
build	Static Analysis	2026-01-04T03:43:49.9712180Z [web3_universal_utxo]:    info - lib/src/script/script.dart:147:7 - Unnecessary duplication of receiver. Try using a cascade to avoid the duplication. - cascade_invocations
build	Static Analysis	2026-01-04T03:43:49.9713156Z [web3_universal_utxo]:    info - lib/src/script/script.dart:150:7 - Unnecessary duplication of receiver. Try using a cascade to avoid the duplication. - cascade_invocations
build	Static Analysis	2026-01-04T03:43:49.9714134Z [web3_universal_utxo]:    info - lib/src/script/script.dart:151:7 - Unnecessary duplication of receiver. Try using a cascade to avoid the duplication. - cascade_invocations
build	Static Analysis	2026-01-04T03:43:49.9715254Z [web3_universal_utxo]:    info - lib/src/script/script.dart:154:7 - Unnecessary duplication of receiver. Try using a cascade to avoid the duplication. - cascade_invocations
build	Static Analysis	2026-01-04T03:43:49.9716232Z [web3_universal_utxo]:    info - lib/src/script/script.dart:155:7 - Unnecessary duplication of receiver. Try using a cascade to avoid the duplication. - cascade_invocations
build	Static Analysis	2026-01-04T03:43:49.9717206Z [web3_universal_utxo]:    info - lib/src/script/taproot.dart:15:5 - Unnecessary duplication of receiver. Try using a cascade to avoid the duplication. - cascade_invocations
build	Static Analysis	2026-01-04T03:43:49.9718170Z [web3_universal_utxo]:    info - lib/src/script/taproot.dart:27:7 - Unnecessary duplication of receiver. Try using a cascade to avoid the duplication. - cascade_invocations
build	Static Analysis	2026-01-04T03:43:49.9719141Z [web3_universal_utxo]:    info - lib/src/script/taproot.dart:28:7 - Unnecessary duplication of receiver. Try using a cascade to avoid the duplication. - cascade_invocations
build	Static Analysis	2026-01-04T03:43:49.9720114Z [web3_universal_utxo]:    info - lib/src/script/taproot.dart:32:7 - Unnecessary duplication of receiver. Try using a cascade to avoid the duplication. - cascade_invocations
build	Static Analysis	2026-01-04T03:43:49.9721902Z [web3_universal_utxo]:    info - lib/src/script/taproot.dart:33:7 - Unnecessary duplication of receiver. Try using a cascade to avoid the duplication. - cascade_invocations
build	Static Analysis	2026-01-04T03:43:49.9723675Z [web3_universal_utxo]:    info - lib/src/script/taproot.dart:34:7 - Unnecessary duplication of receiver. Try using a cascade to avoid the duplication. - cascade_invocations
build	Static Analysis	2026-01-04T03:43:49.9725322Z [web3_universal_utxo]:    info - lib/src/script/taproot.dart:35:7 - Unnecessary duplication of receiver. Try using a cascade to avoid the duplication. - cascade_invocations
build	Static Analysis	2026-01-04T03:43:49.9727354Z [web3_universal_utxo]:    info - lib/src/script/taproot.dart:49:22 - Multiple variables declared on a single line. Try splitting the variable declarations into multiple lines. - avoid_multiple_declarations_per_line
build	Static Analysis	2026-01-04T03:43:49.9729425Z [web3_universal_utxo]:    info - lib/src/script/taproot.dart:70:1 - Classes should define instance members. Try adding instance behavior or moving the members out of the class. - avoid_classes_with_only_static_members
build	Static Analysis	2026-01-04T03:43:49.9731466Z [web3_universal_utxo]:    info - lib/src/script/taproot.dart:86:5 - Unnecessary duplication of receiver. Try using a cascade to avoid the duplication. - cascade_invocations
build	Static Analysis	2026-01-04T03:43:49.9733269Z [web3_universal_utxo]:    info - lib/src/selection/coin_selector.dart:19:16 - Unnecessary use of an abstract class. Try making 'select' a top-level function and removing the class. - one_member_abstracts
build	Static Analysis	2026-01-04T03:43:49.9734955Z [web3_universal_utxo]:    info - lib/web3_universal_utxo.dart:1:9 - Library names are not necessary. Remove the library name. - unnecessary_library_name
build	Static Analysis	2026-01-04T03:43:49.9736493Z [web3_universal_utxo]:    info - test/integration_test.dart:5:1 - Sort directive sections alphabetically. Try sorting the directives. - directives_ordering
build	Static Analysis	2026-01-04T03:43:49.9738009Z [web3_universal_utxo]:    info - test/rbf_test.dart:4:1 - Sort directive sections alphabetically. Try sorting the directives. - directives_ordering
build	Static Analysis	2026-01-04T03:43:49.9739440Z [web3_universal_utxo]:    info - test/script_test.dart:6:1 - Sort directive sections alphabetically. Try sorting the directives. - directives_ordering
build	Static Analysis	2026-01-04T03:43:49.9740896Z [web3_universal_utxo]:    info - test/taproot_test.dart:5:1 - Sort directive sections alphabetically. Try sorting the directives. - directives_ordering
build	Static Analysis	2026-01-04T03:43:49.9742582Z [web3_universal_utxo]:    info - test/transaction_test.dart:4:1 - Sort directive sections alphabetically. Try sorting the directives. - directives_ordering
build	Static Analysis	2026-01-04T03:43:49.9744122Z [web3_universal_utxo]:    info - test/vector_test.dart:6:1 - Sort directive sections alphabetically. Try sorting the directives. - directives_ordering
build	Static Analysis	2026-01-04T03:43:49.9745227Z [web3_universal_utxo]: 
build	Static Analysis	2026-01-04T03:43:49.9745577Z [web3_universal_utxo]: 61 issues found.
build	Static Analysis	2026-01-04T03:43:49.9834061Z --------------------------------------------------------------------------------
build	Static Analysis	2026-01-04T03:43:49.9834722Z 
build	Static Analysis	2026-01-04T03:43:49.9834887Z $ melos exec
build	Static Analysis	2026-01-04T03:43:49.9835625Z   â””> dart analyze --fatal-infos
build	Static Analysis	2026-01-04T03:43:49.9837755Z      â””> FAILED (in 33 packages)
build	Static Analysis	2026-01-04T03:43:49.9839574Z         â””> web3_universal_bitcoin (with exit code 1)
build	Static Analysis	2026-01-04T03:43:49.9840216Z         â””> web3_universal_bc_ur (with exit code 1)
build	Static Analysis	2026-01-04T03:43:49.9840950Z         â””> web3_universal_aa (with exit code 1)
build	Static Analysis	2026-01-04T03:43:49.9841875Z         â””> web3_universal_abi (with exit code 3)
build	Static Analysis	2026-01-04T03:43:49.9842572Z         â””> web3_universal_chains (with exit code 3)
build	Static Analysis	2026-01-04T03:43:49.9843342Z         â””> web3_universal_bridge (with exit code 2)
build	Static Analysis	2026-01-04T03:43:49.9844092Z         â””> web3_universal_client (with exit code 3)
build	Static Analysis	2026-01-04T03:43:49.9844851Z         â””> web3_universal_contract (with exit code 2)
build	Static Analysis	2026-01-04T03:43:49.9845464Z         â””> web3_universal_core (with exit code 1)
build	Static Analysis	2026-01-04T03:43:49.9846056Z         â””> web3_universal_cosmos (with exit code 3)
build	Static Analysis	2026-01-04T03:43:49.9846625Z         â””> web3_universal_dapp (with exit code 1)
build	Static Analysis	2026-01-04T03:43:49.9847201Z         â””> web3_universal_crypto (with exit code 2)
build	Static Analysis	2026-01-04T03:43:49.9847739Z         â””> web3_universal_debug (with exit code 1)
build	Static Analysis	2026-01-04T03:43:49.9848290Z         â””> web3_universal_history (with exit code 1)
build	Static Analysis	2026-01-04T03:43:49.9848814Z         â””> web3_universal_ens (with exit code 3)
build	Static Analysis	2026-01-04T03:43:49.9849344Z         â””> web3_universal_events (with exit code 1)
build	Static Analysis	2026-01-04T03:43:49.9849678Z         â””> web3_universal_keystone (with exit code 2)
build	Static Analysis	2026-01-04T03:43:49.9850273Z         â””> web3_universal_mev (with exit code 1)
build	Static Analysis	2026-01-04T03:43:49.9850572Z         â””> web3_universal_mpc (with exit code 1)
build	Static Analysis	2026-01-04T03:43:49.9850895Z         â””> web3_universal_multicall (with exit code 3)
build	Static Analysis	2026-01-04T03:43:49.9852022Z         â””> web3_universal_polkadot (with exit code 1)
build	Static Analysis	2026-01-04T03:43:49.9852372Z         â””> web3_universal_nft (with exit code 3)
build	Static Analysis	2026-01-04T03:43:49.9852687Z         â””> web3_universal_price (with exit code 1)
build	Static Analysis	2026-01-04T03:43:49.9852998Z         â””> web3_universal_ledger (with exit code 1)
build	Static Analysis	2026-01-04T03:43:49.9853314Z         â””> web3_universal_provider (with exit code 3)
build	Static Analysis	2026-01-04T03:43:49.9853622Z         â””> web3_universal_signer (with exit code 3)
build	Static Analysis	2026-01-04T03:43:49.9853928Z         â””> web3_universal_reown (with exit code 3)
build	Static Analysis	2026-01-04T03:43:49.9854238Z         â””> web3_universal_staking (with exit code 3)
build	Static Analysis	2026-01-04T03:43:49.9854541Z         â””> web3_universal_solana (with exit code 3)
build	Static Analysis	2026-01-04T03:43:49.9854843Z         â””> web3_universal_ton (with exit code 1)
build	Static Analysis	2026-01-04T03:43:49.9855163Z         â””> web3_universal_swap (with exit code 3)
build	Static Analysis	2026-01-04T03:43:49.9855470Z         â””> web3_universal_tron (with exit code 1)
build	Static Analysis	2026-01-04T03:43:49.9855769Z         â””> web3_universal_utxo (with exit code 3)
build	Static Analysis	2026-01-04T03:43:50.0457393Z 
build	Static Analysis	2026-01-04T03:43:50.0457879Z melos run analyze
build	Static Analysis	2026-01-04T03:43:50.0458593Z   â””> melos exec -- dart analyze --fatal-infos
build	Static Analysis	2026-01-04T03:43:50.0460143Z      â””> FAILED
build	Static Analysis	2026-01-04T03:43:50.0475083Z ScriptException: The script analyze failed to execute.
build	Static Analysis	2026-01-04T03:43:50.1059120Z ##[error]Process completed with exit code 1.
build	Post Run subosito/flutter-action@v2	ï»¿2026-01-04T03:43:50.1175781Z Post job cleanup.
build	Post Run actions/checkout@v4	ï»¿2026-01-04T03:43:50.1226875Z Post job cleanup.
build	Post Run actions/checkout@v4	2026-01-04T03:43:50.2190443Z [command]/usr/bin/git version
build	Post Run actions/checkout@v4	2026-01-04T03:43:50.2227217Z git version 2.52.0
build	Post Run actions/checkout@v4	2026-01-04T03:43:50.2265124Z Copying '/home/runner/.gitconfig' to '/home/runner/work/_temp/86a544d9-605e-4944-a01a-5cfd13867e1a/.gitconfig'
build	Post Run actions/checkout@v4	2026-01-04T03:43:50.2275036Z Temporarily overriding HOME='/home/runner/work/_temp/86a544d9-605e-4944-a01a-5cfd13867e1a' before making global git config changes
build	Post Run actions/checkout@v4	2026-01-04T03:43:50.2276287Z Adding repository directory to the temporary git global config as a safe directory
build	Post Run actions/checkout@v4	2026-01-04T03:43:50.2280841Z [command]/usr/bin/git config --global --add safe.directory /home/runner/work/dart_web3/dart_web3
build	Post Run actions/checkout@v4	2026-01-04T03:43:50.2323298Z [command]/usr/bin/git config --local --name-only --get-regexp core\.sshCommand
build	Post Run actions/checkout@v4	2026-01-04T03:43:50.2355707Z [command]/usr/bin/git submodule foreach --recursive sh -c "git config --local --name-only --get-regexp 'core\.sshCommand' && git config --local --unset-all 'core.sshCommand' || :"
build	Post Run actions/checkout@v4	2026-01-04T03:43:50.2749571Z fatal: No url found for submodule path 'references/dart/bitcoin_base' in .gitmodules
build	Post Run actions/checkout@v4	2026-01-04T03:43:50.2788370Z ##[warning]The process '/usr/bin/git' failed with exit code 128
build	Complete job	ï»¿2026-01-04T03:43:50.2869865Z Cleaning up orphan processes
