build	Set up job	ï»¿2026-01-04T10:36:08.4091601Z Current runner version: '2.330.0'
build	Set up job	2026-01-04T10:36:08.4123924Z ##[group]Runner Image Provisioner
build	Set up job	2026-01-04T10:36:08.4126089Z Hosted Compute Agent
build	Set up job	2026-01-04T10:36:08.4127259Z Version: 20251211.462
build	Set up job	2026-01-04T10:36:08.4128272Z Commit: 6cbad8c2bb55d58165063d031ccabf57e2d2db61
build	Set up job	2026-01-04T10:36:08.4129356Z Build Date: 2025-12-11T16:28:49Z
build	Set up job	2026-01-04T10:36:08.4130685Z Worker ID: {5d1dba02-45b4-4ed9-babc-a30a15244007}
build	Set up job	2026-01-04T10:36:08.4131832Z ##[endgroup]
build	Set up job	2026-01-04T10:36:08.4132820Z ##[group]Operating System
build	Set up job	2026-01-04T10:36:08.4133856Z Ubuntu
build	Set up job	2026-01-04T10:36:08.4134643Z 24.04.3
build	Set up job	2026-01-04T10:36:08.4135550Z LTS
build	Set up job	2026-01-04T10:36:08.4136447Z ##[endgroup]
build	Set up job	2026-01-04T10:36:08.4137445Z ##[group]Runner Image
build	Set up job	2026-01-04T10:36:08.4138353Z Image: ubuntu-24.04
build	Set up job	2026-01-04T10:36:08.4139297Z Version: 20251215.174.1
build	Set up job	2026-01-04T10:36:08.4140967Z Included Software: https://github.com/actions/runner-images/blob/ubuntu24/20251215.174/images/ubuntu/Ubuntu2404-Readme.md
build	Set up job	2026-01-04T10:36:08.4143179Z Image Release: https://github.com/actions/runner-images/releases/tag/ubuntu24%2F20251215.174
build	Set up job	2026-01-04T10:36:08.4145689Z ##[endgroup]
build	Set up job	2026-01-04T10:36:08.4147578Z ##[group]GITHUB_TOKEN Permissions
build	Set up job	2026-01-04T10:36:08.4151712Z Contents: read
build	Set up job	2026-01-04T10:36:08.4152572Z Metadata: read
build	Set up job	2026-01-04T10:36:08.4153370Z Packages: read
build	Set up job	2026-01-04T10:36:08.4154350Z ##[endgroup]
build	Set up job	2026-01-04T10:36:08.4158510Z Secret source: Actions
build	Set up job	2026-01-04T10:36:08.4159646Z Prepare workflow directory
build	Set up job	2026-01-04T10:36:08.4594010Z Prepare all required actions
build	Set up job	2026-01-04T10:36:08.4639905Z Getting action download info
build	Set up job	2026-01-04T10:36:08.8435943Z Download action repository 'actions/checkout@v4' (SHA:34e114876b0b11c390a56381ad16ebd13914f8d5)
build	Set up job	2026-01-04T10:36:08.9718925Z Download action repository 'subosito/flutter-action@v2' (SHA:fd55f4c5af5b953cc57a2be44cb082c8f6635e8e)
build	Set up job	2026-01-04T10:36:09.6296604Z Getting action download info
build	Set up job	2026-01-04T10:36:09.7809915Z Download action repository 'actions/cache@v4' (SHA:0057852bfaa89a56745cba8c7296529d2fc39830)
build	Set up job	2026-01-04T10:36:09.9312088Z Complete job name: build
build	Run actions/checkout@v4	ï»¿2026-01-04T10:36:10.0130891Z ##[group]Run actions/checkout@v4
build	Run actions/checkout@v4	2026-01-04T10:36:10.0132224Z with:
build	Run actions/checkout@v4	2026-01-04T10:36:10.0132966Z   repository: ImL1s/dart_web3
build	Run actions/checkout@v4	2026-01-04T10:36:10.0134128Z   token: ***
build	Run actions/checkout@v4	2026-01-04T10:36:10.0135026Z   ssh-strict: true
build	Run actions/checkout@v4	2026-01-04T10:36:10.0135813Z   ssh-user: git
build	Run actions/checkout@v4	2026-01-04T10:36:10.0136571Z   persist-credentials: true
build	Run actions/checkout@v4	2026-01-04T10:36:10.0137445Z   clean: true
build	Run actions/checkout@v4	2026-01-04T10:36:10.0138242Z   sparse-checkout-cone-mode: true
build	Run actions/checkout@v4	2026-01-04T10:36:10.0139181Z   fetch-depth: 1
build	Run actions/checkout@v4	2026-01-04T10:36:10.0139945Z   fetch-tags: false
build	Run actions/checkout@v4	2026-01-04T10:36:10.0140714Z   show-progress: true
build	Run actions/checkout@v4	2026-01-04T10:36:10.0141494Z   lfs: false
build	Run actions/checkout@v4	2026-01-04T10:36:10.0142196Z   submodules: false
build	Run actions/checkout@v4	2026-01-04T10:36:10.0142983Z   set-safe-directory: true
build	Run actions/checkout@v4	2026-01-04T10:36:10.0144058Z ##[endgroup]
build	Run actions/checkout@v4	2026-01-04T10:36:10.1249181Z Syncing repository: ImL1s/dart_web3
build	Run actions/checkout@v4	2026-01-04T10:36:10.1251815Z ##[group]Getting Git version info
build	Run actions/checkout@v4	2026-01-04T10:36:10.1253086Z Working directory is '/home/runner/work/dart_web3/dart_web3'
build	Run actions/checkout@v4	2026-01-04T10:36:10.1255118Z [command]/usr/bin/git version
build	Run actions/checkout@v4	2026-01-04T10:36:10.1305716Z git version 2.52.0
build	Run actions/checkout@v4	2026-01-04T10:36:10.1334024Z ##[endgroup]
build	Run actions/checkout@v4	2026-01-04T10:36:10.1349773Z Temporarily overriding HOME='/home/runner/work/_temp/c7738ee4-b718-49c0-b93d-67add3428a76' before making global git config changes
build	Run actions/checkout@v4	2026-01-04T10:36:10.1352792Z Adding repository directory to the temporary git global config as a safe directory
build	Run actions/checkout@v4	2026-01-04T10:36:10.1362394Z [command]/usr/bin/git config --global --add safe.directory /home/runner/work/dart_web3/dart_web3
build	Run actions/checkout@v4	2026-01-04T10:36:10.1402940Z Deleting the contents of '/home/runner/work/dart_web3/dart_web3'
build	Run actions/checkout@v4	2026-01-04T10:36:10.1407220Z ##[group]Initializing the repository
build	Run actions/checkout@v4	2026-01-04T10:36:10.1411232Z [command]/usr/bin/git init /home/runner/work/dart_web3/dart_web3
build	Run actions/checkout@v4	2026-01-04T10:36:10.1506955Z hint: Using 'master' as the name for the initial branch. This default branch name
build	Run actions/checkout@v4	2026-01-04T10:36:10.1509975Z hint: will change to "main" in Git 3.0. To configure the initial branch name
build	Run actions/checkout@v4	2026-01-04T10:36:10.1512445Z hint: to use in all of your new repositories, which will suppress this warning,
build	Run actions/checkout@v4	2026-01-04T10:36:10.1513795Z hint: call:
build	Run actions/checkout@v4	2026-01-04T10:36:10.1514475Z hint:
build	Run actions/checkout@v4	2026-01-04T10:36:10.1516248Z hint: 	git config --global init.defaultBranch <name>
build	Run actions/checkout@v4	2026-01-04T10:36:10.1517378Z hint:
build	Run actions/checkout@v4	2026-01-04T10:36:10.1518392Z hint: Names commonly chosen instead of 'master' are 'main', 'trunk' and
build	Run actions/checkout@v4	2026-01-04T10:36:10.1520075Z hint: 'development'. The just-created branch can be renamed via this command:
build	Run actions/checkout@v4	2026-01-04T10:36:10.1521736Z hint:
build	Run actions/checkout@v4	2026-01-04T10:36:10.1522566Z hint: 	git branch -m <name>
build	Run actions/checkout@v4	2026-01-04T10:36:10.1523393Z hint:
build	Run actions/checkout@v4	2026-01-04T10:36:10.1524483Z hint: Disable this message with "git config set advice.defaultBranchName false"
build	Run actions/checkout@v4	2026-01-04T10:36:10.1526619Z Initialized empty Git repository in /home/runner/work/dart_web3/dart_web3/.git/
build	Run actions/checkout@v4	2026-01-04T10:36:10.1529536Z [command]/usr/bin/git remote add origin https://github.com/ImL1s/dart_web3
build	Run actions/checkout@v4	2026-01-04T10:36:10.1559385Z ##[endgroup]
build	Run actions/checkout@v4	2026-01-04T10:36:10.1560710Z ##[group]Disabling automatic garbage collection
build	Run actions/checkout@v4	2026-01-04T10:36:10.1562843Z [command]/usr/bin/git config --local gc.auto 0
build	Run actions/checkout@v4	2026-01-04T10:36:10.1593271Z ##[endgroup]
build	Run actions/checkout@v4	2026-01-04T10:36:10.1595021Z ##[group]Setting up auth
build	Run actions/checkout@v4	2026-01-04T10:36:10.1599443Z [command]/usr/bin/git config --local --name-only --get-regexp core\.sshCommand
build	Run actions/checkout@v4	2026-01-04T10:36:10.1630744Z [command]/usr/bin/git submodule foreach --recursive sh -c "git config --local --name-only --get-regexp 'core\.sshCommand' && git config --local --unset-all 'core.sshCommand' || :"
build	Run actions/checkout@v4	2026-01-04T10:36:10.1975987Z [command]/usr/bin/git config --local --name-only --get-regexp http\.https\:\/\/github\.com\/\.extraheader
build	Run actions/checkout@v4	2026-01-04T10:36:10.2007039Z [command]/usr/bin/git submodule foreach --recursive sh -c "git config --local --name-only --get-regexp 'http\.https\:\/\/github\.com\/\.extraheader' && git config --local --unset-all 'http.https://github.com/.extraheader' || :"
build	Run actions/checkout@v4	2026-01-04T10:36:10.2236074Z [command]/usr/bin/git config --local --name-only --get-regexp ^includeIf\.gitdir:
build	Run actions/checkout@v4	2026-01-04T10:36:10.2268766Z [command]/usr/bin/git submodule foreach --recursive git config --local --show-origin --name-only --get-regexp remote.origin.url
build	Run actions/checkout@v4	2026-01-04T10:36:10.2507896Z [command]/usr/bin/git config --local http.https://github.com/.extraheader AUTHORIZATION: basic ***
build	Run actions/checkout@v4	2026-01-04T10:36:10.2543146Z ##[endgroup]
build	Run actions/checkout@v4	2026-01-04T10:36:10.2545440Z ##[group]Fetching the repository
build	Run actions/checkout@v4	2026-01-04T10:36:10.2552834Z [command]/usr/bin/git -c protocol.version=2 fetch --no-tags --prune --no-recurse-submodules --depth=1 origin +3f5b24b364c5311a9444fd7a7290e04494b84e48:refs/remotes/origin/master
build	Run actions/checkout@v4	2026-01-04T10:36:10.9909206Z From https://github.com/ImL1s/dart_web3
build	Run actions/checkout@v4	2026-01-04T10:36:10.9913549Z  * [new ref]         3f5b24b364c5311a9444fd7a7290e04494b84e48 -> origin/master
build	Run actions/checkout@v4	2026-01-04T10:36:10.9952467Z ##[endgroup]
build	Run actions/checkout@v4	2026-01-04T10:36:10.9954681Z ##[group]Determining the checkout info
build	Run actions/checkout@v4	2026-01-04T10:36:10.9957220Z ##[endgroup]
build	Run actions/checkout@v4	2026-01-04T10:36:10.9959170Z [command]/usr/bin/git sparse-checkout disable
build	Run actions/checkout@v4	2026-01-04T10:36:11.0014094Z [command]/usr/bin/git config --local --unset-all extensions.worktreeConfig
build	Run actions/checkout@v4	2026-01-04T10:36:11.0052663Z ##[group]Checking out the ref
build	Run actions/checkout@v4	2026-01-04T10:36:11.0057757Z [command]/usr/bin/git checkout --progress --force -B master refs/remotes/origin/master
build	Run actions/checkout@v4	2026-01-04T10:36:11.0666208Z Reset branch 'master'
build	Run actions/checkout@v4	2026-01-04T10:36:11.0667996Z branch 'master' set up to track 'origin/master'.
build	Run actions/checkout@v4	2026-01-04T10:36:11.0680536Z ##[endgroup]
build	Run actions/checkout@v4	2026-01-04T10:36:11.0728442Z [command]/usr/bin/git log -1 --format=%H
build	Run actions/checkout@v4	2026-01-04T10:36:11.0759187Z 3f5b24b364c5311a9444fd7a7290e04494b84e48
build	Run subosito/flutter-action@v2	ï»¿2026-01-04T10:36:11.1258375Z ##[group]Run subosito/flutter-action@v2
build	Run subosito/flutter-action@v2	2026-01-04T10:36:11.1259414Z with:
build	Run subosito/flutter-action@v2	2026-01-04T10:36:11.1260065Z   channel: stable
build	Run subosito/flutter-action@v2	2026-01-04T10:36:11.1260781Z   architecture: X64
build	Run subosito/flutter-action@v2	2026-01-04T10:36:11.1261485Z   cache: false
build	Run subosito/flutter-action@v2	2026-01-04T10:36:11.1262191Z   pub-cache-path: default
build	Run subosito/flutter-action@v2	2026-01-04T10:36:11.1262983Z   dry-run: false
build	Run subosito/flutter-action@v2	2026-01-04T10:36:11.1263877Z   git-source: https://github.com/flutter/flutter.git
build	Run subosito/flutter-action@v2	2026-01-04T10:36:11.1265458Z ##[endgroup]
build	Run subosito/flutter-action@v2	2026-01-04T10:36:11.1524363Z ##[group]Run chmod +x "$GITHUB_ACTION_PATH/setup.sh"
build	Run subosito/flutter-action@v2	2026-01-04T10:36:11.1526619Z [36;1mchmod +x "$GITHUB_ACTION_PATH/setup.sh"[0m
build	Run subosito/flutter-action@v2	2026-01-04T10:36:11.1572806Z shell: /usr/bin/bash --noprofile --norc -e -o pipefail {0}
build	Run subosito/flutter-action@v2	2026-01-04T10:36:11.1574124Z ##[endgroup]
build	Run subosito/flutter-action@v2	2026-01-04T10:36:11.1762117Z ##[group]Run $GITHUB_ACTION_PATH/setup.sh -p \
build	Run subosito/flutter-action@v2	2026-01-04T10:36:11.1763392Z [36;1m$GITHUB_ACTION_PATH/setup.sh -p \[0m
build	Run subosito/flutter-action@v2	2026-01-04T10:36:11.1764413Z [36;1m  -n '' \[0m
build	Run subosito/flutter-action@v2	2026-01-04T10:36:11.1765524Z [36;1m  -f '' \[0m
build	Run subosito/flutter-action@v2	2026-01-04T10:36:11.1766308Z [36;1m  -a 'X64' \[0m
build	Run subosito/flutter-action@v2	2026-01-04T10:36:11.1767151Z [36;1m  -k '' \[0m
build	Run subosito/flutter-action@v2	2026-01-04T10:36:11.1767907Z [36;1m  -c '' \[0m
build	Run subosito/flutter-action@v2	2026-01-04T10:36:11.1768663Z [36;1m  -l '' \[0m
build	Run subosito/flutter-action@v2	2026-01-04T10:36:11.1769449Z [36;1m  -d 'default' \[0m
build	Run subosito/flutter-action@v2	2026-01-04T10:36:11.1770485Z [36;1m  -g 'https://github.com/flutter/flutter.git' \[0m
build	Run subosito/flutter-action@v2	2026-01-04T10:36:11.1771595Z [36;1m  stable[0m
build	Run subosito/flutter-action@v2	2026-01-04T10:36:11.1808234Z shell: /usr/bin/bash --noprofile --norc -e -o pipefail {0}
build	Run subosito/flutter-action@v2	2026-01-04T10:36:11.1809468Z ##[endgroup]
build	Run subosito/flutter-action@v2	2026-01-04T10:36:11.4497930Z ##[group]Run $GITHUB_ACTION_PATH/setup.sh \
build	Run subosito/flutter-action@v2	2026-01-04T10:36:11.4499116Z [36;1m$GITHUB_ACTION_PATH/setup.sh \[0m
build	Run subosito/flutter-action@v2	2026-01-04T10:36:11.4500169Z [36;1m  -n '3.38.5' \[0m
build	Run subosito/flutter-action@v2	2026-01-04T10:36:11.4501022Z [36;1m  -a 'x64' \[0m
build	Run subosito/flutter-action@v2	2026-01-04T10:36:11.4502079Z [36;1m  -c '/opt/hostedtoolcache/flutter/stable-3.38.5-x64' \[0m
build	Run subosito/flutter-action@v2	2026-01-04T10:36:11.4503366Z [36;1m  -d '/home/runner/.pub-cache' \[0m
build	Run subosito/flutter-action@v2	2026-01-04T10:36:11.4504367Z [36;1m  stable[0m
build	Run subosito/flutter-action@v2	2026-01-04T10:36:11.4540484Z shell: /usr/bin/bash --noprofile --norc -e -o pipefail {0}
build	Run subosito/flutter-action@v2	2026-01-04T10:36:11.4541725Z ##[endgroup]
build	Run subosito/flutter-action@v2	2026-01-04T10:36:11.6956937Z   % Total    % Received % Xferd  Average Speed   Time    Time     Time  Current
build	Run subosito/flutter-action@v2	2026-01-04T10:36:11.6958550Z                                  Dload  Upload   Total   Spent    Left  Speed
build	Run subosito/flutter-action@v2	2026-01-04T10:36:11.6959347Z 
build	Run subosito/flutter-action@v2	2026-01-04T10:36:11.7908014Z   0     0    0     0    0     0      0      0 --:--:-- --:--:-- --:--:--     0
build	Run subosito/flutter-action@v2	2026-01-04T10:36:12.7515495Z   0 1396M    0  5503    0     0  57727      0  7:02:49 --:--:--  7:02:49 57322
build	Run subosito/flutter-action@v2	2026-01-04T10:36:13.7616002Z  20 1396M   20  281M    0     0   266M      0  0:00:05  0:00:01  0:00:04  266M
build	Run subosito/flutter-action@v2	2026-01-04T10:36:14.7538053Z  45 1396M   45  631M    0     0   305M      0  0:00:04  0:00:02  0:00:02  305M
build	Run subosito/flutter-action@v2	2026-01-04T10:36:15.7619490Z  66 1396M   66  934M    0     0   305M      0  0:00:04  0:00:03  0:00:01  305M
build	Run subosito/flutter-action@v2	2026-01-04T10:36:16.2322790Z  90 1396M   90 1260M    0     0   310M      0  0:00:04  0:00:04 --:--:--  310M
build	Run subosito/flutter-action@v2	2026-01-04T10:37:06.6263933Z 100 1396M  100 1396M    0     0   307M      0  0:00:04  0:00:04 --:--:--  314M
build	Install Melos	ï»¿2026-01-04T10:37:06.6359672Z ##[group]Run dart pub global activate melos
build	Install Melos	2026-01-04T10:37:06.6360072Z [36;1mdart pub global activate melos[0m
build	Install Melos	2026-01-04T10:37:06.6399934Z shell: /usr/bin/bash -e {0}
build	Install Melos	2026-01-04T10:37:06.6400340Z env:
build	Install Melos	2026-01-04T10:37:06.6400636Z   FLUTTER_ROOT: /opt/hostedtoolcache/flutter/stable-3.38.5-x64
build	Install Melos	2026-01-04T10:37:06.6401019Z   PUB_CACHE: /home/runner/.pub-cache
build	Install Melos	2026-01-04T10:37:06.6401324Z ##[endgroup]
build	Install Melos	2026-01-04T10:37:06.6663586Z Resolving dependencies...
build	Install Melos	2026-01-04T10:37:06.9948912Z Downloading packages...
build	Install Melos	2026-01-04T10:37:07.9934019Z + ansi_styles 0.3.2+1
build	Install Melos	2026-01-04T10:37:07.9934957Z + args 2.7.0
build	Install Melos	2026-01-04T10:37:07.9935355Z + async 2.13.0
build	Install Melos	2026-01-04T10:37:07.9935821Z + charcode 1.4.0
build	Install Melos	2026-01-04T10:37:07.9936310Z + checked_yaml 2.0.4
build	Install Melos	2026-01-04T10:37:07.9936823Z + cli_launcher 0.3.2+1
build	Install Melos	2026-01-04T10:37:07.9937374Z + cli_util 0.4.2
build	Install Melos	2026-01-04T10:37:07.9937857Z + collection 1.19.1
build	Install Melos	2026-01-04T10:37:07.9938376Z + conventional_commit 0.6.1+1
build	Install Melos	2026-01-04T10:37:07.9938907Z + file 7.0.1
build	Install Melos	2026-01-04T10:37:07.9939336Z + glob 2.1.3
build	Install Melos	2026-01-04T10:37:07.9939904Z + graphs 2.3.2
build	Install Melos	2026-01-04T10:37:07.9940353Z + http 1.6.0
build	Install Melos	2026-01-04T10:37:07.9940750Z + http_parser 4.1.2
build	Install Melos	2026-01-04T10:37:07.9941067Z + io 1.0.5
build	Install Melos	2026-01-04T10:37:07.9941375Z + json_annotation 4.9.0
build	Install Melos	2026-01-04T10:37:07.9941777Z + melos 7.3.0
build	Install Melos	2026-01-04T10:37:07.9942213Z + meta 1.17.0
build	Install Melos	2026-01-04T10:37:07.9943215Z + mustache_template 2.0.2
build	Install Melos	2026-01-04T10:37:07.9943579Z + path 1.9.1
build	Install Melos	2026-01-04T10:37:07.9943879Z + petitparser 7.0.1
build	Install Melos	2026-01-04T10:37:07.9944231Z + platform 3.1.6
build	Install Melos	2026-01-04T10:37:07.9944548Z + pool 1.5.2
build	Install Melos	2026-01-04T10:37:07.9945067Z + process 5.0.5
build	Install Melos	2026-01-04T10:37:07.9945372Z + prompts 2.0.0
build	Install Melos	2026-01-04T10:37:07.9945669Z + pub_semver 2.2.0
build	Install Melos	2026-01-04T10:37:07.9945966Z + pub_updater 0.5.0
build	Install Melos	2026-01-04T10:37:07.9946305Z + pubspec_parse 1.5.0
build	Install Melos	2026-01-04T10:37:07.9946639Z + source_span 1.10.1
build	Install Melos	2026-01-04T10:37:07.9946963Z + stack_trace 1.12.1
build	Install Melos	2026-01-04T10:37:07.9947281Z + string_scanner 1.4.1
build	Install Melos	2026-01-04T10:37:07.9947619Z + term_glyph 1.2.2
build	Install Melos	2026-01-04T10:37:07.9947948Z + typed_data 1.4.0
build	Install Melos	2026-01-04T10:37:07.9948226Z + web 1.1.1
build	Install Melos	2026-01-04T10:37:07.9948520Z + xml 6.6.1
build	Install Melos	2026-01-04T10:37:07.9948796Z + yaml 3.1.3
build	Install Melos	2026-01-04T10:37:07.9949098Z + yaml_edit 2.2.3
build	Install Melos	2026-01-04T10:37:07.9966894Z Building package executables...
build	Install Melos	2026-01-04T10:37:09.1788349Z Built melos:melos.
build	Install Melos	2026-01-04T10:37:09.1856880Z Installed executable melos.
build	Install Melos	2026-01-04T10:37:09.1910148Z Activated melos 7.3.0.
build	Bootstrap Workspace	ï»¿2026-01-04T10:37:09.2126130Z ##[group]Run git config --global --add safe.directory '*'
build	Bootstrap Workspace	2026-01-04T10:37:09.2126650Z [36;1mgit config --global --add safe.directory '*'[0m
build	Bootstrap Workspace	2026-01-04T10:37:09.2126937Z [36;1mcd dart_web3[0m
build	Bootstrap Workspace	2026-01-04T10:37:09.2127120Z [36;1mpwd[0m
build	Bootstrap Workspace	2026-01-04T10:37:09.2127300Z [36;1mls -la[0m
build	Bootstrap Workspace	2026-01-04T10:37:09.2127496Z [36;1mmelos list[0m
build	Bootstrap Workspace	2026-01-04T10:37:09.2127687Z [36;1mmelos clean[0m
build	Bootstrap Workspace	2026-01-04T10:37:09.2127924Z [36;1mgit config --global --add safe.directory '*'[0m
build	Bootstrap Workspace	2026-01-04T10:37:09.2128203Z [36;1mmelos clean[0m
build	Bootstrap Workspace	2026-01-04T10:37:09.2128409Z [36;1mmelos bootstrap --verbose[0m
build	Bootstrap Workspace	2026-01-04T10:37:09.2164049Z shell: /usr/bin/bash -e {0}
build	Bootstrap Workspace	2026-01-04T10:37:09.2164360Z env:
build	Bootstrap Workspace	2026-01-04T10:37:09.2164636Z   FLUTTER_ROOT: /opt/hostedtoolcache/flutter/stable-3.38.5-x64
build	Bootstrap Workspace	2026-01-04T10:37:09.2165223Z   PUB_CACHE: /home/runner/.pub-cache
build	Bootstrap Workspace	2026-01-04T10:37:09.2165474Z ##[endgroup]
build	Bootstrap Workspace	2026-01-04T10:37:09.2243835Z /home/runner/work/dart_web3/dart_web3/dart_web3
build	Bootstrap Workspace	2026-01-04T10:37:09.2262047Z total 8388
build	Bootstrap Workspace	2026-01-04T10:37:09.2262516Z drwxr-xr-x  8 runner runner   4096 Jan  4 10:36 .
build	Bootstrap Workspace	2026-01-04T10:37:09.2262892Z drwxr-xr-x  9 runner runner   4096 Jan  4 10:36 ..
build	Bootstrap Workspace	2026-01-04T10:37:09.2263248Z drwxr-xr-x  3 runner runner   4096 Jan  4 10:36 .github
build	Bootstrap Workspace	2026-01-04T10:37:09.2263616Z -rw-r--r--  1 runner runner    360 Jan  4 10:36 .gitignore
build	Bootstrap Workspace	2026-01-04T10:37:09.2264037Z -rw-r--r--  1 runner runner  41074 Jan  4 10:36 CHANGELOG.md
build	Bootstrap Workspace	2026-01-04T10:37:09.2264408Z -rw-r--r--  1 runner runner   7305 Jan  4 10:36 README.md
build	Bootstrap Workspace	2026-01-04T10:37:09.2265167Z -rw-r--r--  1 runner runner   2996 Jan  4 10:36 USAGE_GUIDE.md
build	Bootstrap Workspace	2026-01-04T10:37:09.2265556Z -rw-r--r--  1 runner runner   6975 Jan  4 10:36 analysis_nft.txt
build	Bootstrap Workspace	2026-01-04T10:37:09.2265962Z -rw-r--r--  1 runner runner   3263 Jan  4 10:36 analysis_options.yaml
build	Bootstrap Workspace	2026-01-04T10:37:09.2266377Z -rw-r--r--  1 runner runner 180889 Jan  4 10:36 analysis_output.txt
build	Bootstrap Workspace	2026-01-04T10:37:09.2266796Z -rw-r--r--  1 runner runner 178737 Jan  4 10:36 analysis_output_v2.txt
build	Bootstrap Workspace	2026-01-04T10:37:09.2267235Z -rw-r--r--  1 runner runner 139536 Jan  4 10:36 analysis_output_v3.txt
build	Bootstrap Workspace	2026-01-04T10:37:09.2267656Z -rw-r--r--  1 runner runner  11249 Jan  4 10:36 analysis_reown.txt
build	Bootstrap Workspace	2026-01-04T10:37:09.2268082Z -rw-r--r--  1 runner runner  73123 Jan  4 10:36 analysis_result_final.txt
build	Bootstrap Workspace	2026-01-04T10:37:09.2268520Z -rw-r--r--  1 runner runner 155792 Jan  4 10:36 analysis_results_full.txt
build	Bootstrap Workspace	2026-01-04T10:37:09.2268975Z -rw-r--r--  1 runner runner 147064 Jan  4 10:36 analysis_results_full_2.txt
build	Bootstrap Workspace	2026-01-04T10:37:09.2269431Z -rw-r--r--  1 runner runner 145879 Jan  4 10:36 analysis_results_full_3.txt
build	Bootstrap Workspace	2026-01-04T10:37:09.2269884Z -rw-r--r--  1 runner runner 137994 Jan  4 10:36 analysis_results_full_4.txt
build	Bootstrap Workspace	2026-01-04T10:37:09.2270337Z -rw-r--r--  1 runner runner 137636 Jan  4 10:36 analysis_results_full_5.txt
build	Bootstrap Workspace	2026-01-04T10:37:09.2270779Z -rw-r--r--  1 runner runner 136210 Jan  4 10:36 analysis_results_full_6.txt
build	Bootstrap Workspace	2026-01-04T10:37:09.2271229Z -rw-r--r--  1 runner runner 135562 Jan  4 10:36 analysis_results_full_7.txt
build	Bootstrap Workspace	2026-01-04T10:37:09.2272036Z -rw-r--r--  1 runner runner 570264 Jan  4 10:36 analysis_results_local.txt
build	Bootstrap Workspace	2026-01-04T10:37:09.2272508Z -rw-r--r--  1 runner runner 570264 Jan  4 10:36 analysis_results_local_2.txt
build	Bootstrap Workspace	2026-01-04T10:37:09.2272962Z -rw-r--r--  1 runner runner 748729 Jan  4 10:36 analysis_results_local_3.txt
build	Bootstrap Workspace	2026-01-04T10:37:09.2273425Z -rw-r--r--  1 runner runner 133021 Jan  4 10:36 analysis_results_v2.txt
build	Bootstrap Workspace	2026-01-04T10:37:09.2273852Z -rw-r--r--  1 runner runner 128408 Jan  4 10:36 analysis_results_v3.txt
build	Bootstrap Workspace	2026-01-04T10:37:09.2274264Z -rw-r--r--  1 runner runner 127171 Jan  4 10:36 analysis_results_v4.txt
build	Bootstrap Workspace	2026-01-04T10:37:09.2274683Z -rw-r--r--  1 runner runner 125591 Jan  4 10:36 analysis_results_v5.txt
build	Bootstrap Workspace	2026-01-04T10:37:09.2275399Z -rw-r--r--  1 runner runner  97934 Jan  4 10:36 analysis_results_v6.txt
build	Bootstrap Workspace	2026-01-04T10:37:09.2275790Z -rw-r--r--  1 runner runner  85215 Jan  4 10:36 analysis_results_v8.txt
build	Bootstrap Workspace	2026-01-04T10:37:09.2276147Z -rw-r--r--  1 runner runner  88748 Jan  4 10:36 analysis_results_v9.txt
build	Bootstrap Workspace	2026-01-04T10:37:09.2276530Z -rw-r--r--  1 runner runner 694296 Jan  4 10:36 analyze_errors.txt
build	Bootstrap Workspace	2026-01-04T10:37:09.2277205Z -rw-r--r--  1 runner runner 167193 Jan  4 10:36 bash_failure_log.txt
build	Bootstrap Workspace	2026-01-04T10:37:09.2277540Z drwxr-xr-x  2 runner runner   4096 Jan  4 10:36 bin
build	Bootstrap Workspace	2026-01-04T10:37:09.2277861Z -rw-r--r--  1 runner runner   1282 Jan  4 10:36 check_names.dart
build	Bootstrap Workspace	2026-01-04T10:37:09.2278187Z -rw-r--r--  1 runner runner 302978 Jan  4 10:36 ci_error_log.txt
build	Bootstrap Workspace	2026-01-04T10:37:09.2278529Z -rw-r--r--  1 runner runner  19853 Jan  4 10:36 debug_failure_log.txt
build	Bootstrap Workspace	2026-01-04T10:37:09.2278867Z drwxr-xr-x  2 runner runner   4096 Jan  4 10:36 docs
build	Bootstrap Workspace	2026-01-04T10:37:09.2279162Z drwxr-xr-x  2 runner runner   4096 Jan  4 10:36 example
build	Bootstrap Workspace	2026-01-04T10:37:09.2279487Z -rw-r--r--  1 runner runner 182034 Jan  4 10:36 exec_failure_log.txt
build	Bootstrap Workspace	2026-01-04T10:37:09.2279822Z -rw-r--r--  1 runner runner 247954 Jan  4 10:36 failed_log.txt
build	Bootstrap Workspace	2026-01-04T10:37:09.2280183Z -rw-r--r--  1 runner runner 241194 Jan  4 10:36 failed_log_20687112850.txt
build	Bootstrap Workspace	2026-01-04T10:37:09.2280556Z -rw-r--r--  1 runner runner 134230 Jan  4 10:36 final_analysis.txt
build	Bootstrap Workspace	2026-01-04T10:37:09.2280935Z -rw-r--r--  1 runner runner 139238 Jan  4 10:36 final_analysis_output.txt
build	Bootstrap Workspace	2026-01-04T10:37:09.2281328Z -rw-r--r--  1 runner runner  72776 Jan  4 10:36 final_analysis_report.txt
build	Bootstrap Workspace	2026-01-04T10:37:09.2281856Z -rw-r--r--  1 runner runner  71059 Jan  4 10:36 final_analysis_v2.txt
build	Bootstrap Workspace	2026-01-04T10:37:09.2282255Z -rw-r--r--  1 runner runner  69662 Jan  4 10:36 final_analysis_v3.txt
build	Bootstrap Workspace	2026-01-04T10:37:09.2282615Z -rw-r--r--  1 runner runner  69013 Jan  4 10:36 final_analysis_v4.txt
build	Bootstrap Workspace	2026-01-04T10:37:09.2282959Z -rw-r--r--  1 runner runner  68843 Jan  4 10:36 final_analysis_v5.txt
build	Bootstrap Workspace	2026-01-04T10:37:09.2283311Z -rw-r--r--  1 runner runner  68675 Jan  4 10:36 final_analysis_v6.txt
build	Bootstrap Workspace	2026-01-04T10:37:09.2283659Z -rw-r--r--  1 runner runner   8750 Jan  4 10:36 final_failure_log.txt
build	Bootstrap Workspace	2026-01-04T10:37:09.2284026Z -rw-r--r--  1 runner runner 259884 Jan  4 10:36 flutter_failure_log.txt
build	Bootstrap Workspace	2026-01-04T10:37:09.2284381Z -rw-r--r--  1 runner runner  24492 Jan  4 10:36 forced_log.txt
build	Bootstrap Workspace	2026-01-04T10:37:09.2284959Z -rw-r--r--  1 runner runner 570804 Jan  4 10:36 full_analysis.txt
build	Bootstrap Workspace	2026-01-04T10:37:09.2285426Z -rw-r--r--  1 runner runner 588768 Jan  4 10:36 full_analysis_report.txt
build	Bootstrap Workspace	2026-01-04T10:37:09.2285773Z -rw-r--r--  1 runner runner  24492 Jan  4 10:36 job_log.txt
build	Bootstrap Workspace	2026-01-04T10:37:09.2286090Z -rw-r--r--  1 runner runner   1620 Jan  4 10:36 melos.yaml
build	Bootstrap Workspace	2026-01-04T10:37:09.2286407Z drwxr-xr-x 28 runner runner   4096 Jan  4 10:36 packages
build	Bootstrap Workspace	2026-01-04T10:37:09.2286731Z -rw-r--r--  1 runner runner    223 Jan  4 10:36 pubspec.yaml
build	Bootstrap Workspace	2026-01-04T10:37:09.2287066Z -rw-r--r--  1 runner runner   6483 Jan  4 10:36 reown_analysis.txt
build	Bootstrap Workspace	2026-01-04T10:37:09.2287418Z -rw-r--r--  1 runner runner  24492 Jan  4 10:36 safe_dir_log.txt
build	Bootstrap Workspace	2026-01-04T10:37:09.2287766Z -rw-r--r--  1 runner runner  26013 Jan  4 10:36 seq_failure_log.txt
build	Bootstrap Workspace	2026-01-04T10:37:09.2288124Z -rw-r--r--  1 runner runner   1113 Jan  4 10:36 serial_audit_final.dart
build	Bootstrap Workspace	2026-01-04T10:37:09.2288718Z -rw-r--r--  1 runner runner   3688 Jan  4 10:36 test_output.txt
build	Bootstrap Workspace	2026-01-04T10:37:09.2289064Z -rw-r--r--  1 runner runner  21003 Jan  4 10:36 trezor_analysis.txt
build	Bootstrap Workspace	2026-01-04T10:37:09.2289428Z -rw-r--r--  1 runner runner  17196 Jan  4 10:36 trezor_analysis_v2.txt
build	Bootstrap Workspace	2026-01-04T10:37:09.2289781Z drwxr-xr-x  4 runner runner   4096 Jan  4 10:36 web3_universal
build	Bootstrap Workspace	2026-01-04T10:37:09.3879486Z Resolving dependencies...
build	Bootstrap Workspace	2026-01-04T10:37:09.7431367Z Downloading packages...
build	Bootstrap Workspace	2026-01-04T10:37:11.0768615Z + _fe_analyzer_shared 92.0.0
build	Bootstrap Workspace	2026-01-04T10:37:11.0769247Z + analyzer 9.0.0
build	Bootstrap Workspace	2026-01-04T10:37:11.0769674Z + ansi_styles 0.3.2+1
build	Bootstrap Workspace	2026-01-04T10:37:11.0770069Z + args 2.7.0
build	Bootstrap Workspace	2026-01-04T10:37:11.0770446Z + async 2.13.0
build	Bootstrap Workspace	2026-01-04T10:37:11.0770800Z + boolean_selector 2.1.2
build	Bootstrap Workspace	2026-01-04T10:37:11.0771335Z + charcode 1.4.0
build	Bootstrap Workspace	2026-01-04T10:37:11.0771789Z + checked_yaml 2.0.4
build	Bootstrap Workspace	2026-01-04T10:37:11.0772257Z + cli_config 0.2.0
build	Bootstrap Workspace	2026-01-04T10:37:11.0772695Z + cli_launcher 0.3.2+1
build	Bootstrap Workspace	2026-01-04T10:37:11.0773241Z + cli_util 0.4.2
build	Bootstrap Workspace	2026-01-04T10:37:11.0773632Z + collection 1.19.1
build	Bootstrap Workspace	2026-01-04T10:37:11.0774683Z + conventional_commit 0.6.1+1
build	Bootstrap Workspace	2026-01-04T10:37:11.0775457Z + convert 3.1.2
build	Bootstrap Workspace	2026-01-04T10:37:11.0775886Z + coverage 1.15.0
build	Bootstrap Workspace	2026-01-04T10:37:11.0776358Z + crypto 3.0.7
build	Bootstrap Workspace	2026-01-04T10:37:11.0776781Z + file 7.0.1
build	Bootstrap Workspace	2026-01-04T10:37:11.0777237Z + frontend_server_client 4.0.0
build	Bootstrap Workspace	2026-01-04T10:37:11.0777767Z + glob 2.1.3
build	Bootstrap Workspace	2026-01-04T10:37:11.0778187Z + graphs 2.3.2
build	Bootstrap Workspace	2026-01-04T10:37:11.0778611Z + http 1.6.0
build	Bootstrap Workspace	2026-01-04T10:37:11.0779031Z + http_multi_server 3.2.2
build	Bootstrap Workspace	2026-01-04T10:37:11.0779549Z + http_parser 4.1.2
build	Bootstrap Workspace	2026-01-04T10:37:11.0779986Z + io 1.0.5
build	Bootstrap Workspace	2026-01-04T10:37:11.0780348Z + json_annotation 4.9.0
build	Bootstrap Workspace	2026-01-04T10:37:11.0780747Z + lints 5.1.1 (6.0.0 available)
build	Bootstrap Workspace	2026-01-04T10:37:11.0781084Z + logging 1.3.0
build	Bootstrap Workspace	2026-01-04T10:37:11.0781305Z + matcher 0.12.18
build	Bootstrap Workspace	2026-01-04T10:37:11.0781540Z + melos 6.3.3 (7.3.0 available)
build	Bootstrap Workspace	2026-01-04T10:37:11.0781801Z + meta 1.17.0
build	Bootstrap Workspace	2026-01-04T10:37:11.0782020Z + mime 2.0.0
build	Bootstrap Workspace	2026-01-04T10:37:11.0782273Z + mustache_template 2.0.2
build	Bootstrap Workspace	2026-01-04T10:37:11.0782537Z + node_preamble 2.0.2
build	Bootstrap Workspace	2026-01-04T10:37:11.0782791Z + package_config 2.2.0
build	Bootstrap Workspace	2026-01-04T10:37:11.0783036Z + path 1.9.1
build	Bootstrap Workspace	2026-01-04T10:37:11.0783257Z + platform 3.1.6
build	Bootstrap Workspace	2026-01-04T10:37:11.0783480Z + pool 1.5.2
build	Bootstrap Workspace	2026-01-04T10:37:11.0783700Z + process 5.0.5
build	Bootstrap Workspace	2026-01-04T10:37:11.0783916Z + prompts 2.0.0
build	Bootstrap Workspace	2026-01-04T10:37:11.0784140Z + pub_semver 2.2.0
build	Bootstrap Workspace	2026-01-04T10:37:11.0784369Z + pub_updater 0.5.0
build	Bootstrap Workspace	2026-01-04T10:37:11.0784607Z + pubspec_parse 1.5.0
build	Bootstrap Workspace	2026-01-04T10:37:11.0785124Z + shelf 1.4.2
build	Bootstrap Workspace	2026-01-04T10:37:11.0785409Z + shelf_packages_handler 3.0.2
build	Bootstrap Workspace	2026-01-04T10:37:11.0785685Z + shelf_static 1.1.3
build	Bootstrap Workspace	2026-01-04T10:37:11.0785932Z + shelf_web_socket 3.0.0
build	Bootstrap Workspace	2026-01-04T10:37:11.0786196Z + source_map_stack_trace 2.1.2
build	Bootstrap Workspace	2026-01-04T10:37:11.0786474Z + source_maps 0.10.13
build	Bootstrap Workspace	2026-01-04T10:37:11.0786726Z + source_span 1.10.1
build	Bootstrap Workspace	2026-01-04T10:37:11.0787006Z + stack_trace 1.12.1
build	Bootstrap Workspace	2026-01-04T10:37:11.0787270Z + stream_channel 2.1.4
build	Bootstrap Workspace	2026-01-04T10:37:11.0787513Z + string_scanner 1.4.1
build	Bootstrap Workspace	2026-01-04T10:37:11.0787771Z + term_glyph 1.2.2
build	Bootstrap Workspace	2026-01-04T10:37:11.0787992Z + test 1.28.0
build	Bootstrap Workspace	2026-01-04T10:37:11.0788294Z + test_api 0.7.8
build	Bootstrap Workspace	2026-01-04T10:37:11.0788522Z + test_core 0.6.14
build	Bootstrap Workspace	2026-01-04T10:37:11.0788743Z + typed_data 1.4.0
build	Bootstrap Workspace	2026-01-04T10:37:11.0788970Z + vm_service 15.0.2
build	Bootstrap Workspace	2026-01-04T10:37:11.0789194Z + watcher 1.2.0
build	Bootstrap Workspace	2026-01-04T10:37:11.0789414Z + web 1.1.1
build	Bootstrap Workspace	2026-01-04T10:37:11.0789618Z + web_socket 1.0.1
build	Bootstrap Workspace	2026-01-04T10:37:11.0789870Z + web_socket_channel 3.0.3
build	Bootstrap Workspace	2026-01-04T10:37:11.0790153Z + webkit_inspection_protocol 1.2.1
build	Bootstrap Workspace	2026-01-04T10:37:11.0790454Z + yaml 3.1.3
build	Bootstrap Workspace	2026-01-04T10:37:11.0790670Z + yaml_edit 2.2.3
build	Bootstrap Workspace	2026-01-04T10:37:11.0790902Z Changed 65 dependencies!
build	Bootstrap Workspace	2026-01-04T10:37:11.0791233Z 2 packages have newer versions incompatible with dependency constraints.
build	Bootstrap Workspace	2026-01-04T10:37:11.0791622Z Try `dart pub outdated` for more information.
build	Bootstrap Workspace	2026-01-04T10:37:12.4879563Z dart_web3_compat
build	Bootstrap Workspace	2026-01-04T10:37:12.4880051Z web3_universal_aa
build	Bootstrap Workspace	2026-01-04T10:37:12.4880392Z web3_universal_abi
build	Bootstrap Workspace	2026-01-04T10:37:12.4881231Z web3_universal_bc_ur
build	Bootstrap Workspace	2026-01-04T10:37:12.4881648Z web3_universal_bitcoin
build	Bootstrap Workspace	2026-01-04T10:37:12.4882030Z web3_universal_bridge
build	Bootstrap Workspace	2026-01-04T10:37:12.4882377Z web3_universal_chains
build	Bootstrap Workspace	2026-01-04T10:37:12.4882705Z web3_universal_client
build	Bootstrap Workspace	2026-01-04T10:37:12.4883052Z web3_universal_contract
build	Bootstrap Workspace	2026-01-04T10:37:12.4883399Z web3_universal_core
build	Bootstrap Workspace	2026-01-04T10:37:12.4883734Z web3_universal_cosmos
build	Bootstrap Workspace	2026-01-04T10:37:12.4884089Z web3_universal_crypto
build	Bootstrap Workspace	2026-01-04T10:37:12.4884437Z web3_universal_dapp
build	Bootstrap Workspace	2026-01-04T10:37:12.4885055Z web3_universal_debug
build	Bootstrap Workspace	2026-01-04T10:37:12.4885427Z web3_universal_ens
build	Bootstrap Workspace	2026-01-04T10:37:12.4885755Z web3_universal_events
build	Bootstrap Workspace	2026-01-04T10:37:12.4886110Z web3_universal_history
build	Bootstrap Workspace	2026-01-04T10:37:12.4886459Z web3_universal_keystone
build	Bootstrap Workspace	2026-01-04T10:37:12.4886815Z web3_universal_ledger
build	Bootstrap Workspace	2026-01-04T10:37:12.4887139Z web3_universal_mev
build	Bootstrap Workspace	2026-01-04T10:37:12.4887466Z web3_universal_mpc
build	Bootstrap Workspace	2026-01-04T10:37:12.4887790Z web3_universal_multicall
build	Bootstrap Workspace	2026-01-04T10:37:12.4888153Z web3_universal_nft
build	Bootstrap Workspace	2026-01-04T10:37:12.4888508Z web3_universal_polkadot
build	Bootstrap Workspace	2026-01-04T10:37:12.4888881Z web3_universal_price
build	Bootstrap Workspace	2026-01-04T10:37:12.4889243Z web3_universal_provider
build	Bootstrap Workspace	2026-01-04T10:37:12.4889904Z web3_universal_reown
build	Bootstrap Workspace	2026-01-04T10:37:12.4890237Z web3_universal_signer
build	Bootstrap Workspace	2026-01-04T10:37:12.4890559Z web3_universal_solana
build	Bootstrap Workspace	2026-01-04T10:37:12.4890886Z web3_universal_staking
build	Bootstrap Workspace	2026-01-04T10:37:12.4891210Z web3_universal_swap
build	Bootstrap Workspace	2026-01-04T10:37:12.4891540Z web3_universal_ton
build	Bootstrap Workspace	2026-01-04T10:37:12.4891860Z web3_universal_trezor
build	Bootstrap Workspace	2026-01-04T10:37:12.4892192Z web3_universal_tron
build	Bootstrap Workspace	2026-01-04T10:37:12.4892519Z web3_universal_utxo
build	Bootstrap Workspace	2026-01-04T10:37:13.1401619Z Cleaning workspace...
build	Bootstrap Workspace	2026-01-04T10:37:13.2594011Z 
build	Bootstrap Workspace	2026-01-04T10:37:13.2596719Z Workspace cleaned. You will need to run the bootstrap command again to use this workspace.
build	Bootstrap Workspace	2026-01-04T10:37:13.9383696Z Cleaning workspace...
build	Bootstrap Workspace	2026-01-04T10:37:13.9505776Z 
build	Bootstrap Workspace	2026-01-04T10:37:13.9507335Z Workspace cleaned. You will need to run the bootstrap command again to use this workspace.
build	Bootstrap Workspace	2026-01-04T10:37:14.6380267Z [     0.216s] melos bootstrap
build	Bootstrap Workspace	2026-01-04T10:37:14.6410883Z [     0.222s]   â””> /home/runner/work/dart_web3/dart_web3/dart_web3
build	Bootstrap Workspace	2026-01-04T10:37:14.6411644Z [     0.222s] 
build	Bootstrap Workspace	2026-01-04T10:37:14.6415136Z [     0.223s] Running "dart pub get" in workspace packages...
build	Bootstrap Workspace	2026-01-04T10:37:15.2346478Z [     0.812s]   âœ“ web3_universal_bc_ur
build	Bootstrap Workspace	2026-01-04T10:37:15.2347187Z [     0.814s]     â””> packages/hardware/bc_ur
build	Bootstrap Workspace	2026-01-04T10:37:15.7349871Z [     1.316s]   âœ“ web3_universal_abi
build	Bootstrap Workspace	2026-01-04T10:37:15.7351276Z [     1.316s]     â””> packages/abi
build	Bootstrap Workspace	2026-01-04T10:37:15.8120352Z [     1.393s]   âœ“ dart_web3_compat
build	Bootstrap Workspace	2026-01-04T10:37:15.8121999Z [     1.394s]     â””> packages/compat
build	Bootstrap Workspace	2026-01-04T10:37:15.8176881Z [     1.399s]   âœ“ web3_universal_bitcoin
build	Bootstrap Workspace	2026-01-04T10:37:15.8180716Z [     1.399s]     â””> packages/extensions/bitcoin
build	Bootstrap Workspace	2026-01-04T10:37:15.8468763Z [     1.428s]   âœ“ web3_universal_aa
build	Bootstrap Workspace	2026-01-04T10:37:15.8471780Z [     1.428s]     â””> packages/aa
build	Bootstrap Workspace	2026-01-04T10:37:16.3576749Z [     1.938s]   âœ“ web3_universal_bridge
build	Bootstrap Workspace	2026-01-04T10:37:16.3586503Z [     1.938s]     â””> packages/bridge
build	Bootstrap Workspace	2026-01-04T10:37:16.4058599Z [     1.987s]   âœ“ web3_universal_chains
build	Bootstrap Workspace	2026-01-04T10:37:16.4076655Z [     1.988s]     â””> packages/chains
build	Bootstrap Workspace	2026-01-04T10:37:16.4773861Z [     2.058s]   âœ“ web3_universal_contract
build	Bootstrap Workspace	2026-01-04T10:37:16.4777452Z [     2.059s]     â””> packages/contract
build	Bootstrap Workspace	2026-01-04T10:37:16.5586962Z [     2.138s]   âœ“ web3_universal_client
build	Bootstrap Workspace	2026-01-04T10:37:16.5587854Z [     2.139s]     â””> packages/client
build	Bootstrap Workspace	2026-01-04T10:37:16.9635358Z [     2.543s]   âœ“ web3_universal_core
build	Bootstrap Workspace	2026-01-04T10:37:16.9636000Z [     2.543s]     â””> packages/core
build	Bootstrap Workspace	2026-01-04T10:37:17.0504326Z [     2.632s]   âœ“ web3_universal_cosmos
build	Bootstrap Workspace	2026-01-04T10:37:17.0509471Z [     2.632s]     â””> packages/extensions/cosmos
build	Bootstrap Workspace	2026-01-04T10:37:17.0711526Z [     2.650s]   âœ“ web3_universal_crypto
build	Bootstrap Workspace	2026-01-04T10:37:17.0712743Z [     2.651s]     â””> packages/crypto
build	Bootstrap Workspace	2026-01-04T10:37:17.1293215Z [     2.710s]   âœ“ web3_universal_dapp
build	Bootstrap Workspace	2026-01-04T10:37:17.1298791Z [     2.711s]     â””> packages/dapp
build	Bootstrap Workspace	2026-01-04T10:37:17.5017038Z [     3.082s]   âœ“ web3_universal_debug
build	Bootstrap Workspace	2026-01-04T10:37:17.5018247Z [     3.082s]     â””> packages/debug
build	Bootstrap Workspace	2026-01-04T10:37:17.6287459Z [     3.209s]   âœ“ web3_universal_ens
build	Bootstrap Workspace	2026-01-04T10:37:17.6289132Z [     3.209s]     â””> packages/ens
build	Bootstrap Workspace	2026-01-04T10:37:17.6589684Z [     3.240s]   âœ“ web3_universal_events
build	Bootstrap Workspace	2026-01-04T10:37:17.6626438Z [     3.242s]     â””> packages/events
build	Bootstrap Workspace	2026-01-04T10:37:17.7001132Z [     3.281s]   âœ“ web3_universal_history
build	Bootstrap Workspace	2026-01-04T10:37:17.7001825Z [     3.282s]     â””> packages/history
build	Bootstrap Workspace	2026-01-04T10:37:18.0136746Z [     3.595s]   âœ“ web3_universal_keystone
build	Bootstrap Workspace	2026-01-04T10:37:18.0137851Z [     3.595s]     â””> packages/hardware/keystone
build	Bootstrap Workspace	2026-01-04T10:37:18.1837993Z [     3.763s]   âœ“ web3_universal_mev
build	Bootstrap Workspace	2026-01-04T10:37:18.1838638Z [     3.763s]     â””> packages/mev
build	Bootstrap Workspace	2026-01-04T10:37:18.2131483Z [     3.794s]   âœ“ web3_universal_mpc
build	Bootstrap Workspace	2026-01-04T10:37:18.2132968Z [     3.795s]     â””> packages/hardware/mpc
build	Bootstrap Workspace	2026-01-04T10:37:18.5558373Z [     4.136s]   âœ“ web3_universal_multicall
build	Bootstrap Workspace	2026-01-04T10:37:18.5570294Z [     4.137s]     â””> packages/multicall
build	Bootstrap Workspace	2026-01-04T10:37:18.7600785Z [     4.340s]   âœ“ web3_universal_nft
build	Bootstrap Workspace	2026-01-04T10:37:18.7627348Z [     4.341s]     â””> packages/nft
build	Bootstrap Workspace	2026-01-04T10:37:18.7899834Z [     4.371s]   âœ“ web3_universal_polkadot
build	Bootstrap Workspace	2026-01-04T10:37:18.7900548Z [     4.371s]     â””> packages/extensions/polkadot
build	Bootstrap Workspace	2026-01-04T10:37:18.9873489Z [     4.568s]   âœ“ web3_universal_ledger
build	Bootstrap Workspace	2026-01-04T10:37:18.9876153Z [     4.569s]     â””> packages/hardware/ledger
build	Bootstrap Workspace	2026-01-04T10:37:19.1325262Z [     4.714s]   âœ“ web3_universal_price
build	Bootstrap Workspace	2026-01-04T10:37:19.1326824Z [     4.714s]     â””> packages/price
build	Bootstrap Workspace	2026-01-04T10:37:19.3686646Z [     4.950s]   âœ“ web3_universal_reown
build	Bootstrap Workspace	2026-01-04T10:37:19.3688426Z [     4.950s]     â””> packages/reown
build	Bootstrap Workspace	2026-01-04T10:37:19.3765461Z [     4.958s]   âœ“ web3_universal_provider
build	Bootstrap Workspace	2026-01-04T10:37:19.3768023Z [     4.958s]     â””> packages/provider
build	Bootstrap Workspace	2026-01-04T10:37:19.5948360Z [     5.175s]   âœ“ web3_universal_signer
build	Bootstrap Workspace	2026-01-04T10:37:19.5951053Z [     5.175s]     â””> packages/signer
build	Bootstrap Workspace	2026-01-04T10:37:19.7595293Z [     5.341s]   âœ“ web3_universal_solana
build	Bootstrap Workspace	2026-01-04T10:37:19.7596851Z [     5.341s]     â””> packages/extensions/solana
build	Bootstrap Workspace	2026-01-04T10:37:19.9856387Z [     5.567s]   âœ“ web3_universal_staking
build	Bootstrap Workspace	2026-01-04T10:37:19.9861099Z [     5.567s]     â””> packages/staking
build	Bootstrap Workspace	2026-01-04T10:37:19.9982543Z [     5.579s]   âœ“ web3_universal_swap
build	Bootstrap Workspace	2026-01-04T10:37:19.9997547Z [     5.580s]     â””> packages/swap
build	Bootstrap Workspace	2026-01-04T10:37:20.1518458Z [     5.733s]   âœ“ web3_universal_ton
build	Bootstrap Workspace	2026-01-04T10:37:20.1528429Z [     5.734s]     â””> packages/extensions/ton
build	Bootstrap Workspace	2026-01-04T10:37:20.3123105Z [     5.893s]   âœ“ web3_universal_trezor
build	Bootstrap Workspace	2026-01-04T10:37:20.3126805Z [     5.894s]     â””> packages/hardware/trezor
build	Bootstrap Workspace	2026-01-04T10:37:20.5205519Z [     6.102s]   âœ“ web3_universal_tron
build	Bootstrap Workspace	2026-01-04T10:37:20.5206439Z [     6.102s]     â””> packages/extensions/tron
build	Bootstrap Workspace	2026-01-04T10:37:20.5248046Z [     6.106s]   âœ“ web3_universal_utxo
build	Bootstrap Workspace	2026-01-04T10:37:20.5250428Z [     6.106s]     â””> packages/utxo
build	Bootstrap Workspace	2026-01-04T10:37:20.5280377Z [     6.109s]   > SUCCESS
build	Bootstrap Workspace	2026-01-04T10:37:20.5281065Z [     6.109s] 
build	Bootstrap Workspace	2026-01-04T10:37:20.5281407Z [     6.109s] Generating IntelliJ IDE files...
build	Bootstrap Workspace	2026-01-04T10:37:20.5815537Z [     6.163s]   > SUCCESS
build	Bootstrap Workspace	2026-01-04T10:37:20.5816001Z [     6.163s] 
build	Bootstrap Workspace	2026-01-04T10:37:20.5816380Z [     6.163s]  -> 35 packages bootstrapped
build	Static Analysis	ï»¿2026-01-04T10:37:20.6492441Z ##[group]Run cd dart_web3
build	Static Analysis	2026-01-04T10:37:20.6492772Z [36;1mcd dart_web3[0m
build	Static Analysis	2026-01-04T10:37:20.6492979Z [36;1mmelos run analyze[0m
build	Static Analysis	2026-01-04T10:37:20.6527796Z shell: /usr/bin/bash -e {0}
build	Static Analysis	2026-01-04T10:37:20.6528090Z env:
build	Static Analysis	2026-01-04T10:37:20.6528375Z   FLUTTER_ROOT: /opt/hostedtoolcache/flutter/stable-3.38.5-x64
build	Static Analysis	2026-01-04T10:37:20.6555464Z   PUB_CACHE: /home/runner/.pub-cache
build	Static Analysis	2026-01-04T10:37:20.6555857Z ##[endgroup]
build	Static Analysis	2026-01-04T10:37:21.1009058Z melos run analyze
build	Static Analysis	2026-01-04T10:37:21.1030745Z   â””> melos exec -- dart analyze --fatal-infos
build	Static Analysis	2026-01-04T10:37:21.1033038Z      â””> RUNNING
build	Static Analysis	2026-01-04T10:37:21.1033489Z 
build	Static Analysis	2026-01-04T10:37:21.9442598Z $ melos exec
build	Static Analysis	2026-01-04T10:37:21.9443451Z   â””> dart analyze --fatal-infos
build	Static Analysis	2026-01-04T10:37:21.9444396Z      â””> RUNNING (in 35 packages)
build	Static Analysis	2026-01-04T10:37:21.9444569Z 
build	Static Analysis	2026-01-04T10:37:21.9445015Z --------------------------------------------------------------------------------
build	Static Analysis	2026-01-04T10:37:22.0046712Z [dart_web3_compat]: Analyzing compat...
build	Static Analysis	2026-01-04T10:37:22.0101909Z [web3_universal_abi]: Analyzing abi...
build	Static Analysis	2026-01-04T10:37:22.0124925Z [web3_universal_aa]: Analyzing aa...
build	Static Analysis	2026-01-04T10:37:22.0152451Z [web3_universal_bc_ur]: Analyzing bc_ur...
build	Static Analysis	2026-01-04T10:37:24.0060422Z [dart_web3_compat]: 
build	Static Analysis	2026-01-04T10:37:24.0065996Z [dart_web3_compat]:   error - lib/dart_web3_compat.dart:5:8 - Target of URI doesn't exist: 'package:web3_universal_abi/abi.dart'. Try creating the file referenced by the URI, or try using a URI for a file that does exist. - uri_does_not_exist
build	Static Analysis	2026-01-04T10:37:24.0109030Z [dart_web3_compat]:   error - lib/dart_web3_compat.dart:6:8 - Target of URI doesn't exist: 'package:web3_universal_chains/chains.dart'. Try creating the file referenced by the URI, or try using a URI for a file that does exist. - uri_does_not_exist
build	Static Analysis	2026-01-04T10:37:24.0112900Z [dart_web3_compat]:   error - lib/dart_web3_compat.dart:7:8 - Target of URI doesn't exist: 'package:web3_universal_client/client.dart'. Try creating the file referenced by the URI, or try using a URI for a file that does exist. - uri_does_not_exist
build	Static Analysis	2026-01-04T10:37:24.0116627Z [dart_web3_compat]:   error - lib/dart_web3_compat.dart:8:8 - Target of URI doesn't exist: 'package:web3_universal_contract/contract.dart'. Try creating the file referenced by the URI, or try using a URI for a file that does exist. - uri_does_not_exist
build	Static Analysis	2026-01-04T10:37:24.0119829Z [dart_web3_compat]:   error - lib/dart_web3_compat.dart:9:8 - Target of URI doesn't exist: 'package:web3_universal_core/core.dart'. Try creating the file referenced by the URI, or try using a URI for a file that does exist. - uri_does_not_exist
build	Static Analysis	2026-01-04T10:37:24.0214620Z [dart_web3_compat]:   error - lib/dart_web3_compat.dart:10:8 - Target of URI doesn't exist: 'package:web3_universal_crypto/crypto.dart'. Try creating the file referenced by the URI, or try using a URI for a file that does exist. - uri_does_not_exist
build	Static Analysis	2026-01-04T10:37:24.0217683Z [dart_web3_compat]:   error - lib/dart_web3_compat.dart:11:8 - Target of URI doesn't exist: 'package:web3_universal_provider/provider.dart'. Try creating the file referenced by the URI, or try using a URI for a file that does exist. - uri_does_not_exist
build	Static Analysis	2026-01-04T10:37:24.0220145Z [dart_web3_compat]:   error - lib/dart_web3_compat.dart:12:8 - Target of URI doesn't exist: 'package:web3_universal_signer/signer.dart'. Try creating the file referenced by the URI, or try using a URI for a file that does exist. - uri_does_not_exist
build	Static Analysis	2026-01-04T10:37:24.0222356Z [dart_web3_compat]:   error - lib/dart_web3_compat.dart:15:8 - Target of URI doesn't exist: 'package:web3_universal_core/core.dart'. Try creating the file referenced by the URI, or try using a URI for a file that does exist. - uri_does_not_exist
build	Static Analysis	2026-01-04T10:37:24.0224917Z [dart_web3_compat]:   error - lib/dart_web3_compat.dart:16:8 - Target of URI doesn't exist: 'package:web3_universal_contract/contract.dart'. Try creating the file referenced by the URI, or try using a URI for a file that does exist. - uri_does_not_exist
build	Static Analysis	2026-01-04T10:37:24.0270842Z [dart_web3_compat]:   error - lib/dart_web3_compat.dart:17:8 - Target of URI doesn't exist: 'package:web3_universal_client/client.dart'. Try creating the file referenced by the URI, or try using a URI for a file that does exist. - uri_does_not_exist
build	Static Analysis	2026-01-04T10:37:24.0274647Z [dart_web3_compat]:   error - lib/dart_web3_compat.dart:19:8 - Target of URI doesn't exist: 'package:web3_universal_provider/provider.dart'. Try creating the file referenced by the URI, or try using a URI for a file that does exist. - uri_does_not_exist
build	Static Analysis	2026-01-04T10:37:24.0277425Z [dart_web3_compat]:   error - lib/dart_web3_compat.dart:21:8 - Target of URI doesn't exist: 'package:web3_universal_chains/chains.dart'. Try creating the file referenced by the URI, or try using a URI for a file that does exist. - uri_does_not_exist
build	Static Analysis	2026-01-04T10:37:24.0280443Z [dart_web3_compat]:   error - lib/dart_web3_compat.dart:22:8 - Target of URI doesn't exist: 'package:web3_universal_signer/signer.dart'. Try creating the file referenced by the URI, or try using a URI for a file that does exist. - uri_does_not_exist
build	Static Analysis	2026-01-04T10:37:24.0283315Z [dart_web3_compat]:   error - lib/dart_web3_compat.dart:23:8 - Target of URI doesn't exist: 'package:web3_universal_abi/abi.dart'. Try creating the file referenced by the URI, or try using a URI for a file that does exist. - uri_does_not_exist
build	Static Analysis	2026-01-04T10:37:24.0286045Z [dart_web3_compat]:   error - lib/dart_web3_compat.dart:39:8 - Target of URI doesn't exist: 'package:web3_universal_crypto/crypto.dart'. Try creating the file referenced by the URI, or try using a URI for a file that does exist. - uri_does_not_exist
build	Static Analysis	2026-01-04T10:37:24.0288455Z [dart_web3_compat]:   error - lib/dart_web3_compat.dart:311:9 - Undefined class 'PublicClient'. Try changing the name to the name of an existing class, or creating a class with the name 'PublicClient'. - undefined_class
build	Static Analysis	2026-01-04T10:37:24.0290936Z [dart_web3_compat]:   error - lib/dart_web3_compat.dart:318:18 - The method 'PublicClient' isn't defined for the type 'Web3Client'. Try correcting the name to the name of an existing method, or defining a method named 'PublicClient'. - undefined_method
build	Static Analysis	2026-01-04T10:37:24.0293544Z [dart_web3_compat]:   error - lib/dart_web3_compat.dart:319:21 - The method 'RpcProvider' isn't defined for the type 'Web3Client'. Try correcting the name to the name of an existing method, or defining a method named 'RpcProvider'. - undefined_method
build	Static Analysis	2026-01-04T10:37:24.0296278Z [dart_web3_compat]:   error - lib/dart_web3_compat.dart:319:33 - The method 'HttpTransport' isn't defined for the type 'Web3Client'. Try correcting the name to the name of an existing method, or defining a method named 'HttpTransport'. - undefined_method
build	Static Analysis	2026-01-04T10:37:24.0298743Z [dart_web3_compat]:   error - lib/dart_web3_compat.dart:360:7 - The method 'CallRequest' isn't defined for the type 'Web3Client'. Try correcting the name to the name of an existing method, or defining a method named 'CallRequest'. - undefined_method
build	Static Analysis	2026-01-04T10:37:24.0301348Z [dart_web3_compat]:   error - lib/dart_web3_compat.dart:376:7 - The method 'CallRequest' isn't defined for the type 'Web3Client'. Try correcting the name to the name of an existing method, or defining a method named 'CallRequest'. - undefined_method
build	Static Analysis	2026-01-04T10:37:24.0304079Z [dart_web3_compat]:   error - lib/dart_web3_compat.dart:418:10 - The name 'TransactionReceipt' isn't a type, so it can't be used as a type argument. Try correcting the name to an existing type, or defining a type named 'TransactionReceipt'. - non_type_as_type_argument
build	Static Analysis	2026-01-04T10:37:24.0311335Z [dart_web3_compat]:   error - lib/dart_web3_compat.dart:431:10 - The name 'Block' isn't a type, so it can't be used as a type argument. Try correcting the name to an existing type, or defining a type named 'Block'. - non_type_as_type_argument
build	Static Analysis	2026-01-04T10:37:24.0313286Z [dart_web3_compat]:   error - lib/dart_web3_compat.dart:441:25 - Undefined class 'LogFilter'. Try changing the name to the name of an existing class, or creating a class with the name 'LogFilter'. - undefined_class
build	Static Analysis	2026-01-04T10:37:24.0397683Z [dart_web3_compat]:   error - lib/dart_web3_compat.dart:444:9 - Undefined class 'Log'. Try changing the name to the name of an existing class, or creating a class with the name 'Log'. - undefined_class
build	Static Analysis	2026-01-04T10:37:24.0403082Z [dart_web3_compat]:   error - lib/dart_web3_compat.dart:446:50 - The method 'fromHex' isn't defined for the type 'Type'. Try correcting the name to the name of an existing method, or defining a method named 'fromHex'. - undefined_method
build	Static Analysis	2026-01-04T10:37:24.0405710Z [dart_web3_compat]:   error - lib/dart_web3_compat.dart:467:7 - Undefined name 'AbiParser'. Try correcting the name to one that is defined, or defining the name. - undefined_identifier
build	Static Analysis	2026-01-04T10:37:24.0408345Z [dart_web3_compat]:   error - lib/dart_web3_compat.dart:470:7 - Undefined name 'AbiParser'. Try correcting the name to one that is defined, or defining the name. - undefined_identifier
build	Static Analysis	2026-01-04T10:37:24.0411494Z [dart_web3_compat]:   error - lib/dart_web3_compat.dart:495:14 - The name 'AbiType' isn't a type, so it can't be used as a type argument. Try correcting the name to an existing type, or defining a type named 'AbiType'. - non_type_as_type_argument
build	Static Analysis	2026-01-04T10:37:24.0414181Z [dart_web3_compat]:   error - lib/dart_web3_compat.dart:496:14 - The name 'AbiType' isn't a type, so it can't be used as a type argument. Try correcting the name to an existing type, or defining a type named 'AbiType'. - non_type_as_type_argument
build	Static Analysis	2026-01-04T10:37:24.0416979Z [dart_web3_compat]:   error - lib/dart_web3_compat.dart:506:28 - Undefined class 'AbiFunction'. Try changing the name to the name of an existing class, or creating a class with the name 'AbiFunction'. - undefined_class
build	Static Analysis	2026-01-04T10:37:24.0428251Z [dart_web3_compat]:   error - lib/dart_web3_compat.dart:513:48 - The property 'name' can't be unconditionally accessed because the receiver can be 'null'. Try making the access conditional (using '?.') or adding a null check to the target ('!'). - unchecked_use_of_nullable_value
build	Static Analysis	2026-01-04T10:37:24.0430535Z [dart_web3_compat]:   error - lib/dart_web3_compat.dart:518:7 - Undefined name 'AbiEncoder'. Try correcting the name to one that is defined, or defining the name. - undefined_identifier
build	Static Analysis	2026-01-04T10:37:24.0432333Z [dart_web3_compat]:   error - lib/dart_web3_compat.dart:521:7 - Undefined name 'AbiDecoder'. Try correcting the name to one that is defined, or defining the name. - undefined_identifier
build	Static Analysis	2026-01-04T10:37:24.0434233Z [dart_web3_compat]:   error - lib/dart_web3_compat.dart:525:9 - Undefined class 'AbiEvent'. Try changing the name to the name of an existing class, or creating a class with the name 'AbiEvent'. - undefined_class
build	Static Analysis	2026-01-04T10:37:24.0436226Z [dart_web3_compat]:   error - lib/dart_web3_compat.dart:534:24 - Undefined name 'AbiDecoder'. Try correcting the name to one that is defined, or defining the name. - undefined_identifier
build	Static Analysis	2026-01-04T10:37:24.0438194Z [dart_web3_compat]:   error - test/compat_test.dart:83:16 - 'Web3ChainConfig' isn't a function. Try correcting the name to match an existing function, or define a method or function named 'Web3ChainConfig'. - invocation_of_non_function
build	Static Analysis	2026-01-04T10:37:24.0440522Z [dart_web3_compat]: warning - lib/dart_web3_compat.dart:428:22 - The type of l can't be inferred; a type must be explicitly provided. Try specifying the type of the parameter. - inference_failure_on_untyped_parameter
build	Static Analysis	2026-01-04T10:37:24.0442572Z [dart_web3_compat]: warning - lib/dart_web3_compat.dart:469:14 - The type of f can't be inferred; a type must be explicitly provided. Try specifying the type of the parameter. - inference_failure_on_untyped_parameter
build	Static Analysis	2026-01-04T10:37:24.0444627Z [dart_web3_compat]: warning - lib/dart_web3_compat.dart:470:40 - The type of e can't be inferred; a type must be explicitly provided. Try specifying the type of the parameter. - inference_failure_on_untyped_parameter
build	Static Analysis	2026-01-04T10:37:24.0484401Z [dart_web3_compat]: warning - lib/dart_web3_compat.dart:542:38 - The type of name can't be inferred; a type must be explicitly provided. Try specifying the type of the parameter. - inference_failure_on_untyped_parameter
build	Static Analysis	2026-01-04T10:37:24.0486939Z [dart_web3_compat]: warning - lib/dart_web3_compat.dart:562:49 - The '!' will have no effect because the receiver can't be null. Try removing the '!' operator. - unnecessary_non_null_assertion
build	Static Analysis	2026-01-04T10:37:24.0488173Z [dart_web3_compat]: warning - lib/dart_web3_compat.dart:627:21 - Unnecessary cast. Try removing the cast. - unnecessary_cast
build	Static Analysis	2026-01-04T10:37:24.0489477Z [dart_web3_compat]: warning - test/compat_test.dart:56:13 - The value of the local variable 'compressedKey' isn't used. Try removing the variable or using it. - unused_local_variable
build	Static Analysis	2026-01-04T10:37:24.0522927Z [dart_web3_compat]: warning - test/compat_test.dart:91:30 - The type argument(s) of 'List' can't be inferred. Use explicit type argument(s) for 'List'. - inference_failure_on_collection_literal
build	Static Analysis	2026-01-04T10:37:24.0525765Z [dart_web3_compat]:    info - lib/dart_web3_compat.dart:3:1 - Sort directive sections alphabetically. Try sorting the directives. - directives_ordering
build	Static Analysis	2026-01-04T10:37:24.0527511Z [dart_web3_compat]:    info - lib/dart_web3_compat.dart:15:48 - Sort combinator names alphabetically. Try sorting the combinator names alphabetically. - combinators_ordering
build	Static Analysis	2026-01-04T10:37:24.0529184Z [dart_web3_compat]:    info - lib/dart_web3_compat.dart:16:1 - Sort directive sections alphabetically. Try sorting the directives. - directives_ordering
build	Static Analysis	2026-01-04T10:37:24.0530676Z [dart_web3_compat]:    info - lib/dart_web3_compat.dart:17:1 - Sort directive sections alphabetically. Try sorting the directives. - directives_ordering
build	Static Analysis	2026-01-04T10:37:24.0532129Z [dart_web3_compat]:    info - lib/dart_web3_compat.dart:18:5 - Sort combinator names alphabetically. Try sorting the combinator names alphabetically. - combinators_ordering
build	Static Analysis	2026-01-04T10:37:24.0533609Z [dart_web3_compat]:    info - lib/dart_web3_compat.dart:20:5 - Sort combinator names alphabetically. Try sorting the combinator names alphabetically. - combinators_ordering
build	Static Analysis	2026-01-04T10:37:24.0535300Z [dart_web3_compat]:    info - lib/dart_web3_compat.dart:21:1 - Sort directive sections alphabetically. Try sorting the directives. - directives_ordering
build	Static Analysis	2026-01-04T10:37:24.0536778Z [dart_web3_compat]:    info - lib/dart_web3_compat.dart:23:1 - Sort directive sections alphabetically. Try sorting the directives. - directives_ordering
build	Static Analysis	2026-01-04T10:37:24.0538269Z [dart_web3_compat]:    info - lib/dart_web3_compat.dart:24:5 - Sort combinator names alphabetically. Try sorting the combinator names alphabetically. - combinators_ordering
build	Static Analysis	2026-01-04T10:37:24.0539933Z [dart_web3_compat]:    info - lib/dart_web3_compat.dart:39:52 - Sort combinator names alphabetically. Try sorting the combinator names alphabetically. - combinators_ordering
build	Static Analysis	2026-01-04T10:37:24.0541826Z [dart_web3_compat]:    info - lib/dart_web3_compat.dart:48:1 - Classes should define instance members. Try adding instance behavior or moving the members out of the class. - avoid_classes_with_only_static_members
build	Static Analysis	2026-01-04T10:37:24.0667405Z [dart_web3_compat]:    info - lib/dart_web3_compat.dart:75:5 - Unnecessary type annotation on a local variable. Try removing the type annotation. - omit_local_variable_types
build	Static Analysis	2026-01-04T10:37:24.0671819Z [dart_web3_compat]:    info - lib/dart_web3_compat.dart:87:5 - Unnecessary type annotation on a local variable. Try removing the type annotation. - omit_local_variable_types
build	Static Analysis	2026-01-04T10:37:24.0673525Z [dart_web3_compat]:    info - lib/dart_web3_compat.dart:99:1 - Classes should define instance members. Try adding instance behavior or moving the members out of the class. - avoid_classes_with_only_static_members
build	Static Analysis	2026-01-04T10:37:24.0675690Z [dart_web3_compat]:    info - lib/dart_web3_compat.dart:117:7 - Catch clause should use 'on' to specify the type of exception being caught. Try adding an 'on' clause before the 'catch'. - avoid_catches_without_on_clauses
build	Static Analysis	2026-01-04T10:37:24.0677501Z [dart_web3_compat]:    info - lib/dart_web3_compat.dart:123:1 - Classes should define instance members. Try adding instance behavior or moving the members out of the class. - avoid_classes_with_only_static_members
build	Static Analysis	2026-01-04T10:37:24.0680135Z [dart_web3_compat]:    info - lib/dart_web3_compat.dart:164:3 - Unnecessary duplication of receiver. Try using a cascade to avoid the duplication. - cascade_invocations
build	Static Analysis	2026-01-04T10:37:24.0682030Z [dart_web3_compat]:    info - lib/dart_web3_compat.dart:201:3 - Constructor declarations should be before non-constructor declarations. Try moving the constructor declaration before all other members. - sort_constructors_first
build	Static Analysis	2026-01-04T10:37:24.0684555Z [dart_web3_compat]:    info - lib/dart_web3_compat.dart:209:3 - Constructor declarations should be before non-constructor declarations. Try moving the constructor declaration before all other members. - sort_constructors_first
build	Static Analysis	2026-01-04T10:37:24.0721610Z [dart_web3_compat]:    info - lib/dart_web3_compat.dart:212:11 - Constructor declarations should be before non-constructor declarations. Try moving the constructor declaration before all other members. - sort_constructors_first
build	Static Analysis	2026-01-04T10:37:24.0723637Z [dart_web3_compat]:    info - lib/dart_web3_compat.dart:261:3 - Constructor declarations should be before non-constructor declarations. Try moving the constructor declaration before all other members. - sort_constructors_first
build	Static Analysis	2026-01-04T10:37:24.0725788Z [dart_web3_compat]:    info - lib/dart_web3_compat.dart:262:11 - Constructor declarations should be before non-constructor declarations. Try moving the constructor declaration before all other members. - sort_constructors_first
build	Static Analysis	2026-01-04T10:37:24.0728458Z [dart_web3_compat]:    info - lib/dart_web3_compat.dart:263:11 - Constructor declarations should be before non-constructor declarations. Try moving the constructor declaration before all other members. - sort_constructors_first
build	Static Analysis	2026-01-04T10:37:24.0730788Z [dart_web3_compat]:    info - lib/dart_web3_compat.dart:265:11 - Constructor declarations should be before non-constructor declarations. Try moving the constructor declaration before all other members. - sort_constructors_first
build	Static Analysis	2026-01-04T10:37:24.0733192Z [dart_web3_compat]:    info - lib/dart_web3_compat.dart:276:22 - Static method should be a constructor. Try converting the method into a constructor. - prefer_constructors_over_static_methods
build	Static Analysis	2026-01-04T10:37:24.0735938Z [dart_web3_compat]:    info - lib/dart_web3_compat.dart:314:3 - Constructor declarations should be before non-constructor declarations. Try moving the constructor declaration before all other members. - sort_constructors_first
build	Static Analysis	2026-01-04T10:37:24.0738171Z [dart_web3_compat]:    info - lib/dart_web3_compat.dart:316:5 - The parameter 'httpClient' is not used in the constructor. Try using the parameter or removing it. - avoid_unused_constructor_parameters
build	Static Analysis	2026-01-04T10:37:24.0740789Z [dart_web3_compat]:    info - lib/dart_web3_compat.dart:353:31 - Required named parameters should be before optional named parameters. Try moving the required named parameter to be before any optional named parameters. - always_put_required_named_parameters_first
build	Static Analysis	2026-01-04T10:37:24.0743761Z [dart_web3_compat]:    info - lib/dart_web3_compat.dart:354:31 - Required named parameters should be before optional named parameters. Try moving the required named parameter to be before any optional named parameters. - always_put_required_named_parameters_first
build	Static Analysis	2026-01-04T10:37:24.0746692Z [dart_web3_compat]:    info - lib/dart_web3_compat.dart:355:28 - Required named parameters should be before optional named parameters. Try moving the required named parameter to be before any optional named parameters. - always_put_required_named_parameters_first
build	Static Analysis	2026-01-04T10:37:24.0749274Z [dart_web3_compat]:    info - lib/dart_web3_compat.dart:421:7 - Catch clause should use 'on' to specify the type of exception being caught. Try adding an 'on' clause before the 'catch'. - avoid_catches_without_on_clauses
build	Static Analysis	2026-01-04T10:37:24.0751238Z [dart_web3_compat]:    info - lib/dart_web3_compat.dart:428:21 - Closure should be a tearoff. Try using a tearoff rather than a closure. - unnecessary_lambdas
build	Static Analysis	2026-01-04T10:37:24.0753947Z [dart_web3_compat]:    info - lib/dart_web3_compat.dart:445:3 - Constructor declarations should be before non-constructor declarations. Try moving the constructor declaration before all other members. - sort_constructors_first
build	Static Analysis	2026-01-04T10:37:24.0817296Z [dart_web3_compat]:    info - lib/dart_web3_compat.dart:462:3 - Constructor declarations should be before non-constructor declarations. Try moving the constructor declaration before all other members. - sort_constructors_first
build	Static Analysis	2026-01-04T10:37:24.0819861Z [dart_web3_compat]:    info - lib/dart_web3_compat.dart:464:11 - Constructor declarations should be before non-constructor declarations. Try moving the constructor declaration before all other members. - sort_constructors_first
build	Static Analysis	2026-01-04T10:37:24.0822368Z [dart_web3_compat]:    info - lib/dart_web3_compat.dart:469:13 - Closure should be a tearoff. Try using a tearoff rather than a closure. - unnecessary_lambdas
build	Static Analysis	2026-01-04T10:37:24.0823854Z [dart_web3_compat]:    info - lib/dart_web3_compat.dart:470:39 - Closure should be a tearoff. Try using a tearoff rather than a closure. - unnecessary_lambdas
build	Static Analysis	2026-01-04T10:37:24.0826156Z [dart_web3_compat]:    info - lib/dart_web3_compat.dart:478:3 - Constructor declarations should be before non-constructor declarations. Try moving the constructor declaration before all other members. - sort_constructors_first
build	Static Analysis	2026-01-04T10:37:24.0828631Z [dart_web3_compat]:    info - lib/dart_web3_compat.dart:499:9 - Constructor declarations should be before non-constructor declarations. Try moving the constructor declaration before all other members. - sort_constructors_first
build	Static Analysis	2026-01-04T10:37:24.0830953Z [dart_web3_compat]:    info - lib/dart_web3_compat.dart:506:3 - Constructor declarations should be before non-constructor declarations. Try moving the constructor declaration before all other members. - sort_constructors_first
build	Static Analysis	2026-01-04T10:37:24.0833238Z [dart_web3_compat]:    info - lib/dart_web3_compat.dart:526:3 - Constructor declarations should be before non-constructor declarations. Try moving the constructor declaration before all other members. - sort_constructors_first
build	Static Analysis	2026-01-04T10:37:24.0835918Z [dart_web3_compat]:    info - lib/dart_web3_compat.dart:550:9 - Constructor declarations should be before non-constructor declarations. Try moving the constructor declaration before all other members. - sort_constructors_first
build	Static Analysis	2026-01-04T10:37:24.0838181Z [dart_web3_compat]:    info - lib/dart_web3_compat.dart:553:9 - Constructor declarations should be before non-constructor declarations. Try moving the constructor declaration before all other members. - sort_constructors_first
build	Static Analysis	2026-01-04T10:37:24.0840534Z [dart_web3_compat]:    info - lib/dart_web3_compat.dart:554:9 - Constructor declarations should be before non-constructor declarations. Try moving the constructor declaration before all other members. - sort_constructors_first
build	Static Analysis	2026-01-04T10:37:24.0842762Z [dart_web3_compat]:    info - lib/dart_web3_compat.dart:557:9 - Constructor declarations should be before non-constructor declarations. Try moving the constructor declaration before all other members. - sort_constructors_first
build	Static Analysis	2026-01-04T10:37:24.0845294Z [dart_web3_compat]:    info - lib/dart_web3_compat.dart:578:9 - Constructor declarations should be before non-constructor declarations. Try moving the constructor declaration before all other members. - sort_constructors_first
build	Static Analysis	2026-01-04T10:37:24.0847554Z [dart_web3_compat]:    info - lib/dart_web3_compat.dart:590:11 - Constructor declarations should be before non-constructor declarations. Try moving the constructor declaration before all other members. - sort_constructors_first
build	Static Analysis	2026-01-04T10:37:24.0849963Z [dart_web3_compat]:    info - lib/dart_web3_compat.dart:618:3 - Constructor declarations should be before non-constructor declarations. Try moving the constructor declaration before all other members. - sort_constructors_first
build	Static Analysis	2026-01-04T10:37:24.0851931Z [dart_web3_compat]:    info - test/compat_test.dart:2:1 - Sort directive sections alphabetically. Try sorting the directives. - directives_ordering
build	Static Analysis	2026-01-04T10:37:24.0854017Z [dart_web3_compat]:    info - test/compat_test.dart:3:1 - Place 'dart:' imports before other imports. Try sorting the directives. - directives_ordering
build	Static Analysis	2026-01-04T10:37:24.0855758Z [dart_web3_compat]:    info - test/compat_test.dart:71:79 - Missing a required trailing comma. Try adding a trailing comma. - require_trailing_commas
build	Static Analysis	2026-01-04T10:37:24.0857245Z [dart_web3_compat]:    info - test/compat_test.dart:74:55 - Missing a required trailing comma. Try adding a trailing comma. - require_trailing_commas
build	Static Analysis	2026-01-04T10:37:24.0858182Z [dart_web3_compat]: 
build	Static Analysis	2026-01-04T10:37:24.0858547Z [dart_web3_compat]: 98 issues found.
build	Static Analysis	2026-01-04T10:37:24.0882675Z [web3_universal_bc_ur]: 
build	Static Analysis	2026-01-04T10:37:24.0884549Z [web3_universal_bc_ur]:    info - lib/src/animated_qr.dart:89:21 - Static method should be a constructor. Try converting the method into a constructor. - prefer_constructors_over_static_methods
build	Static Analysis	2026-01-04T10:37:24.0886474Z [web3_universal_bc_ur]:    info - lib/src/animated_qr.dart:94:21 - Static method should be a constructor. Try converting the method into a constructor. - prefer_constructors_over_static_methods
build	Static Analysis	2026-01-04T10:37:24.0888228Z [web3_universal_bc_ur]:    info - lib/src/bc_ur_encoder.dart:7:1 - Classes should define instance members. Try adding instance behavior or moving the members out of the class. - avoid_classes_with_only_static_members
build	Static Analysis	2026-01-04T10:37:24.0890156Z [web3_universal_bc_ur]:    info - lib/src/bc_ur_registry.dart:3:1 - Classes should define instance members. Try adding instance behavior or moving the members out of the class. - avoid_classes_with_only_static_members
build	Static Analysis	2026-01-04T10:37:24.0892077Z [web3_universal_bc_ur]:    info - lib/src/bc_ur_registry.dart:91:25 - Static method should be a constructor. Try converting the method into a constructor. - prefer_constructors_over_static_methods
build	Static Analysis	2026-01-04T10:37:24.0893950Z [web3_universal_bc_ur]:    info - lib/src/bc_ur_registry.dart:120:23 - Static method should be a constructor. Try converting the method into a constructor. - prefer_constructors_over_static_methods
build	Static Analysis	2026-01-04T10:37:24.0895794Z [web3_universal_bc_ur]:    info - lib/src/cbor_decoder.dart:13:5 - Unnecessary duplication of receiver. Try using a cascade to avoid the duplication. - cascade_invocations
build	Static Analysis	2026-01-04T10:37:24.0897248Z [web3_universal_bc_ur]:    info - lib/src/cbor_decoder.dart:14:5 - Unnecessary duplication of receiver. Try using a cascade to avoid the duplication. - cascade_invocations
build	Static Analysis	2026-01-04T10:37:24.0898738Z [web3_universal_bc_ur]:    info - lib/src/cbor_encoder.dart:12:5 - Unnecessary duplication of receiver. Try using a cascade to avoid the duplication. - cascade_invocations
build	Static Analysis	2026-01-04T10:37:24.0900208Z [web3_universal_bc_ur]:    info - lib/src/cbor_encoder.dart:59:7 - Unnecessary duplication of receiver. Try using a cascade to avoid the duplication. - cascade_invocations
build	Static Analysis	2026-01-04T10:37:24.0901658Z [web3_universal_bc_ur]:    info - lib/src/cbor_encoder.dart:62:7 - Unnecessary duplication of receiver. Try using a cascade to avoid the duplication. - cascade_invocations
build	Static Analysis	2026-01-04T10:37:24.0903086Z [web3_universal_bc_ur]:    info - lib/src/cbor_encoder.dart:65:7 - Unnecessary duplication of receiver. Try using a cascade to avoid the duplication. - cascade_invocations
build	Static Analysis	2026-01-04T10:37:24.0904555Z [web3_universal_bc_ur]:    info - lib/src/cbor_encoder.dart:68:7 - Unnecessary duplication of receiver. Try using a cascade to avoid the duplication. - cascade_invocations
build	Static Analysis	2026-01-04T10:37:24.0906258Z [web3_universal_bc_ur]:    info - lib/src/cbor_encoder.dart:78:7 - Unnecessary duplication of receiver. Try using a cascade to avoid the duplication. - cascade_invocations
build	Static Analysis	2026-01-04T10:37:24.0907763Z [web3_universal_bc_ur]:    info - lib/src/cbor_encoder.dart:81:7 - Unnecessary duplication of receiver. Try using a cascade to avoid the duplication. - cascade_invocations
build	Static Analysis	2026-01-04T10:37:24.0909310Z [web3_universal_bc_ur]:    info - lib/src/cbor_encoder.dart:84:7 - Unnecessary duplication of receiver. Try using a cascade to avoid the duplication. - cascade_invocations
build	Static Analysis	2026-01-04T10:37:24.0911272Z [web3_universal_bc_ur]:    info - lib/src/cbor_encoder.dart:87:7 - Unnecessary duplication of receiver. Try using a cascade to avoid the duplication. - cascade_invocations
build	Static Analysis	2026-01-04T10:37:24.0912700Z [web3_universal_bc_ur]:    info - lib/src/cbor_encoder.dart:99:7 - Unnecessary duplication of receiver. Try using a cascade to avoid the duplication. - cascade_invocations
build	Static Analysis	2026-01-04T10:37:24.0914166Z [web3_universal_bc_ur]:    info - lib/src/cbor_encoder.dart:102:7 - Unnecessary duplication of receiver. Try using a cascade to avoid the duplication. - cascade_invocations
build	Static Analysis	2026-01-04T10:37:24.0915816Z [web3_universal_bc_ur]:    info - lib/src/cbor_encoder.dart:105:7 - Unnecessary duplication of receiver. Try using a cascade to avoid the duplication. - cascade_invocations
build	Static Analysis	2026-01-04T10:37:24.0917481Z [web3_universal_bc_ur]:    info - lib/src/cbor_encoder.dart:118:7 - Unnecessary duplication of receiver. Try using a cascade to avoid the duplication. - cascade_invocations
build	Static Analysis	2026-01-04T10:37:24.0918929Z [web3_universal_bc_ur]:    info - lib/src/cbor_encoder.dart:121:7 - Unnecessary duplication of receiver. Try using a cascade to avoid the duplication. - cascade_invocations
build	Static Analysis	2026-01-04T10:37:24.0920363Z [web3_universal_bc_ur]:    info - lib/src/cbor_encoder.dart:124:7 - Unnecessary duplication of receiver. Try using a cascade to avoid the duplication. - cascade_invocations
build	Static Analysis	2026-01-04T10:37:24.0921798Z [web3_universal_bc_ur]:    info - lib/src/cbor_encoder.dart:137:7 - Unnecessary duplication of receiver. Try using a cascade to avoid the duplication. - cascade_invocations
build	Static Analysis	2026-01-04T10:37:24.0923229Z [web3_universal_bc_ur]:    info - lib/src/cbor_encoder.dart:140:7 - Unnecessary duplication of receiver. Try using a cascade to avoid the duplication. - cascade_invocations
build	Static Analysis	2026-01-04T10:37:24.0924644Z [web3_universal_bc_ur]:    info - lib/src/cbor_encoder.dart:143:7 - Unnecessary duplication of receiver. Try using a cascade to avoid the duplication. - cascade_invocations
build	Static Analysis	2026-01-04T10:37:24.0926266Z [web3_universal_bc_ur]:    info - lib/src/cbor_encoder.dart:158:7 - Unnecessary duplication of receiver. Try using a cascade to avoid the duplication. - cascade_invocations
build	Static Analysis	2026-01-04T10:37:24.0927689Z [web3_universal_bc_ur]:    info - lib/src/cbor_encoder.dart:161:7 - Unnecessary duplication of receiver. Try using a cascade to avoid the duplication. - cascade_invocations
build	Static Analysis	2026-01-04T10:37:24.0929112Z [web3_universal_bc_ur]:    info - lib/src/cbor_encoder.dart:164:7 - Unnecessary duplication of receiver. Try using a cascade to avoid the duplication. - cascade_invocations
build	Static Analysis	2026-01-04T10:37:24.0930028Z [web3_universal_bc_ur]: 
build	Static Analysis	2026-01-04T10:37:24.0930360Z [web3_universal_bc_ur]: 29 issues found.
build	Static Analysis	2026-01-04T10:37:24.1401417Z [web3_universal_bitcoin]: Analyzing bitcoin...
build	Static Analysis	2026-01-04T10:37:24.1522802Z [web3_universal_bridge]: Analyzing bridge...
build	Static Analysis	2026-01-04T10:37:24.5156236Z [web3_universal_aa]: 
build	Static Analysis	2026-01-04T10:37:24.5157329Z [web3_universal_aa]:    info - example/main.dart:3:1 - Sort directive sections alphabetically. Try sorting the directives. - directives_ordering
build	Static Analysis	2026-01-04T10:37:24.5166041Z [web3_universal_aa]:    info - example/main.dart:4:1 - Sort directive sections alphabetically. Try sorting the directives. - directives_ordering
build	Static Analysis	2026-01-04T10:37:24.5168872Z [web3_universal_aa]:    info - lib/src/accounts/simple_account.dart:43:12 - Use interpolation to compose strings and values. Try using string interpolation to build the composite string. - prefer_interpolation_to_compose_strings
build	Static Analysis	2026-01-04T10:37:24.5171709Z [web3_universal_aa]:    info - lib/src/bundler_client.dart:70:7 - Catch clause should use 'on' to specify the type of exception being caught. Try adding an 'on' clause before the 'catch'. - avoid_catches_without_on_clauses
build	Static Analysis	2026-01-04T10:37:24.5174376Z [web3_universal_aa]:    info - lib/src/bundler_client.dart:88:7 - Catch clause should use 'on' to specify the type of exception being caught. Try adding an 'on' clause before the 'catch'. - avoid_catches_without_on_clauses
build	Static Analysis	2026-01-04T10:37:24.5177804Z [web3_universal_aa]:    info - lib/src/entry_point.dart:731:7 - Catch clause should use 'on' to specify the type of exception being caught. Try adding an 'on' clause before the 'catch'. - avoid_catches_without_on_clauses
build	Static Analysis	2026-01-04T10:37:24.5180451Z [web3_universal_aa]:    info - lib/src/entry_point.dart:867:7 - Catch clause should use 'on' to specify the type of exception being caught. Try adding an 'on' clause before the 'catch'. - avoid_catches_without_on_clauses
build	Static Analysis	2026-01-04T10:37:24.5183029Z [web3_universal_aa]:    info - lib/src/entry_point.dart:890:1 - Classes should define instance members. Try adding instance behavior or moving the members out of the class. - avoid_classes_with_only_static_members
build	Static Analysis	2026-01-04T10:37:24.5186230Z [web3_universal_aa]:    info - lib/src/paymaster.dart:140:7 - Catch clause should use 'on' to specify the type of exception being caught. Try adding an 'on' clause before the 'catch'. - avoid_catches_without_on_clauses
build	Static Analysis	2026-01-04T10:37:24.5188599Z [web3_universal_aa]:    info - lib/src/paymaster.dart:154:7 - Catch clause should use 'on' to specify the type of exception being caught. Try adding an 'on' clause before the 'catch'. - avoid_catches_without_on_clauses
build	Static Analysis	2026-01-04T10:37:24.5198545Z [web3_universal_aa]:    info - lib/src/paymaster.dart:167:7 - Catch clause should use 'on' to specify the type of exception being caught. Try adding an 'on' clause before the 'catch'. - avoid_catches_without_on_clauses
build	Static Analysis	2026-01-04T10:37:24.5201310Z [web3_universal_aa]:    info - lib/src/paymaster.dart:235:7 - Catch clause should use 'on' to specify the type of exception being caught. Try adding an 'on' clause before the 'catch'. - avoid_catches_without_on_clauses
build	Static Analysis	2026-01-04T10:37:24.5205048Z [web3_universal_aa]:    info - lib/src/paymaster.dart:328:7 - Catch clause should use 'on' to specify the type of exception being caught. Try adding an 'on' clause before the 'catch'. - avoid_catches_without_on_clauses
build	Static Analysis	2026-01-04T10:37:24.5206798Z [web3_universal_aa]:    info - lib/src/smart_account.dart:304:5 - Unnecessary duplication of receiver. Try using a cascade to avoid the duplication. - cascade_invocations
build	Static Analysis	2026-01-04T10:37:24.5208274Z [web3_universal_aa]:    info - lib/src/smart_account.dart:305:5 - Unnecessary duplication of receiver. Try using a cascade to avoid the duplication. - cascade_invocations
build	Static Analysis	2026-01-04T10:37:24.5209587Z [web3_universal_aa]:    info - lib/src/user_operation.dart:434:11 - Unnecessary 'this.' qualifier. Try removing 'this.'. - unnecessary_this
build	Static Analysis	2026-01-04T10:37:24.5210866Z [web3_universal_aa]:    info - lib/src/user_operation.dart:435:29 - Unnecessary 'this.' qualifier. Try removing 'this.'. - unnecessary_this
build	Static Analysis	2026-01-04T10:37:24.5212454Z [web3_universal_aa]:    info - lib/src/user_operation.dart:456:12 - Use interpolation to compose strings and values. Try using string interpolation to build the composite string. - prefer_interpolation_to_compose_strings
build	Static Analysis	2026-01-04T10:37:24.5214585Z [web3_universal_aa]:    info - lib/src/user_operation.dart:634:3 - The method '==' should not be overridden in classes not annotated with '@immutable'. Try removing the override or annotating the class with '@immutable'. - avoid_equals_and_hash_code_on_mutable_classes
build	Static Analysis	2026-01-04T10:37:24.5217072Z [web3_universal_aa]:    info - lib/src/user_operation.dart:649:3 - The method 'hashCode' should not be overridden in classes not annotated with '@immutable'. Try removing the override or annotating the class with '@immutable'. - avoid_equals_and_hash_code_on_mutable_classes
build	Static Analysis	2026-01-04T10:37:24.5219020Z [web3_universal_aa]:    info - lib/web3_universal_aa.dart:1:1 - Dangling library doc comment. Add a 'library' directive after the library comment. - dangling_library_doc_comments
build	Static Analysis	2026-01-04T10:37:24.5220492Z [web3_universal_aa]:    info - test/bundler_client_test.dart:2:1 - Sort directive sections alphabetically. Try sorting the directives. - directives_ordering
build	Static Analysis	2026-01-04T10:37:24.5221885Z [web3_universal_aa]:    info - test/user_operation_test.dart:2:1 - Sort directive sections alphabetically. Try sorting the directives. - directives_ordering
build	Static Analysis	2026-01-04T10:37:24.5223791Z [web3_universal_aa]:    info - test/user_operation_test.dart:69:34 - The value of the argument is redundant because it matches the default value. Try removing the argument. - avoid_redundant_argument_values
build	Static Analysis	2026-01-04T10:37:24.5225013Z [web3_universal_aa]: 
build	Static Analysis	2026-01-04T10:37:24.5225340Z [web3_universal_aa]: 24 issues found.
build	Static Analysis	2026-01-04T10:37:24.5807568Z [web3_universal_chains]: Analyzing chains...
build	Static Analysis	2026-01-04T10:37:24.8077568Z [web3_universal_abi]: 
build	Static Analysis	2026-01-04T10:37:24.8158347Z [web3_universal_abi]:    info - example/main.dart:30:2 - Missing a newline at the end of the file. Try adding a newline at the end of the file. - eol_at_end_of_file
build	Static Analysis	2026-01-04T10:37:24.8240296Z [web3_universal_abi]:    info - lib/src/encoder.dart:187:33 - Statements in an if should be enclosed in a block. Try wrapping the statement in a block. - curly_braces_in_flow_control_structures
build	Static Analysis	2026-01-04T10:37:24.8241936Z [web3_universal_abi]:    info - lib/src/pretty_printer.dart:27:7 - Unnecessary duplication of receiver. Try using a cascade to avoid the duplication. - cascade_invocations
build	Static Analysis	2026-01-04T10:37:24.8243501Z [web3_universal_abi]:    info - lib/src/pretty_printer.dart:55:5 - Unnecessary duplication of receiver. Try using a cascade to avoid the duplication. - cascade_invocations
build	Static Analysis	2026-01-04T10:37:24.8245356Z [web3_universal_abi]:    info - lib/src/pretty_printer.dart:56:5 - Unnecessary duplication of receiver. Try using a cascade to avoid the duplication. - cascade_invocations
build	Static Analysis	2026-01-04T10:37:24.8246914Z [web3_universal_abi]:    info - lib/src/pretty_printer.dart:60:7 - Unnecessary duplication of receiver. Try using a cascade to avoid the duplication. - cascade_invocations
build	Static Analysis	2026-01-04T10:37:24.8248494Z [web3_universal_abi]:    info - lib/src/pretty_printer.dart:74:5 - Unnecessary duplication of receiver. Try using a cascade to avoid the duplication. - cascade_invocations
build	Static Analysis	2026-01-04T10:37:24.8250016Z [web3_universal_abi]:    info - lib/src/pretty_printer.dart:75:5 - Unnecessary duplication of receiver. Try using a cascade to avoid the duplication. - cascade_invocations
build	Static Analysis	2026-01-04T10:37:24.8251480Z [web3_universal_abi]:    info - lib/src/pretty_printer.dart:154:5 - Unnecessary duplication of receiver. Try using a cascade to avoid the duplication. - cascade_invocations
build	Static Analysis	2026-01-04T10:37:24.8252926Z [web3_universal_abi]:    info - lib/src/pretty_printer.dart:182:5 - Unnecessary duplication of receiver. Try using a cascade to avoid the duplication. - cascade_invocations
build	Static Analysis	2026-01-04T10:37:24.8254355Z [web3_universal_abi]:    info - lib/src/typed_data.dart:25:23 - Method invocation or property access on a 'dynamic' target. Try giving the target a type. - avoid_dynamic_calls
build	Static Analysis	2026-01-04T10:37:24.8256046Z [web3_universal_abi]:    info - lib/src/typed_data.dart:26:23 - Method invocation or property access on a 'dynamic' target. Try giving the target a type. - avoid_dynamic_calls
build	Static Analysis	2026-01-04T10:37:24.8257666Z [web3_universal_abi]:    info - lib/src/typed_data.dart:163:7 - Unnecessary duplication of receiver. Try using a cascade to avoid the duplication. - cascade_invocations
build	Static Analysis	2026-01-04T10:37:24.8259216Z [web3_universal_abi]:    info - lib/src/types.dart:220:5 - Unnecessary duplication of receiver. Try using a cascade to avoid the duplication. - cascade_invocations
build	Static Analysis	2026-01-04T10:37:24.8260733Z [web3_universal_abi]:    info - lib/src/types.dart:251:5 - Unnecessary duplication of receiver. Try using a cascade to avoid the duplication. - cascade_invocations
build	Static Analysis	2026-01-04T10:37:24.8262196Z [web3_universal_abi]:    info - test/abi_fixes_test.dart:235:14 - Method invocation or property access on a 'dynamic' target. Try giving the target a type. - avoid_dynamic_calls
build	Static Analysis	2026-01-04T10:37:24.8263767Z [web3_universal_abi]:    info - test/abi_fixes_test.dart:236:14 - Method invocation or property access on a 'dynamic' target. Try giving the target a type. - avoid_dynamic_calls
build	Static Analysis	2026-01-04T10:37:24.8305770Z [web3_universal_abi]:    info - test/abi_fixes_test.dart:237:15 - Method invocation or property access on a 'dynamic' target. Try giving the target a type. - avoid_dynamic_calls
build	Static Analysis	2026-01-04T10:37:24.8307945Z [web3_universal_abi]:    info - test/abi_official_vector_test.dart:79:5 - Unnecessary duplication of receiver. Try using a cascade to avoid the duplication. - cascade_invocations
build	Static Analysis	2026-01-04T10:37:24.8309465Z [web3_universal_abi]:    info - test/abi_official_vector_test.dart:81:44 - Method invocation or property access on a 'dynamic' target. Try giving the target a type. - avoid_dynamic_calls
build	Static Analysis	2026-01-04T10:37:24.8310968Z [web3_universal_abi]:    info - test/abi_official_vector_test.dart:82:25 - Method invocation or property access on a 'dynamic' target. Try giving the target a type. - avoid_dynamic_calls
build	Static Analysis	2026-01-04T10:37:24.8312740Z [web3_universal_abi]:    info - test/abi_official_vector_test.dart:83:29 - Method invocation or property access on a 'dynamic' target. Try giving the target a type. - avoid_dynamic_calls
build	Static Analysis	2026-01-04T10:37:24.8314400Z [web3_universal_abi]:    info - test/abi_property_test.dart:35:11 - Catch clause should use 'on' to specify the type of exception being caught. Try adding an 'on' clause before the 'catch'. - avoid_catches_without_on_clauses
build	Static Analysis	2026-01-04T10:37:24.8317249Z [web3_universal_abi]:    info - test/abi_property_test.dart:83:11 - Catch clause should use 'on' to specify the type of exception being caught. Try adding an 'on' clause before the 'catch'. - avoid_catches_without_on_clauses
build	Static Analysis	2026-01-04T10:37:24.8319030Z [web3_universal_abi]:    info - test/abi_property_test.dart:139:11 - Catch clause should use 'on' to specify the type of exception being caught. Try adding an 'on' clause before the 'catch'. - avoid_catches_without_on_clauses
build	Static Analysis	2026-01-04T10:37:24.8320821Z [web3_universal_abi]:    info - test/abi_property_test.dart:198:11 - Catch clause should use 'on' to specify the type of exception being caught. Try adding an 'on' clause before the 'catch'. - avoid_catches_without_on_clauses
build	Static Analysis	2026-01-04T10:37:24.8322590Z [web3_universal_abi]:    info - test/abi_property_test.dart:282:11 - Catch clause should use 'on' to specify the type of exception being caught. Try adding an 'on' clause before the 'catch'. - avoid_catches_without_on_clauses
build	Static Analysis	2026-01-04T10:37:24.8324201Z [web3_universal_abi]:    info - test/typed_data_test.dart:158:14 - Method invocation or property access on a 'dynamic' target. Try giving the target a type. - avoid_dynamic_calls
build	Static Analysis	2026-01-04T10:37:24.8325353Z [web3_universal_abi]: 
build	Static Analysis	2026-01-04T10:37:24.8325670Z [web3_universal_abi]: 28 issues found.
build	Static Analysis	2026-01-04T10:37:24.9029246Z [web3_universal_client]: Analyzing client...
build	Static Analysis	2026-01-04T10:37:25.7394610Z [web3_universal_bitcoin]: 
build	Static Analysis	2026-01-04T10:37:25.7401644Z [web3_universal_bitcoin]:    info - test/bitcoin_test.dart:2:1 - Sort directive sections alphabetically. Try sorting the directives. - directives_ordering
build	Static Analysis	2026-01-04T10:37:25.7408089Z [web3_universal_bitcoin]: 
build	Static Analysis	2026-01-04T10:37:25.7413946Z [web3_universal_bitcoin]: 1 issue found.
build	Static Analysis	2026-01-04T10:37:25.8140118Z [web3_universal_contract]: Analyzing contract...
build	Static Analysis	2026-01-04T10:37:25.9989367Z [web3_universal_bridge]: 
build	Static Analysis	2026-01-04T10:37:25.9993868Z [web3_universal_bridge]:    info - lib/src/bridge_quote.dart:186:32 - Static method should be a constructor. Try converting the method into a constructor. - prefer_constructors_over_static_methods
build	Static Analysis	2026-01-04T10:37:26.0016226Z [web3_universal_bridge]:    info - lib/src/bridge_service.dart:128:11 - Catch clause should use 'on' to specify the type of exception being caught. Try adding an 'on' clause before the 'catch'. - avoid_catches_without_on_clauses
build	Static Analysis	2026-01-04T10:37:26.0021904Z [web3_universal_bridge]:    info - lib/src/bridge_service.dart:163:9 - Catch clause should use 'on' to specify the type of exception being caught. Try adding an 'on' clause before the 'catch'. - avoid_catches_without_on_clauses
build	Static Analysis	2026-01-04T10:37:26.0024326Z [web3_universal_bridge]:    info - lib/src/bridge_service.dart:227:11 - Catch clause should use 'on' to specify the type of exception being caught. Try adding an 'on' clause before the 'catch'. - avoid_catches_without_on_clauses
build	Static Analysis	2026-01-04T10:37:26.0036079Z [web3_universal_bridge]:    info - lib/src/bridge_service.dart:254:11 - Catch clause should use 'on' to specify the type of exception being caught. Try adding an 'on' clause before the 'catch'. - avoid_catches_without_on_clauses
build	Static Analysis	2026-01-04T10:37:26.0038402Z [web3_universal_bridge]:    info - lib/src/bridge_service.dart:297:7 - Catch clause should use 'on' to specify the type of exception being caught. Try adding an 'on' clause before the 'catch'. - avoid_catches_without_on_clauses
build	Static Analysis	2026-01-04T10:37:26.0040492Z [web3_universal_bridge]:    info - lib/src/bridge_tracker.dart:79:7 - Catch clause should use 'on' to specify the type of exception being caught. Try adding an 'on' clause before the 'catch'. - avoid_catches_without_on_clauses
build	Static Analysis	2026-01-04T10:37:26.0042857Z [web3_universal_bridge]:    info - lib/src/bridge_tracker.dart:113:9 - Catch clause should use 'on' to specify the type of exception being caught. Try adding an 'on' clause before the 'catch'. - avoid_catches_without_on_clauses
build	Static Analysis	2026-01-04T10:37:26.0045134Z [web3_universal_bridge]:    info - lib/src/bridge_tracker.dart:221:7 - Catch clause should use 'on' to specify the type of exception being caught. Try adding an 'on' clause before the 'catch'. - avoid_catches_without_on_clauses
build	Static Analysis	2026-01-04T10:37:26.0047031Z [web3_universal_bridge]:    info - lib/src/bridge_tracker.dart:404:2 - Missing a newline at the end of the file. Try adding a newline at the end of the file. - eol_at_end_of_file
build	Static Analysis	2026-01-04T10:37:26.0049111Z [web3_universal_bridge]:    info - lib/src/bridge_types.dart:56:3 - The method '==' should not be overridden in classes not annotated with '@immutable'. Try removing the override or annotating the class with '@immutable'. - avoid_equals_and_hash_code_on_mutable_classes
build	Static Analysis	2026-01-04T10:37:26.0051698Z [web3_universal_bridge]:    info - lib/src/bridge_types.dart:64:3 - The method 'hashCode' should not be overridden in classes not annotated with '@immutable'. Try removing the override or annotating the class with '@immutable'. - avoid_equals_and_hash_code_on_mutable_classes
build	Static Analysis	2026-01-04T10:37:26.0054153Z [web3_universal_bridge]:    info - lib/src/protocols/layerzero_bridge.dart:172:7 - Catch clause should use 'on' to specify the type of exception being caught. Try adding an 'on' clause before the 'catch'. - avoid_catches_without_on_clauses
build	Static Analysis	2026-01-04T10:37:26.0056609Z [web3_universal_bridge]:    info - lib/src/protocols/layerzero_bridge.dart:258:7 - Catch clause should use 'on' to specify the type of exception being caught. Try adding an 'on' clause before the 'catch'. - avoid_catches_without_on_clauses
build	Static Analysis	2026-01-04T10:37:26.0058790Z [web3_universal_bridge]:    info - lib/src/protocols/native_bridge.dart:147:5 - Unnecessary duplication of receiver. Try using a cascade to avoid the duplication. - cascade_invocations
build	Static Analysis	2026-01-04T10:37:26.0060922Z [web3_universal_bridge]:    info - lib/src/protocols/stargate_bridge.dart:169:7 - Catch clause should use 'on' to specify the type of exception being caught. Try adding an 'on' clause before the 'catch'. - avoid_catches_without_on_clauses
build	Static Analysis	2026-01-04T10:37:26.0063265Z [web3_universal_bridge]:    info - lib/src/protocols/stargate_bridge.dart:249:7 - Catch clause should use 'on' to specify the type of exception being caught. Try adding an 'on' clause before the 'catch'. - avoid_catches_without_on_clauses
build	Static Analysis	2026-01-04T10:37:26.0065856Z [web3_universal_bridge]:    info - lib/src/protocols/wormhole_bridge.dart:175:7 - Catch clause should use 'on' to specify the type of exception being caught. Try adding an 'on' clause before the 'catch'. - avoid_catches_without_on_clauses
build	Static Analysis	2026-01-04T10:37:26.0068204Z [web3_universal_bridge]:    info - lib/src/protocols/wormhole_bridge.dart:253:7 - Catch clause should use 'on' to specify the type of exception being caught. Try adding an 'on' clause before the 'catch'. - avoid_catches_without_on_clauses
build	Static Analysis	2026-01-04T10:37:26.0070283Z [web3_universal_bridge]: 
build	Static Analysis	2026-01-04T10:37:26.0070638Z [web3_universal_bridge]: 19 issues found.
build	Static Analysis	2026-01-04T10:37:26.0677066Z [web3_universal_core]: Analyzing core...
build	Static Analysis	2026-01-04T10:37:26.1184047Z [web3_universal_client]: 
build	Static Analysis	2026-01-04T10:37:26.1188463Z [web3_universal_client]:    info - example/main.dart:3:1 - Sort directive sections alphabetically. Try sorting the directives. - directives_ordering
build	Static Analysis	2026-01-04T10:37:26.1191562Z [web3_universal_client]:    info - lib/src/ccip_read.dart:6:1 - Sort directive sections alphabetically. Try sorting the directives. - directives_ordering
build	Static Analysis	2026-01-04T10:37:26.1194475Z [web3_universal_client]:    info - lib/src/ccip_read.dart:76:9 - Missing a required trailing comma. Try adding a trailing comma. - require_trailing_commas
build	Static Analysis	2026-01-04T10:37:26.1196552Z [web3_universal_client]:    info - lib/src/ccip_read.dart:81:17 - Missing a required trailing comma. Try adding a trailing comma. - require_trailing_commas
build	Static Analysis	2026-01-04T10:37:26.1200043Z [web3_universal_client]:    info - lib/src/ccip_read.dart:82:9 - Catch clause should use 'on' to specify the type of exception being caught. Try adding an 'on' clause before the 'catch'. - avoid_catches_without_on_clauses
build	Static Analysis	2026-01-04T10:37:26.1203189Z [web3_universal_client]:    info - lib/src/models.dart:33:24 - Missing a required trailing comma. Try adding a trailing comma. - require_trailing_commas
build	Static Analysis	2026-01-04T10:37:26.1205280Z [web3_universal_client]:    info - lib/src/models.dart:37:16 - Method invocation or property access on a 'dynamic' target. Try giving the target a type. - avoid_dynamic_calls
build	Static Analysis	2026-01-04T10:37:26.1208879Z [web3_universal_client]:    info - lib/src/models.dart:77:24 - Missing a required trailing comma. Try adding a trailing comma. - require_trailing_commas
build	Static Analysis	2026-01-04T10:37:26.1211621Z [web3_universal_client]:    info - lib/src/models.dart:81:24 - Missing a required trailing comma. Try adding a trailing comma. - require_trailing_commas
build	Static Analysis	2026-01-04T10:37:26.1213392Z [web3_universal_client]:    info - lib/src/models.dart:92:24 - Missing a required trailing comma. Try adding a trailing comma. - require_trailing_commas
build	Static Analysis	2026-01-04T10:37:26.1219818Z [web3_universal_client]:    info - lib/src/models.dart:96:24 - Missing a required trailing comma. Try adding a trailing comma. - require_trailing_commas
build	Static Analysis	2026-01-04T10:37:26.1221256Z [web3_universal_client]:    info - lib/src/models.dart:143:20 - Missing a required trailing comma. Try adding a trailing comma. - require_trailing_commas
build	Static Analysis	2026-01-04T10:37:26.1222652Z [web3_universal_client]:    info - lib/src/models.dart:151:20 - Missing a required trailing comma. Try adding a trailing comma. - require_trailing_commas
build	Static Analysis	2026-01-04T10:37:26.1223997Z [web3_universal_client]:    info - lib/src/models.dart:161:24 - Missing a required trailing comma. Try adding a trailing comma. - require_trailing_commas
build	Static Analysis	2026-01-04T10:37:26.1225567Z [web3_universal_client]:    info - lib/src/models.dart:225:20 - Missing a required trailing comma. Try adding a trailing comma. - require_trailing_commas
build	Static Analysis	2026-01-04T10:37:26.1226845Z [web3_universal_client]:    info - lib/src/public_client.dart:76:18 - Unnecessary 'await'. Try removing the 'await'. - unnecessary_await_in_return
build	Static Analysis	2026-01-04T10:37:26.1228274Z [web3_universal_client]:    info - lib/src/wallet_client.dart:297:8 - The method is used to change a property. Try converting the method to a setter. - use_setters_to_change_properties
build	Static Analysis	2026-01-04T10:37:26.1229698Z [web3_universal_client]:    info - lib/web3_universal_client.dart:8:1 - Sort directive sections alphabetically. Try sorting the directives. - directives_ordering
build	Static Analysis	2026-01-04T10:37:26.1231043Z [web3_universal_client]:    info - test/ccip_read_test.dart:7:1 - Sort directive sections alphabetically. Try sorting the directives. - directives_ordering
build	Static Analysis	2026-01-04T10:37:26.1232414Z [web3_universal_client]:    info - test/ccip_read_test.dart:51:11 - Missing a required trailing comma. Try adding a trailing comma. - require_trailing_commas
build	Static Analysis	2026-01-04T10:37:26.1233755Z [web3_universal_client]:    info - test/ccip_read_test.dart:98:8 - Missing a required trailing comma. Try adding a trailing comma. - require_trailing_commas
build	Static Analysis	2026-01-04T10:37:26.1235679Z [web3_universal_client]:    info - test/client_property_test.dart:2:1 - Sort directive sections alphabetically. Try sorting the directives. - directives_ordering
build	Static Analysis	2026-01-04T10:37:26.1236579Z [web3_universal_client]: 
build	Static Analysis	2026-01-04T10:37:26.1236904Z [web3_universal_client]: 22 issues found.
build	Static Analysis	2026-01-04T10:37:26.1607159Z [web3_universal_chains]: 
build	Static Analysis	2026-01-04T10:37:26.1613764Z [web3_universal_chains]:    info - test/chain_config_test.dart:2:1 - Sort directive sections alphabetically. Try sorting the directives. - directives_ordering
build	Static Analysis	2026-01-04T10:37:26.1615600Z [web3_universal_chains]:    info - test/chains_test.dart:2:1 - Sort directive sections alphabetically. Try sorting the directives. - directives_ordering
build	Static Analysis	2026-01-04T10:37:26.1616961Z [web3_universal_chains]: 
build	Static Analysis	2026-01-04T10:37:26.1617340Z [web3_universal_chains]: 2 issues found.
build	Static Analysis	2026-01-04T10:37:26.1733338Z [web3_universal_cosmos]: Analyzing cosmos...
build	Static Analysis	2026-01-04T10:37:26.2118588Z [web3_universal_crypto]: Analyzing crypto...
build	Static Analysis	2026-01-04T10:37:26.8899923Z [web3_universal_contract]: 
build	Static Analysis	2026-01-04T10:37:26.8901478Z [web3_universal_contract]:    info - lib/src/contract.dart:122:7 - Catch clause should use 'on' to specify the type of exception being caught. Try adding an 'on' clause before the 'catch'. - avoid_catches_without_on_clauses
build	Static Analysis	2026-01-04T10:37:26.8903666Z [web3_universal_contract]:    info - lib/src/contract.dart:249:13 - Catch clause should use 'on' to specify the type of exception being caught. Try adding an 'on' clause before the 'catch'. - avoid_catches_without_on_clauses
build	Static Analysis	2026-01-04T10:37:26.8906026Z [web3_universal_contract]:    info - lib/src/erc1155_contract.dart:158:53 - 'bool' parameters should be named parameters. Try converting the parameter to a named parameter. - avoid_positional_boolean_parameters
build	Static Analysis	2026-01-04T10:37:26.8908107Z [web3_universal_contract]:    info - lib/src/erc721_contract.dart:202:53 - 'bool' parameters should be named parameters. Try converting the parameter to a named parameter. - avoid_positional_boolean_parameters
build	Static Analysis	2026-01-04T10:37:26.8910072Z [web3_universal_contract]:    info - test/contract_test.dart:134:9 - Unnecessary duplication of receiver. Try using a cascade to avoid the duplication. - cascade_invocations
build	Static Analysis	2026-01-04T10:37:26.8911748Z [web3_universal_contract]:    info - test/mock_client.dart:42:8 - The method is used to change a property. Try converting the method to a setter. - use_setters_to_change_properties
build	Static Analysis	2026-01-04T10:37:26.8913483Z [web3_universal_contract]:    info - test/mock_client.dart:82:8 - The method is used to change a property. Try converting the method to a setter. - use_setters_to_change_properties
build	Static Analysis	2026-01-04T10:37:26.8914572Z [web3_universal_contract]: 
build	Static Analysis	2026-01-04T10:37:26.8945458Z [web3_universal_contract]: 7 issues found.
build	Static Analysis	2026-01-04T10:37:26.9453803Z [web3_universal_dapp]: Analyzing dapp...
build	Static Analysis	2026-01-04T10:37:27.4950321Z [web3_universal_core]: 
build	Static Analysis	2026-01-04T10:37:27.4955850Z [web3_universal_core]:    info - lib/src/address.dart:133:30 - Static method should be a constructor. Try converting the method into a constructor. - prefer_constructors_over_static_methods
build	Static Analysis	2026-01-04T10:37:27.4958553Z [web3_universal_core]:    info - lib/src/address.dart:139:3 - The method '==' should not be overridden in classes not annotated with '@immutable'. Try removing the override or annotating the class with '@immutable'. - avoid_equals_and_hash_code_on_mutable_classes
build	Static Analysis	2026-01-04T10:37:27.4961670Z [web3_universal_core]:    info - lib/src/address.dart:146:3 - The method 'hashCode' should not be overridden in classes not annotated with '@immutable'. Try removing the override or annotating the class with '@immutable'. - avoid_equals_and_hash_code_on_mutable_classes
build	Static Analysis	2026-01-04T10:37:27.4964406Z [web3_universal_core]:    info - lib/src/hex.dart:26:7 - Unnecessary duplication of receiver. Try using a cascade to avoid the duplication. - cascade_invocations
build	Static Analysis	2026-01-04T10:37:27.4966757Z [web3_universal_core]:    info - lib/src/rlp.dart:103:5 - Unnecessary duplication of receiver. Try using a cascade to avoid the duplication. - cascade_invocations
build	Static Analysis	2026-01-04T10:37:27.4969123Z [web3_universal_core]:    info - test/rlp_official_vector_test.dart:31:5 - Unnecessary duplication of receiver. Try using a cascade to avoid the duplication. - cascade_invocations
build	Static Analysis	2026-01-04T10:37:27.4970499Z [web3_universal_core]: 
build	Static Analysis	2026-01-04T10:37:27.4971067Z [web3_universal_core]: 6 issues found.
build	Static Analysis	2026-01-04T10:37:27.5899155Z [web3_universal_debug]: Analyzing debug...
build	Static Analysis	2026-01-04T10:37:27.6603615Z [web3_universal_cosmos]: 
build	Static Analysis	2026-01-04T10:37:27.6612407Z [web3_universal_cosmos]:    info - lib/src/models/ibc.dart:29:5 - Unnecessary duplication of receiver. Try using a cascade to avoid the duplication. - cascade_invocations
build	Static Analysis	2026-01-04T10:37:27.6614488Z [web3_universal_cosmos]:    info - lib/src/models/ibc.dart:30:5 - Unnecessary duplication of receiver. Try using a cascade to avoid the duplication. - cascade_invocations
build	Static Analysis	2026-01-04T10:37:27.6617020Z [web3_universal_cosmos]:    info - lib/src/models/ibc.dart:31:5 - Unnecessary duplication of receiver. Try using a cascade to avoid the duplication. - cascade_invocations
build	Static Analysis	2026-01-04T10:37:27.6618997Z [web3_universal_cosmos]:    info - lib/src/models/ibc.dart:32:5 - Unnecessary duplication of receiver. Try using a cascade to avoid the duplication. - cascade_invocations
build	Static Analysis	2026-01-04T10:37:27.6620822Z [web3_universal_cosmos]:    info - lib/src/models/ibc.dart:33:5 - Unnecessary duplication of receiver. Try using a cascade to avoid the duplication. - cascade_invocations
build	Static Analysis	2026-01-04T10:37:27.6622667Z [web3_universal_cosmos]:    info - lib/src/models/ibc.dart:34:5 - Unnecessary duplication of receiver. Try using a cascade to avoid the duplication. - cascade_invocations
build	Static Analysis	2026-01-04T10:37:27.6624620Z [web3_universal_cosmos]:    info - lib/src/models/ibc.dart:35:5 - Unnecessary duplication of receiver. Try using a cascade to avoid the duplication. - cascade_invocations
build	Static Analysis	2026-01-04T10:37:27.6626779Z [web3_universal_cosmos]:    info - lib/src/models/ibc.dart:48:7 - Unnecessary duplication of receiver. Try using a cascade to avoid the duplication. - cascade_invocations
build	Static Analysis	2026-01-04T10:37:27.6628779Z [web3_universal_cosmos]:    info - lib/src/models/ibc.dart:49:7 - Unnecessary duplication of receiver. Try using a cascade to avoid the duplication. - cascade_invocations
build	Static Analysis	2026-01-04T10:37:27.6630681Z [web3_universal_cosmos]:    info - lib/src/models/staking.dart:21:5 - Unnecessary duplication of receiver. Try using a cascade to avoid the duplication. - cascade_invocations
build	Static Analysis	2026-01-04T10:37:27.6632592Z [web3_universal_cosmos]:    info - lib/src/models/staking.dart:22:5 - Unnecessary duplication of receiver. Try using a cascade to avoid the duplication. - cascade_invocations
build	Static Analysis	2026-01-04T10:37:27.6634589Z [web3_universal_cosmos]:    info - lib/src/models/staking.dart:23:5 - Unnecessary duplication of receiver. Try using a cascade to avoid the duplication. - cascade_invocations
build	Static Analysis	2026-01-04T10:37:27.6636916Z [web3_universal_cosmos]:    info - lib/src/models/staking.dart:44:5 - Unnecessary duplication of receiver. Try using a cascade to avoid the duplication. - cascade_invocations
build	Static Analysis	2026-01-04T10:37:27.6639015Z [web3_universal_cosmos]:    info - lib/src/models/staking.dart:45:5 - Unnecessary duplication of receiver. Try using a cascade to avoid the duplication. - cascade_invocations
build	Static Analysis	2026-01-04T10:37:27.6640997Z [web3_universal_cosmos]:    info - lib/src/models/staking.dart:46:5 - Unnecessary duplication of receiver. Try using a cascade to avoid the duplication. - cascade_invocations
build	Static Analysis	2026-01-04T10:37:27.6643088Z [web3_universal_cosmos]:    info - lib/src/models/transaction.dart:20:9 - Unnecessary duplication of receiver. Try using a cascade to avoid the duplication. - cascade_invocations
build	Static Analysis	2026-01-04T10:37:27.6645341Z [web3_universal_cosmos]:    info - lib/src/models/transaction.dart:21:9 - Unnecessary duplication of receiver. Try using a cascade to avoid the duplication. - cascade_invocations
build	Static Analysis	2026-01-04T10:37:27.6647811Z [web3_universal_cosmos]:    info - lib/src/models/transaction.dart:46:9 - Unnecessary duplication of receiver. Try using a cascade to avoid the duplication. - cascade_invocations
build	Static Analysis	2026-01-04T10:37:27.6650230Z [web3_universal_cosmos]:    info - lib/src/models/transaction.dart:61:9 - Unnecessary duplication of receiver. Try using a cascade to avoid the duplication. - cascade_invocations
build	Static Analysis	2026-01-04T10:37:27.6652462Z [web3_universal_cosmos]:    info - lib/src/models/transaction.dart:62:9 - Unnecessary duplication of receiver. Try using a cascade to avoid the duplication. - cascade_invocations
build	Static Analysis	2026-01-04T10:37:27.6669359Z [web3_universal_cosmos]:    info - lib/src/models/transaction.dart:102:9 - Unnecessary duplication of receiver. Try using a cascade to avoid the duplication. - cascade_invocations
build	Static Analysis	2026-01-04T10:37:27.6671348Z [web3_universal_cosmos]:    info - lib/src/models/transaction.dart:103:9 - Unnecessary duplication of receiver. Try using a cascade to avoid the duplication. - cascade_invocations
build	Static Analysis	2026-01-04T10:37:27.6673518Z [web3_universal_cosmos]:    info - lib/src/models/transaction.dart:104:9 - Unnecessary duplication of receiver. Try using a cascade to avoid the duplication. - cascade_invocations
build	Static Analysis	2026-01-04T10:37:27.6675579Z [web3_universal_cosmos]:    info - lib/src/models/transaction.dart:118:9 - Unnecessary duplication of receiver. Try using a cascade to avoid the duplication. - cascade_invocations
build	Static Analysis	2026-01-04T10:37:27.6677460Z [web3_universal_cosmos]:    info - lib/src/models/transaction.dart:148:9 - Unnecessary duplication of receiver. Try using a cascade to avoid the duplication. - cascade_invocations
build	Static Analysis	2026-01-04T10:37:27.6679294Z [web3_universal_cosmos]:    info - lib/src/models/transaction.dart:149:9 - Unnecessary duplication of receiver. Try using a cascade to avoid the duplication. - cascade_invocations
build	Static Analysis	2026-01-04T10:37:27.6681121Z [web3_universal_cosmos]:    info - lib/src/models/transaction.dart:170:9 - Unnecessary duplication of receiver. Try using a cascade to avoid the duplication. - cascade_invocations
build	Static Analysis	2026-01-04T10:37:27.6682906Z [web3_universal_cosmos]:    info - lib/src/models/transaction.dart:171:9 - Unnecessary duplication of receiver. Try using a cascade to avoid the duplication. - cascade_invocations
build	Static Analysis	2026-01-04T10:37:27.6684957Z [web3_universal_cosmos]:    info - lib/src/models/transaction.dart:195:9 - Unnecessary duplication of receiver. Try using a cascade to avoid the duplication. - cascade_invocations
build	Static Analysis	2026-01-04T10:37:27.6686973Z [web3_universal_cosmos]:    info - lib/src/models/transaction.dart:196:9 - Unnecessary duplication of receiver. Try using a cascade to avoid the duplication. - cascade_invocations
build	Static Analysis	2026-01-04T10:37:27.6688782Z [web3_universal_cosmos]:    info - lib/src/models/transaction.dart:197:9 - Unnecessary duplication of receiver. Try using a cascade to avoid the duplication. - cascade_invocations
build	Static Analysis	2026-01-04T10:37:27.6690603Z [web3_universal_cosmos]:    info - lib/src/models/transaction.dart:198:9 - Unnecessary duplication of receiver. Try using a cascade to avoid the duplication. - cascade_invocations
build	Static Analysis	2026-01-04T10:37:27.6692397Z [web3_universal_cosmos]:    info - lib/src/rpc/client.dart:23:22 - Method invocation or property access on a 'dynamic' target. Try giving the target a type. - avoid_dynamic_calls
build	Static Analysis	2026-01-04T10:37:27.6694241Z [web3_universal_cosmos]:    info - lib/src/rpc/client.dart:25:16 - Method invocation or property access on a 'dynamic' target. Try giving the target a type. - avoid_dynamic_calls
build	Static Analysis	2026-01-04T10:37:27.6696129Z [web3_universal_cosmos]:    info - lib/src/rpc/client.dart:26:17 - Method invocation or property access on a 'dynamic' target. Try giving the target a type. - avoid_dynamic_calls
build	Static Analysis	2026-01-04T10:37:27.6697789Z [web3_universal_cosmos]:    info - lib/src/rpc/client.dart:41:21 - Method invocation or property access on a 'dynamic' target. Try giving the target a type. - avoid_dynamic_calls
build	Static Analysis	2026-01-04T10:37:27.6699534Z [web3_universal_cosmos]:    info - lib/src/rpc/client.dart:44:9 - Method invocation or property access on a 'dynamic' target. Try giving the target a type. - avoid_dynamic_calls
build	Static Analysis	2026-01-04T10:37:27.6701898Z [web3_universal_cosmos]:    info - lib/src/rpc/client.dart:49:16 - Method invocation or property access on a 'dynamic' target. Try giving the target a type. - avoid_dynamic_calls
build	Static Analysis	2026-01-04T10:37:27.6704689Z [web3_universal_cosmos]:    info - lib/src/rpc/client.dart:50:32 - Method invocation or property access on a 'dynamic' target. Try giving the target a type. - avoid_dynamic_calls
build	Static Analysis	2026-01-04T10:37:27.6707136Z [web3_universal_cosmos]:    info - lib/src/rpc/client.dart:51:27 - Method invocation or property access on a 'dynamic' target. Try giving the target a type. - avoid_dynamic_calls
build	Static Analysis	2026-01-04T10:37:27.6709059Z [web3_universal_cosmos]:    info - lib/src/rpc/client.dart:75:12 - Method invocation or property access on a 'dynamic' target. Try giving the target a type. - avoid_dynamic_calls
build	Static Analysis	2026-01-04T10:37:27.6711516Z [web3_universal_cosmos]:    info - lib/src/rpc/client.dart:75:12 - Method invocation or property access on a 'dynamic' target. Try giving the target a type. - avoid_dynamic_calls
build	Static Analysis	2026-01-04T10:37:27.6713190Z [web3_universal_cosmos]:    info - test/advanced_test.dart:3:1 - Sort directive sections alphabetically. Try sorting the directives. - directives_ordering
build	Static Analysis	2026-01-04T10:37:27.6715649Z [web3_universal_cosmos]:    info - test/advanced_test.dart:6:1 - Sort directive sections alphabetically. Try sorting the directives. - directives_ordering
build	Static Analysis	2026-01-04T10:37:27.6717270Z [web3_universal_cosmos]:    info - test/cosmos_test.dart:4:1 - Sort directive sections alphabetically. Try sorting the directives. - directives_ordering
build	Static Analysis	2026-01-04T10:37:27.6718892Z [web3_universal_cosmos]:    info - test/integration_test.dart:4:1 - Sort directive sections alphabetically. Try sorting the directives. - directives_ordering
build	Static Analysis	2026-01-04T10:37:27.6720570Z [web3_universal_cosmos]:    info - test/integration_test.dart:37:16 - Method invocation or property access on a 'dynamic' target. Try giving the target a type. - avoid_dynamic_calls
build	Static Analysis	2026-01-04T10:37:27.6722337Z [web3_universal_cosmos]:    info - test/integration_test.dart:38:16 - Method invocation or property access on a 'dynamic' target. Try giving the target a type. - avoid_dynamic_calls
build	Static Analysis	2026-01-04T10:37:27.6724083Z [web3_universal_cosmos]:    info - test/transaction_test.dart:4:1 - Sort directive sections alphabetically. Try sorting the directives. - directives_ordering
build	Static Analysis	2026-01-04T10:37:27.6726073Z [web3_universal_cosmos]:    info - test/vector_test.dart:6:1 - Sort directive sections alphabetically. Try sorting the directives. - directives_ordering
build	Static Analysis	2026-01-04T10:37:27.6727063Z [web3_universal_cosmos]: 
build	Static Analysis	2026-01-04T10:37:27.6727441Z [web3_universal_cosmos]: 50 issues found.
build	Static Analysis	2026-01-04T10:37:27.7382460Z [web3_universal_dapp]: No issues found!
build	Static Analysis	2026-01-04T10:37:27.7398830Z [web3_universal_crypto]: 
build	Static Analysis	2026-01-04T10:37:27.7409095Z [web3_universal_crypto]:    info - lib/src/base58.dart:163:5 - Unnecessary duplication of receiver. Try using a cascade to avoid the duplication. - cascade_invocations
build	Static Analysis	2026-01-04T10:37:27.7430853Z [web3_universal_crypto]:    info - lib/src/base58.dart:179:5 - Unnecessary duplication of receiver. Try using a cascade to avoid the duplication. - cascade_invocations
build	Static Analysis	2026-01-04T10:37:27.7432845Z [web3_universal_crypto]:    info - lib/src/bip39.dart:7:1 - Classes should define instance members. Try adding instance behavior or moving the members out of the class. - avoid_classes_with_only_static_members
build	Static Analysis	2026-01-04T10:37:27.7435074Z [web3_universal_crypto]:    info - lib/src/bip39.dart:85:7 - Catch clause should use 'on' to specify the type of exception being caught. Try adding an 'on' clause before the 'catch'. - avoid_catches_without_on_clauses
build	Static Analysis	2026-01-04T10:37:27.7436757Z [web3_universal_crypto]:    info - lib/src/bip39.dart:101:5 - Unnecessary duplication of receiver. Try using a cascade to avoid the duplication. - cascade_invocations
build	Static Analysis	2026-01-04T10:37:27.7438244Z [web3_universal_crypto]:    info - lib/src/bip39.dart:102:5 - Unnecessary duplication of receiver. Try using a cascade to avoid the duplication. - cascade_invocations
build	Static Analysis	2026-01-04T10:37:27.7439903Z [web3_universal_crypto]:    info - lib/src/curves.dart:142:1 - Classes should define instance members. Try adding instance behavior or moving the members out of the class. - avoid_classes_with_only_static_members
build	Static Analysis	2026-01-04T10:37:27.7442162Z [web3_universal_crypto]:    info - lib/src/ed25519.dart:33:23 - The variable name '_L' isn't a lowerCamelCase identifier. Try changing the name to follow the lowerCamelCase style. - non_constant_identifier_names
build	Static Analysis	2026-01-04T10:37:27.7444258Z [web3_universal_crypto]:    info - lib/src/ed25519.dart:43:23 - The variable name '_By' isn't a lowerCamelCase identifier. Try changing the name to follow the lowerCamelCase style. - non_constant_identifier_names
build	Static Analysis	2026-01-04T10:37:27.7450756Z [web3_universal_crypto]:    info - lib/src/ed25519.dart:46:23 - The variable name '_Bx' isn't a lowerCamelCase identifier. Try changing the name to follow the lowerCamelCase style. - non_constant_identifier_names
build	Static Analysis	2026-01-04T10:37:27.7453106Z [web3_universal_crypto]:    info - lib/src/ed25519.dart:89:11 - The variable name 'RBytes' isn't a lowerCamelCase identifier. Try changing the name to follow the lowerCamelCase style. - non_constant_identifier_names
build	Static Analysis	2026-01-04T10:37:27.7456257Z [web3_universal_crypto]:    info - lib/src/ed25519.dart:93:11 - The variable name 'ABytes' isn't a lowerCamelCase identifier. Try changing the name to follow the lowerCamelCase style. - non_constant_identifier_names
build	Static Analysis	2026-01-04T10:37:27.7458308Z [web3_universal_crypto]:    info - lib/src/ed25519.dart:101:11 - The variable name 'SBytes' isn't a lowerCamelCase identifier. Try changing the name to follow the lowerCamelCase style. - non_constant_identifier_names
build	Static Analysis	2026-01-04T10:37:27.7460371Z [web3_universal_crypto]:    info - lib/src/ed25519.dart:121:13 - The variable name 'RBytes' isn't a lowerCamelCase identifier. Try changing the name to follow the lowerCamelCase style. - non_constant_identifier_names
build	Static Analysis	2026-01-04T10:37:27.7462469Z [web3_universal_crypto]:    info - lib/src/ed25519.dart:122:13 - The variable name 'SBytes' isn't a lowerCamelCase identifier. Try changing the name to follow the lowerCamelCase style. - non_constant_identifier_names
build	Static Analysis	2026-01-04T10:37:27.7465405Z [web3_universal_crypto]:    info - lib/src/ed25519.dart:143:13 - The variable name 'RkA' isn't a lowerCamelCase identifier. Try changing the name to follow the lowerCamelCase style. - non_constant_identifier_names
build	Static Analysis	2026-01-04T10:37:27.7467475Z [web3_universal_crypto]:    info - lib/src/ed25519.dart:147:7 - Catch clause should use 'on' to specify the type of exception being caught. Try adding an 'on' clause before the 'catch'. - avoid_catches_without_on_clauses
build	Static Analysis	2026-01-04T10:37:27.7469940Z [web3_universal_crypto]:    info - lib/src/ed25519.dart:285:7 - Invalid assignment to the parameter 'k'. Try using a local variable in place of the parameter. - parameter_assignments
build	Static Analysis	2026-01-04T10:37:27.7471690Z [web3_universal_crypto]:    info - lib/src/ed25519_hd_wallet.dart:137:5 - Unnecessary duplication of receiver. Try using a cascade to avoid the duplication. - cascade_invocations
build	Static Analysis	2026-01-04T10:37:27.7473383Z [web3_universal_crypto]:    info - lib/src/ed25519_hd_wallet.dart:138:5 - Unnecessary duplication of receiver. Try using a cascade to avoid the duplication. - cascade_invocations
build	Static Analysis	2026-01-04T10:37:27.7476156Z [web3_universal_crypto]:    info - lib/src/ed25519_hd_wallet.dart:139:5 - Unnecessary duplication of receiver. Try using a cascade to avoid the duplication. - cascade_invocations
build	Static Analysis	2026-01-04T10:37:27.7477863Z [web3_universal_crypto]:    info - lib/src/hd_wallet.dart:117:7 - Unnecessary duplication of receiver. Try using a cascade to avoid the duplication. - cascade_invocations
build	Static Analysis	2026-01-04T10:37:27.7479491Z [web3_universal_crypto]:    info - lib/src/hd_wallet.dart:218:5 - Unnecessary duplication of receiver. Try using a cascade to avoid the duplication. - cascade_invocations
build	Static Analysis	2026-01-04T10:37:27.7481153Z [web3_universal_crypto]:    info - lib/src/hd_wallet.dart:221:5 - Unnecessary duplication of receiver. Try using a cascade to avoid the duplication. - cascade_invocations
build	Static Analysis	2026-01-04T10:37:27.7482807Z [web3_universal_crypto]:    info - lib/src/hd_wallet.dart:224:5 - Unnecessary duplication of receiver. Try using a cascade to avoid the duplication. - cascade_invocations
build	Static Analysis	2026-01-04T10:37:27.7484678Z [web3_universal_crypto]:    info - lib/src/hd_wallet.dart:229:7 - Unnecessary duplication of receiver. Try using a cascade to avoid the duplication. - cascade_invocations
build	Static Analysis	2026-01-04T10:37:27.7486520Z [web3_universal_crypto]:    info - lib/src/hd_wallet.dart:256:7 - Invalid assignment to the parameter 'value'. Try using a local variable in place of the parameter. - parameter_assignments
build	Static Analysis	2026-01-04T10:37:27.7488542Z [web3_universal_crypto]:    info - lib/src/keccak.dart:4:1 - Classes should define instance members. Try adding instance behavior or moving the members out of the class. - avoid_classes_with_only_static_members
build	Static Analysis	2026-01-04T10:37:27.7490668Z [web3_universal_crypto]:    info - lib/src/keccak.dart:78:12 - Don't return 'this' from a method. Try changing the return type to 'void' and removing the return. - avoid_returning_this
build	Static Analysis	2026-01-04T10:37:27.7492254Z [web3_universal_crypto]:    info - lib/src/keccak.dart:96:12 - Don't return 'this' from a method. Try changing the return type to 'void' and removing the return. - avoid_returning_this
build	Static Analysis	2026-01-04T10:37:27.7494098Z [web3_universal_crypto]:    info - lib/src/mnemonic.dart:74:44 - Catch clause should use 'on' to specify the type of exception being caught. Try adding an 'on' clause before the 'catch'. - avoid_catches_without_on_clauses
build	Static Analysis	2026-01-04T10:37:27.7496122Z [web3_universal_crypto]:    info - lib/src/pbkdf2.dart:66:5 - Unnecessary duplication of receiver. Try using a cascade to avoid the duplication. - cascade_invocations
build	Static Analysis	2026-01-04T10:37:27.7497783Z [web3_universal_crypto]:    info - lib/src/ripemd160.dart:19:5 - Unnecessary duplication of receiver. Try using a cascade to avoid the duplication. - cascade_invocations
build	Static Analysis	2026-01-04T10:37:27.7499700Z [web3_universal_crypto]:    info - lib/src/ripemd160.dart:108:25 - Multiple variables declared on a single line. Try splitting the variable declarations into multiple lines. - avoid_multiple_declarations_per_line
build	Static Analysis	2026-01-04T10:37:27.7501768Z [web3_universal_crypto]:    info - lib/src/schnorr.dart:25:23 - The variable name '_Gx' isn't a lowerCamelCase identifier. Try changing the name to follow the lowerCamelCase style. - non_constant_identifier_names
build	Static Analysis	2026-01-04T10:37:27.7504326Z [web3_universal_crypto]:    info - lib/src/schnorr.dart:28:23 - The variable name '_Gy' isn't a lowerCamelCase identifier. Try changing the name to follow the lowerCamelCase style. - non_constant_identifier_names
build	Static Analysis	2026-01-04T10:37:27.7506636Z [web3_universal_crypto]:    info - lib/src/schnorr.dart:134:7 - Catch clause should use 'on' to specify the type of exception being caught. Try adding an 'on' clause before the 'catch'. - avoid_catches_without_on_clauses
build	Static Analysis	2026-01-04T10:37:27.7508596Z [web3_universal_crypto]:    info - lib/src/schnorr.dart:283:7 - Invalid assignment to the parameter 'k'. Try using a local variable in place of the parameter. - parameter_assignments
build	Static Analysis	2026-01-04T10:37:27.7510593Z [web3_universal_crypto]:    info - lib/src/secp256k1.dart:4:1 - Classes should define instance members. Try adding instance behavior or moving the members out of the class. - avoid_classes_with_only_static_members
build	Static Analysis	2026-01-04T10:37:27.7512453Z [web3_universal_crypto]:    info - lib/src/secp256k1.dart:11:16 - Missing a required trailing comma. Try adding a trailing comma. - require_trailing_commas
build	Static Analysis	2026-01-04T10:37:27.7513964Z [web3_universal_crypto]:    info - lib/src/secp256k1.dart:14:16 - Missing a required trailing comma. Try adding a trailing comma. - require_trailing_commas
build	Static Analysis	2026-01-04T10:37:27.7515630Z [web3_universal_crypto]:    info - lib/src/secp256k1.dart:17:16 - Missing a required trailing comma. Try adding a trailing comma. - require_trailing_commas
build	Static Analysis	2026-01-04T10:37:27.7516974Z [web3_universal_crypto]:    info - lib/src/secp256k1.dart:20:16 - Missing a required trailing comma. Try adding a trailing comma. - require_trailing_commas
build	Static Analysis	2026-01-04T10:37:27.7518629Z [web3_universal_crypto]:    info - lib/src/secp256k1.dart:98:9 - Catch clause should use 'on' to specify the type of exception being caught. Try adding an 'on' clause before the 'catch'. - avoid_catches_without_on_clauses
build	Static Analysis	2026-01-04T10:37:27.7540300Z [web3_universal_crypto]:    info - lib/src/secp256k1.dart:151:16 - Use 'isEven' rather than '% 2'. Try using 'isEven'. - use_is_even_rather_than_modulo
build	Static Analysis	2026-01-04T10:37:27.7541841Z [web3_universal_crypto]:    info - lib/src/secp256k1.dart:172:31 - Missing a required trailing comma. Try adding a trailing comma. - require_trailing_commas
build	Static Analysis	2026-01-04T10:37:27.7543410Z [web3_universal_crypto]:    info - lib/src/secp256k1.dart:190:70 - Missing a required trailing comma. Try adding a trailing comma. - require_trailing_commas
build	Static Analysis	2026-01-04T10:37:27.7546406Z [web3_universal_crypto]:    info - lib/src/secp256k1.dart:216:7 - Catch clause should use 'on' to specify the type of exception being caught. Try adding an 'on' clause before the 'catch'. - avoid_catches_without_on_clauses
build	Static Analysis	2026-01-04T10:37:27.7548339Z [web3_universal_crypto]:    info - lib/src/secp256k1.dart:235:7 - Invalid assignment to the parameter 'value'. Try using a local variable in place of the parameter. - parameter_assignments
build	Static Analysis	2026-01-04T10:37:27.7549992Z [web3_universal_crypto]:    info - lib/src/secp256k1.dart:294:7 - Invalid assignment to the parameter 'k'. Try using a local variable in place of the parameter. - parameter_assignments
build	Static Analysis	2026-01-04T10:37:27.7552121Z [web3_universal_crypto]:    info - lib/src/secp256k1.dart:390:3 - The method '==' should not be overridden in classes not annotated with '@immutable'. Try removing the override or annotating the class with '@immutable'. - avoid_equals_and_hash_code_on_mutable_classes
build	Static Analysis	2026-01-04T10:37:27.7554901Z [web3_universal_crypto]:    info - lib/src/secp256k1.dart:398:3 - The method 'hashCode' should not be overridden in classes not annotated with '@immutable'. Try removing the override or annotating the class with '@immutable'. - avoid_equals_and_hash_code_on_mutable_classes
build	Static Analysis	2026-01-04T10:37:27.7557172Z [web3_universal_crypto]:    info - test/crypto_official_vector_test.dart:18:26 - Method invocation or property access on a 'dynamic' target. Try giving the target a type. - avoid_dynamic_calls
build	Static Analysis	2026-01-04T10:37:27.7559066Z [web3_universal_crypto]:    info - test/crypto_official_vector_test.dart:19:28 - Method invocation or property access on a 'dynamic' target. Try giving the target a type. - avoid_dynamic_calls
build	Static Analysis	2026-01-04T10:37:27.7560906Z [web3_universal_crypto]:    info - test/crypto_official_vector_test.dart:20:33 - Method invocation or property access on a 'dynamic' target. Try giving the target a type. - avoid_dynamic_calls
build	Static Analysis	2026-01-04T10:37:27.7562952Z [web3_universal_crypto]:    info - test/crypto_property_test.dart:54:15 - Catch clause should use 'on' to specify the type of exception being caught. Try adding an 'on' clause before the 'catch'. - avoid_catches_without_on_clauses
build	Static Analysis	2026-01-04T10:37:27.7565367Z [web3_universal_crypto]:    info - test/crypto_property_test.dart:64:11 - Catch clause should use 'on' to specify the type of exception being caught. Try adding an 'on' clause before the 'catch'. - avoid_catches_without_on_clauses
build	Static Analysis	2026-01-04T10:37:27.7567521Z [web3_universal_crypto]:    info - test/crypto_property_test.dart:149:11 - Catch clause should use 'on' to specify the type of exception being caught. Try adding an 'on' clause before the 'catch'. - avoid_catches_without_on_clauses
build	Static Analysis	2026-01-04T10:37:27.7569430Z [web3_universal_crypto]:    info - test/crypto_property_test.dart:210:11 - Catch clause should use 'on' to specify the type of exception being caught. Try adding an 'on' clause before the 'catch'. - avoid_catches_without_on_clauses
build	Static Analysis	2026-01-04T10:37:27.7570715Z [web3_universal_crypto]: 
build	Static Analysis	2026-01-04T10:37:27.7571110Z [web3_universal_crypto]: 59 issues found.
build	Static Analysis	2026-01-04T10:37:27.7579274Z [web3_universal_ens]: Analyzing ens...
build	Static Analysis	2026-01-04T10:37:27.7895753Z [web3_universal_events]: Analyzing events...
build	Static Analysis	2026-01-04T10:37:27.8048894Z [web3_universal_history]: Analyzing history...
build	Static Analysis	2026-01-04T10:37:28.2375732Z [web3_universal_debug]: 
build	Static Analysis	2026-01-04T10:37:28.2381323Z [web3_universal_debug]:    info - test/debug_service_test.dart:2:1 - Sort directive sections alphabetically. Try sorting the directives. - directives_ordering
build	Static Analysis	2026-01-04T10:37:28.2382859Z [web3_universal_debug]: 
build	Static Analysis	2026-01-04T10:37:28.2383385Z [web3_universal_debug]: 1 issue found.
build	Static Analysis	2026-01-04T10:37:28.2861674Z [web3_universal_keystone]: Analyzing keystone...
build	Static Analysis	2026-01-04T10:37:28.2943494Z [web3_universal_history]: No issues found!
build	Static Analysis	2026-01-04T10:37:28.3403443Z [web3_universal_ledger]: Analyzing ledger...
build	Static Analysis	2026-01-04T10:37:28.4777151Z [web3_universal_ens]: 
build	Static Analysis	2026-01-04T10:37:28.4782500Z [web3_universal_ens]:    info - lib/src/ens_records.dart:49:7 - Catch clause should use 'on' to specify the type of exception being caught. Try adding an 'on' clause before the 'catch'. - avoid_catches_without_on_clauses
build	Static Analysis	2026-01-04T10:37:28.4788928Z [web3_universal_ens]:    info - lib/src/ens_records.dart:158:7 - Catch clause should use 'on' to specify the type of exception being caught. Try adding an 'on' clause before the 'catch'. - avoid_catches_without_on_clauses
build	Static Analysis	2026-01-04T10:37:28.4794629Z [web3_universal_ens]:    info - lib/src/ens_records.dart:207:7 - Catch clause should use 'on' to specify the type of exception being caught. Try adding an 'on' clause before the 'catch'. - avoid_catches_without_on_clauses
build	Static Analysis	2026-01-04T10:37:28.4799855Z [web3_universal_ens]:    info - lib/src/ens_records.dart:257:23 - Method invocation or property access on a 'dynamic' target. Try giving the target a type. - avoid_dynamic_calls
build	Static Analysis	2026-01-04T10:37:28.4804538Z [web3_universal_ens]:    info - lib/src/ens_records.dart:263:12 - Method invocation or property access on a 'dynamic' target. Try giving the target a type. - avoid_dynamic_calls
build	Static Analysis	2026-01-04T10:37:28.4810378Z [web3_universal_ens]:    info - lib/src/ens_resolver.dart:50:7 - Catch clause should use 'on' to specify the type of exception being caught. Try adding an 'on' clause before the 'catch'. - avoid_catches_without_on_clauses
build	Static Analysis	2026-01-04T10:37:28.4812982Z [web3_universal_ens]:    info - lib/src/ens_resolver.dart:99:7 - Catch clause should use 'on' to specify the type of exception being caught. Try adding an 'on' clause before the 'catch'. - avoid_catches_without_on_clauses
build	Static Analysis	2026-01-04T10:37:28.4815444Z [web3_universal_ens]:    info - lib/src/ens_resolver.dart:137:7 - Catch clause should use 'on' to specify the type of exception being caught. Try adding an 'on' clause before the 'catch'. - avoid_catches_without_on_clauses
build	Static Analysis	2026-01-04T10:37:28.4830503Z [web3_universal_ens]:    info - lib/src/ens_resolver.dart:155:7 - Catch clause should use 'on' to specify the type of exception being caught. Try adding an 'on' clause before the 'catch'. - avoid_catches_without_on_clauses
build	Static Analysis	2026-01-04T10:37:28.4832832Z [web3_universal_ens]:    info - lib/src/ens_resolver.dart:183:23 - Method invocation or property access on a 'dynamic' target. Try giving the target a type. - avoid_dynamic_calls
build	Static Analysis	2026-01-04T10:37:28.4834990Z [web3_universal_ens]:    info - lib/src/ens_resolver.dart:189:12 - Method invocation or property access on a 'dynamic' target. Try giving the target a type. - avoid_dynamic_calls
build	Static Analysis	2026-01-04T10:37:28.4838372Z [web3_universal_ens]:    info - lib/src/multichain_resolver.dart:55:7 - Catch clause should use 'on' to specify the type of exception being caught. Try adding an 'on' clause before the 'catch'. - avoid_catches_without_on_clauses
build	Static Analysis	2026-01-04T10:37:28.4840614Z [web3_universal_ens]:    info - lib/src/multichain_resolver.dart:134:7 - Catch clause should use 'on' to specify the type of exception being caught. Try adding an 'on' clause before the 'catch'. - avoid_catches_without_on_clauses
build	Static Analysis	2026-01-04T10:37:28.4842688Z [web3_universal_ens]:    info - lib/src/multichain_resolver.dart:242:23 - Method invocation or property access on a 'dynamic' target. Try giving the target a type. - avoid_dynamic_calls
build	Static Analysis	2026-01-04T10:37:28.4844503Z [web3_universal_ens]:    info - lib/src/multichain_resolver.dart:248:12 - Method invocation or property access on a 'dynamic' target. Try giving the target a type. - avoid_dynamic_calls
build	Static Analysis	2026-01-04T10:37:28.4847113Z [web3_universal_ens]:    info - lib/src/multichain_resolver.dart:320:20 - The constant name 'bitcoin_cash' isn't a lowerCamelCase identifier. Try changing the name to follow the lowerCamelCase style. - constant_identifier_names
build	Static Analysis	2026-01-04T10:37:28.4848437Z [web3_universal_ens]: 
build	Static Analysis	2026-01-04T10:37:28.4848796Z [web3_universal_ens]: 16 issues found.
build	Static Analysis	2026-01-04T10:37:28.4924705Z [web3_universal_events]: 
build	Static Analysis	2026-01-04T10:37:28.4937220Z [web3_universal_events]:    info - lib/src/confirmation_filter.dart:100:9 - Catch clause should use 'on' to specify the type of exception being caught. Try adding an 'on' clause before the 'catch'. - avoid_catches_without_on_clauses
build	Static Analysis	2026-01-04T10:37:28.4939773Z [web3_universal_events]:    info - lib/src/confirmation_filter.dart:202:7 - Catch clause should use 'on' to specify the type of exception being caught. Try adding an 'on' clause before the 'catch'. - avoid_catches_without_on_clauses
build	Static Analysis	2026-01-04T10:37:28.4942204Z [web3_universal_events]:    info - lib/src/event_filter.dart:104:3 - The method '==' should not be overridden in classes not annotated with '@immutable'. Try removing the override or annotating the class with '@immutable'. - avoid_equals_and_hash_code_on_mutable_classes
build	Static Analysis	2026-01-04T10:37:28.4945019Z [web3_universal_events]:    info - lib/src/event_filter.dart:115:3 - The method 'hashCode' should not be overridden in classes not annotated with '@immutable'. Try removing the override or annotating the class with '@immutable'. - avoid_equals_and_hash_code_on_mutable_classes
build	Static Analysis	2026-01-04T10:37:28.4947498Z [web3_universal_events]:    info - lib/src/event_listener.dart:59:29 - Uncancelled instance of 'StreamSubscription'. Try invoking 'cancel' in the function in which the 'StreamSubscription' was created. - cancel_subscriptions
build	Static Analysis	2026-01-04T10:37:28.4949816Z [web3_universal_events]:    info - lib/src/event_listener.dart:94:29 - Uncancelled instance of 'StreamSubscription'. Try invoking 'cancel' in the function in which the 'StreamSubscription' was created. - cancel_subscriptions
build	Static Analysis	2026-01-04T10:37:28.4952105Z [web3_universal_events]:    info - lib/src/event_listener.dart:151:11 - Uncancelled instance of 'StreamSubscription'. Try invoking 'cancel' in the function in which the 'StreamSubscription' was created. - cancel_subscriptions
build	Static Analysis	2026-01-04T10:37:28.4954376Z [web3_universal_events]:    info - lib/src/event_listener.dart:178:11 - Uncancelled instance of 'StreamSubscription'. Try invoking 'cancel' in the function in which the 'StreamSubscription' was created. - cancel_subscriptions
build	Static Analysis	2026-01-04T10:37:28.4956846Z [web3_universal_events]:    info - lib/src/event_subscriber.dart:75:9 - Catch clause should use 'on' to specify the type of exception being caught. Try adding an 'on' clause before the 'catch'. - avoid_catches_without_on_clauses
build	Static Analysis	2026-01-04T10:37:28.4958776Z [web3_universal_events]:    info - lib/src/reorg_handler.dart:119:5 - Unnecessary duplication of receiver. Try using a cascade to avoid the duplication. - cascade_invocations
build	Static Analysis	2026-01-04T10:37:28.4960648Z [web3_universal_events]:    info - lib/src/reorg_handler.dart:157:11 - Catch clause should use 'on' to specify the type of exception being caught. Try adding an 'on' clause before the 'catch'. - avoid_catches_without_on_clauses
build	Static Analysis	2026-01-04T10:37:28.4961868Z [web3_universal_events]: 
build	Static Analysis	2026-01-04T10:37:28.4962225Z [web3_universal_events]: 11 issues found.
build	Static Analysis	2026-01-04T10:37:28.5361037Z [web3_universal_mev]: Analyzing mev...
build	Static Analysis	2026-01-04T10:37:28.5389328Z [web3_universal_mpc]: Analyzing mpc...
build	Static Analysis	2026-01-04T10:37:28.8552481Z [web3_universal_keystone]: 
build	Static Analysis	2026-01-04T10:37:28.8555614Z [web3_universal_keystone]:    info - lib/src/multi_chain_support.dart:141:1 - Classes should define instance members. Try adding instance behavior or moving the members out of the class. - avoid_classes_with_only_static_members
build	Static Analysis	2026-01-04T10:37:28.8558139Z [web3_universal_keystone]:    info - lib/src/qr_communication.dart:56:7 - Unnecessary duplication of receiver. Try using a cascade to avoid the duplication. - cascade_invocations
build	Static Analysis	2026-01-04T10:37:28.8560935Z [web3_universal_keystone]:    info - lib/src/qr_communication.dart:63:7 - Catch clause should use 'on' to specify the type of exception being caught. Try adding an 'on' clause before the 'catch'. - avoid_catches_without_on_clauses
build	Static Analysis	2026-01-04T10:37:28.8563431Z [web3_universal_keystone]:    info - lib/src/qr_communication.dart:113:7 - Catch clause should use 'on' to specify the type of exception being caught. Try adding an 'on' clause before the 'catch'. - avoid_catches_without_on_clauses
build	Static Analysis	2026-01-04T10:37:28.8565807Z [web3_universal_keystone]: 
build	Static Analysis	2026-01-04T10:37:28.8566208Z [web3_universal_keystone]: 4 issues found.
build	Static Analysis	2026-01-04T10:37:28.9019474Z [web3_universal_mev]: No issues found!
build	Static Analysis	2026-01-04T10:37:28.9463309Z [web3_universal_multicall]: Analyzing multicall...
build	Static Analysis	2026-01-04T10:37:28.9714671Z [web3_universal_nft]: Analyzing nft...
build	Static Analysis	2026-01-04T10:37:29.0539189Z [web3_universal_mpc]: 
build	Static Analysis	2026-01-04T10:37:29.0547453Z [web3_universal_mpc]:    info - lib/src/key_generation.dart:499:1 - Classes should define instance members. Try adding instance behavior or moving the members out of the class. - avoid_classes_with_only_static_members
build	Static Analysis	2026-01-04T10:37:29.0549996Z [web3_universal_mpc]:    info - lib/src/key_refresh.dart:464:1 - Classes should define instance members. Try adding instance behavior or moving the members out of the class. - avoid_classes_with_only_static_members
build	Static Analysis	2026-01-04T10:37:29.0552370Z [web3_universal_mpc]:    info - lib/src/mpc_signer.dart:337:1 - Classes should define instance members. Try adding instance behavior or moving the members out of the class. - avoid_classes_with_only_static_members
build	Static Analysis	2026-01-04T10:37:29.0554658Z [web3_universal_mpc]:    info - lib/src/threshold_signature.dart:246:7 - Catch clause should use 'on' to specify the type of exception being caught. Try adding an 'on' clause before the 'catch'. - avoid_catches_without_on_clauses
build	Static Analysis	2026-01-04T10:37:29.0557215Z [web3_universal_mpc]:    info - lib/src/threshold_signature.dart:564:7 - Catch clause should use 'on' to specify the type of exception being caught. Try adding an 'on' clause before the 'catch'. - avoid_catches_without_on_clauses
build	Static Analysis	2026-01-04T10:37:29.0559661Z [web3_universal_mpc]:    info - lib/src/threshold_signature.dart:700:1 - Classes should define instance members. Try adding instance behavior or moving the members out of the class. - avoid_classes_with_only_static_members
build	Static Analysis	2026-01-04T10:37:29.0561117Z [web3_universal_mpc]: 
build	Static Analysis	2026-01-04T10:37:29.0561628Z [web3_universal_mpc]: 6 issues found.
build	Static Analysis	2026-01-04T10:37:29.1123449Z [web3_universal_polkadot]: Analyzing polkadot...
build	Static Analysis	2026-01-04T10:37:29.4173654Z [web3_universal_polkadot]: 
build	Static Analysis	2026-01-04T10:37:29.4175466Z [web3_universal_polkadot]:    info - lib/src/scale_codec.dart:3:1 - Classes should define instance members. Try adding instance behavior or moving the members out of the class. - avoid_classes_with_only_static_members
build	Static Analysis	2026-01-04T10:37:29.4176743Z [web3_universal_polkadot]: 
build	Static Analysis	2026-01-04T10:37:29.4177113Z [web3_universal_polkadot]: 1 issue found.
build	Static Analysis	2026-01-04T10:37:29.4270408Z [web3_universal_nft]: 
build	Static Analysis	2026-01-04T10:37:29.4274240Z [web3_universal_nft]:    info - example/main.dart:1:8 - The imported package 'web3_universal_chains' isn't a dependency of the importing package. Try adding a dependency for 'web3_universal_chains' in the 'pubspec.yaml' file. - depend_on_referenced_packages
build	Static Analysis	2026-01-04T10:37:29.4276765Z [web3_universal_nft]:    info - lib/src/ipfs_gateway.dart:52:9 - Catch clause should use 'on' to specify the type of exception being caught. Try adding an 'on' clause before the 'catch'. - avoid_catches_without_on_clauses
build	Static Analysis	2026-01-04T10:37:29.4279273Z [web3_universal_nft]:    info - lib/src/ipfs_gateway.dart:75:7 - Catch clause should use 'on' to specify the type of exception being caught. Try adding an 'on' clause before the 'catch'. - avoid_catches_without_on_clauses
build	Static Analysis	2026-01-04T10:37:29.4285624Z [web3_universal_nft]:    info - lib/src/ipfs_gateway.dart:96:7 - Catch clause should use 'on' to specify the type of exception being caught. Try adding an 'on' clause before the 'catch'. - avoid_catches_without_on_clauses
build	Static Analysis	2026-01-04T10:37:29.4288045Z [web3_universal_nft]:    info - lib/src/ipfs_gateway.dart:123:7 - Invalid assignment to the parameter 'gateway'. Try using a local variable in place of the parameter. - parameter_assignments
build	Static Analysis	2026-01-04T10:37:29.4289900Z [web3_universal_nft]:    info - lib/src/ipfs_gateway.dart:133:7 - Invalid assignment to the parameter 'gateway'. Try using a local variable in place of the parameter. - parameter_assignments
build	Static Analysis	2026-01-04T10:37:29.4314481Z [web3_universal_nft]:    info - lib/src/nft_collection.dart:67:7 - Catch clause should use 'on' to specify the type of exception being caught. Try adding an 'on' clause before the 'catch'. - avoid_catches_without_on_clauses
build	Static Analysis	2026-01-04T10:37:29.4317016Z [web3_universal_nft]:    info - lib/src/nft_collection.dart:143:7 - Catch clause should use 'on' to specify the type of exception being caught. Try adding an 'on' clause before the 'catch'. - avoid_catches_without_on_clauses
build	Static Analysis	2026-01-04T10:37:29.4319146Z [web3_universal_nft]:    info - lib/src/nft_collection.dart:173:7 - Catch clause should use 'on' to specify the type of exception being caught. Try adding an 'on' clause before the 'catch'. - avoid_catches_without_on_clauses
build	Static Analysis	2026-01-04T10:37:29.4321035Z [web3_universal_nft]:    info - lib/src/nft_collection.dart:178:9 - Catch clause should use 'on' to specify the type of exception being caught. Try adding an 'on' clause before the 'catch'. - avoid_catches_without_on_clauses
build	Static Analysis	2026-01-04T10:37:29.4375595Z [web3_universal_multicall]: 
build	Static Analysis	2026-01-04T10:37:29.4377113Z [web3_universal_nft]:    info - lib/src/nft_collection.dart:197:7 - Catch clause should use 'on' to specify the type of exception being caught. Try adding an 'on' clause before the 'catch'. - avoid_catches_without_on_clauses
build	Static Analysis	2026-01-04T10:37:29.4379237Z [web3_universal_multicall]:    info - lib/src/multicall_builder.dart:27:12 - Don't return 'this' from a method. Try changing the return type to 'void' and removing the return. - avoid_returning_this
build	Static Analysis	2026-01-04T10:37:29.4381296Z [web3_universal_nft]:    info - lib/src/nft_collection.dart:215:7 - Catch clause should use 'on' to specify the type of exception being caught. Try adding an 'on' clause before the 'catch'. - avoid_catches_without_on_clauses
build	Static Analysis	2026-01-04T10:37:29.4383440Z [web3_universal_nft]:    info - lib/src/nft_collection.dart:233:7 - Catch clause should use 'on' to specify the type of exception being caught. Try adding an 'on' clause before the 'catch'. - avoid_catches_without_on_clauses
build	Static Analysis	2026-01-04T10:37:29.4392457Z [web3_universal_nft]:    info - lib/src/nft_collection.dart:253:7 - Catch clause should use 'on' to specify the type of exception being caught. Try adding an 'on' clause before the 'catch'. - avoid_catches_without_on_clauses
build	Static Analysis	2026-01-04T10:37:29.4394612Z [web3_universal_nft]:    info - lib/src/nft_collection.dart:277:7 - Catch clause should use 'on' to specify the type of exception being caught. Try adding an 'on' clause before the 'catch'. - avoid_catches_without_on_clauses
build	Static Analysis	2026-01-04T10:37:29.4396916Z [web3_universal_nft]:    info - lib/src/nft_collection.dart:296:7 - Catch clause should use 'on' to specify the type of exception being caught. Try adding an 'on' clause before the 'catch'. - avoid_catches_without_on_clauses
build	Static Analysis	2026-01-04T10:37:29.4399020Z [web3_universal_nft]:    info - lib/src/nft_metadata.dart:44:11 - Catch clause should use 'on' to specify the type of exception being caught. Try adding an 'on' clause before the 'catch'. - avoid_catches_without_on_clauses
build	Static Analysis	2026-01-04T10:37:29.4401013Z [web3_universal_nft]:    info - lib/src/nft_metadata.dart:54:7 - Catch clause should use 'on' to specify the type of exception being caught. Try adding an 'on' clause before the 'catch'. - avoid_catches_without_on_clauses
build	Static Analysis	2026-01-04T10:37:29.4403147Z [web3_universal_nft]:    info - lib/src/nft_metadata.dart:132:7 - Catch clause should use 'on' to specify the type of exception being caught. Try adding an 'on' clause before the 'catch'. - avoid_catches_without_on_clauses
build	Static Analysis	2026-01-04T10:37:29.4414689Z [web3_universal_nft]:    info - lib/src/nft_metadata.dart:151:7 - Catch clause should use 'on' to specify the type of exception being caught. Try adding an 'on' clause before the 'catch'. - avoid_catches_without_on_clauses
build	Static Analysis	2026-01-04T10:37:29.4417037Z [web3_universal_nft]:    info - lib/src/nft_metadata.dart:184:7 - Catch clause should use 'on' to specify the type of exception being caught. Try adding an 'on' clause before the 'catch'. - avoid_catches_without_on_clauses
build	Static Analysis	2026-01-04T10:37:29.4419170Z [web3_universal_nft]:    info - lib/src/nft_transfer.dart:35:7 - Catch clause should use 'on' to specify the type of exception being caught. Try adding an 'on' clause before the 'catch'. - avoid_catches_without_on_clauses
build	Static Analysis	2026-01-04T10:37:29.4421500Z [web3_universal_nft]:    info - lib/src/nft_transfer.dart:60:7 - Catch clause should use 'on' to specify the type of exception being caught. Try adding an 'on' clause before the 'catch'. - avoid_catches_without_on_clauses
build	Static Analysis	2026-01-04T10:37:29.4423780Z [web3_universal_nft]:    info - lib/src/nft_types.dart:64:3 - The method '==' should not be overridden in classes not annotated with '@immutable'. Try removing the override or annotating the class with '@immutable'. - avoid_equals_and_hash_code_on_mutable_classes
build	Static Analysis	2026-01-04T10:37:29.4426547Z [web3_universal_nft]:    info - lib/src/nft_types.dart:73:3 - The method 'hashCode' should not be overridden in classes not annotated with '@immutable'. Try removing the override or annotating the class with '@immutable'. - avoid_equals_and_hash_code_on_mutable_classes
build	Static Analysis	2026-01-04T10:37:29.4428640Z [web3_universal_nft]:    info - test/nft_service_test.dart:3:1 - Sort directive sections alphabetically. Try sorting the directives. - directives_ordering
build	Static Analysis	2026-01-04T10:37:29.4429559Z [web3_universal_nft]: 
build	Static Analysis	2026-01-04T10:37:29.4429863Z [web3_universal_nft]: 26 issues found.
build	Static Analysis	2026-01-04T10:37:29.4431003Z [web3_universal_multicall]:    info - lib/src/multicall_builder.dart:42:12 - Don't return 'this' from a method. Try changing the return type to 'void' and removing the return. - avoid_returning_this
build	Static Analysis	2026-01-04T10:37:29.4432974Z [web3_universal_multicall]:    info - lib/src/multicall_builder.dart:48:12 - Don't return 'this' from a method. Try changing the return type to 'void' and removing the return. - avoid_returning_this
build	Static Analysis	2026-01-04T10:37:29.4436872Z [web3_universal_multicall]:    info - lib/src/multicall_builder.dart:54:12 - Don't return 'this' from a method. Try changing the return type to 'void' and removing the return. - avoid_returning_this
build	Static Analysis	2026-01-04T10:37:29.4446304Z [web3_universal_multicall]:    info - lib/src/multicall_builder.dart:140:1 - Classes should define instance members. Try adding instance behavior or moving the members out of the class. - avoid_classes_with_only_static_members
build	Static Analysis	2026-01-04T10:37:29.4448582Z [web3_universal_multicall]:    info - lib/src/multicall_factory.dart:4:1 - Classes should define instance members. Try adding instance behavior or moving the members out of the class. - avoid_classes_with_only_static_members
build	Static Analysis	2026-01-04T10:37:29.4450545Z [web3_universal_multicall]:    info - test/mock_client.dart:43:8 - The method is used to change a property. Try converting the method to a setter. - use_setters_to_change_properties
build	Static Analysis	2026-01-04T10:37:29.4452253Z [web3_universal_multicall]:    info - test/mock_client.dart:84:8 - The method is used to change a property. Try converting the method to a setter. - use_setters_to_change_properties
build	Static Analysis	2026-01-04T10:37:29.4453947Z [web3_universal_multicall]:    info - test/mock_contract.dart:118:8 - The method is used to change a property. Try converting the method to a setter. - use_setters_to_change_properties
build	Static Analysis	2026-01-04T10:37:29.4455850Z [web3_universal_multicall]:    info - test/mock_contract.dart:122:8 - The method is used to change a property. Try converting the method to a setter. - use_setters_to_change_properties
build	Static Analysis	2026-01-04T10:37:29.4457609Z [web3_universal_multicall]:    info - test/mock_contract.dart:126:8 - The method is used to change a property. Try converting the method to a setter. - use_setters_to_change_properties
build	Static Analysis	2026-01-04T10:37:29.4459601Z [web3_universal_multicall]:    info - test/mock_contract.dart:130:8 - The method is used to change a property. Try converting the method to a setter. - use_setters_to_change_properties
build	Static Analysis	2026-01-04T10:37:29.4461371Z [web3_universal_multicall]:    info - test/multicall_builder_test.dart:92:9 - Unnecessary duplication of receiver. Try using a cascade to avoid the duplication. - cascade_invocations
build	Static Analysis	2026-01-04T10:37:29.4463148Z [web3_universal_multicall]:    info - test/multicall_builder_test.dart:96:9 - Unnecessary duplication of receiver. Try using a cascade to avoid the duplication. - cascade_invocations
build	Static Analysis	2026-01-04T10:37:29.4465250Z [web3_universal_multicall]:    info - test/multicall_builder_test.dart:134:9 - Unnecessary duplication of receiver. Try using a cascade to avoid the duplication. - cascade_invocations
build	Static Analysis	2026-01-04T10:37:29.4467022Z [web3_universal_multicall]:    info - test/multicall_builder_test.dart:162:9 - Unnecessary duplication of receiver. Try using a cascade to avoid the duplication. - cascade_invocations
build	Static Analysis	2026-01-04T10:37:29.4468963Z [web3_universal_multicall]:    info - test/multicall_builder_test.dart:183:9 - Unnecessary duplication of receiver. Try using a cascade to avoid the duplication. - cascade_invocations
build	Static Analysis	2026-01-04T10:37:29.4470861Z [web3_universal_multicall]:    info - test/multicall_builder_test.dart:207:9 - Unnecessary duplication of receiver. Try using a cascade to avoid the duplication. - cascade_invocations
build	Static Analysis	2026-01-04T10:37:29.4472529Z [web3_universal_multicall]:    info - test/multicall_builder_test.dart:246:9 - Unnecessary duplication of receiver. Try using a cascade to avoid the duplication. - cascade_invocations
build	Static Analysis	2026-01-04T10:37:29.4473636Z [web3_universal_multicall]: 
build	Static Analysis	2026-01-04T10:37:29.4474032Z [web3_universal_multicall]: 19 issues found.
build	Static Analysis	2026-01-04T10:37:29.4706184Z [web3_universal_price]: Analyzing price...
build	Static Analysis	2026-01-04T10:37:29.4778566Z [web3_universal_provider]: Analyzing provider...
build	Static Analysis	2026-01-04T10:37:29.4866689Z [web3_universal_reown]: Analyzing reown...
build	Static Analysis	2026-01-04T10:37:29.7969220Z [web3_universal_price]: 
build	Static Analysis	2026-01-04T10:37:29.7973917Z [web3_universal_price]:    info - lib/src/price_service.dart:21:14 - Method invocation or property access on a 'dynamic' target. Try giving the target a type. - avoid_dynamic_calls
build	Static Analysis	2026-01-04T10:37:29.7979229Z [web3_universal_price]:    info - lib/src/price_service.dart:31:26 - Method invocation or property access on a 'dynamic' target. Try giving the target a type. - avoid_dynamic_calls
build	Static Analysis	2026-01-04T10:37:29.7982257Z [web3_universal_price]:    info - lib/src/price_service.dart:36:7 - Catch clause should use 'on' to specify the type of exception being caught. Try adding an 'on' clause before the 'catch'. - avoid_catches_without_on_clauses
build	Static Analysis	2026-01-04T10:37:29.7989155Z [web3_universal_price]:    info - lib/src/price_service.dart:39:16 - Method invocation or property access on a 'dynamic' target. Try giving the target a type. - avoid_dynamic_calls
build	Static Analysis	2026-01-04T10:37:29.7992027Z [web3_universal_price]:    info - lib/src/price_service.dart:54:23 - Method invocation or property access on a 'dynamic' target. Try giving the target a type. - avoid_dynamic_calls
build	Static Analysis	2026-01-04T10:37:29.8000929Z [web3_universal_price]:    info - lib/src/price_service.dart:71:28 - Method invocation or property access on a 'dynamic' target. Try giving the target a type. - avoid_dynamic_calls
build	Static Analysis	2026-01-04T10:37:29.8004227Z [web3_universal_price]:    info - lib/src/price_service.dart:77:7 - Catch clause should use 'on' to specify the type of exception being caught. Try adding an 'on' clause before the 'catch'. - avoid_catches_without_on_clauses
build	Static Analysis	2026-01-04T10:37:29.8028702Z [web3_universal_price]:    info - lib/src/price_service.dart:86:23 - Method invocation or property access on a 'dynamic' target. Try giving the target a type. - avoid_dynamic_calls
build	Static Analysis	2026-01-04T10:37:29.8030652Z [web3_universal_price]:    info - test/price_service_test.dart:8:7 - Unnecessary duplication of receiver. Try using a cascade to avoid the duplication. - cascade_invocations
build	Static Analysis	2026-01-04T10:37:29.8032055Z [web3_universal_price]: 
build	Static Analysis	2026-01-04T10:37:29.8032414Z [web3_universal_price]: 9 issues found.
build	Static Analysis	2026-01-04T10:37:29.8051877Z [web3_universal_ledger]: 
build	Static Analysis	2026-01-04T10:37:29.8057379Z [web3_universal_ledger]:    info - lib/src/apdu_commands.dart:4:1 - Classes should define instance members. Try adding instance behavior or moving the members out of the class. - avoid_classes_with_only_static_members
build	Static Analysis	2026-01-04T10:37:29.8059196Z [web3_universal_ledger]:    info - lib/src/apdu_commands.dart:117:5 - Unnecessary duplication of receiver. Try using a cascade to avoid the duplication. - cascade_invocations
build	Static Analysis	2026-01-04T10:37:29.8060971Z [web3_universal_ledger]:    info - lib/src/apdu_commands.dart:157:1 - Classes should define instance members. Try adding instance behavior or moving the members out of the class. - avoid_classes_with_only_static_members
build	Static Analysis	2026-01-04T10:37:29.8063264Z [web3_universal_ledger]:    info - lib/src/ledger_transport.dart:276:1 - Classes should define instance members. Try adding instance behavior or moving the members out of the class. - avoid_classes_with_only_static_members
build	Static Analysis	2026-01-04T10:37:29.8065214Z [web3_universal_ledger]:    info - lib/src/ledger_types.dart:83:5 - Unnecessary duplication of receiver. Try using a cascade to avoid the duplication. - cascade_invocations
build	Static Analysis	2026-01-04T10:37:29.8066721Z [web3_universal_ledger]:    info - lib/src/ledger_types.dart:88:7 - Unnecessary duplication of receiver. Try using a cascade to avoid the duplication. - cascade_invocations
build	Static Analysis	2026-01-04T10:37:29.8068265Z [web3_universal_ledger]:    info - lib/src/multi_chain_support.dart:244:5 - Unnecessary duplication of receiver. Try using a cascade to avoid the duplication. - cascade_invocations
build	Static Analysis	2026-01-04T10:37:29.8070072Z [web3_universal_ledger]:    info - lib/src/multi_chain_support.dart:281:1 - Classes should define instance members. Try adding instance behavior or moving the members out of the class. - avoid_classes_with_only_static_members
build	Static Analysis	2026-01-04T10:37:29.8071336Z [web3_universal_ledger]: 
build	Static Analysis	2026-01-04T10:37:29.8071699Z [web3_universal_ledger]: 8 issues found.
build	Static Analysis	2026-01-04T10:37:29.8491239Z [web3_universal_signer]: Analyzing signer...
build	Static Analysis	2026-01-04T10:37:29.8571887Z [web3_universal_solana]: Analyzing solana...
build	Static Analysis	2026-01-04T10:37:29.8711798Z [web3_universal_provider]: 
build	Static Analysis	2026-01-04T10:37:29.8713559Z [web3_universal_provider]:    info - lib/src/provider.dart:76:62 - 'bool' parameters should be named parameters. Try converting the parameter to a named parameter. - avoid_positional_boolean_parameters
build	Static Analysis	2026-01-04T10:37:29.8716077Z [web3_universal_provider]:    info - lib/src/provider.dart:81:65 - 'bool' parameters should be named parameters. Try converting the parameter to a named parameter. - avoid_positional_boolean_parameters
build	Static Analysis	2026-01-04T10:37:29.8718323Z [web3_universal_provider]:    info - lib/src/websocket_transport.dart:53:13 - Unclosed instance of 'Sink'. Try invoking 'close' in the function in which the 'Sink' was created. - close_sinks
build	Static Analysis	2026-01-04T10:37:29.8720659Z [web3_universal_provider]:    info - test/provider_property_test.dart:88:11 - Catch clause should use 'on' to specify the type of exception being caught. Try adding an 'on' clause before the 'catch'. - avoid_catches_without_on_clauses
build	Static Analysis	2026-01-04T10:37:29.8727295Z [web3_universal_provider]:    info - test/provider_property_test.dart:118:11 - Catch clause should use 'on' to specify the type of exception being caught. Try adding an 'on' clause before the 'catch'. - avoid_catches_without_on_clauses
build	Static Analysis	2026-01-04T10:37:29.8728670Z [web3_universal_provider]: 
build	Static Analysis	2026-01-04T10:37:29.8729054Z [web3_universal_provider]: 5 issues found.
build	Static Analysis	2026-01-04T10:37:29.9484340Z [web3_universal_staking]: Analyzing staking...
build	Static Analysis	2026-01-04T10:37:30.3367115Z [web3_universal_staking]: 
build	Static Analysis	2026-01-04T10:37:30.3369012Z [web3_universal_staking]:    info - lib/src/staking_service.dart:94:7 - Catch clause should use 'on' to specify the type of exception being caught. Try adding an 'on' clause before the 'catch'. - avoid_catches_without_on_clauses
build	Static Analysis	2026-01-04T10:37:30.3370888Z [web3_universal_staking]: 
build	Static Analysis	2026-01-04T10:37:30.3371444Z [web3_universal_staking]: 1 issue found.
build	Static Analysis	2026-01-04T10:37:30.3437689Z [web3_universal_signer]: 
build	Static Analysis	2026-01-04T10:37:30.3440003Z [web3_universal_signer]:    info - example/main.dart:2:1 - Place 'dart:' imports before other imports. Try sorting the directives. - directives_ordering
build	Static Analysis	2026-01-04T10:37:30.3441843Z [web3_universal_signer]:    info - example/main.dart:19:74 - The value of the argument is redundant because it matches the default value. Try removing the argument. - avoid_redundant_argument_values
build	Static Analysis	2026-01-04T10:37:30.3444104Z [web3_universal_signer]:    info - lib/src/authorization.dart:173:7 - Catch clause should use 'on' to specify the type of exception being caught. Try adding an 'on' clause before the 'catch'. - avoid_catches_without_on_clauses
build	Static Analysis	2026-01-04T10:37:30.3452518Z [web3_universal_signer]:    info - lib/src/authorization_batch.dart:164:5 - Unnecessary duplication of receiver. Try using a cascade to avoid the duplication. - cascade_invocations
build	Static Analysis	2026-01-04T10:37:30.3456140Z [web3_universal_signer]:    info - lib/src/authorization_batch.dart:224:7 - Catch clause should use 'on' to specify the type of exception being caught. Try adding an 'on' clause before the 'catch'. - avoid_catches_without_on_clauses
build	Static Analysis	2026-01-04T10:37:30.3459748Z [web3_universal_signer]:    info - lib/src/authorization_revocation.dart:7:1 - Classes should define instance members. Try adding instance behavior or moving the members out of the class. - avoid_classes_with_only_static_members
build	Static Analysis	2026-01-04T10:37:30.3465016Z [web3_universal_signer]:    info - lib/src/authorization_verifier.dart:6:1 - Classes should define instance members. Try adding instance behavior or moving the members out of the class. - avoid_classes_with_only_static_members
build	Static Analysis	2026-01-04T10:37:30.3467191Z [web3_universal_signer]:    info - lib/src/authorization_verifier.dart:80:7 - Catch clause should use 'on' to specify the type of exception being caught. Try adding an 'on' clause before the 'catch'. - avoid_catches_without_on_clauses
build	Static Analysis	2026-01-04T10:37:30.3469336Z [web3_universal_signer]:    info - lib/src/authorization_verifier.dart:123:7 - Catch clause should use 'on' to specify the type of exception being caught. Try adding an 'on' clause before the 'catch'. - avoid_catches_without_on_clauses
build	Static Analysis	2026-01-04T10:37:30.3471677Z [web3_universal_signer]:    info - lib/src/transaction.dart:23:9 - Constructor declarations should be before non-constructor declarations. Try moving the constructor declaration before all other members. - sort_constructors_first
build	Static Analysis	2026-01-04T10:37:30.3473618Z [web3_universal_signer]:    info - test/eip7702_test.dart:5:1 - Sort directive sections alphabetically. Try sorting the directives. - directives_ordering
build	Static Analysis	2026-01-04T10:37:30.3506426Z [web3_universal_signer]:    info - test/eip7702_test.dart:276:9 - Unnecessary duplication of receiver. Try using a cascade to avoid the duplication. - cascade_invocations
build	Static Analysis	2026-01-04T10:37:30.3508175Z [web3_universal_signer]:    info - test/eip7702_test.dart:277:9 - Unnecessary duplication of receiver. Try using a cascade to avoid the duplication. - cascade_invocations
build	Static Analysis	2026-01-04T10:37:30.3509766Z [web3_universal_signer]:    info - test/eip7702_test.dart:278:9 - Unnecessary duplication of receiver. Try using a cascade to avoid the duplication. - cascade_invocations
build	Static Analysis	2026-01-04T10:37:30.3511401Z [web3_universal_signer]:    info - test/signer_property_test.dart:3:1 - Sort directive sections alphabetically. Try sorting the directives. - directives_ordering
build	Static Analysis	2026-01-04T10:37:30.3512408Z [web3_universal_signer]: 
build	Static Analysis	2026-01-04T10:37:30.3512785Z [web3_universal_signer]: 15 issues found.
build	Static Analysis	2026-01-04T10:37:30.3813708Z [web3_universal_solana]: 
build	Static Analysis	2026-01-04T10:37:30.3818053Z [web3_universal_solana]:    info - lib/src/encoding/short_vec.dart:3:1 - Classes should define instance members. Try adding instance behavior or moving the members out of the class. - avoid_classes_with_only_static_members
build	Static Analysis	2026-01-04T10:37:30.3821285Z [web3_universal_solana]:    info - lib/src/models/instruction.dart:12:22 - Static method should be a constructor. Try converting the method into a constructor. - prefer_constructors_over_static_methods
build	Static Analysis	2026-01-04T10:37:30.3824041Z [web3_universal_solana]:    info - lib/src/models/instruction.dart:16:22 - Static method should be a constructor. Try converting the method into a constructor. - prefer_constructors_over_static_methods
build	Static Analysis	2026-01-04T10:37:30.3834294Z [web3_universal_solana]:    info - lib/src/models/message.dart:42:5 - Unnecessary duplication of receiver. Try using a cascade to avoid the duplication. - cascade_invocations
build	Static Analysis	2026-01-04T10:37:30.3836283Z [web3_universal_solana]:    info - lib/src/models/message.dart:43:5 - Unnecessary duplication of receiver. Try using a cascade to avoid the duplication. - cascade_invocations
build	Static Analysis	2026-01-04T10:37:30.3838420Z [web3_universal_solana]:    info - lib/src/models/message.dart:44:5 - Unnecessary duplication of receiver. Try using a cascade to avoid the duplication. - cascade_invocations
build	Static Analysis	2026-01-04T10:37:30.3840270Z [web3_universal_solana]:    info - lib/src/models/message.dart:45:5 - Unnecessary duplication of receiver. Try using a cascade to avoid the duplication. - cascade_invocations
build	Static Analysis	2026-01-04T10:37:30.3842000Z [web3_universal_solana]:    info - lib/src/models/message.dart:46:5 - Unnecessary duplication of receiver. Try using a cascade to avoid the duplication. - cascade_invocations
build	Static Analysis	2026-01-04T10:37:30.3843702Z [web3_universal_solana]:    info - lib/src/models/message.dart:69:5 - Unnecessary duplication of receiver. Try using a cascade to avoid the duplication. - cascade_invocations
build	Static Analysis	2026-01-04T10:37:30.3845598Z [web3_universal_solana]:    info - lib/src/models/message.dart:72:5 - Unnecessary duplication of receiver. Try using a cascade to avoid the duplication. - cascade_invocations
build	Static Analysis	2026-01-04T10:37:30.3847212Z [web3_universal_solana]:    info - lib/src/models/message.dart:81:5 - Unnecessary duplication of receiver. Try using a cascade to avoid the duplication. - cascade_invocations
build	Static Analysis	2026-01-04T10:37:30.3849006Z [web3_universal_solana]:    info - lib/src/models/message.dart:90:18 - Static method should be a constructor. Try converting the method into a constructor. - prefer_constructors_over_static_methods
build	Static Analysis	2026-01-04T10:37:30.3850848Z [web3_universal_solana]:    info - lib/src/models/message.dart:160:5 - Unnecessary duplication of receiver. Try using a cascade to avoid the duplication. - cascade_invocations
build	Static Analysis	2026-01-04T10:37:30.3852973Z [web3_universal_solana]:    info - lib/src/models/public_key.dart:36:3 - The method '==' should not be overridden in classes not annotated with '@immutable'. Try removing the override or annotating the class with '@immutable'. - avoid_equals_and_hash_code_on_mutable_classes
build	Static Analysis	2026-01-04T10:37:30.3855813Z [web3_universal_solana]:    info - lib/src/models/public_key.dart:43:3 - The method 'hashCode' should not be overridden in classes not annotated with '@immutable'. Try removing the override or annotating the class with '@immutable'. - avoid_equals_and_hash_code_on_mutable_classes
build	Static Analysis	2026-01-04T10:37:30.3887506Z [web3_universal_solana]:    info - lib/src/models/public_key.dart:49:20 - Static method should be a constructor. Try converting the method into a constructor. - prefer_constructors_over_static_methods
build	Static Analysis	2026-01-04T10:37:30.3889710Z [web3_universal_solana]:    info - lib/src/models/public_key.dart:55:5 - Unnecessary duplication of receiver. Try using a cascade to avoid the duplication. - cascade_invocations
build	Static Analysis	2026-01-04T10:37:30.3891700Z [web3_universal_solana]:    info - lib/src/models/public_key.dart:82:7 - Catch clause should use 'on' to specify the type of exception being caught. Try adding an 'on' clause before the 'catch'. - avoid_catches_without_on_clauses
build	Static Analysis	2026-01-04T10:37:30.3893749Z [web3_universal_solana]:    info - lib/src/models/public_key.dart:95:9 - Catch clause should use 'on' to specify the type of exception being caught. Try adding an 'on' clause before the 'catch'. - avoid_catches_without_on_clauses
build	Static Analysis	2026-01-04T10:37:30.3896010Z [web3_universal_solana]:    info - lib/src/models/transaction.dart:113:5 - Unnecessary duplication of receiver. Try using a cascade to avoid the duplication. - cascade_invocations
build	Static Analysis	2026-01-04T10:37:30.3901033Z [web3_universal_solana]:    info - lib/src/programs/address_lookup_table.dart:8:1 - Classes should define instance members. Try adding instance behavior or moving the members out of the class. - avoid_classes_with_only_static_members
build	Static Analysis	2026-01-04T10:37:30.3902884Z [web3_universal_solana]:    info - lib/src/programs/address_lookup_table.dart:20:5 - Unnecessary duplication of receiver. Try using a cascade to avoid the duplication. - cascade_invocations
build	Static Analysis	2026-01-04T10:37:30.3904562Z [web3_universal_solana]:    info - lib/src/programs/address_lookup_table.dart:26:5 - Unnecessary duplication of receiver. Try using a cascade to avoid the duplication. - cascade_invocations
build	Static Analysis	2026-01-04T10:37:30.3906978Z [web3_universal_solana]:    info - lib/src/programs/address_lookup_table.dart:72:7 - Unnecessary duplication of receiver. Try using a cascade to avoid the duplication. - cascade_invocations
build	Static Analysis	2026-01-04T10:37:30.3908849Z [web3_universal_solana]:    info - lib/src/programs/metaplex.dart:38:27 - Static method should be a constructor. Try converting the method into a constructor. - prefer_constructors_over_static_methods
build	Static Analysis	2026-01-04T10:37:30.3910619Z [web3_universal_solana]:    info - lib/src/programs/system.dart:17:9 - Unnecessary duplication of receiver. Try using a cascade to avoid the duplication. - cascade_invocations
build	Static Analysis	2026-01-04T10:37:30.3912206Z [web3_universal_solana]:    info - lib/src/programs/system.dart:18:9 - Unnecessary duplication of receiver. Try using a cascade to avoid the duplication. - cascade_invocations
build	Static Analysis	2026-01-04T10:37:30.3913786Z [web3_universal_solana]:    info - lib/src/programs/token.dart:19:9 - Unnecessary duplication of receiver. Try using a cascade to avoid the duplication. - cascade_invocations
build	Static Analysis	2026-01-04T10:37:30.3936832Z [web3_universal_solana]:    info - lib/src/programs/token.dart:20:9 - Unnecessary duplication of receiver. Try using a cascade to avoid the duplication. - cascade_invocations
build	Static Analysis	2026-01-04T10:37:30.3938733Z [web3_universal_solana]:    info - lib/src/programs/token.dart:41:9 - Unnecessary duplication of receiver. Try using a cascade to avoid the duplication. - cascade_invocations
build	Static Analysis	2026-01-04T10:37:30.3940368Z [web3_universal_solana]:    info - lib/src/programs/token.dart:42:9 - Unnecessary duplication of receiver. Try using a cascade to avoid the duplication. - cascade_invocations
build	Static Analysis	2026-01-04T10:37:30.3941896Z [web3_universal_solana]:    info - lib/src/rpc/client.dart:6:1 - Sort directive sections alphabetically. Try sorting the directives. - directives_ordering
build	Static Analysis	2026-01-04T10:37:30.3943411Z [web3_universal_solana]:    info - test/address_lookup_table_test.dart:5:1 - Sort directive sections alphabetically. Try sorting the directives. - directives_ordering
build	Static Analysis	2026-01-04T10:37:30.3945048Z [web3_universal_solana]:    info - test/basic_test.dart:5:1 - Sort directive sections alphabetically. Try sorting the directives. - directives_ordering
build	Static Analysis	2026-01-04T10:37:30.3946454Z [web3_universal_solana]:    info - test/integration_test.dart:5:1 - Sort directive sections alphabetically. Try sorting the directives. - directives_ordering
build	Static Analysis	2026-01-04T10:37:30.3947920Z [web3_universal_solana]:    info - test/integration_test.dart:14:16 - Method invocation or property access on a 'dynamic' target. Try giving the target a type. - avoid_dynamic_calls
build	Static Analysis	2026-01-04T10:37:30.3949509Z [web3_universal_solana]:    info - test/integration_test.dart:19:17 - Method invocation or property access on a 'dynamic' target. Try giving the target a type. - avoid_dynamic_calls
build	Static Analysis	2026-01-04T10:37:30.3951094Z [web3_universal_solana]:    info - test/integration_test.dart:33:16 - Method invocation or property access on a 'dynamic' target. Try giving the target a type. - avoid_dynamic_calls
build	Static Analysis	2026-01-04T10:37:30.3952697Z [web3_universal_solana]:    info - test/integration_test.dart:47:17 - Method invocation or property access on a 'dynamic' target. Try giving the target a type. - avoid_dynamic_calls
build	Static Analysis	2026-01-04T10:37:30.3954936Z [web3_universal_solana]:    info - test/metaplex_test.dart:5:1 - Sort directive sections alphabetically. Try sorting the directives. - directives_ordering
build	Static Analysis	2026-01-04T10:37:30.3978248Z [web3_universal_solana]:    info - test/metaplex_test.dart:6:1 - Sort directive sections alphabetically. Try sorting the directives. - directives_ordering
build	Static Analysis	2026-01-04T10:37:30.3979970Z [web3_universal_solana]:    info - test/metaplex_test.dart:20:7 - Unnecessary duplication of receiver. Try using a cascade to avoid the duplication. - cascade_invocations
build	Static Analysis	2026-01-04T10:37:30.3981634Z [web3_universal_solana]:    info - test/metaplex_test.dart:41:7 - Unnecessary duplication of receiver. Try using a cascade to avoid the duplication. - cascade_invocations
build	Static Analysis	2026-01-04T10:37:30.3983822Z [web3_universal_solana]:    info - test/metaplex_test.dart:62:3 - Unnecessary duplication of receiver. Try using a cascade to avoid the duplication. - cascade_invocations
build	Static Analysis	2026-01-04T10:37:30.3985648Z [web3_universal_solana]:    info - test/metaplex_test.dart:63:3 - Unnecessary duplication of receiver. Try using a cascade to avoid the duplication. - cascade_invocations
build	Static Analysis	2026-01-04T10:37:30.3987177Z [web3_universal_solana]:    info - test/metaplex_test.dart:64:3 - Unnecessary duplication of receiver. Try using a cascade to avoid the duplication. - cascade_invocations
build	Static Analysis	2026-01-04T10:37:30.3988678Z [web3_universal_solana]:    info - test/metaplex_test.dart:65:3 - Unnecessary duplication of receiver. Try using a cascade to avoid the duplication. - cascade_invocations
build	Static Analysis	2026-01-04T10:37:30.3990238Z [web3_universal_solana]:    info - test/rigorous_test.dart:3:1 - Sort directive sections alphabetically. Try sorting the directives. - directives_ordering
build	Static Analysis	2026-01-04T10:37:30.3991751Z [web3_universal_solana]:    info - test/rigorous_test.dart:44:7 - Unnecessary duplication of receiver. Try using a cascade to avoid the duplication. - cascade_invocations
build	Static Analysis	2026-01-04T10:37:30.3993276Z [web3_universal_solana]:    info - test/rigorous_test.dart:45:7 - Unnecessary duplication of receiver. Try using a cascade to avoid the duplication. - cascade_invocations
build	Static Analysis	2026-01-04T10:37:30.3995030Z [web3_universal_solana]:    info - test/vector_test.dart:6:1 - Sort directive sections alphabetically. Try sorting the directives. - directives_ordering
build	Static Analysis	2026-01-04T10:37:30.3996000Z [web3_universal_solana]: 
build	Static Analysis	2026-01-04T10:37:30.3996359Z [web3_universal_solana]: 51 issues found.
build	Static Analysis	2026-01-04T10:37:30.3996833Z [web3_universal_reown]: 
build	Static Analysis	2026-01-04T10:37:30.3997739Z [web3_universal_reown]:    info - test/reown_kits_test.dart:79:14 - Method invocation or property access on a 'dynamic' target. Try giving the target a type. - avoid_dynamic_calls
build	Static Analysis	2026-01-04T10:37:30.3999334Z [web3_universal_reown]:    info - test/reown_kits_test.dart:90:9 - Method invocation or property access on a 'dynamic' target. Try giving the target a type. - avoid_dynamic_calls
build	Static Analysis	2026-01-04T10:37:30.4001030Z [web3_universal_reown]:    info - test/reown_kits_test.dart:105:14 - Method invocation or property access on a 'dynamic' target. Try giving the target a type. - avoid_dynamic_calls
build	Static Analysis	2026-01-04T10:37:30.4002674Z [web3_universal_reown]:    info - test/reown_kits_test.dart:106:28 - Method invocation or property access on a 'dynamic' target. Try giving the target a type. - avoid_dynamic_calls
build	Static Analysis	2026-01-04T10:37:30.4004347Z [web3_universal_reown]:    info - test/reown_kits_test.dart:106:28 - Method invocation or property access on a 'dynamic' target. Try giving the target a type. - avoid_dynamic_calls
build	Static Analysis	2026-01-04T10:37:30.4006802Z [web3_universal_reown]: 
build	Static Analysis	2026-01-04T10:37:30.4007188Z [web3_universal_reown]: 5 issues found.
build	Static Analysis	2026-01-04T10:37:30.4007647Z [web3_universal_swap]: Analyzing swap...
build	Static Analysis	2026-01-04T10:37:30.4036152Z [web3_universal_ton]: Analyzing ton...
build	Static Analysis	2026-01-04T10:37:30.4415684Z [web3_universal_trezor]: Analyzing trezor...
build	Static Analysis	2026-01-04T10:37:30.4521569Z [web3_universal_tron]: Analyzing tron...
build	Static Analysis	2026-01-04T10:37:30.7127479Z [web3_universal_ton]: No issues found!
build	Static Analysis	2026-01-04T10:37:30.7462005Z [web3_universal_tron]: No issues found!
build	Static Analysis	2026-01-04T10:37:30.7690132Z [web3_universal_utxo]: Analyzing utxo...
build	Static Analysis	2026-01-04T10:37:30.9002372Z [web3_universal_trezor]: No issues found!
build	Static Analysis	2026-01-04T10:37:30.9388385Z [web3_universal_swap]: 
build	Static Analysis	2026-01-04T10:37:30.9389553Z [web3_universal_swap]:    info - example/main.dart:2:1 - Sort directive sections alphabetically. Try sorting the directives. - directives_ordering
build	Static Analysis	2026-01-04T10:37:30.9391156Z [web3_universal_swap]:    info - example/main.dart:3:1 - Sort directive sections alphabetically. Try sorting the directives. - directives_ordering
build	Static Analysis	2026-01-04T10:37:30.9393350Z [web3_universal_swap]:    info - lib/src/aggregators/oneinch_aggregator.dart:104:9 - Catch clause should use 'on' to specify the type of exception being caught. Try adding an 'on' clause before the 'catch'. - avoid_catches_without_on_clauses
build	Static Analysis	2026-01-04T10:37:30.9396355Z [web3_universal_swap]:    info - lib/src/aggregators/oneinch_aggregator.dart:123:7 - Catch clause should use 'on' to specify the type of exception being caught. Try adding an 'on' clause before the 'catch'. - avoid_catches_without_on_clauses
build	Static Analysis	2026-01-04T10:37:30.9398802Z [web3_universal_swap]:    info - lib/src/aggregators/oneinch_aggregator.dart:263:7 - Invalid assignment to the parameter 'hex'. Try using a local variable in place of the parameter. - parameter_assignments
build	Static Analysis	2026-01-04T10:37:30.9401055Z [web3_universal_swap]:    info - lib/src/aggregators/paraswap_aggregator.dart:86:9 - Catch clause should use 'on' to specify the type of exception being caught. Try adding an 'on' clause before the 'catch'. - avoid_catches_without_on_clauses
build	Static Analysis	2026-01-04T10:37:30.9403369Z [web3_universal_swap]:    info - lib/src/aggregators/paraswap_aggregator.dart:105:7 - Catch clause should use 'on' to specify the type of exception being caught. Try adding an 'on' clause before the 'catch'. - avoid_catches_without_on_clauses
build	Static Analysis	2026-01-04T10:37:30.9421092Z [web3_universal_swap]:    info - lib/src/aggregators/paraswap_aggregator.dart:321:7 - Invalid assignment to the parameter 'hex'. Try using a local variable in place of the parameter. - parameter_assignments
build	Static Analysis	2026-01-04T10:37:30.9423421Z [web3_universal_swap]:    info - lib/src/aggregators/rango_aggregator.dart:86:9 - Catch clause should use 'on' to specify the type of exception being caught. Try adding an 'on' clause before the 'catch'. - avoid_catches_without_on_clauses
build	Static Analysis	2026-01-04T10:37:30.9425952Z [web3_universal_swap]:    info - lib/src/aggregators/rango_aggregator.dart:115:7 - Catch clause should use 'on' to specify the type of exception being caught. Try adding an 'on' clause before the 'catch'. - avoid_catches_without_on_clauses
build	Static Analysis	2026-01-04T10:37:30.9428160Z [web3_universal_swap]:    info - lib/src/aggregators/rango_aggregator.dart:345:7 - Invalid assignment to the parameter 'hex'. Try using a local variable in place of the parameter. - parameter_assignments
build	Static Analysis	2026-01-04T10:37:30.9430260Z [web3_universal_swap]:    info - lib/src/aggregators/zerox_aggregator.dart:104:9 - Catch clause should use 'on' to specify the type of exception being caught. Try adding an 'on' clause before the 'catch'. - avoid_catches_without_on_clauses
build	Static Analysis	2026-01-04T10:37:30.9432576Z [web3_universal_swap]:    info - lib/src/aggregators/zerox_aggregator.dart:129:7 - Catch clause should use 'on' to specify the type of exception being caught. Try adding an 'on' clause before the 'catch'. - avoid_catches_without_on_clauses
build	Static Analysis	2026-01-04T10:37:30.9435021Z [web3_universal_swap]:    info - lib/src/aggregators/zerox_aggregator.dart:198:7 - Catch clause should use 'on' to specify the type of exception being caught. Try adding an 'on' clause before the 'catch'. - avoid_catches_without_on_clauses
build	Static Analysis	2026-01-04T10:37:30.9437060Z [web3_universal_swap]:    info - lib/src/aggregators/zerox_aggregator.dart:308:7 - Invalid assignment to the parameter 'hex'. Try using a local variable in place of the parameter. - parameter_assignments
build	Static Analysis	2026-01-04T10:37:30.9438934Z [web3_universal_swap]:    info - lib/src/mev_protection.dart:128:31 - Method invocation or property access on a 'dynamic' target. Try giving the target a type. - avoid_dynamic_calls
build	Static Analysis	2026-01-04T10:37:30.9441169Z [web3_universal_swap]:    info - lib/src/mev_protection.dart:182:33 - Method invocation or property access on a 'dynamic' target. Try giving the target a type. - avoid_dynamic_calls
build	Static Analysis	2026-01-04T10:37:30.9442903Z [web3_universal_swap]:    info - lib/src/mev_protection.dart:237:34 - Method invocation or property access on a 'dynamic' target. Try giving the target a type. - avoid_dynamic_calls
build	Static Analysis	2026-01-04T10:37:30.9445114Z [web3_universal_swap]:    info - lib/src/slippage_calculator.dart:6:1 - Classes should define instance members. Try adding instance behavior or moving the members out of the class. - avoid_classes_with_only_static_members
build	Static Analysis	2026-01-04T10:37:30.9447579Z [web3_universal_swap]:    info - lib/src/swap_quote.dart:135:26 - Static method should be a constructor. Try converting the method into a constructor. - prefer_constructors_over_static_methods
build	Static Analysis	2026-01-04T10:37:30.9449835Z [web3_universal_swap]:    info - lib/src/swap_service.dart:28:8 - Use an initializing formal to assign a parameter to a field. Try using an initialing formal ('this.mevProtectionService') to initialize the field. - prefer_initializing_formals
build	Static Analysis	2026-01-04T10:37:30.9452093Z [web3_universal_swap]:    info - lib/src/swap_service.dart:102:17 - The value of the argument is redundant because it matches the default value. Try removing the argument. - avoid_redundant_argument_values
build	Static Analysis	2026-01-04T10:37:30.9454161Z [web3_universal_swap]:    info - lib/src/swap_service.dart:156:7 - Catch clause should use 'on' to specify the type of exception being caught. Try adding an 'on' clause before the 'catch'. - avoid_catches_without_on_clauses
build	Static Analysis	2026-01-04T10:37:30.9456470Z [web3_universal_swap]:    info - lib/src/swap_service.dart:173:11 - Catch clause should use 'on' to specify the type of exception being caught. Try adding an 'on' clause before the 'catch'. - avoid_catches_without_on_clauses
build	Static Analysis	2026-01-04T10:37:30.9458615Z [web3_universal_swap]:    info - lib/src/swap_service.dart:198:9 - Catch clause should use 'on' to specify the type of exception being caught. Try adding an 'on' clause before the 'catch'. - avoid_catches_without_on_clauses
build	Static Analysis	2026-01-04T10:37:30.9460766Z [web3_universal_swap]:    info - lib/src/swap_service.dart:249:11 - Catch clause should use 'on' to specify the type of exception being caught. Try adding an 'on' clause before the 'catch'. - avoid_catches_without_on_clauses
build	Static Analysis	2026-01-04T10:37:30.9462919Z [web3_universal_swap]:    info - lib/src/swap_service.dart:261:7 - Catch clause should use 'on' to specify the type of exception being caught. Try adding an 'on' clause before the 'catch'. - avoid_catches_without_on_clauses
build	Static Analysis	2026-01-04T10:37:30.9465346Z [web3_universal_swap]:    info - lib/src/swap_service.dart:308:9 - Catch clause should use 'on' to specify the type of exception being caught. Try adding an 'on' clause before the 'catch'. - avoid_catches_without_on_clauses
build	Static Analysis	2026-01-04T10:37:30.9467556Z [web3_universal_swap]:    info - lib/src/swap_tracker.dart:82:11 - Catch clause should use 'on' to specify the type of exception being caught. Try adding an 'on' clause before the 'catch'. - avoid_catches_without_on_clauses
build	Static Analysis	2026-01-04T10:37:30.9469795Z [web3_universal_swap]:    info - lib/src/swap_tracker.dart:108:7 - Catch clause should use 'on' to specify the type of exception being caught. Try adding an 'on' clause before the 'catch'. - avoid_catches_without_on_clauses
build	Static Analysis	2026-01-04T10:37:30.9471940Z [web3_universal_swap]:    info - lib/src/swap_tracker.dart:161:7 - Catch clause should use 'on' to specify the type of exception being caught. Try adding an 'on' clause before the 'catch'. - avoid_catches_without_on_clauses
build	Static Analysis	2026-01-04T10:37:30.9473977Z [web3_universal_swap]:    info - lib/src/swap_tracker.dart:198:7 - Catch clause should use 'on' to specify the type of exception being caught. Try adding an 'on' clause before the 'catch'. - avoid_catches_without_on_clauses
build	Static Analysis	2026-01-04T10:37:30.9476244Z [web3_universal_swap]:    info - lib/src/swap_tracker.dart:208:7 - Catch clause should use 'on' to specify the type of exception being caught. Try adding an 'on' clause before the 'catch'. - avoid_catches_without_on_clauses
build	Static Analysis	2026-01-04T10:37:30.9478826Z [web3_universal_swap]:    info - lib/src/swap_types.dart:44:3 - The method '==' should not be overridden in classes not annotated with '@immutable'. Try removing the override or annotating the class with '@immutable'. - avoid_equals_and_hash_code_on_mutable_classes
build	Static Analysis	2026-01-04T10:37:30.9481605Z [web3_universal_swap]:    info - lib/src/swap_types.dart:52:3 - The method 'hashCode' should not be overridden in classes not annotated with '@immutable'. Try removing the override or annotating the class with '@immutable'. - avoid_equals_and_hash_code_on_mutable_classes
build	Static Analysis	2026-01-04T10:37:30.9484524Z [web3_universal_swap]:    info - lib/src/token_approval.dart:3:8 - The imported package 'web3_universal_abi' isn't a dependency of the importing package. Try adding a dependency for 'web3_universal_abi' in the 'pubspec.yaml' file. - depend_on_referenced_packages
build	Static Analysis	2026-01-04T10:37:30.9487845Z [web3_universal_swap]:    info - lib/src/token_approval.dart:51:7 - Catch clause should use 'on' to specify the type of exception being caught. Try adding an 'on' clause before the 'catch'. - avoid_catches_without_on_clauses
build	Static Analysis	2026-01-04T10:37:30.9490005Z [web3_universal_swap]:    info - lib/src/token_approval.dart:119:7 - Catch clause should use 'on' to specify the type of exception being caught. Try adding an 'on' clause before the 'catch'. - avoid_catches_without_on_clauses
build	Static Analysis	2026-01-04T10:37:30.9492243Z [web3_universal_swap]:    info - lib/src/token_approval.dart:201:9 - Catch clause should use 'on' to specify the type of exception being caught. Try adding an 'on' clause before the 'catch'. - avoid_catches_without_on_clauses
build	Static Analysis	2026-01-04T10:37:30.9494469Z [web3_universal_swap]:    info - lib/src/token_approval.dart:244:7 - Catch clause should use 'on' to specify the type of exception being caught. Try adding an 'on' clause before the 'catch'. - avoid_catches_without_on_clauses
build	Static Analysis	2026-01-04T10:37:30.9496919Z [web3_universal_swap]:    info - lib/src/token_approval.dart:253:7 - Catch clause should use 'on' to specify the type of exception being caught. Try adding an 'on' clause before the 'catch'. - avoid_catches_without_on_clauses
build	Static Analysis	2026-01-04T10:37:30.9498264Z [web3_universal_swap]: 
build	Static Analysis	2026-01-04T10:37:30.9498641Z [web3_universal_swap]: 41 issues found.
build	Static Analysis	2026-01-04T10:37:31.0744431Z [web3_universal_utxo]: 
build	Static Analysis	2026-01-04T10:37:31.0746365Z [web3_universal_utxo]:    info - lib/src/models/address.dart:96:2 - Missing a newline at the end of the file. Try adding a newline at the end of the file. - eol_at_end_of_file
build	Static Analysis	2026-01-04T10:37:31.0748645Z [web3_universal_utxo]:    info - lib/src/models/psbt.dart:32:15 - Static method should be a constructor. Try converting the method into a constructor. - prefer_constructors_over_static_methods
build	Static Analysis	2026-01-04T10:37:31.0751472Z [web3_universal_utxo]:    info - lib/src/models/transaction.dart:84:5 - Unnecessary duplication of receiver. Try using a cascade to avoid the duplication. - cascade_invocations
build	Static Analysis	2026-01-04T10:37:31.0753432Z [web3_universal_utxo]:    info - lib/src/models/transaction.dart:90:7 - Unnecessary duplication of receiver. Try using a cascade to avoid the duplication. - cascade_invocations
build	Static Analysis	2026-01-04T10:37:31.0755316Z [web3_universal_utxo]:    info - lib/src/models/transaction.dart:99:7 - Unnecessary duplication of receiver. Try using a cascade to avoid the duplication. - cascade_invocations
build	Static Analysis	2026-01-04T10:37:31.0757001Z [web3_universal_utxo]:    info - lib/src/models/transaction.dart:100:7 - Unnecessary duplication of receiver. Try using a cascade to avoid the duplication. - cascade_invocations
build	Static Analysis	2026-01-04T10:37:31.0758793Z [web3_universal_utxo]:    info - lib/src/models/transaction.dart:101:7 - Unnecessary duplication of receiver. Try using a cascade to avoid the duplication. - cascade_invocations
build	Static Analysis	2026-01-04T10:37:31.0760685Z [web3_universal_utxo]:    info - lib/src/models/transaction.dart:102:7 - Unnecessary duplication of receiver. Try using a cascade to avoid the duplication. - cascade_invocations
build	Static Analysis	2026-01-04T10:37:31.0762786Z [web3_universal_utxo]:    info - lib/src/models/transaction.dart:111:7 - Unnecessary duplication of receiver. Try using a cascade to avoid the duplication. - cascade_invocations
build	Static Analysis	2026-01-04T10:37:31.0764503Z [web3_universal_utxo]:    info - lib/src/models/transaction.dart:112:7 - Unnecessary duplication of receiver. Try using a cascade to avoid the duplication. - cascade_invocations
build	Static Analysis	2026-01-04T10:37:31.0766390Z [web3_universal_utxo]:    info - lib/src/models/transaction.dart:122:11 - Unnecessary duplication of receiver. Try using a cascade to avoid the duplication. - cascade_invocations
build	Static Analysis	2026-01-04T10:37:31.0768312Z [web3_universal_utxo]:    info - lib/src/models/transaction.dart:147:29 - Static method should be a constructor. Try converting the method into a constructor. - prefer_constructors_over_static_methods
build	Static Analysis	2026-01-04T10:37:31.0770399Z [web3_universal_utxo]:    info - lib/src/models/transaction.dart:281:3 - Unnecessary duplication of receiver. Try using a cascade to avoid the duplication. - cascade_invocations
build	Static Analysis	2026-01-04T10:37:31.0772093Z [web3_universal_utxo]:    info - lib/src/script/script.dart:143:7 - Unnecessary duplication of receiver. Try using a cascade to avoid the duplication. - cascade_invocations
build	Static Analysis	2026-01-04T10:37:31.0773820Z [web3_universal_utxo]:    info - lib/src/script/script.dart:146:7 - Unnecessary duplication of receiver. Try using a cascade to avoid the duplication. - cascade_invocations
build	Static Analysis	2026-01-04T10:37:31.0775744Z [web3_universal_utxo]:    info - lib/src/script/script.dart:147:7 - Unnecessary duplication of receiver. Try using a cascade to avoid the duplication. - cascade_invocations
build	Static Analysis	2026-01-04T10:37:31.0777339Z [web3_universal_utxo]:    info - lib/src/script/script.dart:150:7 - Unnecessary duplication of receiver. Try using a cascade to avoid the duplication. - cascade_invocations
build	Static Analysis	2026-01-04T10:37:31.0779084Z [web3_universal_utxo]:    info - lib/src/script/script.dart:151:7 - Unnecessary duplication of receiver. Try using a cascade to avoid the duplication. - cascade_invocations
build	Static Analysis	2026-01-04T10:37:31.0780818Z [web3_universal_utxo]:    info - lib/src/script/script.dart:154:7 - Unnecessary duplication of receiver. Try using a cascade to avoid the duplication. - cascade_invocations
build	Static Analysis	2026-01-04T10:37:31.0782490Z [web3_universal_utxo]:    info - lib/src/script/script.dart:155:7 - Unnecessary duplication of receiver. Try using a cascade to avoid the duplication. - cascade_invocations
build	Static Analysis	2026-01-04T10:37:31.0784109Z [web3_universal_utxo]:    info - lib/src/script/taproot.dart:15:5 - Unnecessary duplication of receiver. Try using a cascade to avoid the duplication. - cascade_invocations
build	Static Analysis	2026-01-04T10:37:31.0785916Z [web3_universal_utxo]:    info - lib/src/script/taproot.dart:27:7 - Unnecessary duplication of receiver. Try using a cascade to avoid the duplication. - cascade_invocations
build	Static Analysis	2026-01-04T10:37:31.0787667Z [web3_universal_utxo]:    info - lib/src/script/taproot.dart:28:7 - Unnecessary duplication of receiver. Try using a cascade to avoid the duplication. - cascade_invocations
build	Static Analysis	2026-01-04T10:37:31.0789337Z [web3_universal_utxo]:    info - lib/src/script/taproot.dart:32:7 - Unnecessary duplication of receiver. Try using a cascade to avoid the duplication. - cascade_invocations
build	Static Analysis	2026-01-04T10:37:31.0791012Z [web3_universal_utxo]:    info - lib/src/script/taproot.dart:33:7 - Unnecessary duplication of receiver. Try using a cascade to avoid the duplication. - cascade_invocations
build	Static Analysis	2026-01-04T10:37:31.0792671Z [web3_universal_utxo]:    info - lib/src/script/taproot.dart:34:7 - Unnecessary duplication of receiver. Try using a cascade to avoid the duplication. - cascade_invocations
build	Static Analysis	2026-01-04T10:37:31.0794351Z [web3_universal_utxo]:    info - lib/src/script/taproot.dart:35:7 - Unnecessary duplication of receiver. Try using a cascade to avoid the duplication. - cascade_invocations
build	Static Analysis	2026-01-04T10:37:31.0797343Z [web3_universal_utxo]:    info - lib/src/script/taproot.dart:49:22 - Multiple variables declared on a single line. Try splitting the variable declarations into multiple lines. - avoid_multiple_declarations_per_line
build	Static Analysis	2026-01-04T10:37:31.0799833Z [web3_universal_utxo]:    info - lib/src/script/taproot.dart:70:1 - Classes should define instance members. Try adding instance behavior or moving the members out of the class. - avoid_classes_with_only_static_members
build	Static Analysis	2026-01-04T10:37:31.0801785Z [web3_universal_utxo]:    info - lib/src/script/taproot.dart:86:5 - Unnecessary duplication of receiver. Try using a cascade to avoid the duplication. - cascade_invocations
build	Static Analysis	2026-01-04T10:37:31.0803680Z [web3_universal_utxo]:    info - lib/src/selection/coin_selector.dart:19:16 - Unnecessary use of an abstract class. Try making 'select' a top-level function and removing the class. - one_member_abstracts
build	Static Analysis	2026-01-04T10:37:31.0805180Z [web3_universal_utxo]: 
build	Static Analysis	2026-01-04T10:37:31.0805504Z [web3_universal_utxo]: 31 issues found.
build	Static Analysis	2026-01-04T10:37:31.0873240Z --------------------------------------------------------------------------------
build	Static Analysis	2026-01-04T10:37:31.0873775Z 
build	Static Analysis	2026-01-04T10:37:31.0873889Z $ melos exec
build	Static Analysis	2026-01-04T10:37:31.0874339Z   â””> dart analyze --fatal-infos
build	Static Analysis	2026-01-04T10:37:31.0877785Z      â””> FAILED (in 29 packages)
build	Static Analysis	2026-01-04T10:37:31.0880151Z         â””> dart_web3_compat (with exit code 3)
build	Static Analysis	2026-01-04T10:37:31.0880780Z         â””> web3_universal_bc_ur (with exit code 1)
build	Static Analysis	2026-01-04T10:37:31.0881557Z         â””> web3_universal_aa (with exit code 1)
build	Static Analysis	2026-01-04T10:37:31.0882486Z         â””> web3_universal_abi (with exit code 1)
build	Static Analysis	2026-01-04T10:37:31.0883222Z         â””> web3_universal_bitcoin (with exit code 1)
build	Static Analysis	2026-01-04T10:37:31.0883624Z         â””> web3_universal_bridge (with exit code 1)
build	Static Analysis	2026-01-04T10:37:31.0883956Z         â””> web3_universal_client (with exit code 1)
build	Static Analysis	2026-01-04T10:37:31.0884277Z         â””> web3_universal_chains (with exit code 1)
build	Static Analysis	2026-01-04T10:37:31.0884603Z         â””> web3_universal_contract (with exit code 1)
build	Static Analysis	2026-01-04T10:37:31.0885166Z         â””> web3_universal_core (with exit code 1)
build	Static Analysis	2026-01-04T10:37:31.0885745Z         â””> web3_universal_cosmos (with exit code 1)
build	Static Analysis	2026-01-04T10:37:31.0886325Z         â””> web3_universal_crypto (with exit code 1)
build	Static Analysis	2026-01-04T10:37:31.0886873Z         â””> web3_universal_debug (with exit code 1)
build	Static Analysis	2026-01-04T10:37:31.0887452Z         â””> web3_universal_ens (with exit code 1)
build	Static Analysis	2026-01-04T10:37:31.0887939Z         â””> web3_universal_events (with exit code 1)
build	Static Analysis	2026-01-04T10:37:31.0888598Z         â””> web3_universal_keystone (with exit code 1)
build	Static Analysis	2026-01-04T10:37:31.0889260Z         â””> web3_universal_mpc (with exit code 1)
build	Static Analysis	2026-01-04T10:37:31.0889894Z         â””> web3_universal_polkadot (with exit code 1)
build	Static Analysis	2026-01-04T10:37:31.0890574Z         â””> web3_universal_multicall (with exit code 1)
build	Static Analysis	2026-01-04T10:37:31.0891233Z         â””> web3_universal_nft (with exit code 1)
build	Static Analysis	2026-01-04T10:37:31.0891725Z         â””> web3_universal_price (with exit code 1)
build	Static Analysis	2026-01-04T10:37:31.0892162Z         â””> web3_universal_ledger (with exit code 1)
build	Static Analysis	2026-01-04T10:37:31.0892711Z         â””> web3_universal_provider (with exit code 1)
build	Static Analysis	2026-01-04T10:37:31.0893296Z         â””> web3_universal_staking (with exit code 1)
build	Static Analysis	2026-01-04T10:37:31.0893839Z         â””> web3_universal_signer (with exit code 1)
build	Static Analysis	2026-01-04T10:37:31.0894344Z         â””> web3_universal_solana (with exit code 1)
build	Static Analysis	2026-01-04T10:37:31.0895056Z         â””> web3_universal_reown (with exit code 1)
build	Static Analysis	2026-01-04T10:37:31.0895559Z         â””> web3_universal_swap (with exit code 1)
build	Static Analysis	2026-01-04T10:37:31.0896087Z         â””> web3_universal_utxo (with exit code 1)
build	Static Analysis	2026-01-04T10:37:31.1479242Z 
build	Static Analysis	2026-01-04T10:37:31.1479847Z melos run analyze
build	Static Analysis	2026-01-04T10:37:31.1480805Z   â””> melos exec -- dart analyze --fatal-infos
build	Static Analysis	2026-01-04T10:37:31.1483457Z      â””> FAILED
build	Static Analysis	2026-01-04T10:37:31.1498767Z ScriptException: The script analyze failed to execute.
build	Static Analysis	2026-01-04T10:37:31.2079883Z ##[error]Process completed with exit code 1.
build	Post Run subosito/flutter-action@v2	ï»¿2026-01-04T10:37:31.2232202Z Post job cleanup.
build	Post Run actions/checkout@v4	ï»¿2026-01-04T10:37:31.2302751Z Post job cleanup.
build	Post Run actions/checkout@v4	2026-01-04T10:37:31.3279488Z [command]/usr/bin/git version
build	Post Run actions/checkout@v4	2026-01-04T10:37:31.3318807Z git version 2.52.0
build	Post Run actions/checkout@v4	2026-01-04T10:37:31.3358504Z Copying '/home/runner/.gitconfig' to '/home/runner/work/_temp/f59711e9-aabf-42e3-a6ff-1616614c3a0b/.gitconfig'
build	Post Run actions/checkout@v4	2026-01-04T10:37:31.3375432Z Temporarily overriding HOME='/home/runner/work/_temp/f59711e9-aabf-42e3-a6ff-1616614c3a0b' before making global git config changes
build	Post Run actions/checkout@v4	2026-01-04T10:37:31.3376723Z Adding repository directory to the temporary git global config as a safe directory
build	Post Run actions/checkout@v4	2026-01-04T10:37:31.3382114Z [command]/usr/bin/git config --global --add safe.directory /home/runner/work/dart_web3/dart_web3
build	Post Run actions/checkout@v4	2026-01-04T10:37:31.3418452Z [command]/usr/bin/git config --local --name-only --get-regexp core\.sshCommand
build	Post Run actions/checkout@v4	2026-01-04T10:37:31.3451537Z [command]/usr/bin/git submodule foreach --recursive sh -c "git config --local --name-only --get-regexp 'core\.sshCommand' && git config --local --unset-all 'core.sshCommand' || :"
build	Post Run actions/checkout@v4	2026-01-04T10:37:31.3680808Z fatal: No url found for submodule path 'references/dart/bitcoin_base' in .gitmodules
build	Post Run actions/checkout@v4	2026-01-04T10:37:31.3723483Z ##[warning]The process '/usr/bin/git' failed with exit code 128
build	Complete job	ï»¿2026-01-04T10:37:31.3812562Z Cleaning up orphan processes
