00:00 +0: loading D:/OtherProject/mine/dart_web3/dart_web3/example_app/integration_test/app_test.dart
Running Gradle task 'assembleDebug'...                          
D:\OtherProject\mine\dart_web3\dart_web3\example_app\l10n.yaml: The argument "synthetic-package" no longer has any effect and should be removed. See http://flutter.dev/to/flutter-gen-deprecation
integration_test/settings_e2e_test.dart:113:67: Error: The getter 'context' isn't defined for the type 'Element'.
 - 'Element' is from 'package:flutter/src/widgets/framework.dart' ('/C:/Users/aa223/fvm/versions/3.38.0/packages/flutter/lib/src/widgets/framework.dart').
Try correcting the name to the name of an existing getter, or defining a getter or field named 'context'.
      final context = tester.element(find.byType(SettingsScreen)).context;
                                                                  ^^^^^^^
Target kernel_snapshot_program failed: Exception


FAILURE: Build failed with an exception.

* What went wrong:
Execution failed for task ':app:compileFlutterBuildDebug'.
> Process 'command 'C:\Users\aa223\fvm\versions\3.38.0\bin\flutter.bat'' finished with non-zero exit value 1

* Try:
> Run with --stacktrace option to get the stack trace.
> Run with --info or --debug option to get more log output.
> Run with --scan to get full insights.
> Get more help at https://help.gradle.org.

BUILD FAILED in 13s
Running Gradle task 'assembleDebug'...                             14.1s
00:00 +0 -1: loading D:/OtherProject/mine/dart_web3/dart_web3/example_app/integration_test/app_test.dart [E]
  Failed to load "D:/OtherProject/mine/dart_web3/dart_web3/example_app/integration_test/app_test.dart": Gradle task assembleDebug failed with exit code 1
  package:flutter_tools/src/base/common.dart 34:3                    throwToolExit
  package:flutter_tools/src/android/gradle.dart 592:7                AndroidGradleBuilder.buildGradleApp
  ===== asynchronous gap ===========================
  package:flutter_tools/src/android/gradle.dart 234:5                AndroidGradleBuilder.buildApk
  ===== asynchronous gap ===========================
  package:flutter_tools/src/android/android_device.dart 568:7        AndroidDevice.startApp
  ===== asynchronous gap ===========================
  package:flutter_tools/src/test/integration_test_device.dart 57:39  IntegrationTestTestDevice.start
  ===== asynchronous gap ===========================
  package:flutter_tools/src/test/flutter_platform.dart 680:51        FlutterPlatform._startTest.<fn>
  ===== asynchronous gap ===========================
  package:flutter_tools/src/base/async_guard.dart 108:24             asyncGuard.<fn>
  
00:00 +0 -1: Some tests failed.
